[SYS: 2024-11-12 16:53:59][GAME: 00:26.00] Track assistance: angle=-90.084030, cur=242.000000, diff=27.915955, control=1.395798
[SYS: 2024-11-12 16:53:59][GAME: 00:26.00] Steering LEFT with control 1.895798
[SYS: 2024-11-12 16:53:59][GAME: 00:26.01] Track assistance: angle=-87.894943, cur=244.000000, diff=28.105042, control=0.707353
[SYS: 2024-11-12 16:53:59][GAME: 00:26.01] Steering LEFT with control 1.207353
[SYS: 2024-11-12 16:53:59][GAME: 00:26.03] Track assistance: angle=-85.682327, cur=246.000000, diff=28.317688, control=0.713258
[SYS: 2024-11-12 16:53:59][GAME: 00:26.03] Steering LEFT with control 1.213258
[SYS: 2024-11-12 16:53:59][GAME: 00:26.04] Track assistance: angle=-83.450073, cur=248.000000, diff=28.549927, control=0.719554
[SYS: 2024-11-12 16:53:59][GAME: 00:26.04] Steering LEFT with control 1.219554
[SYS: 2024-11-12 16:53:59][GAME: 00:26.06] Track assistance: angle=-81.202400, cur=250.000000, diff=28.797607, control=0.726132
[SYS: 2024-11-12 16:53:59][GAME: 00:26.06] Steering LEFT with control 1.226132
[SYS: 2024-11-12 16:53:59][GAME: 00:26.08] Track assistance: angle=-78.943832, cur=252.000000, diff=29.056152, control=0.732867
[SYS: 2024-11-12 16:53:59][GAME: 00:26.08] Steering LEFT with control 1.232867
[SYS: 2024-11-12 16:53:59][GAME: 00:26.09] Track assistance: angle=-76.678909, cur=254.000000, diff=29.321106, control=0.739652
[SYS: 2024-11-12 16:53:59][GAME: 00:26.09] Steering LEFT with control 1.239651
[SYS: 2024-11-12 16:53:59][GAME: 00:26.11] Track assistance: angle=-74.412209, cur=256.000000, diff=29.587799, control=0.746362
[SYS: 2024-11-12 16:53:59][GAME: 00:26.11] Steering LEFT with control 1.246362
[SYS: 2024-11-12 16:53:59][GAME: 00:26.12] Track assistance: angle=-72.148407, cur=257.000000, diff=30.851593, control=0.802885
[SYS: 2024-11-12 16:53:59][GAME: 00:26.12] Steering LEFT with control 1.302885
[SYS: 2024-11-12 16:53:59][GAME: 00:26.14] Track assistance: angle=-69.892258, cur=259.000000, diff=31.107727, control=0.784097
[SYS: 2024-11-12 16:53:59][GAME: 00:26.14] Steering LEFT with control 1.284096
[SYS: 2024-11-12 16:53:59][GAME: 00:26.16] Track assistance: angle=-67.648277, cur=261.000000, diff=31.351715, control=0.789893
[SYS: 2024-11-12 16:53:59][GAME: 00:26.16] Steering LEFT with control 1.289893
[SYS: 2024-11-12 16:53:59][GAME: 00:26.17] Track assistance: angle=-65.420853, cur=262.000000, diff=32.579163, control=0.845165
[SYS: 2024-11-12 16:53:59][GAME: 00:26.17] Steering LEFT with control 1.345165
[SYS: 2024-11-12 16:53:59][GAME: 00:26.19] Track assistance: angle=-63.214211, cur=264.000000, diff=32.785797, control=0.824811
[SYS: 2024-11-12 16:53:59][GAME: 00:26.19] Steering LEFT with control 1.324811
[SYS: 2024-11-12 16:53:59][GAME: 00:26.20] Track assistance: angle=-61.032478, cur=265.000000, diff=33.967529, control=0.878732
[SYS: 2024-11-12 16:53:59][GAME: 00:26.20] Steering LEFT with control 1.378731
[SYS: 2024-11-12 16:53:59][GAME: 00:26.22] Track assistance: angle=-58.879322, cur=267.000000, diff=34.120667, control=0.856845
[SYS: 2024-11-12 16:53:59][GAME: 00:26.22] Steering LEFT with control 1.356845
[SYS: 2024-11-12 16:53:59][GAME: 00:26.24] Track assistance: angle=-56.757755, cur=268.000000, diff=35.242249, control=0.909096
[SYS: 2024-11-12 16:53:59][GAME: 00:26.24] Steering LEFT with control 1.409096
[SYS: 2024-11-12 16:53:59][GAME: 00:26.25] Track assistance: angle=-54.670227, cur=270.000000, diff=35.329773, control=0.885432
[SYS: 2024-11-12 16:53:59][GAME: 00:26.25] Steering LEFT with control 1.385432
[SYS: 2024-11-12 16:53:59][GAME: 00:26.27] Track assistance: angle=-52.618526, cur=271.000000, diff=36.381470, control=0.935829
[SYS: 2024-11-12 16:53:59][GAME: 00:26.27] Steering LEFT with control 1.435829
[SYS: 2024-11-12 16:53:59][GAME: 00:26.28] Track assistance: angle=-50.603729, cur=272.000000, diff=37.396271, control=0.960277
[SYS: 2024-11-12 16:53:59][GAME: 00:26.28] Steering LEFT with control 1.460277
[SYS: 2024-11-12 16:54:00][GAME: 00:27.76] Track assistance: angle=-27.424881, cur=303.000000, diff=29.575134, control=0.543850
[SYS: 2024-11-12 16:54:00][GAME: 00:27.76] Steering LEFT with control 1.043850
[SYS: 2024-11-12 16:54:00][GAME: 00:27.77] Track assistance: angle=-27.054852, cur=304.000000, diff=28.945160, control=0.707880
[SYS: 2024-11-12 16:54:00][GAME: 00:27.77] Steering LEFT with control 1.207880
[SYS: 2024-11-12 16:54:00][GAME: 00:27.79] Track assistance: angle=-26.675617, cur=305.000000, diff=28.324371, control=0.692590
[SYS: 2024-11-12 16:54:00][GAME: 00:27.79] Steering LEFT with control 1.192590
[SYS: 2024-11-12 16:54:00][GAME: 00:27.80] Track assistance: angle=-26.287590, cur=305.000000, diff=28.712402, control=0.727511
[SYS: 2024-11-12 16:54:00][GAME: 00:27.80] Steering LEFT with control 1.227511
[SYS: 2024-11-12 16:54:01][GAME: 00:27.82] Track assistance: angle=-25.891140, cur=306.000000, diff=28.108856, control=0.687633
[SYS: 2024-11-12 16:54:01][GAME: 00:27.82] Steering LEFT with control 1.187633
[SYS: 2024-11-12 16:54:01][GAME: 00:27.84] Track assistance: angle=-25.486727, cur=307.000000, diff=27.513275, control=0.672942
[SYS: 2024-11-12 16:54:01][GAME: 00:27.84] Steering LEFT with control 1.172942
[SYS: 2024-11-12 16:54:01][GAME: 00:27.85] Track assistance: angle=-25.075912, cur=308.000000, diff=26.924072, control=0.658372
[SYS: 2024-11-12 16:54:01][GAME: 00:27.85] Steering LEFT with control 1.158372
[SYS: 2024-11-12 16:54:01][GAME: 00:27.87] Track assistance: angle=-24.659357, cur=310.000000, diff=25.340637, control=0.593930
[SYS: 2024-11-12 16:54:01][GAME: 00:27.87] Steering LEFT with control 1.093930
[SYS: 2024-11-12 16:54:01][GAME: 00:27.88] Track assistance: angle=-24.237762, cur=311.000000, diff=24.762238, control=0.604596
[SYS: 2024-11-12 16:54:01][GAME: 00:27.88] Steering LEFT with control 1.104596
[SYS: 2024-11-12 16:54:01][GAME: 00:27.90] Track assistance: angle=-23.811962, cur=312.000000, diff=24.188049, control=0.590347
[SYS: 2024-11-12 16:54:01][GAME: 00:27.90] Steering LEFT with control 1.090347
[SYS: 2024-11-12 16:54:01][GAME: 00:27.92] Track assistance: angle=-23.382832, cur=314.000000, diff=22.617157, control=0.526157
[SYS: 2024-11-12 16:54:01][GAME: 00:27.92] Steering LEFT with control 1.026157
[SYS: 2024-11-12 16:54:01][GAME: 00:27.93] Track assistance: angle=-22.951368, cur=315.000000, diff=22.048645, control=0.537003
[SYS: 2024-11-12 16:54:01][GAME: 00:27.93] Steering LEFT with control 1.037003
[SYS: 2024-11-12 16:54:01][GAME: 00:27.95] Track assistance: angle=-22.518719, cur=317.000000, diff=20.481293, control=0.472849
[SYS: 2024-11-12 16:54:01][GAME: 00:27.95] Steering LEFT with control 0.972849
[SYS: 2024-11-12 16:54:01][GAME: 00:27.96] Track assistance: angle=-22.086094, cur=319.000000, diff=18.913910, control=0.433663
[SYS: 2024-11-12 16:54:01][GAME: 00:27.96] Steering LEFT with control 0.933663
[SYS: 2024-11-12 16:54:01][GAME: 00:27.98] Track assistance: angle=-21.654615, cur=321.000000, diff=17.345398, control=0.394422
[SYS: 2024-11-12 16:54:01][GAME: 00:27.98] Steering LEFT with control 0.894422
[SYS: 2024-11-12 16:54:01][GAME: 00:28.00] Track assistance: angle=-21.225536, cur=322.000000, diff=16.774475, control=0.405089
[SYS: 2024-11-12 16:54:01][GAME: 00:28.00] Steering LEFT with control 0.905089
[SYS: 2024-11-12 16:54:01][GAME: 00:28.01] Track assistance: angle=-20.800135, cur=324.000000, diff=15.199860, control=0.340631
[SYS: 2024-11-12 16:54:01][GAME: 00:28.01] Steering LEFT with control 0.840631
[SYS: 2024-11-12 16:54:01][GAME: 00:28.03] Track assistance: angle=-20.379858, cur=326.000000, diff=13.620148, control=0.301011
[SYS: 2024-11-12 16:54:01][GAME: 00:28.03] Steering LEFT with control 0.801011
[SYS: 2024-11-12 16:54:01][GAME: 00:28.04] Track assistance: angle=-19.966169, cur=328.000000, diff=12.033844, control=0.261189
[SYS: 2024-11-12 16:54:01][GAME: 00:28.04] Steering LEFT with control 0.761189
[SYS: 2024-11-12 16:54:01][GAME: 00:28.06] Track assistance: angle=-19.560600, cur=330.000000, diff=10.439392, control=0.221124
[SYS: 2024-11-12 16:54:01][GAME: 00:28.06] Steering LEFT with control 0.721124
[SYS: 2024-11-12 16:54:01][GAME: 00:28.08] Track assistance: angle=-19.164667, cur=332.000000, diff=8.835327, control=0.180782
[SYS: 2024-11-12 16:54:01][GAME: 00:28.08] Steering LEFT with control 0.680782
[SYS: 2024-11-12 16:54:01][GAME: 00:28.09] Track assistance: angle=-18.776693, cur=334.000000, diff=7.223297, control=0.140282
[SYS: 2024-11-12 16:54:01][GAME: 00:28.09] Steering LEFT with control 0.640282
[SYS: 2024-11-12 16:54:01][GAME: 00:28.11] Track assistance: angle=-18.398216, cur=336.000000, diff=5.601776, control=0.099506
[SYS: 2024-11-12 16:54:01][GAME: 00:28.11] Steering LEFT with control 0.599506
[SYS: 2024-11-12 16:54:01][GAME: 00:28.12] Track assistance: angle=-18.034184, cur=338.000000, diff=3.965820, control=0.058247
[SYS: 2024-11-12 16:54:01][GAME: 00:28.12] Steering LEFT with control 0.558247
[SYS: 2024-11-12 16:54:01][GAME: 00:28.14] Track assistance: angle=-17.686335, cur=340.000000, diff=2.313660, control=0.016537
[SYS: 2024-11-12 16:54:01][GAME: 00:28.16] Track assistance: angle=-17.356293, cur=342.000000, diff=0.643707, control=0.025656
[SYS: 2024-11-12 16:54:01][GAME: 00:28.17] Track assistance: angle=-17.046009, cur=344.000000, diff=-1.046021, control=0.068394
[SYS: 2024-11-12 16:54:01][GAME: 00:28.59] Track assistance: angle=-7.019401, cur=16.000000, diff=-23.019402, control=1.124820
[SYS: 2024-11-12 16:54:01][GAME: 00:28.59] Steering RIGHT with control 1.624820
[SYS: 2024-11-12 16:54:01][GAME: 00:28.60] Track assistance: angle=-7.154382, cur=16.000000, diff=-23.154381, control=0.582234
[SYS: 2024-11-12 16:54:01][GAME: 00:28.60] Steering RIGHT with control 1.082234
[SYS: 2024-11-12 16:54:01][GAME: 00:28.62] Track assistance: angle=-7.297746, cur=16.000000, diff=-23.297747, control=0.586028
[SYS: 2024-11-12 16:54:01][GAME: 00:28.62] Steering RIGHT with control 1.086028
[SYS: 2024-11-12 16:54:01][GAME: 00:28.64] Track assistance: angle=-7.449254, cur=16.000000, diff=-23.449253, control=0.590019
[SYS: 2024-11-12 16:54:01][GAME: 00:28.64] Steering RIGHT with control 1.090019
[SYS: 2024-11-12 16:54:01][GAME: 00:28.65] Track assistance: angle=-7.608787, cur=16.000000, diff=-23.608788, control=0.594208
[SYS: 2024-11-12 16:54:01][GAME: 00:28.65] Steering RIGHT with control 1.094208
[SYS: 2024-11-12 16:54:01][GAME: 00:28.67] Track assistance: angle=-7.775541, cur=16.000000, diff=-23.775541, control=0.598557
[SYS: 2024-11-12 16:54:01][GAME: 00:28.67] Steering RIGHT with control 1.098557
[SYS: 2024-11-12 16:54:01][GAME: 00:28.68] Track assistance: angle=-7.948829, cur=16.000000, diff=-23.948830, control=0.603053
[SYS: 2024-11-12 16:54:01][GAME: 00:28.68] Steering RIGHT with control 1.103053
[SYS: 2024-11-12 16:54:01][GAME: 00:28.70] Track assistance: angle=-8.128040, cur=16.000000, diff=-24.128040, control=0.607681
[SYS: 2024-11-12 16:54:01][GAME: 00:28.70] Steering RIGHT with control 1.107681
[SYS: 2024-11-12 16:54:01][GAME: 00:28.72] Track assistance: angle=-8.312617, cur=16.000000, diff=-24.312618, control=0.612430
[SYS: 2024-11-12 16:54:01][GAME: 00:28.72] Steering RIGHT with control 1.112430
[SYS: 2024-11-12 16:54:01][GAME: 00:28.73] Track assistance: angle=-8.502019, cur=15.000000, diff=-23.502018, control=0.567285
[SYS: 2024-11-12 16:54:01][GAME: 00:28.73] Steering RIGHT with control 1.067286
[SYS: 2024-11-12 16:54:01][GAME: 00:28.75] Track assistance: angle=-8.695694, cur=15.000000, diff=-23.695694, control=0.597234
[SYS: 2024-11-12 16:54:01][GAME: 00:28.75] Steering RIGHT with control 1.097234
[SYS: 2024-11-12 16:54:01][GAME: 00:28.76] Track assistance: angle=-8.893085, cur=14.000000, diff=-22.893085, control=0.552262
[SYS: 2024-11-12 16:54:01][GAME: 00:28.76] Steering RIGHT with control 1.052262
[SYS: 2024-11-12 16:54:02][GAME: 00:28.78] Track assistance: angle=-9.093681, cur=13.000000, diff=-22.093681, control=0.532357
[SYS: 2024-11-12 16:54:02][GAME: 00:28.78] Steering RIGHT with control 1.032357
[SYS: 2024-11-12 16:54:02][GAME: 00:28.80] Track assistance: angle=-9.296953, cur=12.000000, diff=-21.296953, control=0.512506
[SYS: 2024-11-12 16:54:02][GAME: 00:28.80] Steering RIGHT with control 1.012506
[SYS: 2024-11-12 16:54:02][GAME: 00:28.81] Track assistance: angle=-9.502355, cur=11.000000, diff=-20.502354, control=0.492694
[SYS: 2024-11-12 16:54:02][GAME: 00:28.81] Steering RIGHT with control 0.992694
[SYS: 2024-11-12 16:54:02][GAME: 00:28.83] Track assistance: angle=-9.709273, cur=10.000000, diff=-19.709274, control=0.472905
[SYS: 2024-11-12 16:54:02][GAME: 00:28.83] Steering RIGHT with control 0.972905
[SYS: 2024-11-12 16:54:02][GAME: 00:28.84] Track assistance: angle=-9.917110, cur=9.000000, diff=-18.917110, control=0.453124
[SYS: 2024-11-12 16:54:02][GAME: 00:28.84] Steering RIGHT with control 0.953124
[SYS: 2024-11-12 16:54:02][GAME: 00:28.86] Track assistance: angle=-10.125164, cur=8.000000, diff=-18.125164, control=0.433330
[SYS: 2024-11-12 16:54:02][GAME: 00:28.86] Steering RIGHT with control 0.933330
[SYS: 2024-11-12 16:54:02][GAME: 00:28.88] Track assistance: angle=-10.332737, cur=6.000000, diff=-16.332737, control=0.363508
[SYS: 2024-11-12 16:54:02][GAME: 00:28.88] Steering RIGHT with control 0.863508
[SYS: 2024-11-12 16:54:02][GAME: 00:28.89] Track assistance: angle=-10.539106, cur=5.000000, diff=-15.539106, control=0.368637
[SYS: 2024-11-12 16:54:02][GAME: 00:28.89] Steering RIGHT with control 0.868637
[SYS: 2024-11-12 16:54:02][GAME: 00:28.91] Track assistance: angle=-10.743428, cur=3.000000, diff=-13.743428, control=0.298694
[SYS: 2024-11-12 16:54:02][GAME: 00:28.91] Steering RIGHT with control 0.798694
[SYS: 2024-11-12 16:54:02][GAME: 00:28.92] Track assistance: angle=-10.944868, cur=2.000000, diff=-12.944868, control=0.303658
[SYS: 2024-11-12 16:54:02][GAME: 00:28.92] Steering RIGHT with control 0.803658
[SYS: 2024-11-12 16:54:02][GAME: 00:28.94] Track assistance: angle=-11.142538, cur=0.000000, diff=-11.142538, control=0.233505
[SYS: 2024-11-12 16:54:02][GAME: 00:28.94] Steering RIGHT with control 0.733505
[SYS: 2024-11-12 16:54:02][GAME: 00:28.96] Track assistance: angle=-11.335469, cur=358.000000, diff=-9.335480, control=0.188211
[SYS: 2024-11-12 16:54:02][GAME: 00:28.96] Steering RIGHT with control 0.688211
[SYS: 2024-11-12 16:54:02][GAME: 00:28.97] Track assistance: angle=-11.522660, cur=356.000000, diff=-7.522675, control=0.142747
[SYS: 2024-11-12 16:54:02][GAME: 00:28.97] Steering RIGHT with control 0.642747
[SYS: 2024-11-12 16:54:02][GAME: 00:28.99] Track assistance: angle=-11.703080, cur=355.000000, diff=-6.703094, control=0.147088
[SYS: 2024-11-12 16:54:02][GAME: 00:28.99] Steering RIGHT with control 0.647088
[SYS: 2024-11-12 16:54:02][GAME: 00:29.00] Track assistance: angle=-11.875606, cur=353.000000, diff=-4.875610, control=0.076203
[SYS: 2024-11-12 16:54:02][GAME: 00:29.00] Steering RIGHT with control 0.576203
[SYS: 2024-11-12 16:54:02][GAME: 00:29.02] Track assistance: angle=-12.039246, cur=351.000000, diff=-3.039246, control=0.030072
[SYS: 2024-11-12 16:54:02][GAME: 00:29.02] Steering RIGHT with control 0.530072
[SYS: 2024-11-12 16:54:02][GAME: 00:29.04] Track assistance: angle=-12.198123, cur=349.000000, diff=-1.198120, control=0.016075
[SYS: 2024-11-12 16:54:02][GAME: 00:29.05] Track assistance: angle=-12.351151, cur=348.000000, diff=-0.351166, control=0.012395
[SYS: 2024-11-12 16:54:02][GAME: 00:29.07] Track assistance: angle=-12.497450, cur=346.000000, diff=1.502563, control=0.083907
[SYS: 2024-11-12 16:54:02][GAME: 00:29.08] Track assistance: angle=-12.636228, cur=345.000000, diff=2.363770, control=0.080624
[SYS: 2024-11-12 16:54:02][GAME: 00:29.10] Track assistance: angle=-12.766862, cur=344.000000, diff=3.233124, control=0.102562
[SYS: 2024-11-12 16:54:02][GAME: 00:29.10] Steering LEFT with control 0.602562
[SYS: 2024-11-12 16:54:02][GAME: 00:29.12] Track assistance: angle=-12.888960, cur=343.000000, diff=4.111053, control=0.124725
[SYS: 2024-11-12 16:54:02][GAME: 00:29.12] Steering LEFT with control 0.624725
[SYS: 2024-11-12 16:54:02][GAME: 00:29.13] Track assistance: angle=-13.002174, cur=342.000000, diff=4.997833, control=0.147115
[SYS: 2024-11-12 16:54:02][GAME: 00:29.13] Steering LEFT with control 0.647115
[SYS: 2024-11-12 16:54:02][GAME: 00:29.15] Track assistance: angle=-13.106454, cur=342.000000, diff=4.893555, control=0.119732
[SYS: 2024-11-12 16:54:02][GAME: 00:29.15] Steering LEFT with control 0.619732
[SYS: 2024-11-12 16:54:02][GAME: 00:29.16] Track assistance: angle=-13.201671, cur=341.000000, diff=5.798340, control=0.167578
[SYS: 2024-11-12 16:54:02][GAME: 00:29.16] Steering LEFT with control 0.667578
[SYS: 2024-11-12 16:54:02][GAME: 00:29.18] Track assistance: angle=-13.287772, cur=340.000000, diff=6.712219, control=0.190652
[SYS: 2024-11-12 16:54:02][GAME: 00:29.18] Steering LEFT with control 0.690652
[SYS: 2024-11-12 16:54:02][GAME: 00:29.20] Track assistance: angle=-13.364760, cur=340.000000, diff=6.635254, control=0.163957
[SYS: 2024-11-12 16:54:02][GAME: 00:29.20] Steering LEFT with control 0.663957
[SYS: 2024-11-12 16:54:02][GAME: 00:29.21] Track assistance: angle=-13.432687, cur=340.000000, diff=6.567322, control=0.162485
[SYS: 2024-11-12 16:54:02][GAME: 00:29.21] Steering LEFT with control 0.662485
[SYS: 2024-11-12 16:54:02][GAME: 00:29.23] Track assistance: angle=-13.491675, cur=339.000000, diff=7.508331, control=0.211234
[SYS: 2024-11-12 16:54:02][GAME: 00:29.23] Steering LEFT with control 0.711233
[SYS: 2024-11-12 16:54:02][GAME: 00:29.24] Track assistance: angle=-13.541788, cur=339.000000, diff=7.458221, control=0.185203
[SYS: 2024-11-12 16:54:02][GAME: 00:29.24] Steering LEFT with control 0.685203
[SYS: 2024-11-12 16:54:02][GAME: 00:29.26] Track assistance: angle=-13.583164, cur=339.000000, diff=7.416840, control=0.184386
[SYS: 2024-11-12 16:54:02][GAME: 00:29.26] Steering LEFT with control 0.684386
[SYS: 2024-11-12 16:54:02][GAME: 00:29.28] Track assistance: angle=-13.616003, cur=339.000000, diff=7.384003, control=0.183779
[SYS: 2024-11-12 16:54:02][GAME: 00:29.28] Steering LEFT with control 0.683779
[SYS: 2024-11-12 16:54:02][GAME: 00:29.29] Track assistance: angle=-13.639673, cur=339.000000, diff=7.360321, control=0.183416
[SYS: 2024-11-12 16:54:02][GAME: 00:29.29] Steering LEFT with control 0.683416
[SYS: 2024-11-12 16:54:02][GAME: 00:29.31] Track assistance: angle=-13.654366, cur=339.000000, diff=7.345642, control=0.183274
[SYS: 2024-11-12 16:54:02][GAME: 00:29.31] Steering LEFT with control 0.683274
[SYS: 2024-11-12 16:54:02][GAME: 00:29.32] Track assistance: angle=-13.660371, cur=339.000000, diff=7.339630, control=0.183340
[SYS: 2024-11-12 16:54:02][GAME: 00:29.32] Steering LEFT with control 0.683340
[SYS: 2024-11-12 16:54:02][GAME: 00:29.34] Track assistance: angle=-13.657909, cur=339.000000, diff=7.342102, control=0.183614
[SYS: 2024-11-12 16:54:02][GAME: 00:29.34] Steering LEFT with control 0.683614
[SYS: 2024-11-12 16:54:02][GAME: 00:29.36] Track assistance: angle=-13.647301, cur=339.000000, diff=7.352692, control=0.184082
[SYS: 2024-11-12 16:54:02][GAME: 00:29.36] Steering LEFT with control 0.684082
[SYS: 2024-11-12 16:54:02][GAME: 00:29.37] Track assistance: angle=-13.628659, cur=339.000000, diff=7.371338, control=0.184750
[SYS: 2024-11-12 16:54:02][GAME: 00:29.37] Steering LEFT with control 0.684750
[SYS: 2024-11-12 16:54:02][GAME: 00:29.39] Track assistance: angle=-13.602374, cur=339.000000, diff=7.397614, control=0.185597
[SYS: 2024-11-12 16:54:02][GAME: 00:29.39] Steering LEFT with control 0.685597
[SYS: 2024-11-12 16:54:02][GAME: 00:29.40] Track assistance: angle=-13.568613, cur=339.000000, diff=7.431396, control=0.186629
[SYS: 2024-11-12 16:54:02][GAME: 00:29.40] Steering LEFT with control 0.686629
[SYS: 2024-11-12 16:54:02][GAME: 00:29.42] Track assistance: angle=-13.527520, cur=340.000000, diff=6.472473, control=0.137839
[SYS: 2024-11-12 16:54:02][GAME: 00:29.42] Steering LEFT with control 0.637839
[SYS: 2024-11-12 16:54:09][GAME: 00:35.56] Track assistance: angle=154.190338, cur=167.000000, diff=-12.809662, control=0.802295
[SYS: 2024-11-12 16:54:09][GAME: 00:35.56] Steering RIGHT with control 1.302295
[SYS: 2024-11-12 16:54:09][GAME: 00:35.58] Track assistance: angle=154.538315, cur=166.000000, diff=-11.461685, control=0.252843
[SYS: 2024-11-12 16:54:09][GAME: 00:35.58] Steering RIGHT with control 0.752843
[SYS: 2024-11-12 16:54:09][GAME: 00:35.60] Track assistance: angle=154.796005, cur=165.000000, diff=-10.203995, control=0.223658
[SYS: 2024-11-12 16:54:09][GAME: 00:35.60] Steering RIGHT with control 0.723658
[SYS: 2024-11-12 16:54:09][GAME: 00:35.61] Track assistance: angle=155.022171, cur=163.000000, diff=-7.977829, control=0.143792
[SYS: 2024-11-12 16:54:09][GAME: 00:35.61] Steering RIGHT with control 0.643792
[SYS: 2024-11-12 16:54:09][GAME: 00:35.63] Track assistance: angle=155.220459, cur=162.000000, diff=-6.779541, control=0.139531
[SYS: 2024-11-12 16:54:09][GAME: 00:35.63] Steering RIGHT with control 0.639531
[SYS: 2024-11-12 16:54:16][GAME: 00:42.81] Track assistance: angle=-26.160313, cur=338.000000, diff=-4.160309, control=0.038527
[SYS: 2024-11-12 16:54:16][GAME: 00:42.81] Steering RIGHT with control 0.538527
[SYS: 2024-11-12 16:54:16][GAME: 00:42.83] Track assistance: angle=-25.908356, cur=335.000000, diff=-0.908356, control=0.058590
[SYS: 2024-11-12 16:54:16][GAME: 00:42.84] Track assistance: angle=-25.676188, cur=333.000000, diff=1.323822, control=0.088900
[SYS: 2024-11-12 16:54:16][GAME: 00:42.86] Track assistance: angle=-25.450191, cur=330.000000, diff=4.549805, control=0.194395
[SYS: 2024-11-12 16:54:16][GAME: 00:42.86] Steering LEFT with control 0.694395
[SYS: 2024-11-12 16:54:16][GAME: 00:42.88] Track assistance: angle=-25.226688, cur=328.000000, diff=6.773315, control=0.224921
[SYS: 2024-11-12 16:54:16][GAME: 00:42.88] Steering LEFT with control 0.724921
[SYS: 2024-11-12 16:54:16][GAME: 00:42.89] Track assistance: angle=-25.002018, cur=325.000000, diff=9.997986, control=0.330566
[SYS: 2024-11-12 16:54:16][GAME: 00:42.89] Steering LEFT with control 0.830566
[SYS: 2024-11-12 16:54:16][GAME: 00:42.91] Track assistance: angle=-24.772829, cur=323.000000, diff=12.227173, control=0.361409
[SYS: 2024-11-12 16:54:16][GAME: 00:42.91] Steering LEFT with control 0.861409
[SYS: 2024-11-12 16:54:16][GAME: 00:42.92] Track assistance: angle=-24.535933, cur=320.000000, diff=15.464081, control=0.467525
[SYS: 2024-11-12 16:54:16][GAME: 00:42.92] Steering LEFT with control 0.967525
[SYS: 2024-11-12 16:54:16][GAME: 00:42.94] Track assistance: angle=-24.288305, cur=318.000000, diff=17.711700, control=0.498983
[SYS: 2024-11-12 16:54:16][GAME: 00:42.94] Steering LEFT with control 0.998983
[SYS: 2024-11-12 16:54:16][GAME: 00:42.96] Track assistance: angle=-24.027122, cur=315.000000, diff=20.972870, control=0.605851
[SYS: 2024-11-12 16:54:16][GAME: 00:42.96] Steering LEFT with control 1.105851
[SYS: 2024-11-12 16:54:16][GAME: 00:42.97] Track assistance: angle=-23.749815, cur=313.000000, diff=23.250183, control=0.638187
[SYS: 2024-11-12 16:54:16][GAME: 00:42.97] Steering LEFT with control 1.138187
[SYS: 2024-11-12 16:54:16][GAME: 00:42.99] Track assistance: angle=-23.459988, cur=311.000000, diff=25.540009, control=0.695746
[SYS: 2024-11-12 16:54:16][GAME: 00:42.99] Steering LEFT with control 1.195746
[SYS: 2024-11-12 16:54:16][GAME: 00:43.00] Track assistance: angle=-23.154970, cur=309.000000, diff=27.845032, control=0.753751
[SYS: 2024-11-12 16:54:16][GAME: 00:43.00] Steering LEFT with control 1.253751
[SYS: 2024-11-12 16:54:16][GAME: 00:43.02] Track assistance: angle=-22.832487, cur=307.000000, diff=30.167511, control=0.812250
[SYS: 2024-11-12 16:54:16][GAME: 00:43.02] Steering LEFT with control 1.312250
[SYS: 2024-11-12 16:54:16][GAME: 00:43.04] Track assistance: angle=-22.490559, cur=306.000000, diff=31.509430, control=0.821284
[SYS: 2024-11-12 16:54:16][GAME: 00:43.04] Steering LEFT with control 1.321284
[SYS: 2024-11-12 16:54:16][GAME: 00:43.05] Track assistance: angle=-22.127333, cur=304.000000, diff=33.872681, control=0.905898
[SYS: 2024-11-12 16:54:16][GAME: 00:43.05] Steering LEFT with control 1.405898
[SYS: 2024-11-12 16:54:16][GAME: 00:43.07] Track assistance: angle=-21.741322, cur=303.000000, diff=35.258667, control=0.916116
[SYS: 2024-11-12 16:54:16][GAME: 00:43.07] Steering LEFT with control 1.416116
[SYS: 2024-11-12 16:54:16][GAME: 00:43.08] Track assistance: angle=-21.330202, cur=302.000000, diff=36.669800, control=0.952023
[SYS: 2024-11-12 16:54:16][GAME: 00:43.08] Steering LEFT with control 1.452023
[SYS: 2024-11-12 16:54:16][GAME: 00:43.10] Track assistance: angle=-20.892874, cur=301.000000, diff=38.107117, control=0.988611
[SYS: 2024-11-12 16:54:16][GAME: 00:43.10] Steering LEFT with control 1.488611
[SYS: 2024-11-12 16:54:16][GAME: 00:43.12] Track assistance: angle=-20.428322, cur=301.000000, diff=38.571686, control=0.975906
[SYS: 2024-11-12 16:54:16][GAME: 00:43.12] Steering LEFT with control 1.475906
[SYS: 2024-11-12 16:54:16][GAME: 00:43.13] Track assistance: angle=-19.936760, cur=300.000000, diff=40.063232, control=1.038870
[SYS: 2024-11-12 16:54:16][GAME: 00:43.13] Steering LEFT with control 1.538870
[SYS: 2024-11-12 16:54:16][GAME: 00:43.15] Track assistance: angle=-19.418335, cur=300.000000, diff=40.581665, control=1.027502
[SYS: 2024-11-12 16:54:16][GAME: 00:43.15] Steering LEFT with control 1.527502
[SYS: 2024-11-12 16:54:17][GAME: 00:43.16] Track assistance: angle=-18.873127, cur=299.000000, diff=42.126862, control=1.091801
[SYS: 2024-11-12 16:54:17][GAME: 00:43.16] Steering LEFT with control 1.591801
[SYS: 2024-11-12 16:54:17][GAME: 00:43.18] Track assistance: angle=-18.301231, cur=299.000000, diff=42.698761, control=1.081766
[SYS: 2024-11-12 16:54:17][GAME: 00:43.18] Steering LEFT with control 1.581766
[SYS: 2024-11-12 16:54:17][GAME: 00:43.20] Track assistance: angle=-17.702753, cur=299.000000, diff=43.297241, control=1.097393
[SYS: 2024-11-12 16:54:17][GAME: 00:43.20] Steering LEFT with control 1.597393
[SYS: 2024-11-12 16:54:23][GAME: 00:48.97] Track assistance: angle=86.972610, cur=359.000000, diff=87.972595, control=1.500000
[SYS: 2024-11-12 16:54:23][GAME: 00:48.97] Steering LEFT with control 2.000000
[SYS: 2024-11-12 16:54:23][GAME: 00:48.99] Track assistance: angle=88.204521, cur=359.000000, diff=89.204529, control=1.500000
[SYS: 2024-11-12 16:54:23][GAME: 00:48.99] Steering LEFT with control 2.000000
[SYS: 2024-11-12 16:54:23][GAME: 00:49.00] Track assistance: angle=89.460472, cur=359.000000, diff=90.460480, control=1.500000
[SYS: 2024-11-12 16:54:23][GAME: 00:49.00] Steering LEFT with control 2.000000
[SYS: 2024-11-12 16:54:23][GAME: 00:49.02] Track assistance: angle=90.712105, cur=359.000000, diff=91.712097, control=1.500000
[SYS: 2024-11-12 16:54:23][GAME: 00:49.02] Steering LEFT with control 2.000000
[SYS: 2024-11-12 16:54:23][GAME: 00:49.04] Track assistance: angle=91.958351, cur=0.000000, diff=91.958351, control=1.500000
[SYS: 2024-11-12 16:54:23][GAME: 00:49.04] Steering LEFT with control 2.000000
[SYS: 2024-11-12 16:54:23][GAME: 00:49.05] Track assistance: angle=93.198074, cur=0.000000, diff=93.198074, control=1.500000
[SYS: 2024-11-12 16:54:23][GAME: 00:49.05] Steering LEFT with control 2.000000
[SYS: 2024-11-12 16:54:23][GAME: 00:49.07] Track assistance: angle=94.430130, cur=0.000000, diff=94.430130, control=1.500000
[SYS: 2024-11-12 16:54:23][GAME: 00:49.07] Steering LEFT with control 2.000000
[SYS: 2024-11-12 16:54:23][GAME: 00:49.08] Track assistance: angle=95.653557, cur=0.000000, diff=95.653557, control=1.500000
[SYS: 2024-11-12 16:54:23][GAME: 00:49.08] Steering LEFT with control 2.000000
[SYS: 2024-11-12 16:54:23][GAME: 00:49.10] Track assistance: angle=96.867348, cur=0.000000, diff=96.867348, control=1.500000
[SYS: 2024-11-12 16:54:23][GAME: 00:49.10] Steering LEFT with control 2.000000
[SYS: 2024-11-12 16:54:23][GAME: 00:49.12] Track assistance: angle=98.070587, cur=0.000000, diff=98.070587, control=1.500000
[SYS: 2024-11-12 16:54:23][GAME: 00:49.12] Steering LEFT with control 2.000000
[SYS: 2024-11-12 16:54:23][GAME: 00:49.13] Track assistance: angle=99.262383, cur=0.000000, diff=99.262383, control=1.500000
[SYS: 2024-11-12 16:54:23][GAME: 00:49.13] Steering LEFT with control 2.000000
[SYS: 2024-11-12 16:54:23][GAME: 00:49.15] Track assistance: angle=100.441902, cur=0.000000, diff=100.441902, control=1.500000
[SYS: 2024-11-12 16:54:23][GAME: 00:49.15] Steering LEFT with control 2.000000
[SYS: 2024-11-12 16:54:23][GAME: 00:49.16] Track assistance: angle=101.608391, cur=0.000000, diff=101.608391, control=1.500000
[SYS: 2024-11-12 16:54:23][GAME: 00:49.16] Steering LEFT with control 2.000000
[SYS: 2024-11-12 16:54:23][GAME: 00:49.18] Track assistance: angle=102.761131, cur=0.000000, diff=102.761131, control=1.500000
[SYS: 2024-11-12 16:54:23][GAME: 00:49.18] Steering LEFT with control 2.000000
[SYS: 2024-11-12 16:54:23][GAME: 00:49.20] Track assistance: angle=103.899460, cur=0.000000, diff=103.899460, control=1.500000
[SYS: 2024-11-12 16:54:23][GAME: 00:49.20] Steering LEFT with control 2.000000
[SYS: 2024-11-12 16:54:23][GAME: 00:49.21] Track assistance: angle=105.022881, cur=0.000000, diff=105.022881, control=1.500000
[SYS: 2024-11-12 16:54:23][GAME: 00:49.21] Steering LEFT with control 2.000000
[SYS: 2024-11-12 16:54:23][GAME: 00:49.23] Track assistance: angle=106.130783, cur=0.000000, diff=106.130783, control=1.500000
[SYS: 2024-11-12 16:54:23][GAME: 00:49.23] Steering LEFT with control 2.000000
[SYS: 2024-11-12 16:54:23][GAME: 00:49.24] Track assistance: angle=107.222672, cur=0.000000, diff=107.222672, control=1.500000
[SYS: 2024-11-12 16:54:23][GAME: 00:49.24] Steering LEFT with control 2.000000
[SYS: 2024-11-12 16:54:23][GAME: 00:49.26] Track assistance: angle=108.298210, cur=0.000000, diff=108.298210, control=1.500000
[SYS: 2024-11-12 16:54:23][GAME: 00:49.26] Steering LEFT with control 2.000000
[SYS: 2024-11-12 16:54:23][GAME: 00:49.28] Track assistance: angle=109.356949, cur=0.000000, diff=109.356949, control=1.500000
[SYS: 2024-11-12 16:54:23][GAME: 00:49.28] Steering LEFT with control 2.000000
[SYS: 2024-11-12 16:54:23][GAME: 00:49.29] Track assistance: angle=110.398636, cur=0.000000, diff=110.398636, control=1.500000
[SYS: 2024-11-12 16:54:23][GAME: 00:49.29] Steering LEFT with control 2.000000
[SYS: 2024-11-12 16:54:23][GAME: 00:49.31] Track assistance: angle=111.423019, cur=0.000000, diff=111.423019, control=1.500000
[SYS: 2024-11-12 16:54:23][GAME: 00:49.31] Steering LEFT with control 2.000000
[SYS: 2024-11-12 16:54:23][GAME: 00:49.32] Track assistance: angle=112.429810, cur=0.000000, diff=112.429810, control=1.500000
[SYS: 2024-11-12 16:54:23][GAME: 00:49.32] Steering LEFT with control 2.000000
[SYS: 2024-11-12 16:54:23][GAME: 00:49.34] Track assistance: angle=113.418976, cur=0.000000, diff=113.418976, control=1.500000
[SYS: 2024-11-12 16:54:23][GAME: 00:49.34] Steering LEFT with control 2.000000
[SYS: 2024-11-12 16:54:23][GAME: 00:49.36] Track assistance: angle=114.390327, cur=0.000000, diff=114.390327, control=1.500000
[SYS: 2024-11-12 16:54:23][GAME: 00:49.36] Steering LEFT with control 2.000000
[SYS: 2024-11-12 16:54:23][GAME: 00:49.37] Track assistance: angle=115.343803, cur=0.000000, diff=115.343803, control=1.500000
[SYS: 2024-11-12 16:54:23][GAME: 00:49.37] Steering LEFT with control 2.000000
[SYS: 2024-11-12 16:54:23][GAME: 00:49.39] Track assistance: angle=116.279404, cur=0.000000, diff=116.279404, control=1.500000
[SYS: 2024-11-12 16:54:23][GAME: 00:49.39] Steering LEFT with control 2.000000
[SYS: 2024-11-12 16:54:23][GAME: 00:49.40] Track assistance: angle=117.197136, cur=0.000000, diff=117.197136, control=1.500000
[SYS: 2024-11-12 16:54:23][GAME: 00:49.40] Steering LEFT with control 2.000000
[SYS: 2024-11-12 16:54:23][GAME: 00:49.42] Track assistance: angle=118.097015, cur=0.000000, diff=118.097015, control=1.500000
[SYS: 2024-11-12 16:54:23][GAME: 00:49.42] Steering LEFT with control 2.000000
[SYS: 2024-11-12 16:54:23][GAME: 00:49.44] Track assistance: angle=118.979111, cur=0.000000, diff=118.979111, control=1.500000
[SYS: 2024-11-12 16:54:23][GAME: 00:49.44] Steering LEFT with control 2.000000
[SYS: 2024-11-12 16:54:23][GAME: 00:49.45] Track assistance: angle=119.843590, cur=0.000000, diff=119.843590, control=1.500000
[SYS: 2024-11-12 16:54:23][GAME: 00:49.45] Steering LEFT with control 2.000000
[SYS: 2024-11-12 16:54:23][GAME: 00:49.47] Track assistance: angle=120.690498, cur=0.000000, diff=120.690498, control=1.500000
[SYS: 2024-11-12 16:54:23][GAME: 00:49.47] Steering LEFT with control 2.000000
[SYS: 2024-11-12 16:54:23][GAME: 00:49.48] Track assistance: angle=121.520096, cur=0.000000, diff=121.520096, control=1.500000
[SYS: 2024-11-12 16:54:23][GAME: 00:49.48] Steering LEFT with control 2.000000
[SYS: 2024-11-12 16:54:23][GAME: 00:49.50] Track assistance: angle=122.332527, cur=0.000000, diff=122.332527, control=1.500000
[SYS: 2024-11-12 16:54:23][GAME: 00:49.50] Steering LEFT with control 2.000000
[SYS: 2024-11-12 16:54:23][GAME: 00:49.52] Track assistance: angle=123.127937, cur=0.000000, diff=123.127937, control=1.500000
[SYS: 2024-11-12 16:54:23][GAME: 00:49.52] Steering LEFT with control 2.000000
[SYS: 2024-11-12 16:54:23][GAME: 00:49.53] Track assistance: angle=123.906624, cur=0.000000, diff=123.906624, control=1.500000
[SYS: 2024-11-12 16:54:23][GAME: 00:49.53] Steering LEFT with control 2.000000
[SYS: 2024-11-12 16:54:23][GAME: 00:49.55] Track assistance: angle=124.668793, cur=0.000000, diff=124.668793, control=1.500000
[SYS: 2024-11-12 16:54:23][GAME: 00:49.55] Steering LEFT with control 2.000000
[SYS: 2024-11-12 16:54:23][GAME: 00:49.56] Track assistance: angle=125.414680, cur=0.000000, diff=125.414680, control=1.500000
[SYS: 2024-11-12 16:54:23][GAME: 00:49.56] Steering LEFT with control 2.000000
[SYS: 2024-11-12 16:54:23][GAME: 00:49.58] Track assistance: angle=126.144577, cur=0.000000, diff=126.144577, control=1.500000
[SYS: 2024-11-12 16:54:23][GAME: 00:49.58] Steering LEFT with control 2.000000
[SYS: 2024-11-12 16:54:23][GAME: 00:49.60] Track assistance: angle=126.858719, cur=0.000000, diff=126.858719, control=1.500000
[SYS: 2024-11-12 16:54:23][GAME: 00:49.60] Steering LEFT with control 2.000000
[SYS: 2024-11-12 16:54:23][GAME: 00:49.61] Track assistance: angle=127.557457, cur=0.000000, diff=127.557457, control=1.500000
[SYS: 2024-11-12 16:54:23][GAME: 00:49.61] Steering LEFT with control 2.000000
[SYS: 2024-11-12 16:54:23][GAME: 00:49.63] Track assistance: angle=128.241013, cur=0.000000, diff=128.241013, control=1.500000
[SYS: 2024-11-12 16:54:23][GAME: 00:49.63] Steering LEFT with control 2.000000
[SYS: 2024-11-12 16:54:23][GAME: 00:49.64] Track assistance: angle=128.909653, cur=0.000000, diff=128.909653, control=1.500000
[SYS: 2024-11-12 16:54:23][GAME: 00:49.64] Steering LEFT with control 2.000000
[SYS: 2024-11-12 16:54:23][GAME: 00:49.66] Track assistance: angle=129.563736, cur=0.000000, diff=129.563736, control=1.500000
[SYS: 2024-11-12 16:54:23][GAME: 00:49.66] Steering LEFT with control 2.000000
[SYS: 2024-11-12 16:54:23][GAME: 00:49.68] Track assistance: angle=130.203461, cur=0.000000, diff=130.203461, control=1.500000
[SYS: 2024-11-12 16:54:23][GAME: 00:49.68] Steering LEFT with control 2.000000
[SYS: 2024-11-12 16:54:23][GAME: 00:49.69] Track assistance: angle=130.829132, cur=0.000000, diff=130.829132, control=1.500000
[SYS: 2024-11-12 16:54:23][GAME: 00:49.69] Steering LEFT with control 2.000000
[SYS: 2024-11-12 16:54:23][GAME: 00:49.71] Track assistance: angle=131.441040, cur=0.000000, diff=131.441040, control=1.500000
[SYS: 2024-11-12 16:54:23][GAME: 00:49.71] Steering LEFT with control 2.000000
[SYS: 2024-11-12 16:54:23][GAME: 00:49.72] Track assistance: angle=132.039520, cur=0.000000, diff=132.039520, control=1.500000
[SYS: 2024-11-12 16:54:23][GAME: 00:49.72] Steering LEFT with control 2.000000
[SYS: 2024-11-12 16:54:23][GAME: 00:49.74] Track assistance: angle=132.624863, cur=0.000000, diff=132.624863, control=1.500000
[SYS: 2024-11-12 16:54:23][GAME: 00:49.74] Steering LEFT with control 2.000000
[SYS: 2024-11-12 16:54:23][GAME: 00:49.76] Track assistance: angle=133.197388, cur=0.000000, diff=133.197388, control=1.500000
[SYS: 2024-11-12 16:54:23][GAME: 00:49.76] Steering LEFT with control 2.000000
[SYS: 2024-11-12 16:54:23][GAME: 00:49.77] Track assistance: angle=133.757370, cur=0.000000, diff=133.757370, control=1.500000
[SYS: 2024-11-12 16:54:23][GAME: 00:49.77] Steering LEFT with control 2.000000
[SYS: 2024-11-12 16:54:23][GAME: 00:49.79] Track assistance: angle=134.305099, cur=0.000000, diff=134.305099, control=1.500000
[SYS: 2024-11-12 16:54:23][GAME: 00:49.79] Steering LEFT with control 2.000000
[SYS: 2024-11-12 16:54:23][GAME: 00:49.80] Track assistance: angle=134.840881, cur=0.000000, diff=134.840881, control=1.500000
[SYS: 2024-11-12 16:54:23][GAME: 00:49.80] Steering LEFT with control 2.000000
[SYS: 2024-11-12 16:54:23][GAME: 00:49.82] Track assistance: angle=135.352463, cur=0.000000, diff=135.352463, control=1.500000
[SYS: 2024-11-12 16:54:23][GAME: 00:49.82] Steering LEFT with control 2.000000
[SYS: 2024-11-12 16:54:23][GAME: 00:49.84] Track assistance: angle=135.854401, cur=0.000000, diff=135.854401, control=1.500000
[SYS: 2024-11-12 16:54:23][GAME: 00:49.84] Steering LEFT with control 2.000000
[SYS: 2024-11-12 16:54:23][GAME: 00:49.85] Track assistance: angle=136.345459, cur=0.000000, diff=136.345459, control=1.500000
[SYS: 2024-11-12 16:54:23][GAME: 00:49.85] Steering LEFT with control 2.000000
[SYS: 2024-11-12 16:54:23][GAME: 00:49.87] Track assistance: angle=136.825638, cur=0.000000, diff=136.825638, control=1.500000
[SYS: 2024-11-12 16:54:23][GAME: 00:49.87] Steering LEFT with control 2.000000
[SYS: 2024-11-12 16:54:24][GAME: 00:49.88] Track assistance: angle=137.295242, cur=0.000000, diff=137.295242, control=1.500000
[SYS: 2024-11-12 16:54:24][GAME: 00:49.88] Steering LEFT with control 2.000000
[SYS: 2024-11-12 16:54:24][GAME: 00:49.90] Track assistance: angle=137.754608, cur=0.000000, diff=137.754608, control=1.500000
[SYS: 2024-11-12 16:54:24][GAME: 00:49.90] Steering LEFT with control 2.000000
[SYS: 2024-11-12 16:54:24][GAME: 00:49.92] Track assistance: angle=138.203903, cur=0.000000, diff=138.203903, control=1.500000
[SYS: 2024-11-12 16:54:24][GAME: 00:49.92] Steering LEFT with control 2.000000
[SYS: 2024-11-12 16:54:24][GAME: 00:49.93] Track assistance: angle=138.643433, cur=0.000000, diff=138.643433, control=1.500000
[SYS: 2024-11-12 16:54:24][GAME: 00:49.93] Steering LEFT with control 2.000000
[SYS: 2024-11-12 16:54:24][GAME: 00:49.95] Track assistance: angle=139.073441, cur=0.000000, diff=139.073441, control=1.500000
[SYS: 2024-11-12 16:54:24][GAME: 00:49.95] Steering LEFT with control 2.000000
[SYS: 2024-11-12 16:54:24][GAME: 00:49.96] Track assistance: angle=139.494202, cur=0.000000, diff=139.494202, control=1.500000
[SYS: 2024-11-12 16:54:24][GAME: 00:49.96] Steering LEFT with control 2.000000
[SYS: 2024-11-12 16:54:24][GAME: 00:49.98] Track assistance: angle=139.905914, cur=0.000000, diff=139.905914, control=1.500000
[SYS: 2024-11-12 16:54:24][GAME: 00:49.98] Steering LEFT with control 2.000000
[SYS: 2024-11-12 16:54:24][GAME: 00:50.00] Track assistance: angle=140.308853, cur=0.000000, diff=140.308853, control=1.500000
[SYS: 2024-11-12 16:54:24][GAME: 00:50.00] Steering LEFT with control 2.000000
[SYS: 2024-11-12 16:54:24][GAME: 00:50.01] Track assistance: angle=140.703171, cur=0.000000, diff=140.703171, control=1.500000
[SYS: 2024-11-12 16:54:24][GAME: 00:50.01] Steering LEFT with control 2.000000
[SYS: 2024-11-12 16:54:24][GAME: 00:50.03] Track assistance: angle=141.089203, cur=0.000000, diff=141.089203, control=1.500000
[SYS: 2024-11-12 16:54:24][GAME: 00:50.03] Steering LEFT with control 2.000000
[SYS: 2024-11-12 16:54:24][GAME: 00:50.04] Track assistance: angle=141.467072, cur=0.000000, diff=141.467072, control=1.500000
[SYS: 2024-11-12 16:54:24][GAME: 00:50.04] Steering LEFT with control 2.000000
[SYS: 2024-11-12 16:54:24][GAME: 00:50.06] Track assistance: angle=141.837021, cur=0.000000, diff=141.837021, control=1.500000
[SYS: 2024-11-12 16:54:24][GAME: 00:50.06] Steering LEFT with control 2.000000
[SYS: 2024-11-12 16:54:24][GAME: 00:50.08] Track assistance: angle=142.199265, cur=0.000000, diff=142.199265, control=1.500000
[SYS: 2024-11-12 16:54:24][GAME: 00:50.08] Steering LEFT with control 2.000000
[SYS: 2024-11-12 16:54:24][GAME: 00:50.09] Track assistance: angle=142.553894, cur=0.000000, diff=142.553894, control=1.500000
[SYS: 2024-11-12 16:54:24][GAME: 00:50.09] Steering LEFT with control 2.000000
[SYS: 2024-11-12 16:54:24][GAME: 00:50.11] Track assistance: angle=142.901199, cur=0.000000, diff=142.901199, control=1.500000
[SYS: 2024-11-12 16:54:24][GAME: 00:50.11] Steering LEFT with control 2.000000
[SYS: 2024-11-12 16:54:24][GAME: 00:50.12] Track assistance: angle=143.241333, cur=0.000000, diff=143.241333, control=1.500000
[SYS: 2024-11-12 16:54:24][GAME: 00:50.12] Steering LEFT with control 2.000000
[SYS: 2024-11-12 16:54:24][GAME: 00:50.14] Track assistance: angle=143.574448, cur=0.000000, diff=143.574448, control=1.500000
[SYS: 2024-11-12 16:54:24][GAME: 00:50.14] Steering LEFT with control 2.000000
[SYS: 2024-11-12 16:54:24][GAME: 00:50.16] Track assistance: angle=143.900818, cur=0.000000, diff=143.900818, control=1.500000
[SYS: 2024-11-12 16:54:24][GAME: 00:50.16] Steering LEFT with control 2.000000
[SYS: 2024-11-12 16:54:24][GAME: 00:50.17] Track assistance: angle=144.220566, cur=0.000000, diff=144.220566, control=1.500000
[SYS: 2024-11-12 16:54:24][GAME: 00:50.17] Steering LEFT with control 2.000000
[SYS: 2024-11-12 16:54:24][GAME: 00:50.19] Track assistance: angle=144.533829, cur=0.000000, diff=144.533829, control=1.500000
[SYS: 2024-11-12 16:54:24][GAME: 00:50.19] Steering LEFT with control 2.000000
[SYS: 2024-11-12 16:54:24][GAME: 00:50.20] Track assistance: angle=144.840805, cur=0.000000, diff=144.840805, control=1.500000
[SYS: 2024-11-12 16:54:24][GAME: 00:50.20] Steering LEFT with control 2.000000
[SYS: 2024-11-12 16:54:24][GAME: 00:50.22] Track assistance: angle=145.141678, cur=0.000000, diff=145.141678, control=1.500000
[SYS: 2024-11-12 16:54:24][GAME: 00:50.22] Steering LEFT with control 2.000000
[SYS: 2024-11-12 16:54:24][GAME: 00:50.24] Track assistance: angle=145.436600, cur=0.000000, diff=145.436600, control=1.500000
[SYS: 2024-11-12 16:54:24][GAME: 00:50.24] Steering LEFT with control 2.000000
[SYS: 2024-11-12 16:54:24][GAME: 00:50.25] Track assistance: angle=145.725677, cur=0.000000, diff=145.725677, control=1.500000
[SYS: 2024-11-12 16:54:24][GAME: 00:50.25] Steering LEFT with control 2.000000
[SYS: 2024-11-12 16:54:24][GAME: 00:50.27] Track assistance: angle=146.009048, cur=0.000000, diff=146.009048, control=1.500000
[SYS: 2024-11-12 16:54:24][GAME: 00:50.27] Steering LEFT with control 2.000000
[SYS: 2024-11-12 16:54:24][GAME: 00:50.28] Track assistance: angle=146.286911, cur=0.000000, diff=146.286911, control=1.500000
[SYS: 2024-11-12 16:54:24][GAME: 00:50.28] Steering LEFT with control 2.000000
[SYS: 2024-11-12 16:54:24][GAME: 00:50.30] Track assistance: angle=146.559326, cur=0.000000, diff=146.559326, control=1.500000
[SYS: 2024-11-12 16:54:24][GAME: 00:50.30] Steering LEFT with control 2.000000
[SYS: 2024-11-12 16:54:24][GAME: 00:50.32] Track assistance: angle=146.826538, cur=0.000000, diff=146.826538, control=1.500000
[SYS: 2024-11-12 16:54:24][GAME: 00:50.32] Steering LEFT with control 2.000000
[SYS: 2024-11-12 16:54:24][GAME: 00:50.33] Track assistance: angle=147.088593, cur=0.000000, diff=147.088593, control=1.500000
[SYS: 2024-11-12 16:54:24][GAME: 00:50.33] Steering LEFT with control 2.000000
[SYS: 2024-11-12 16:54:24][GAME: 00:50.35] Track assistance: angle=147.345627, cur=0.000000, diff=147.345627, control=1.500000
[SYS: 2024-11-12 16:54:24][GAME: 00:50.35] Steering LEFT with control 2.000000
[SYS: 2024-11-12 16:54:24][GAME: 00:50.36] Track assistance: angle=147.597794, cur=0.000000, diff=147.597794, control=1.500000
[SYS: 2024-11-12 16:54:24][GAME: 00:50.36] Steering LEFT with control 2.000000
[SYS: 2024-11-12 16:54:24][GAME: 00:50.38] Track assistance: angle=147.845169, cur=0.000000, diff=147.845169, control=1.500000
[SYS: 2024-11-12 16:54:24][GAME: 00:50.38] Steering LEFT with control 2.000000
[SYS: 2024-11-12 16:54:24][GAME: 00:50.40] Track assistance: angle=148.087921, cur=0.000000, diff=148.087921, control=1.500000
[SYS: 2024-11-12 16:54:24][GAME: 00:50.40] Steering LEFT with control 2.000000
[SYS: 2024-11-12 16:54:24][GAME: 00:50.41] Track assistance: angle=148.326096, cur=0.000000, diff=148.326096, control=1.500000
[SYS: 2024-11-12 16:54:24][GAME: 00:50.41] Steering LEFT with control 2.000000
[SYS: 2024-11-12 16:54:24][GAME: 00:50.43] Track assistance: angle=148.559784, cur=0.000000, diff=148.559784, control=1.500000
[SYS: 2024-11-12 16:54:24][GAME: 00:50.43] Steering LEFT with control 2.000000
[SYS: 2024-11-12 16:54:24][GAME: 00:50.44] Track assistance: angle=148.789169, cur=0.000000, diff=148.789169, control=1.500000
[SYS: 2024-11-12 16:54:24][GAME: 00:50.44] Steering LEFT with control 2.000000
[SYS: 2024-11-12 16:54:24][GAME: 00:50.46] Track assistance: angle=149.014313, cur=0.000000, diff=149.014313, control=1.500000
[SYS: 2024-11-12 16:54:24][GAME: 00:50.46] Steering LEFT with control 2.000000
[SYS: 2024-11-12 16:54:24][GAME: 00:50.48] Track assistance: angle=149.235352, cur=0.000000, diff=149.235352, control=1.500000
[SYS: 2024-11-12 16:54:24][GAME: 00:50.48] Steering LEFT with control 2.000000
[SYS: 2024-11-12 16:54:24][GAME: 00:50.49] Track assistance: angle=149.452377, cur=0.000000, diff=149.452377, control=1.500000
[SYS: 2024-11-12 16:54:24][GAME: 00:50.49] Steering LEFT with control 2.000000
[SYS: 2024-11-12 16:54:24][GAME: 00:50.51] Track assistance: angle=149.665482, cur=0.000000, diff=149.665482, control=1.500000
[SYS: 2024-11-12 16:54:24][GAME: 00:50.51] Steering LEFT with control 2.000000
[SYS: 2024-11-12 16:54:24][GAME: 00:50.52] Track assistance: angle=149.874771, cur=0.000000, diff=149.874771, control=1.500000
[SYS: 2024-11-12 16:54:24][GAME: 00:50.52] Steering LEFT with control 2.000000
[SYS: 2024-11-12 16:54:24][GAME: 00:50.54] Track assistance: angle=150.080322, cur=0.000000, diff=150.080322, control=1.500000
[SYS: 2024-11-12 16:54:24][GAME: 00:50.54] Steering LEFT with control 2.000000
[SYS: 2024-11-12 16:54:24][GAME: 00:50.56] Track assistance: angle=150.282211, cur=0.000000, diff=150.282211, control=1.500000
[SYS: 2024-11-12 16:54:24][GAME: 00:50.56] Steering LEFT with control 2.000000
[SYS: 2024-11-12 16:54:24][GAME: 00:50.57] Track assistance: angle=150.480515, cur=0.000000, diff=150.480515, control=1.500000
[SYS: 2024-11-12 16:54:24][GAME: 00:50.57] Steering LEFT with control 2.000000
[SYS: 2024-11-12 16:54:24][GAME: 00:50.59] Track assistance: angle=150.675354, cur=0.000000, diff=150.675354, control=1.500000
[SYS: 2024-11-12 16:54:24][GAME: 00:50.59] Steering LEFT with control 2.000000
[SYS: 2024-11-12 16:54:24][GAME: 00:50.60] Track assistance: angle=150.866776, cur=0.000000, diff=150.866776, control=1.500000
[SYS: 2024-11-12 16:54:24][GAME: 00:50.60] Steering LEFT with control 2.000000
[SYS: 2024-11-12 16:54:24][GAME: 00:50.62] Track assistance: angle=151.054855, cur=0.000000, diff=151.054855, control=1.500000
[SYS: 2024-11-12 16:54:24][GAME: 00:50.62] Steering LEFT with control 2.000000
[SYS: 2024-11-12 16:54:24][GAME: 00:50.64] Track assistance: angle=151.239685, cur=0.000000, diff=151.239685, control=1.500000
[SYS: 2024-11-12 16:54:24][GAME: 00:50.64] Steering LEFT with control 2.000000
[SYS: 2024-11-12 16:54:24][GAME: 00:50.65] Track assistance: angle=151.421326, cur=0.000000, diff=151.421326, control=1.500000
[SYS: 2024-11-12 16:54:24][GAME: 00:50.65] Steering LEFT with control 2.000000
[SYS: 2024-11-12 16:54:24][GAME: 00:50.67] Track assistance: angle=151.599838, cur=0.000000, diff=151.599838, control=1.500000
[SYS: 2024-11-12 16:54:24][GAME: 00:50.67] Steering LEFT with control 2.000000
[SYS: 2024-11-12 16:54:24][GAME: 00:50.68] Track assistance: angle=151.775238, cur=0.000000, diff=151.775238, control=1.500000
[SYS: 2024-11-12 16:54:24][GAME: 00:50.68] Steering LEFT with control 2.000000
[SYS: 2024-11-12 16:54:24][GAME: 00:50.70] Track assistance: angle=151.947586, cur=0.000000, diff=151.947586, control=1.500000
[SYS: 2024-11-12 16:54:24][GAME: 00:50.70] Steering LEFT with control 2.000000
[SYS: 2024-11-12 16:54:24][GAME: 00:50.72] Track assistance: angle=152.114471, cur=0.000000, diff=152.114471, control=1.500000
[SYS: 2024-11-12 16:54:24][GAME: 00:50.72] Steering LEFT with control 2.000000
[SYS: 2024-11-12 16:54:24][GAME: 00:50.73] Track assistance: angle=152.188492, cur=0.000000, diff=152.188492, control=1.500000
[SYS: 2024-11-12 16:54:24][GAME: 00:50.73] Steering LEFT with control 2.000000
[SYS: 2024-11-12 16:54:24][GAME: 00:50.75] Track assistance: angle=152.274094, cur=359.000000, diff=153.274094, control=1.500000
[SYS: 2024-11-12 16:54:24][GAME: 00:50.75] Steering LEFT with control 2.000000
[SYS: 2024-11-12 16:54:24][GAME: 00:50.76] Track assistance: angle=152.293594, cur=359.000000, diff=153.293594, control=1.500000
[SYS: 2024-11-12 16:54:24][GAME: 00:50.76] Steering LEFT with control 2.000000
[SYS: 2024-11-12 16:54:24][GAME: 00:50.78] Track assistance: angle=152.322693, cur=359.000000, diff=153.322693, control=1.500000
[SYS: 2024-11-12 16:54:24][GAME: 00:50.78] Steering LEFT with control 2.000000
[SYS: 2024-11-12 16:54:24][GAME: 00:50.80] Track assistance: angle=152.314041, cur=359.000000, diff=153.314041, control=1.500000
[SYS: 2024-11-12 16:54:24][GAME: 00:50.80] Steering LEFT with control 2.000000
[SYS: 2024-11-12 16:54:24][GAME: 00:50.81] Track assistance: angle=152.313904, cur=358.000000, diff=154.313904, control=1.500000
[SYS: 2024-11-12 16:54:24][GAME: 00:50.81] Steering LEFT with control 2.000000
[SYS: 2024-11-12 16:54:24][GAME: 00:50.83] Track assistance: angle=152.291748, cur=358.000000, diff=154.291748, control=1.500000
[SYS: 2024-11-12 16:54:24][GAME: 00:50.83] Steering LEFT with control 2.000000
[SYS: 2024-11-12 16:54:25][GAME: 00:50.84] Track assistance: angle=152.276993, cur=358.000000, diff=154.276993, control=1.500000
[SYS: 2024-11-12 16:54:25][GAME: 00:50.84] Steering LEFT with control 2.000000
[SYS: 2024-11-12 16:54:25][GAME: 00:50.86] Track assistance: angle=152.249771, cur=358.000000, diff=154.249771, control=1.500000
[SYS: 2024-11-12 16:54:25][GAME: 00:50.86] Steering LEFT with control 2.000000
[SYS: 2024-11-12 16:54:25][GAME: 00:50.88] Track assistance: angle=152.228989, cur=358.000000, diff=154.228989, control=1.500000
[SYS: 2024-11-12 16:54:25][GAME: 00:50.88] Steering LEFT with control 2.000000
[SYS: 2024-11-12 16:54:25][GAME: 00:50.89] Track assistance: angle=152.201981, cur=358.000000, diff=154.201981, control=1.500000
[SYS: 2024-11-12 16:54:25][GAME: 00:50.89] Steering LEFT with control 2.000000
[SYS: 2024-11-12 16:54:25][GAME: 00:50.91] Track assistance: angle=152.180191, cur=358.000000, diff=154.180191, control=1.500000
[SYS: 2024-11-12 16:54:25][GAME: 00:50.91] Steering LEFT with control 2.000000
[SYS: 2024-11-12 16:54:25][GAME: 00:50.92] Track assistance: angle=152.155731, cur=358.000000, diff=154.155731, control=1.500000
[SYS: 2024-11-12 16:54:25][GAME: 00:50.92] Steering LEFT with control 2.000000
[SYS: 2024-11-12 16:54:25][GAME: 00:50.94] Track assistance: angle=152.135513, cur=358.000000, diff=154.135513, control=1.500000
[SYS: 2024-11-12 16:54:25][GAME: 00:50.94] Steering LEFT with control 2.000000
[SYS: 2024-11-12 16:54:25][GAME: 00:50.96] Track assistance: angle=152.114395, cur=358.000000, diff=154.114395, control=1.500000
[SYS: 2024-11-12 16:54:25][GAME: 00:50.96] Steering LEFT with control 2.000000
[SYS: 2024-11-12 16:54:25][GAME: 00:50.97] Track assistance: angle=152.096680, cur=358.000000, diff=154.096680, control=1.500000
[SYS: 2024-11-12 16:54:25][GAME: 00:50.97] Steering LEFT with control 2.000000
[SYS: 2024-11-12 16:54:25][GAME: 00:50.99] Track assistance: angle=152.079056, cur=358.000000, diff=154.079056, control=1.500000
[SYS: 2024-11-12 16:54:25][GAME: 00:50.99] Steering LEFT with control 2.000000
[SYS: 2024-11-12 16:54:25][GAME: 00:51.00] Track assistance: angle=152.064072, cur=358.000000, diff=154.064072, control=1.500000
[SYS: 2024-11-12 16:54:25][GAME: 00:51.00] Steering LEFT with control 2.000000
[SYS: 2024-11-12 16:54:25][GAME: 00:51.02] Track assistance: angle=152.049728, cur=358.000000, diff=154.049728, control=1.500000
[SYS: 2024-11-12 16:54:25][GAME: 00:51.02] Steering LEFT with control 2.000000
[SYS: 2024-11-12 16:54:25][GAME: 00:51.04] Track assistance: angle=152.037415, cur=358.000000, diff=154.037415, control=1.500000
[SYS: 2024-11-12 16:54:25][GAME: 00:51.04] Steering LEFT with control 2.000000
[SYS: 2024-11-12 16:54:25][GAME: 00:51.05] Track assistance: angle=152.025864, cur=358.000000, diff=154.025864, control=1.500000
[SYS: 2024-11-12 16:54:25][GAME: 00:51.05] Steering LEFT with control 2.000000
[SYS: 2024-11-12 16:54:25][GAME: 00:51.07] Track assistance: angle=152.015884, cur=358.000000, diff=154.015884, control=1.500000
[SYS: 2024-11-12 16:54:25][GAME: 00:51.07] Steering LEFT with control 2.000000
[SYS: 2024-11-12 16:54:25][GAME: 00:51.08] Track assistance: angle=152.006699, cur=358.000000, diff=154.006699, control=1.500000
[SYS: 2024-11-12 16:54:25][GAME: 00:51.08] Steering LEFT with control 2.000000
[SYS: 2024-11-12 16:54:25][GAME: 00:51.10] Track assistance: angle=151.998749, cur=358.000000, diff=153.998749, control=1.500000
[SYS: 2024-11-12 16:54:25][GAME: 00:51.10] Steering LEFT with control 2.000000
[SYS: 2024-11-12 16:54:25][GAME: 00:51.12] Track assistance: angle=151.991470, cur=358.000000, diff=153.991470, control=1.500000
[SYS: 2024-11-12 16:54:25][GAME: 00:51.12] Steering LEFT with control 2.000000
[SYS: 2024-11-12 16:54:25][GAME: 00:51.13] Track assistance: angle=151.985138, cur=358.000000, diff=153.985138, control=1.500000
[SYS: 2024-11-12 16:54:25][GAME: 00:51.13] Steering LEFT with control 2.000000
[SYS: 2024-11-12 16:54:25][GAME: 00:51.15] Track assistance: angle=151.979431, cur=358.000000, diff=153.979431, control=1.500000
[SYS: 2024-11-12 16:54:25][GAME: 00:51.15] Steering LEFT with control 2.000000
[SYS: 2024-11-12 16:54:25][GAME: 00:51.16] Track assistance: angle=151.974106, cur=358.000000, diff=153.974106, control=1.500000
[SYS: 2024-11-12 16:54:25][GAME: 00:51.16] Steering LEFT with control 2.000000
[SYS: 2024-11-12 16:54:25][GAME: 00:51.18] Track assistance: angle=151.969452, cur=358.000000, diff=153.969452, control=1.500000
[SYS: 2024-11-12 16:54:25][GAME: 00:51.18] Steering LEFT with control 2.000000
[SYS: 2024-11-12 16:54:25][GAME: 00:51.20] Track assistance: angle=151.965393, cur=358.000000, diff=153.965393, control=1.500000
[SYS: 2024-11-12 16:54:25][GAME: 00:51.20] Steering LEFT with control 2.000000
[SYS: 2024-11-12 16:54:25][GAME: 00:51.21] Track assistance: angle=151.962524, cur=358.000000, diff=153.962524, control=1.500000
[SYS: 2024-11-12 16:54:25][GAME: 00:51.21] Steering LEFT with control 2.000000
[SYS: 2024-11-12 16:54:25][GAME: 00:51.23] Track assistance: angle=151.959564, cur=358.000000, diff=153.959564, control=1.500000
[SYS: 2024-11-12 16:54:25][GAME: 00:51.23] Steering LEFT with control 2.000000
[SYS: 2024-11-12 16:54:25][GAME: 00:51.24] Track assistance: angle=151.956238, cur=358.000000, diff=153.956238, control=1.500000
[SYS: 2024-11-12 16:54:25][GAME: 00:51.24] Steering LEFT with control 2.000000
[SYS: 2024-11-12 16:54:25][GAME: 00:51.26] Track assistance: angle=151.953537, cur=358.000000, diff=153.953537, control=1.500000
[SYS: 2024-11-12 16:54:25][GAME: 00:51.26] Steering LEFT with control 2.000000
[SYS: 2024-11-12 16:54:25][GAME: 00:51.28] Track assistance: angle=151.951309, cur=358.000000, diff=153.951309, control=1.500000
[SYS: 2024-11-12 16:54:25][GAME: 00:51.28] Steering LEFT with control 2.000000
[SYS: 2024-11-12 16:54:25][GAME: 00:51.29] Track assistance: angle=151.949402, cur=358.000000, diff=153.949402, control=1.500000
[SYS: 2024-11-12 16:54:25][GAME: 00:51.29] Steering LEFT with control 2.000000
[SYS: 2024-11-12 16:54:25][GAME: 00:51.31] Track assistance: angle=151.947754, cur=358.000000, diff=153.947754, control=1.500000
[SYS: 2024-11-12 16:54:25][GAME: 00:51.31] Steering LEFT with control 2.000000
[SYS: 2024-11-12 16:54:25][GAME: 00:51.32] Track assistance: angle=151.946350, cur=358.000000, diff=153.946350, control=1.500000
[SYS: 2024-11-12 16:54:25][GAME: 00:51.32] Steering LEFT with control 2.000000
[SYS: 2024-11-12 16:54:25][GAME: 00:51.34] Track assistance: angle=151.945099, cur=358.000000, diff=153.945099, control=1.500000
[SYS: 2024-11-12 16:54:25][GAME: 00:51.34] Steering LEFT with control 2.000000
[SYS: 2024-11-12 16:54:25][GAME: 00:51.36] Track assistance: angle=151.945007, cur=358.000000, diff=153.945007, control=1.500000
[SYS: 2024-11-12 16:54:25][GAME: 00:51.36] Steering LEFT with control 2.000000
[SYS: 2024-11-12 16:54:25][GAME: 00:51.37] Track assistance: angle=151.944199, cur=358.000000, diff=153.944199, control=1.500000
[SYS: 2024-11-12 16:54:25][GAME: 00:51.37] Steering LEFT with control 2.000000
[SYS: 2024-11-12 16:54:25][GAME: 00:51.39] Track assistance: angle=151.942673, cur=358.000000, diff=153.942673, control=1.500000
[SYS: 2024-11-12 16:54:25][GAME: 00:51.39] Steering LEFT with control 2.000000
[SYS: 2024-11-12 16:54:25][GAME: 00:51.40] Track assistance: angle=151.941574, cur=358.000000, diff=153.941574, control=1.500000
[SYS: 2024-11-12 16:54:25][GAME: 00:51.40] Steering LEFT with control 2.000000
[SYS: 2024-11-12 16:54:25][GAME: 00:51.42] Track assistance: angle=151.940765, cur=358.000000, diff=153.940765, control=1.500000
[SYS: 2024-11-12 16:54:25][GAME: 00:51.42] Steering LEFT with control 2.000000
[SYS: 2024-11-12 16:54:25][GAME: 00:51.44] Track assistance: angle=151.940186, cur=358.000000, diff=153.940186, control=1.500000
[SYS: 2024-11-12 16:54:25][GAME: 00:51.44] Steering LEFT with control 2.000000
[SYS: 2024-11-12 16:54:25][GAME: 00:51.45] Track assistance: angle=151.939682, cur=358.000000, diff=153.939682, control=1.500000
[SYS: 2024-11-12 16:54:25][GAME: 00:51.45] Steering LEFT with control 2.000000
[SYS: 2024-11-12 16:54:25][GAME: 00:51.47] Track assistance: angle=151.940018, cur=358.000000, diff=153.940018, control=1.500000
[SYS: 2024-11-12 16:54:25][GAME: 00:51.47] Steering LEFT with control 2.000000
[SYS: 2024-11-12 16:54:25][GAME: 00:51.48] Track assistance: angle=151.939789, cur=358.000000, diff=153.939789, control=1.500000
[SYS: 2024-11-12 16:54:25][GAME: 00:51.48] Steering LEFT with control 2.000000
[SYS: 2024-11-12 16:54:25][GAME: 00:51.50] Track assistance: angle=151.938843, cur=358.000000, diff=153.938843, control=1.500000
[SYS: 2024-11-12 16:54:25][GAME: 00:51.50] Steering LEFT with control 2.000000
[SYS: 2024-11-12 16:54:25][GAME: 00:51.52] Track assistance: angle=151.938232, cur=358.000000, diff=153.938232, control=1.500000
[SYS: 2024-11-12 16:54:25][GAME: 00:51.52] Steering LEFT with control 2.000000
[SYS: 2024-11-12 16:54:25][GAME: 00:51.53] Track assistance: angle=151.937805, cur=358.000000, diff=153.937805, control=1.500000
[SYS: 2024-11-12 16:54:25][GAME: 00:51.53] Steering LEFT with control 2.000000
[SYS: 2024-11-12 16:54:25][GAME: 00:51.55] Track assistance: angle=151.937531, cur=358.000000, diff=153.937531, control=1.500000
[SYS: 2024-11-12 16:54:25][GAME: 00:51.55] Steering LEFT with control 2.000000
[SYS: 2024-11-12 16:54:25][GAME: 00:51.56] Track assistance: angle=151.937302, cur=358.000000, diff=153.937302, control=1.500000
[SYS: 2024-11-12 16:54:25][GAME: 00:51.56] Steering LEFT with control 2.000000
[SYS: 2024-11-12 16:54:25][GAME: 00:51.58] Track assistance: angle=151.937134, cur=358.000000, diff=153.937134, control=1.500000
[SYS: 2024-11-12 16:54:25][GAME: 00:51.58] Steering LEFT with control 2.000000
[SYS: 2024-11-12 16:54:25][GAME: 00:51.60] Track assistance: angle=151.938171, cur=358.000000, diff=153.938171, control=1.500000
[SYS: 2024-11-12 16:54:25][GAME: 00:51.60] Steering LEFT with control 2.000000
[SYS: 2024-11-12 16:54:25][GAME: 00:51.61] Track assistance: angle=151.938171, cur=358.000000, diff=153.938171, control=1.500000
[SYS: 2024-11-12 16:54:25][GAME: 00:51.61] Steering LEFT with control 2.000000
[SYS: 2024-11-12 16:54:25][GAME: 00:51.63] Track assistance: angle=151.937210, cur=358.000000, diff=153.937210, control=1.500000
[SYS: 2024-11-12 16:54:25][GAME: 00:51.63] Steering LEFT with control 2.000000
[SYS: 2024-11-12 16:54:25][GAME: 00:51.64] Track assistance: angle=151.936722, cur=358.000000, diff=153.936722, control=1.500000
[SYS: 2024-11-12 16:54:25][GAME: 00:51.64] Steering LEFT with control 2.000000
[SYS: 2024-11-12 16:54:25][GAME: 00:51.66] Track assistance: angle=151.936600, cur=358.000000, diff=153.936600, control=1.500000
[SYS: 2024-11-12 16:54:25][GAME: 00:51.66] Steering LEFT with control 2.000000
[SYS: 2024-11-12 16:54:25][GAME: 00:51.68] Track assistance: angle=151.936523, cur=358.000000, diff=153.936523, control=1.500000
[SYS: 2024-11-12 16:54:25][GAME: 00:51.68] Steering LEFT with control 2.000000
[SYS: 2024-11-12 16:54:25][GAME: 00:51.69] Track assistance: angle=151.937607, cur=358.000000, diff=153.937607, control=1.500000
[SYS: 2024-11-12 16:54:25][GAME: 00:51.69] Steering LEFT with control 2.000000
[SYS: 2024-11-12 16:54:25][GAME: 00:51.71] Track assistance: angle=151.937607, cur=358.000000, diff=153.937607, control=1.500000
[SYS: 2024-11-12 16:54:25][GAME: 00:51.71] Steering LEFT with control 2.000000
[SYS: 2024-11-12 16:54:25][GAME: 00:51.72] Track assistance: angle=151.936722, cur=358.000000, diff=153.936722, control=1.500000
[SYS: 2024-11-12 16:54:25][GAME: 00:51.72] Steering LEFT with control 2.000000
[SYS: 2024-11-12 16:54:25][GAME: 00:51.74] Track assistance: angle=151.936310, cur=358.000000, diff=153.936310, control=1.500000
[SYS: 2024-11-12 16:54:25][GAME: 00:51.74] Steering LEFT with control 2.000000
[SYS: 2024-11-12 16:54:25][GAME: 00:51.76] Track assistance: angle=151.936234, cur=358.000000, diff=153.936234, control=1.500000
[SYS: 2024-11-12 16:54:25][GAME: 00:51.76] Steering LEFT with control 2.000000
[SYS: 2024-11-12 16:54:25][GAME: 00:51.77] Track assistance: angle=151.936127, cur=358.000000, diff=153.936127, control=1.500000
[SYS: 2024-11-12 16:54:25][GAME: 00:51.77] Steering LEFT with control 2.000000
[SYS: 2024-11-12 16:54:25][GAME: 00:51.79] Track assistance: angle=151.937134, cur=358.000000, diff=153.937134, control=1.500000
[SYS: 2024-11-12 16:54:25][GAME: 00:51.79] Steering LEFT with control 2.000000
[SYS: 2024-11-12 16:54:26][GAME: 00:51.80] Track assistance: angle=151.937134, cur=358.000000, diff=153.937134, control=1.500000
[SYS: 2024-11-12 16:54:26][GAME: 00:51.80] Steering LEFT with control 2.000000
[SYS: 2024-11-12 16:54:26][GAME: 00:51.82] Track assistance: angle=151.936295, cur=358.000000, diff=153.936295, control=1.500000
[SYS: 2024-11-12 16:54:26][GAME: 00:51.82] Steering LEFT with control 2.000000
[SYS: 2024-11-12 16:54:26][GAME: 00:51.84] Track assistance: angle=151.935913, cur=358.000000, diff=153.935913, control=1.500000
[SYS: 2024-11-12 16:54:26][GAME: 00:51.84] Steering LEFT with control 2.000000
[SYS: 2024-11-12 16:54:26][GAME: 00:51.85] Track assistance: angle=151.935852, cur=358.000000, diff=153.935852, control=1.500000
[SYS: 2024-11-12 16:54:26][GAME: 00:51.85] Steering LEFT with control 2.000000
[SYS: 2024-11-12 16:54:26][GAME: 00:51.87] Track assistance: angle=151.935822, cur=358.000000, diff=153.935822, control=1.500000
[SYS: 2024-11-12 16:54:26][GAME: 00:51.87] Steering LEFT with control 2.000000
[SYS: 2024-11-12 16:54:26][GAME: 00:51.88] Track assistance: angle=151.936844, cur=358.000000, diff=153.936844, control=1.500000
[SYS: 2024-11-12 16:54:26][GAME: 00:51.88] Steering LEFT with control 2.000000
[SYS: 2024-11-12 16:54:26][GAME: 00:51.90] Track assistance: angle=151.936844, cur=358.000000, diff=153.936844, control=1.500000
[SYS: 2024-11-12 16:54:26][GAME: 00:51.90] Steering LEFT with control 2.000000
