[SYS: 2024-11-12 16:44:30][GAME: 00:13.44] Track assistance: angle=-16.523787, cur=343.000000, diff=0.476227, control=0.023811
[SYS: 2024-11-12 16:44:30][GAME: 00:13.45] Track assistance: angle=-16.316305, cur=345.000000, diff=-1.316315, control=0.077721
[SYS: 2024-11-12 16:44:40][GAME: 00:22.91] Track assistance: angle=176.146576, cur=179.000000, diff=-2.853424, control=0.109763
[SYS: 2024-11-12 16:44:40][GAME: 00:22.92] Track assistance: angle=176.116928, cur=179.000000, diff=-2.883072, control=0.072818
[SYS: 2024-11-12 16:44:40][GAME: 00:22.94] Track assistance: angle=176.087372, cur=179.000000, diff=-2.912628, control=0.073555
[SYS: 2024-11-12 16:44:40][GAME: 00:22.96] Track assistance: angle=176.057831, cur=179.000000, diff=-2.942169, control=0.074293
[SYS: 2024-11-12 16:44:40][GAME: 00:22.97] Track assistance: angle=176.028244, cur=180.000000, diff=-3.971756, control=0.125034
[SYS: 2024-11-12 16:44:40][GAME: 00:22.97] Steering RIGHT with control 0.625034
[SYS: 2024-11-12 16:44:40][GAME: 00:22.99] Track assistance: angle=175.998535, cur=180.000000, diff=-4.001465, control=0.100779
[SYS: 2024-11-12 16:44:40][GAME: 00:22.99] Steering RIGHT with control 0.600779
[SYS: 2024-11-12 16:44:40][GAME: 00:23.00] Track assistance: angle=175.968689, cur=180.000000, diff=-4.031311, control=0.101529
[SYS: 2024-11-12 16:44:40][GAME: 00:23.00] Steering RIGHT with control 0.601529
[SYS: 2024-11-12 16:44:40][GAME: 00:23.02] Track assistance: angle=175.939911, cur=180.000000, diff=-4.060089, control=0.102222
[SYS: 2024-11-12 16:44:40][GAME: 00:23.02] Steering RIGHT with control 0.602222
[SYS: 2024-11-12 16:44:40][GAME: 00:23.04] Track assistance: angle=175.912155, cur=180.000000, diff=-4.087845, control=0.102890
[SYS: 2024-11-12 16:44:40][GAME: 00:23.04] Steering RIGHT with control 0.602890
[SYS: 2024-11-12 16:44:40][GAME: 00:23.05] Track assistance: angle=175.885406, cur=179.000000, diff=-3.114594, control=0.053534
[SYS: 2024-11-12 16:44:40][GAME: 00:23.05] Steering RIGHT with control 0.553534
[SYS: 2024-11-12 16:44:40][GAME: 00:23.07] Track assistance: angle=175.859711, cur=179.000000, diff=-3.140289, control=0.079150
[SYS: 2024-11-12 16:44:40][GAME: 00:23.07] Steering RIGHT with control 0.579150
[SYS: 2024-11-12 16:44:40][GAME: 00:23.08] Track assistance: angle=175.835205, cur=178.000000, diff=-2.164795, control=0.029733
[SYS: 2024-11-12 16:44:40][GAME: 00:23.10] Track assistance: angle=175.811829, cur=178.000000, diff=-2.188171, control=0.055289
[SYS: 2024-11-12 16:44:41][GAME: 00:23.12] Track assistance: angle=175.789780, cur=177.000000, diff=-1.210220, control=0.005807
[SYS: 2024-11-12 16:44:41][GAME: 00:23.13] Track assistance: angle=175.769241, cur=176.000000, diff=-0.230759, control=0.018718
[SYS: 2024-11-12 16:44:41][GAME: 00:23.15] Track assistance: angle=175.750443, cur=175.000000, diff=0.750443, control=0.043291
[SYS: 2024-11-12 16:44:41][GAME: 00:23.16] Track assistance: angle=175.733566, cur=174.000000, diff=1.733566, control=0.067917
[SYS: 2024-11-12 16:44:41][GAME: 00:23.18] Track assistance: angle=175.718918, cur=173.000000, diff=2.718918, control=0.092607
[SYS: 2024-11-12 16:44:41][GAME: 00:23.20] Track assistance: angle=175.706696, cur=172.000000, diff=3.706696, control=0.117362
[SYS: 2024-11-12 16:44:41][GAME: 00:23.20] Steering LEFT with control 0.617362
[SYS: 2024-11-12 16:44:41][GAME: 00:23.21] Track assistance: angle=175.697235, cur=171.000000, diff=4.697235, control=0.142194
[SYS: 2024-11-12 16:44:41][GAME: 00:23.21] Steering LEFT with control 0.642194
[SYS: 2024-11-12 16:44:41][GAME: 00:23.23] Track assistance: angle=175.690765, cur=170.000000, diff=5.690765, control=0.167107
[SYS: 2024-11-12 16:44:41][GAME: 00:23.23] Steering LEFT with control 0.667107
[SYS: 2024-11-12 16:44:42][GAME: 00:24.76] Track assistance: angle=165.857849, cur=175.000000, diff=-9.142151, control=0.599377
[SYS: 2024-11-12 16:44:42][GAME: 00:24.76] Steering RIGHT with control 1.099377
[SYS: 2024-11-12 16:44:42][GAME: 00:24.78] Track assistance: angle=165.433578, cur=175.000000, diff=-9.566422, control=0.249767
[SYS: 2024-11-12 16:44:42][GAME: 00:24.78] Steering RIGHT with control 0.749767
[SYS: 2024-11-12 16:44:42][GAME: 00:24.80] Track assistance: angle=164.996948, cur=175.000000, diff=-10.003052, control=0.260992
[SYS: 2024-11-12 16:44:42][GAME: 00:24.80] Steering RIGHT with control 0.760992
[SYS: 2024-11-12 16:44:42][GAME: 00:24.81] Track assistance: angle=164.554489, cur=175.000000, diff=-10.445511, control=0.272199
[SYS: 2024-11-12 16:44:42][GAME: 00:24.81] Steering RIGHT with control 0.772199
[SYS: 2024-11-12 16:44:42][GAME: 00:24.83] Track assistance: angle=164.103134, cur=174.000000, diff=-9.896866, control=0.233706
[SYS: 2024-11-12 16:44:42][GAME: 00:24.83] Steering RIGHT with control 0.733706
[SYS: 2024-11-12 16:44:42][GAME: 00:24.84] Track assistance: angle=163.642242, cur=174.000000, diff=-10.357758, control=0.270466
[SYS: 2024-11-12 16:44:42][GAME: 00:24.84] Steering RIGHT with control 0.770466
[SYS: 2024-11-12 16:44:42][GAME: 00:24.86] Track assistance: angle=163.171234, cur=173.000000, diff=-9.828766, control=0.232494
[SYS: 2024-11-12 16:44:42][GAME: 00:24.86] Steering RIGHT with control 0.732494
[SYS: 2024-11-12 16:44:42][GAME: 00:24.88] Track assistance: angle=162.689560, cur=172.000000, diff=-9.310440, control=0.219803
[SYS: 2024-11-12 16:44:42][GAME: 00:24.88] Steering RIGHT with control 0.719803
[SYS: 2024-11-12 16:44:42][GAME: 00:24.89] Track assistance: angle=162.196655, cur=171.000000, diff=-8.803345, control=0.207406
[SYS: 2024-11-12 16:44:42][GAME: 00:24.89] Steering RIGHT with control 0.707406
[SYS: 2024-11-12 16:44:42][GAME: 00:24.91] Track assistance: angle=161.691650, cur=170.000000, diff=-8.308350, control=0.195334
[SYS: 2024-11-12 16:44:42][GAME: 00:24.91] Steering RIGHT with control 0.695334
[SYS: 2024-11-12 16:44:42][GAME: 00:24.92] Track assistance: angle=161.174026, cur=169.000000, diff=-7.825974, control=0.183590
[SYS: 2024-11-12 16:44:42][GAME: 00:24.92] Steering RIGHT with control 0.683590
[SYS: 2024-11-12 16:44:42][GAME: 00:24.94] Track assistance: angle=160.643387, cur=168.000000, diff=-7.356613, control=0.172181
[SYS: 2024-11-12 16:44:42][GAME: 00:24.94] Steering RIGHT with control 0.672181
[SYS: 2024-11-12 16:44:42][GAME: 00:24.96] Track assistance: angle=160.099228, cur=167.000000, diff=-6.900772, control=0.161123
[SYS: 2024-11-12 16:44:42][GAME: 00:24.96] Steering RIGHT with control 0.661123
[SYS: 2024-11-12 16:44:42][GAME: 00:24.97] Track assistance: angle=159.541031, cur=166.000000, diff=-6.458969, control=0.150429
[SYS: 2024-11-12 16:44:42][GAME: 00:24.97] Steering RIGHT with control 0.650429
[SYS: 2024-11-12 16:44:42][GAME: 00:24.99] Track assistance: angle=158.968369, cur=164.000000, diff=-5.031631, control=0.090107
[SYS: 2024-11-12 16:44:42][GAME: 00:24.99] Steering RIGHT with control 0.590107
[SYS: 2024-11-12 16:44:42][GAME: 00:25.00] Track assistance: angle=158.380066, cur=163.000000, diff=-4.619934, control=0.105206
[SYS: 2024-11-12 16:44:42][GAME: 00:25.00] Steering RIGHT with control 0.605206
[SYS: 2024-11-12 16:44:42][GAME: 00:25.02] Track assistance: angle=157.775345, cur=162.000000, diff=-4.224655, control=0.095734
[SYS: 2024-11-12 16:44:42][GAME: 00:25.02] Steering RIGHT with control 0.595734
[SYS: 2024-11-12 16:44:43][GAME: 00:25.04] Track assistance: angle=157.152878, cur=160.000000, diff=-2.847122, control=0.036740
[SYS: 2024-11-12 16:44:43][GAME: 00:25.05] Track assistance: angle=156.512283, cur=159.000000, diff=-2.487717, control=0.053208
[SYS: 2024-11-12 16:44:46][GAME: 00:28.22] Track assistance: angle=-16.880299, cur=343.000000, diff=0.119690, control=0.068177
[SYS: 2024-11-12 16:44:46][GAME: 00:28.24] Track assistance: angle=-16.824837, cur=343.000000, diff=0.175171, control=0.005766
[SYS: 2024-11-12 16:44:46][GAME: 00:28.25] Track assistance: angle=-16.771809, cur=343.000000, diff=0.228180, control=0.007030
[SYS: 2024-11-12 16:44:47][GAME: 00:29.60] Track assistance: angle=23.105148, cur=10.000000, diff=13.105148, control=0.649553
[SYS: 2024-11-12 16:44:47][GAME: 00:29.60] Steering LEFT with control 1.149553
[SYS: 2024-11-12 16:44:47][GAME: 00:29.61] Track assistance: angle=23.930738, cur=13.000000, diff=10.930738, control=0.218908
[SYS: 2024-11-12 16:44:47][GAME: 00:29.61] Steering LEFT with control 0.718908
[SYS: 2024-11-12 16:44:47][GAME: 00:29.63] Track assistance: angle=24.750990, cur=15.000000, diff=9.750990, control=0.214281
[SYS: 2024-11-12 16:44:47][GAME: 00:29.63] Steering LEFT with control 0.714281
[SYS: 2024-11-12 16:44:47][GAME: 00:29.64] Track assistance: angle=25.562054, cur=17.000000, diff=8.562054, control=0.184328
[SYS: 2024-11-12 16:44:47][GAME: 00:29.64] Steering LEFT with control 0.684328
[SYS: 2024-11-12 16:44:47][GAME: 00:29.66] Track assistance: angle=26.365885, cur=20.000000, diff=6.365885, control=0.104243
[SYS: 2024-11-12 16:44:47][GAME: 00:29.66] Steering LEFT with control 0.604243
[SYS: 2024-11-12 16:44:47][GAME: 00:29.68] Track assistance: angle=27.160177, cur=22.000000, diff=5.160177, control=0.098862
[SYS: 2024-11-12 16:44:47][GAME: 00:29.68] Steering LEFT with control 0.598862
[SYS: 2024-11-12 16:44:47][GAME: 00:29.69] Track assistance: angle=27.942877, cur=24.000000, diff=3.942877, control=0.068139
[SYS: 2024-11-12 16:44:47][GAME: 00:29.69] Steering LEFT with control 0.568139
[SYS: 2024-11-12 16:44:47][GAME: 00:29.71] Track assistance: angle=28.712784, cur=26.000000, diff=2.712784, control=0.037067
[SYS: 2024-11-12 16:44:47][GAME: 00:29.72] Track assistance: angle=29.468607, cur=28.000000, diff=1.468607, control=0.005611
[SYS: 2024-11-12 16:44:47][GAME: 00:29.74] Track assistance: angle=30.208742, cur=30.000000, diff=0.208742, control=0.026278
[SYS: 2024-11-12 16:44:47][GAME: 00:29.76] Track assistance: angle=30.932394, cur=31.000000, diff=-0.067606, control=0.008599
[SYS: 2024-11-12 16:44:47][GAME: 00:29.77] Track assistance: angle=31.638716, cur=33.000000, diff=-1.361284, control=0.066374
[SYS: 2024-11-12 16:44:47][GAME: 00:29.79] Track assistance: angle=32.327221, cur=34.000000, diff=-1.672779, control=0.049607
[SYS: 2024-11-12 16:44:47][GAME: 00:29.80] Track assistance: angle=32.997356, cur=36.000000, diff=-3.002644, control=0.108313
[SYS: 2024-11-12 16:44:47][GAME: 00:29.80] Steering RIGHT with control 0.608313
[SYS: 2024-11-12 16:44:47][GAME: 00:29.82] Track assistance: angle=33.648418, cur=37.000000, diff=-3.351582, control=0.092513
[SYS: 2024-11-12 16:44:47][GAME: 00:29.82] Steering RIGHT with control 0.592513
[SYS: 2024-11-12 16:45:08][GAME: 00:49.32] Track assistance: angle=144.654175, cur=151.000000, diff=-6.345825, control=0.233502
[SYS: 2024-11-12 16:45:08][GAME: 00:49.32] Steering RIGHT with control 0.733502
[SYS: 2024-11-12 16:45:08][GAME: 00:49.34] Track assistance: angle=144.605865, cur=151.000000, diff=-6.394135, control=0.161061
[SYS: 2024-11-12 16:45:08][GAME: 00:49.34] Steering RIGHT with control 0.661061
[SYS: 2024-11-12 16:45:08][GAME: 00:49.36] Track assistance: angle=144.553253, cur=151.000000, diff=-6.446747, control=0.162484
[SYS: 2024-11-12 16:45:08][GAME: 00:49.36] Steering RIGHT with control 0.662484
[SYS: 2024-11-12 16:45:08][GAME: 00:49.37] Track assistance: angle=144.500931, cur=151.000000, diff=-6.499069, control=0.163785
[SYS: 2024-11-12 16:45:08][GAME: 00:49.37] Steering RIGHT with control 0.663785
[SYS: 2024-11-12 16:45:08][GAME: 00:49.39] Track assistance: angle=144.448120, cur=151.000000, diff=-6.551880, control=0.165117
[SYS: 2024-11-12 16:45:08][GAME: 00:49.39] Steering RIGHT with control 0.665117
[SYS: 2024-11-12 16:45:08][GAME: 00:49.40] Track assistance: angle=144.395050, cur=150.000000, diff=-5.604950, control=0.116451
[SYS: 2024-11-12 16:45:08][GAME: 00:49.40] Steering RIGHT with control 0.616450
[SYS: 2024-11-12 16:45:08][GAME: 00:49.42] Track assistance: angle=144.341995, cur=150.000000, diff=-5.658005, control=0.142776
[SYS: 2024-11-12 16:45:08][GAME: 00:49.42] Steering RIGHT with control 0.642776
[SYS: 2024-11-12 16:45:08][GAME: 00:49.44] Track assistance: angle=144.289383, cur=149.000000, diff=-4.710617, control=0.094081
[SYS: 2024-11-12 16:45:08][GAME: 00:49.44] Steering RIGHT with control 0.594081
[SYS: 2024-11-12 16:45:08][GAME: 00:49.45] Track assistance: angle=144.052429, cur=148.000000, diff=-3.947571, control=0.079613
[SYS: 2024-11-12 16:45:08][GAME: 00:49.45] Steering RIGHT with control 0.579613
[SYS: 2024-11-12 16:45:08][GAME: 00:49.47] Track assistance: angle=143.894333, cur=145.000000, diff=-1.105667, control=0.043406
[SYS: 2024-11-12 16:45:08][GAME: 00:49.48] Track assistance: angle=143.770493, cur=143.000000, diff=0.770493, control=0.066166
[SYS: 2024-11-12 16:45:08][GAME: 00:49.50] Track assistance: angle=143.659943, cur=140.000000, diff=3.659943, control=0.163735
[SYS: 2024-11-12 16:45:08][GAME: 00:49.50] Steering LEFT with control 0.663735
[SYS: 2024-11-12 16:45:08][GAME: 00:49.52] Track assistance: angle=143.558807, cur=137.000000, diff=6.558807, control=0.236442
[SYS: 2024-11-12 16:45:08][GAME: 00:49.52] Steering LEFT with control 0.736442
[SYS: 2024-11-12 16:45:08][GAME: 00:49.53] Track assistance: angle=143.464325, cur=134.000000, diff=9.464325, control=0.309246
[SYS: 2024-11-12 16:45:08][GAME: 00:49.53] Steering LEFT with control 0.809246
[SYS: 2024-11-12 16:45:08][GAME: 00:49.55] Track assistance: angle=143.375031, cur=131.000000, diff=12.375031, control=0.382143
[SYS: 2024-11-12 16:45:08][GAME: 00:49.55] Steering LEFT with control 0.882143
[SYS: 2024-11-12 16:45:08][GAME: 00:49.56] Track assistance: angle=143.290359, cur=128.000000, diff=15.290359, control=0.455142
[SYS: 2024-11-12 16:45:08][GAME: 00:49.56] Steering LEFT with control 0.955142
[SYS: 2024-11-12 16:45:08][GAME: 00:49.58] Track assistance: angle=143.210602, cur=125.000000, diff=18.210602, control=0.528271
[SYS: 2024-11-12 16:45:08][GAME: 00:49.58] Steering LEFT with control 1.028271
[SYS: 2024-11-12 16:45:08][GAME: 00:49.60] Track assistance: angle=143.125824, cur=122.000000, diff=21.125824, control=0.601026
[SYS: 2024-11-12 16:45:08][GAME: 00:49.60] Steering LEFT with control 1.101026
[SYS: 2024-11-12 16:45:08][GAME: 00:49.61] Track assistance: angle=143.044952, cur=120.000000, diff=23.044952, control=0.624102
[SYS: 2024-11-12 16:45:08][GAME: 00:49.61] Steering LEFT with control 1.124102
[SYS: 2024-11-12 16:45:08][GAME: 00:49.63] Track assistance: angle=142.969604, cur=117.000000, diff=25.969604, control=0.722356
[SYS: 2024-11-12 16:45:08][GAME: 00:49.63] Steering LEFT with control 1.222356
[SYS: 2024-11-12 16:45:08][GAME: 00:49.64] Track assistance: angle=142.899139, cur=115.000000, diff=27.899139, control=0.745717
[SYS: 2024-11-12 16:45:08][GAME: 00:49.64] Steering LEFT with control 1.245717
[SYS: 2024-11-12 16:45:08][GAME: 00:49.66] Track assistance: angle=142.851440, cur=113.000000, diff=29.851440, control=0.795094
[SYS: 2024-11-12 16:45:08][GAME: 00:49.66] Steering LEFT with control 1.295094
[SYS: 2024-11-12 16:45:08][GAME: 00:49.68] Track assistance: angle=142.825470, cur=113.000000, diff=29.825470, control=0.744987
[SYS: 2024-11-12 16:45:08][GAME: 00:49.68] Steering LEFT with control 1.244987
[SYS: 2024-11-12 16:45:08][GAME: 00:49.69] Track assistance: angle=142.808990, cur=112.000000, diff=30.808990, control=0.794813
[SYS: 2024-11-12 16:45:08][GAME: 00:49.69] Steering LEFT with control 1.294813
[SYS: 2024-11-12 16:45:08][GAME: 00:49.71] Track assistance: angle=142.797241, cur=112.000000, diff=30.797241, control=0.769637
[SYS: 2024-11-12 16:45:08][GAME: 00:49.71] Steering LEFT with control 1.269637
[SYS: 2024-11-12 16:45:08][GAME: 00:49.72] Track assistance: angle=142.787827, cur=112.000000, diff=30.787827, control=0.769460
[SYS: 2024-11-12 16:45:08][GAME: 00:49.72] Steering LEFT with control 1.269460
[SYS: 2024-11-12 16:45:08][GAME: 00:49.74] Track assistance: angle=142.779739, cur=112.000000, diff=30.779739, control=0.769291
[SYS: 2024-11-12 16:45:08][GAME: 00:49.74] Steering LEFT with control 1.269291
[SYS: 2024-11-12 16:45:08][GAME: 00:49.76] Track assistance: angle=142.772385, cur=112.000000, diff=30.772385, control=0.769126
[SYS: 2024-11-12 16:45:08][GAME: 00:49.76] Steering LEFT with control 1.269126
[SYS: 2024-11-12 16:45:08][GAME: 00:49.77] Track assistance: angle=142.765442, cur=112.000000, diff=30.765442, control=0.768963
[SYS: 2024-11-12 16:45:08][GAME: 00:49.77] Steering LEFT with control 1.268963
[SYS: 2024-11-12 16:45:08][GAME: 00:49.79] Track assistance: angle=142.758957, cur=112.000000, diff=30.758957, control=0.768812
[SYS: 2024-11-12 16:45:08][GAME: 00:49.79] Steering LEFT with control 1.268812
[SYS: 2024-11-12 16:45:08][GAME: 00:49.80] Track assistance: angle=142.752609, cur=112.000000, diff=30.752609, control=0.768657
[SYS: 2024-11-12 16:45:08][GAME: 00:49.80] Steering LEFT with control 1.268656
[SYS: 2024-11-12 16:45:08][GAME: 00:49.82] Track assistance: angle=142.746353, cur=112.000000, diff=30.746353, control=0.768502
[SYS: 2024-11-12 16:45:08][GAME: 00:49.82] Steering LEFT with control 1.268502
[SYS: 2024-11-12 16:45:08][GAME: 00:49.84] Track assistance: angle=142.740311, cur=112.000000, diff=30.740311, control=0.768357
[SYS: 2024-11-12 16:45:08][GAME: 00:49.84] Steering LEFT with control 1.268357
[SYS: 2024-11-12 16:45:08][GAME: 00:49.85] Track assistance: angle=142.734421, cur=111.000000, diff=31.734421, control=0.818213
[SYS: 2024-11-12 16:45:08][GAME: 00:49.85] Steering LEFT with control 1.318213
[SYS: 2024-11-12 16:45:08][GAME: 00:49.87] Track assistance: angle=142.728607, cur=111.000000, diff=31.728607, control=0.793070
[SYS: 2024-11-12 16:45:08][GAME: 00:49.87] Steering LEFT with control 1.293070
[SYS: 2024-11-12 16:45:08][GAME: 00:49.88] Track assistance: angle=142.722931, cur=111.000000, diff=31.722931, control=0.792931
[SYS: 2024-11-12 16:45:08][GAME: 00:49.88] Steering LEFT with control 1.292931
[SYS: 2024-11-12 16:45:08][GAME: 00:49.90] Track assistance: angle=142.717316, cur=111.000000, diff=31.717316, control=0.792793
[SYS: 2024-11-12 16:45:08][GAME: 00:49.90] Steering LEFT with control 1.292793
[SYS: 2024-11-12 16:45:08][GAME: 00:49.92] Track assistance: angle=142.711792, cur=111.000000, diff=31.711792, control=0.792657
[SYS: 2024-11-12 16:45:08][GAME: 00:49.92] Steering LEFT with control 1.292657
[SYS: 2024-11-12 16:45:08][GAME: 00:49.93] Track assistance: angle=142.706314, cur=111.000000, diff=31.706314, control=0.792521
[SYS: 2024-11-12 16:45:08][GAME: 00:49.93] Steering LEFT with control 1.292521
[SYS: 2024-11-12 16:45:08][GAME: 00:49.95] Track assistance: angle=142.700928, cur=111.000000, diff=31.700928, control=0.792389
[SYS: 2024-11-12 16:45:08][GAME: 00:49.95] Steering LEFT with control 1.292389
[SYS: 2024-11-12 16:45:08][GAME: 00:49.96] Track assistance: angle=142.695694, cur=111.000000, diff=31.695694, control=0.792262
[SYS: 2024-11-12 16:45:08][GAME: 00:49.96] Steering LEFT with control 1.292262
[SYS: 2024-11-12 16:45:09][GAME: 00:49.98] Track assistance: angle=142.690460, cur=111.000000, diff=31.690460, control=0.792131
[SYS: 2024-11-12 16:45:09][GAME: 00:49.98] Steering LEFT with control 1.292131
[SYS: 2024-11-12 16:45:09][GAME: 00:50.00] Track assistance: angle=142.685394, cur=111.000000, diff=31.685394, control=0.792008
[SYS: 2024-11-12 16:45:09][GAME: 00:50.00] Steering LEFT with control 1.292008
[SYS: 2024-11-12 16:45:09][GAME: 00:50.01] Track assistance: angle=142.680450, cur=111.000000, diff=31.680450, control=0.791888
[SYS: 2024-11-12 16:45:09][GAME: 00:50.01] Steering LEFT with control 1.291888
[SYS: 2024-11-12 16:45:09][GAME: 00:50.03] Track assistance: angle=142.675552, cur=111.000000, diff=31.675552, control=0.791766
[SYS: 2024-11-12 16:45:09][GAME: 00:50.03] Steering LEFT with control 1.291766
[SYS: 2024-11-12 16:45:09][GAME: 00:50.04] Track assistance: angle=142.670700, cur=111.000000, diff=31.670700, control=0.791646
[SYS: 2024-11-12 16:45:09][GAME: 00:50.04] Steering LEFT with control 1.291646
[SYS: 2024-11-12 16:45:09][GAME: 00:50.06] Track assistance: angle=142.665970, cur=110.000000, diff=32.665970, control=0.841531
[SYS: 2024-11-12 16:45:09][GAME: 00:50.06] Steering LEFT with control 1.341531
[SYS: 2024-11-12 16:45:09][GAME: 00:50.08] Track assistance: angle=142.661346, cur=110.000000, diff=32.661346, control=0.816418
[SYS: 2024-11-12 16:45:09][GAME: 00:50.08] Steering LEFT with control 1.316418
[SYS: 2024-11-12 16:45:09][GAME: 00:50.09] Track assistance: angle=142.656754, cur=110.000000, diff=32.656754, control=0.816304
[SYS: 2024-11-12 16:45:09][GAME: 00:50.09] Steering LEFT with control 1.316304
[SYS: 2024-11-12 16:45:09][GAME: 00:50.11] Track assistance: angle=142.652344, cur=110.000000, diff=32.652344, control=0.816198
[SYS: 2024-11-12 16:45:09][GAME: 00:50.11] Steering LEFT with control 1.316198
[SYS: 2024-11-12 16:45:09][GAME: 00:50.12] Track assistance: angle=142.647964, cur=110.000000, diff=32.647964, control=0.816090
[SYS: 2024-11-12 16:45:09][GAME: 00:50.12] Steering LEFT with control 1.316090
[SYS: 2024-11-12 16:45:09][GAME: 00:50.14] Track assistance: angle=142.643600, cur=110.000000, diff=32.643600, control=0.815981
[SYS: 2024-11-12 16:45:09][GAME: 00:50.14] Steering LEFT with control 1.315981
[SYS: 2024-11-12 16:45:09][GAME: 00:50.16] Track assistance: angle=142.639343, cur=110.000000, diff=32.639343, control=0.815877
[SYS: 2024-11-12 16:45:09][GAME: 00:50.16] Steering LEFT with control 1.315877
[SYS: 2024-11-12 16:45:09][GAME: 00:50.17] Track assistance: angle=142.635132, cur=110.000000, diff=32.635132, control=0.815773
[SYS: 2024-11-12 16:45:09][GAME: 00:50.17] Steering LEFT with control 1.315773
[SYS: 2024-11-12 16:45:09][GAME: 00:50.19] Track assistance: angle=142.631058, cur=110.000000, diff=32.631058, control=0.815675
[SYS: 2024-11-12 16:45:09][GAME: 00:50.19] Steering LEFT with control 1.315675
[SYS: 2024-11-12 16:45:09][GAME: 00:50.20] Track assistance: angle=142.627075, cur=110.000000, diff=32.627075, control=0.815577
[SYS: 2024-11-12 16:45:09][GAME: 00:50.20] Steering LEFT with control 1.315577
[SYS: 2024-11-12 16:45:09][GAME: 00:50.22] Track assistance: angle=142.623062, cur=110.000000, diff=32.623062, control=0.815476
[SYS: 2024-11-12 16:45:09][GAME: 00:50.22] Steering LEFT with control 1.315476
[SYS: 2024-11-12 16:45:09][GAME: 00:50.24] Track assistance: angle=142.619095, cur=110.000000, diff=32.619095, control=0.815378
[SYS: 2024-11-12 16:45:09][GAME: 00:50.24] Steering LEFT with control 1.315378
[SYS: 2024-11-12 16:45:09][GAME: 00:50.25] Track assistance: angle=142.615295, cur=110.000000, diff=32.615295, control=0.815287
[SYS: 2024-11-12 16:45:09][GAME: 00:50.25] Steering LEFT with control 1.315287
[SYS: 2024-11-12 16:45:09][GAME: 00:50.27] Track assistance: angle=142.611572, cur=110.000000, diff=32.611572, control=0.815196
[SYS: 2024-11-12 16:45:09][GAME: 00:50.27] Steering LEFT with control 1.315196
[SYS: 2024-11-12 16:45:09][GAME: 00:50.28] Track assistance: angle=142.607864, cur=110.000000, diff=32.607864, control=0.815104
[SYS: 2024-11-12 16:45:09][GAME: 00:50.28] Steering LEFT with control 1.315104
[SYS: 2024-11-12 16:45:09][GAME: 00:50.30] Track assistance: angle=142.604294, cur=110.000000, diff=32.604294, control=0.815018
[SYS: 2024-11-12 16:45:09][GAME: 00:50.30] Steering LEFT with control 1.315018
[SYS: 2024-11-12 16:45:09][GAME: 00:50.32] Track assistance: angle=142.600723, cur=110.000000, diff=32.600723, control=0.814929
[SYS: 2024-11-12 16:45:09][GAME: 00:50.32] Steering LEFT with control 1.314929
[SYS: 2024-11-12 16:45:09][GAME: 00:50.33] Track assistance: angle=142.597229, cur=110.000000, diff=32.597229, control=0.814843
[SYS: 2024-11-12 16:45:09][GAME: 00:50.33] Steering LEFT with control 1.314843
[SYS: 2024-11-12 16:45:09][GAME: 00:50.35] Track assistance: angle=142.593765, cur=110.000000, diff=32.593765, control=0.814758
[SYS: 2024-11-12 16:45:09][GAME: 00:50.35] Steering LEFT with control 1.314758
[SYS: 2024-11-12 16:45:09][GAME: 00:50.36] Track assistance: angle=142.590378, cur=109.000000, diff=33.590378, control=0.864675
[SYS: 2024-11-12 16:45:09][GAME: 00:50.36] Steering LEFT with control 1.364675
[SYS: 2024-11-12 16:45:09][GAME: 00:50.38] Track assistance: angle=142.587097, cur=109.000000, diff=33.587097, control=0.839595
[SYS: 2024-11-12 16:45:09][GAME: 00:50.38] Steering LEFT with control 1.339595
[SYS: 2024-11-12 16:45:09][GAME: 00:50.40] Track assistance: angle=142.583847, cur=109.000000, diff=33.583847, control=0.839515
[SYS: 2024-11-12 16:45:09][GAME: 00:50.40] Steering LEFT with control 1.339515
[SYS: 2024-11-12 16:45:09][GAME: 00:50.41] Track assistance: angle=142.580719, cur=109.000000, diff=33.580719, control=0.839440
[SYS: 2024-11-12 16:45:09][GAME: 00:50.41] Steering LEFT with control 1.339440
[SYS: 2024-11-12 16:45:09][GAME: 00:50.43] Track assistance: angle=142.577621, cur=109.000000, diff=33.577621, control=0.839363
[SYS: 2024-11-12 16:45:09][GAME: 00:50.43] Steering LEFT with control 1.339363
[SYS: 2024-11-12 16:45:09][GAME: 00:50.44] Track assistance: angle=142.574631, cur=109.000000, diff=33.574631, control=0.839291
[SYS: 2024-11-12 16:45:09][GAME: 00:50.44] Steering LEFT with control 1.339291
[SYS: 2024-11-12 16:45:09][GAME: 00:50.46] Track assistance: angle=142.571671, cur=109.000000, diff=33.571671, control=0.839218
[SYS: 2024-11-12 16:45:09][GAME: 00:50.46] Steering LEFT with control 1.339218
[SYS: 2024-11-12 16:45:09][GAME: 00:50.48] Track assistance: angle=142.568802, cur=109.000000, diff=33.568802, control=0.839148
[SYS: 2024-11-12 16:45:09][GAME: 00:50.48] Steering LEFT with control 1.339148
[SYS: 2024-11-12 16:45:09][GAME: 00:50.49] Track assistance: angle=142.565964, cur=109.000000, diff=33.565964, control=0.839078
[SYS: 2024-11-12 16:45:09][GAME: 00:50.49] Steering LEFT with control 1.339078
[SYS: 2024-11-12 16:45:09][GAME: 00:50.51] Track assistance: angle=142.563126, cur=109.000000, diff=33.563126, control=0.839007
[SYS: 2024-11-12 16:45:09][GAME: 00:50.51] Steering LEFT with control 1.339007
[SYS: 2024-11-12 16:45:09][GAME: 00:50.52] Track assistance: angle=142.560440, cur=109.000000, diff=33.560440, control=0.838944
[SYS: 2024-11-12 16:45:09][GAME: 00:50.52] Steering LEFT with control 1.338944
[SYS: 2024-11-12 16:45:09][GAME: 00:50.54] Track assistance: angle=142.557755, cur=109.000000, diff=33.557755, control=0.838877
[SYS: 2024-11-12 16:45:09][GAME: 00:50.54] Steering LEFT with control 1.338877
[SYS: 2024-11-12 16:45:09][GAME: 00:50.56] Track assistance: angle=142.555084, cur=109.000000, diff=33.555084, control=0.838810
[SYS: 2024-11-12 16:45:09][GAME: 00:50.56] Steering LEFT with control 1.338810
[SYS: 2024-11-12 16:45:09][GAME: 00:50.57] Track assistance: angle=142.552551, cur=109.000000, diff=33.552551, control=0.838750
[SYS: 2024-11-12 16:45:09][GAME: 00:50.57] Steering LEFT with control 1.338750
[SYS: 2024-11-12 16:45:09][GAME: 00:50.59] Track assistance: angle=142.550003, cur=109.000000, diff=33.550003, control=0.838686
[SYS: 2024-11-12 16:45:09][GAME: 00:50.59] Steering LEFT with control 1.338686
[SYS: 2024-11-12 16:45:09][GAME: 00:50.60] Track assistance: angle=142.547562, cur=109.000000, diff=33.547562, control=0.838628
[SYS: 2024-11-12 16:45:09][GAME: 00:50.60] Steering LEFT with control 1.338628
[SYS: 2024-11-12 16:45:09][GAME: 00:50.62] Track assistance: angle=142.545120, cur=109.000000, diff=33.545120, control=0.838567
[SYS: 2024-11-12 16:45:09][GAME: 00:50.62] Steering LEFT with control 1.338567
[SYS: 2024-11-12 16:45:09][GAME: 00:50.64] Track assistance: angle=142.542679, cur=109.000000, diff=33.542679, control=0.838506
[SYS: 2024-11-12 16:45:09][GAME: 00:50.64] Steering LEFT with control 1.338506
[SYS: 2024-11-12 16:45:09][GAME: 00:50.65] Track assistance: angle=142.540359, cur=109.000000, diff=33.540359, control=0.838451
[SYS: 2024-11-12 16:45:09][GAME: 00:50.65] Steering LEFT with control 1.338451
[SYS: 2024-11-12 16:45:09][GAME: 00:50.67] Track assistance: angle=142.538055, cur=109.000000, diff=33.538055, control=0.838394
[SYS: 2024-11-12 16:45:09][GAME: 00:50.67] Steering LEFT with control 1.338394
[SYS: 2024-11-12 16:45:09][GAME: 00:50.68] Track assistance: angle=142.535736, cur=109.000000, diff=33.535736, control=0.838335
[SYS: 2024-11-12 16:45:09][GAME: 00:50.68] Steering LEFT with control 1.338335
[SYS: 2024-11-12 16:45:09][GAME: 00:50.70] Track assistance: angle=142.533539, cur=109.000000, diff=33.533539, control=0.838284
[SYS: 2024-11-12 16:45:09][GAME: 00:50.70] Steering LEFT with control 1.338284
[SYS: 2024-11-12 16:45:09][GAME: 00:50.72] Track assistance: angle=142.531403, cur=109.000000, diff=33.531403, control=0.838232
[SYS: 2024-11-12 16:45:09][GAME: 00:50.72] Steering LEFT with control 1.338232
[SYS: 2024-11-12 16:45:09][GAME: 00:50.73] Track assistance: angle=142.529251, cur=109.000000, diff=33.529251, control=0.838178
[SYS: 2024-11-12 16:45:09][GAME: 00:50.73] Steering LEFT with control 1.338177
[SYS: 2024-11-12 16:45:09][GAME: 00:50.75] Track assistance: angle=142.527191, cur=109.000000, diff=33.527191, control=0.838128
[SYS: 2024-11-12 16:45:09][GAME: 00:50.75] Steering LEFT with control 1.338128
[SYS: 2024-11-12 16:45:09][GAME: 00:50.76] Track assistance: angle=142.525162, cur=109.000000, diff=33.525162, control=0.838078
[SYS: 2024-11-12 16:45:09][GAME: 00:50.76] Steering LEFT with control 1.338078
[SYS: 2024-11-12 16:45:09][GAME: 00:50.78] Track assistance: angle=142.523087, cur=109.000000, diff=33.523087, control=0.838025
[SYS: 2024-11-12 16:45:09][GAME: 00:50.78] Steering LEFT with control 1.338025
[SYS: 2024-11-12 16:45:09][GAME: 00:50.80] Track assistance: angle=142.521088, cur=108.000000, diff=34.521088, control=0.887977
[SYS: 2024-11-12 16:45:09][GAME: 00:50.80] Steering LEFT with control 1.387977
[SYS: 2024-11-12 16:45:09][GAME: 00:50.81] Track assistance: angle=142.519180, cur=108.000000, diff=34.519180, control=0.862932
[SYS: 2024-11-12 16:45:09][GAME: 00:50.81] Steering LEFT with control 1.362932
[SYS: 2024-11-12 16:45:09][GAME: 00:50.83] Track assistance: angle=142.517258, cur=108.000000, diff=34.517258, control=0.862883
[SYS: 2024-11-12 16:45:09][GAME: 00:50.83] Steering LEFT with control 1.362883
[SYS: 2024-11-12 16:45:09][GAME: 00:50.84] Track assistance: angle=142.515381, cur=108.000000, diff=34.515381, control=0.862838
[SYS: 2024-11-12 16:45:09][GAME: 00:50.84] Steering LEFT with control 1.362838
[SYS: 2024-11-12 16:45:09][GAME: 00:50.86] Track assistance: angle=142.513535, cur=108.000000, diff=34.513535, control=0.862792
[SYS: 2024-11-12 16:45:09][GAME: 00:50.86] Steering LEFT with control 1.362792
[SYS: 2024-11-12 16:45:09][GAME: 00:50.88] Track assistance: angle=142.511780, cur=108.000000, diff=34.511780, control=0.862751
[SYS: 2024-11-12 16:45:09][GAME: 00:50.88] Steering LEFT with control 1.362751
[SYS: 2024-11-12 16:45:09][GAME: 00:50.89] Track assistance: angle=142.510010, cur=108.000000, diff=34.510010, control=0.862706
[SYS: 2024-11-12 16:45:09][GAME: 00:50.89] Steering LEFT with control 1.362706
[SYS: 2024-11-12 16:45:09][GAME: 00:50.91] Track assistance: angle=142.508255, cur=108.000000, diff=34.508255, control=0.862662
[SYS: 2024-11-12 16:45:09][GAME: 00:50.91] Steering LEFT with control 1.362663
[SYS: 2024-11-12 16:45:10][GAME: 00:50.92] Track assistance: angle=142.506561, cur=108.000000, diff=34.506561, control=0.862622
[SYS: 2024-11-12 16:45:10][GAME: 00:50.92] Steering LEFT with control 1.362622
[SYS: 2024-11-12 16:45:10][GAME: 00:50.94] Track assistance: angle=142.504913, cur=108.000000, diff=34.504913, control=0.862582
[SYS: 2024-11-12 16:45:10][GAME: 00:50.94] Steering LEFT with control 1.362582
[SYS: 2024-11-12 16:45:10][GAME: 00:50.96] Track assistance: angle=142.503326, cur=108.000000, diff=34.503326, control=0.862543
[SYS: 2024-11-12 16:45:10][GAME: 00:50.96] Steering LEFT with control 1.362543
[SYS: 2024-11-12 16:45:10][GAME: 00:50.97] Track assistance: angle=142.501770, cur=108.000000, diff=34.501770, control=0.862505
[SYS: 2024-11-12 16:45:10][GAME: 00:50.97] Steering LEFT with control 1.362505
[SYS: 2024-11-12 16:45:10][GAME: 00:50.99] Track assistance: angle=142.500214, cur=108.000000, diff=34.500214, control=0.862466
[SYS: 2024-11-12 16:45:10][GAME: 00:50.99] Steering LEFT with control 1.362466
[SYS: 2024-11-12 16:45:10][GAME: 00:51.00] Track assistance: angle=142.498703, cur=108.000000, diff=34.498703, control=0.862430
[SYS: 2024-11-12 16:45:10][GAME: 00:51.00] Steering LEFT with control 1.362430
[SYS: 2024-11-12 16:45:10][GAME: 00:51.02] Track assistance: angle=142.497192, cur=108.000000, diff=34.497192, control=0.862392
[SYS: 2024-11-12 16:45:10][GAME: 00:51.02] Steering LEFT with control 1.362392
[SYS: 2024-11-12 16:45:10][GAME: 00:51.04] Track assistance: angle=142.495682, cur=108.000000, diff=34.495682, control=0.862354
[SYS: 2024-11-12 16:45:10][GAME: 00:51.04] Steering LEFT with control 1.362354
[SYS: 2024-11-12 16:45:10][GAME: 00:51.05] Track assistance: angle=142.494186, cur=108.000000, diff=34.494186, control=0.862317
[SYS: 2024-11-12 16:45:10][GAME: 00:51.05] Steering LEFT with control 1.362317
[SYS: 2024-11-12 16:45:10][GAME: 00:51.07] Track assistance: angle=142.492752, cur=108.000000, diff=34.492752, control=0.862283
[SYS: 2024-11-12 16:45:10][GAME: 00:51.07] Steering LEFT with control 1.362283
[SYS: 2024-11-12 16:45:10][GAME: 00:51.08] Track assistance: angle=142.491364, cur=108.000000, diff=34.491364, control=0.862249
[SYS: 2024-11-12 16:45:10][GAME: 00:51.08] Steering LEFT with control 1.362249
[SYS: 2024-11-12 16:45:10][GAME: 00:51.10] Track assistance: angle=142.490036, cur=108.000000, diff=34.490036, control=0.862218
[SYS: 2024-11-12 16:45:10][GAME: 00:51.10] Steering LEFT with control 1.362218
[SYS: 2024-11-12 16:45:10][GAME: 00:51.12] Track assistance: angle=142.488724, cur=108.000000, diff=34.488724, control=0.862185
[SYS: 2024-11-12 16:45:10][GAME: 00:51.12] Steering LEFT with control 1.362185
[SYS: 2024-11-12 16:45:10][GAME: 00:51.13] Track assistance: angle=142.487396, cur=108.000000, diff=34.487396, control=0.862152
[SYS: 2024-11-12 16:45:10][GAME: 00:51.13] Steering LEFT with control 1.362152
[SYS: 2024-11-12 16:45:10][GAME: 00:51.15] Track assistance: angle=142.486084, cur=108.000000, diff=34.486084, control=0.862119
[SYS: 2024-11-12 16:45:10][GAME: 00:51.15] Steering LEFT with control 1.362119
[SYS: 2024-11-12 16:45:10][GAME: 00:51.16] Track assistance: angle=142.484818, cur=108.000000, diff=34.484818, control=0.862089
[SYS: 2024-11-12 16:45:10][GAME: 00:51.16] Steering LEFT with control 1.362089
[SYS: 2024-11-12 16:45:10][GAME: 00:51.18] Track assistance: angle=142.483627, cur=108.000000, diff=34.483627, control=0.862061
[SYS: 2024-11-12 16:45:10][GAME: 00:51.18] Steering LEFT with control 1.362061
[SYS: 2024-11-12 16:45:10][GAME: 00:51.20] Track assistance: angle=142.482407, cur=108.000000, diff=34.482407, control=0.862030
[SYS: 2024-11-12 16:45:10][GAME: 00:51.20] Steering LEFT with control 1.362030
[SYS: 2024-11-12 16:45:10][GAME: 00:51.21] Track assistance: angle=142.481201, cur=108.000000, diff=34.481201, control=0.862000
[SYS: 2024-11-12 16:45:10][GAME: 00:51.21] Steering LEFT with control 1.362000
[SYS: 2024-11-12 16:45:10][GAME: 00:51.23] Track assistance: angle=142.480026, cur=108.000000, diff=34.480026, control=0.861971
[SYS: 2024-11-12 16:45:10][GAME: 00:51.23] Steering LEFT with control 1.361971
[SYS: 2024-11-12 16:45:10][GAME: 00:51.24] Track assistance: angle=142.478851, cur=108.000000, diff=34.478851, control=0.861942
[SYS: 2024-11-12 16:45:10][GAME: 00:51.24] Steering LEFT with control 1.361942
[SYS: 2024-11-12 16:45:10][GAME: 00:51.26] Track assistance: angle=142.477722, cur=108.000000, diff=34.477722, control=0.861915
[SYS: 2024-11-12 16:45:10][GAME: 00:51.26] Steering LEFT with control 1.361915
[SYS: 2024-11-12 16:45:10][GAME: 00:51.28] Track assistance: angle=142.476624, cur=108.000000, diff=34.476624, control=0.861888
[SYS: 2024-11-12 16:45:10][GAME: 00:51.28] Steering LEFT with control 1.361888
[SYS: 2024-11-12 16:45:10][GAME: 00:51.29] Track assistance: angle=142.475632, cur=108.000000, diff=34.475632, control=0.861866
[SYS: 2024-11-12 16:45:10][GAME: 00:51.29] Steering LEFT with control 1.361866
[SYS: 2024-11-12 16:45:10][GAME: 00:51.31] Track assistance: angle=142.474564, cur=108.000000, diff=34.474564, control=0.861837
[SYS: 2024-11-12 16:45:10][GAME: 00:51.31] Steering LEFT with control 1.361837
[SYS: 2024-11-12 16:45:10][GAME: 00:51.32] Track assistance: angle=142.473526, cur=108.000000, diff=34.473526, control=0.861812
[SYS: 2024-11-12 16:45:10][GAME: 00:51.32] Steering LEFT with control 1.361812
[SYS: 2024-11-12 16:45:10][GAME: 00:51.34] Track assistance: angle=142.472504, cur=108.000000, diff=34.472504, control=0.861787
[SYS: 2024-11-12 16:45:10][GAME: 00:51.34] Steering LEFT with control 1.361787
[SYS: 2024-11-12 16:45:10][GAME: 00:51.36] Track assistance: angle=142.471466, cur=108.000000, diff=34.471466, control=0.861761
[SYS: 2024-11-12 16:45:10][GAME: 00:51.36] Steering LEFT with control 1.361761
[SYS: 2024-11-12 16:45:10][GAME: 00:51.37] Track assistance: angle=142.470474, cur=108.000000, diff=34.470474, control=0.861737
[SYS: 2024-11-12 16:45:10][GAME: 00:51.37] Steering LEFT with control 1.361737
