[SYS: 2024-11-12 16:51:11][GAME: 00:07.16] Track assistance: angle=173.042236, cur=183.000000, diff=-9.957764, control=0.497888
[SYS: 2024-11-12 16:51:11][GAME: 00:07.16] Steering RIGHT with control 0.997888
[SYS: 2024-11-12 16:51:11][GAME: 00:07.18] Track assistance: angle=172.978973, cur=182.000000, diff=-9.021027, control=0.202107
[SYS: 2024-11-12 16:51:11][GAME: 00:07.18] Steering RIGHT with control 0.702107
[SYS: 2024-11-12 16:51:11][GAME: 00:07.20] Track assistance: angle=172.916428, cur=182.000000, diff=-9.083572, control=0.228653
[SYS: 2024-11-12 16:51:11][GAME: 00:07.20] Steering RIGHT with control 0.728653
[SYS: 2024-11-12 16:51:11][GAME: 00:07.21] Track assistance: angle=172.854965, cur=181.000000, diff=-8.145035, control=0.180162
[SYS: 2024-11-12 16:51:11][GAME: 00:07.21] Steering RIGHT with control 0.680162
[SYS: 2024-11-12 16:51:11][GAME: 00:07.23] Track assistance: angle=172.794998, cur=180.000000, diff=-7.205002, control=0.156624
[SYS: 2024-11-12 16:51:11][GAME: 00:07.23] Steering RIGHT with control 0.656624
[SYS: 2024-11-12 16:51:11][GAME: 00:07.24] Track assistance: angle=172.736984, cur=179.000000, diff=-6.263016, control=0.133026
[SYS: 2024-11-12 16:51:11][GAME: 00:07.24] Steering RIGHT with control 0.633026
[SYS: 2024-11-12 16:51:11][GAME: 00:07.26] Track assistance: angle=172.681381, cur=178.000000, diff=-5.318619, control=0.109356
[SYS: 2024-11-12 16:51:11][GAME: 00:07.26] Steering RIGHT with control 0.609356
[SYS: 2024-11-12 16:51:11][GAME: 00:07.28] Track assistance: angle=172.628647, cur=177.000000, diff=-4.371353, control=0.085602
[SYS: 2024-11-12 16:51:11][GAME: 00:07.28] Steering RIGHT with control 0.585602
[SYS: 2024-11-12 16:51:11][GAME: 00:07.29] Track assistance: angle=172.579285, cur=176.000000, diff=-3.420715, control=0.061752
[SYS: 2024-11-12 16:51:11][GAME: 00:07.29] Steering RIGHT with control 0.561752
[SYS: 2024-11-12 16:51:11][GAME: 00:07.31] Track assistance: angle=172.533829, cur=174.000000, diff=-1.466171, control=0.012209
[SYS: 2024-11-12 16:51:11][GAME: 00:07.32] Track assistance: angle=172.489716, cur=173.000000, diff=-0.510284, control=0.011140
[SYS: 2024-11-12 16:51:11][GAME: 00:07.34] Track assistance: angle=172.447556, cur=172.000000, diff=0.447556, control=0.035135
[SYS: 2024-11-12 16:51:11][GAME: 00:07.36] Track assistance: angle=172.407730, cur=171.000000, diff=1.407730, control=0.059198
[SYS: 2024-11-12 16:51:11][GAME: 00:07.37] Track assistance: angle=172.370667, cur=170.000000, diff=2.370667, control=0.083340
[SYS: 2024-11-12 16:51:11][GAME: 00:07.39] Track assistance: angle=172.336594, cur=170.000000, diff=2.336594, control=0.057563
[SYS: 2024-11-12 16:51:11][GAME: 00:07.40] Track assistance: angle=172.305695, cur=169.000000, diff=3.305695, control=0.106870
[SYS: 2024-11-12 16:51:11][GAME: 00:07.40] Steering LEFT with control 0.606870
[SYS: 2024-11-12 16:51:11][GAME: 00:07.42] Track assistance: angle=172.278046, cur=168.000000, diff=4.278046, control=0.131260
[SYS: 2024-11-12 16:51:11][GAME: 00:07.42] Steering LEFT with control 0.631260
[SYS: 2024-11-12 16:51:11][GAME: 00:07.44] Track assistance: angle=172.253860, cur=168.000000, diff=4.253860, control=0.105742
[SYS: 2024-11-12 16:51:11][GAME: 00:07.44] Steering LEFT with control 0.605742
[SYS: 2024-11-12 16:51:11][GAME: 00:07.45] Track assistance: angle=172.233093, cur=168.000000, diff=4.233093, control=0.105308
[SYS: 2024-11-12 16:51:11][GAME: 00:07.45] Steering LEFT with control 0.605308
[SYS: 2024-11-12 16:51:16][GAME: 00:12.40] Track assistance: angle=-40.976677, cur=275.000000, diff=44.023315, control=1.500000
[SYS: 2024-11-12 16:51:16][GAME: 00:12.40] Steering LEFT with control 2.000000
[SYS: 2024-11-12 16:51:17][GAME: 00:12.41] Track assistance: angle=-39.502544, cur=276.000000, diff=44.497467, control=1.124290
[SYS: 2024-11-12 16:51:17][GAME: 00:12.41] Steering LEFT with control 1.624290
[SYS: 2024-11-12 16:51:17][GAME: 00:12.43] Track assistance: angle=-38.055065, cur=277.000000, diff=44.944946, control=1.134811
[SYS: 2024-11-12 16:51:17][GAME: 00:12.43] Steering LEFT with control 1.634811
[SYS: 2024-11-12 16:51:17][GAME: 00:12.44] Track assistance: angle=-36.633610, cur=279.000000, diff=44.366394, control=1.094696
[SYS: 2024-11-12 16:51:17][GAME: 00:12.44] Steering LEFT with control 1.594696
[SYS: 2024-11-12 16:51:17][GAME: 00:12.46] Track assistance: angle=-35.237526, cur=280.000000, diff=44.762482, control=1.128964
[SYS: 2024-11-12 16:51:17][GAME: 00:12.46] Steering LEFT with control 1.628964
[SYS: 2024-11-12 16:51:17][GAME: 00:12.48] Track assistance: angle=-33.865974, cur=281.000000, diff=45.134033, control=1.137640
[SYS: 2024-11-12 16:51:17][GAME: 00:12.48] Steering LEFT with control 1.637640
[SYS: 2024-11-12 16:51:17][GAME: 00:12.49] Track assistance: angle=-32.518311, cur=282.000000, diff=45.481689, control=1.145734
[SYS: 2024-11-12 16:51:17][GAME: 00:12.49] Steering LEFT with control 1.645734
[SYS: 2024-11-12 16:51:17][GAME: 00:12.51] Track assistance: angle=-31.193697, cur=283.000000, diff=45.806305, control=1.153273
[SYS: 2024-11-12 16:51:17][GAME: 00:12.51] Steering LEFT with control 1.653273
[SYS: 2024-11-12 16:51:17][GAME: 00:12.52] Track assistance: angle=-39.058601, cur=284.000000, diff=36.941406, control=0.701913
[SYS: 2024-11-12 16:51:17][GAME: 00:12.52] Steering LEFT with control 1.201913
[SYS: 2024-11-12 16:51:17][GAME: 00:12.54] Track assistance: angle=-38.443371, cur=285.000000, diff=36.556641, control=0.904297
[SYS: 2024-11-12 16:51:17][GAME: 00:12.54] Steering LEFT with control 1.404297
[SYS: 2024-11-12 16:51:17][GAME: 00:12.56] Track assistance: angle=-37.844036, cur=287.000000, diff=35.155975, control=0.843883
[SYS: 2024-11-12 16:51:17][GAME: 00:12.56] Steering LEFT with control 1.343883
[SYS: 2024-11-12 16:51:17][GAME: 00:12.57] Track assistance: angle=-37.260399, cur=288.000000, diff=34.739594, control=0.858080
[SYS: 2024-11-12 16:51:17][GAME: 00:12.57] Steering LEFT with control 1.358080
[SYS: 2024-11-12 16:51:17][GAME: 00:12.59] Track assistance: angle=-36.692417, cur=289.000000, diff=34.307587, control=0.846889
[SYS: 2024-11-12 16:51:17][GAME: 00:12.59] Steering LEFT with control 1.346889
[SYS: 2024-11-12 16:51:17][GAME: 00:12.60] Track assistance: angle=-36.140060, cur=290.000000, diff=33.859924, control=0.835307
[SYS: 2024-11-12 16:51:17][GAME: 00:12.60] Steering LEFT with control 1.335307
[SYS: 2024-11-12 16:51:17][GAME: 00:12.62] Track assistance: angle=-35.603310, cur=291.000000, diff=33.396698, control=0.823337
[SYS: 2024-11-12 16:51:17][GAME: 00:12.62] Steering LEFT with control 1.323337
[SYS: 2024-11-12 16:51:17][GAME: 00:12.64] Track assistance: angle=-35.082077, cur=293.000000, diff=31.917908, control=0.760978
[SYS: 2024-11-12 16:51:17][GAME: 00:12.64] Steering LEFT with control 1.260978
[SYS: 2024-11-12 16:51:17][GAME: 00:12.65] Track assistance: angle=-34.575939, cur=294.000000, diff=31.424072, control=0.773256
[SYS: 2024-11-12 16:51:17][GAME: 00:12.65] Steering LEFT with control 1.273256
[SYS: 2024-11-12 16:51:17][GAME: 00:12.67] Track assistance: angle=-34.084454, cur=295.000000, diff=30.915558, control=0.760176
[SYS: 2024-11-12 16:51:17][GAME: 00:12.67] Steering LEFT with control 1.260176
[SYS: 2024-11-12 16:51:17][GAME: 00:12.68] Track assistance: angle=-33.607117, cur=296.000000, diff=30.392883, control=0.746755
[SYS: 2024-11-12 16:51:17][GAME: 00:12.68] Steering LEFT with control 1.246755
[SYS: 2024-11-12 16:51:17][GAME: 00:12.70] Track assistance: angle=-33.143188, cur=298.000000, diff=28.856812, control=0.683019
[SYS: 2024-11-12 16:51:17][GAME: 00:12.70] Steering LEFT with control 1.183018
[SYS: 2024-11-12 16:51:17][GAME: 00:12.72] Track assistance: angle=-32.692108, cur=299.000000, diff=28.307892, control=0.693974
[SYS: 2024-11-12 16:51:17][GAME: 00:12.72] Steering LEFT with control 1.193974
[SYS: 2024-11-12 16:51:17][GAME: 00:12.73] Track assistance: angle=-32.253265, cur=300.000000, diff=27.746735, control=0.679639
[SYS: 2024-11-12 16:51:17][GAME: 00:12.73] Steering LEFT with control 1.179639
[SYS: 2024-11-12 16:51:17][GAME: 00:12.75] Track assistance: angle=-31.826269, cur=301.000000, diff=27.173737, control=0.665018
[SYS: 2024-11-12 16:51:17][GAME: 00:12.75] Steering LEFT with control 1.165018
[SYS: 2024-11-12 16:51:17][GAME: 00:12.76] Track assistance: angle=-31.410658, cur=303.000000, diff=25.589355, control=0.600124
[SYS: 2024-11-12 16:51:17][GAME: 00:12.76] Steering LEFT with control 1.100124
[SYS: 2024-11-12 16:51:17][GAME: 00:12.78] Track assistance: angle=-31.006155, cur=304.000000, diff=24.993835, control=0.609958
[SYS: 2024-11-12 16:51:17][GAME: 00:12.78] Steering LEFT with control 1.109958
[SYS: 2024-11-12 16:51:17][GAME: 00:12.80] Track assistance: angle=-30.612528, cur=305.000000, diff=24.387482, control=0.594528
[SYS: 2024-11-12 16:51:17][GAME: 00:12.80] Steering LEFT with control 1.094528
[SYS: 2024-11-12 16:51:17][GAME: 00:12.81] Track assistance: angle=-30.229591, cur=307.000000, diff=22.770416, control=0.528834
[SYS: 2024-11-12 16:51:17][GAME: 00:12.81] Steering LEFT with control 1.028834
[SYS: 2024-11-12 16:51:17][GAME: 00:12.83] Track assistance: angle=-29.857208, cur=308.000000, diff=22.142792, control=0.537879
[SYS: 2024-11-12 16:51:17][GAME: 00:12.83] Steering LEFT with control 1.037879
[SYS: 2024-11-12 16:51:17][GAME: 00:12.84] Track assistance: angle=-29.495296, cur=309.000000, diff=21.504700, control=0.521665
[SYS: 2024-11-12 16:51:17][GAME: 00:12.84] Steering LEFT with control 1.021665
[SYS: 2024-11-12 16:51:17][GAME: 00:12.86] Track assistance: angle=-29.143917, cur=311.000000, diff=19.856079, control=0.455186
[SYS: 2024-11-12 16:51:17][GAME: 00:12.86] Steering LEFT with control 0.955186
[SYS: 2024-11-12 16:51:17][GAME: 00:12.88] Track assistance: angle=-28.803051, cur=312.000000, diff=19.196960, control=0.463446
[SYS: 2024-11-12 16:51:17][GAME: 00:12.88] Steering LEFT with control 0.963446
[SYS: 2024-11-12 16:51:17][GAME: 00:12.89] Track assistance: angle=-28.472837, cur=313.000000, diff=18.527161, control=0.446434
[SYS: 2024-11-12 16:51:17][GAME: 00:12.89] Steering LEFT with control 0.946434
[SYS: 2024-11-12 16:51:17][GAME: 00:12.91] Track assistance: angle=-28.153452, cur=315.000000, diff=16.846558, control=0.379149
[SYS: 2024-11-12 16:51:17][GAME: 00:12.91] Steering LEFT with control 0.879149
[SYS: 2024-11-12 16:51:17][GAME: 00:12.92] Track assistance: angle=-27.845098, cur=316.000000, diff=16.154907, control=0.386581
[SYS: 2024-11-12 16:51:17][GAME: 00:12.92] Steering LEFT with control 0.886581
[SYS: 2024-11-12 16:51:17][GAME: 00:12.94] Track assistance: angle=-27.548014, cur=318.000000, diff=14.451996, control=0.318727
[SYS: 2024-11-12 16:51:17][GAME: 00:12.94] Steering LEFT with control 0.818727
[SYS: 2024-11-12 16:51:17][GAME: 00:12.96] Track assistance: angle=-27.262606, cur=319.000000, diff=13.737396, control=0.325570
[SYS: 2024-11-12 16:51:17][GAME: 00:12.96] Steering LEFT with control 0.825570
[SYS: 2024-11-12 16:51:17][GAME: 00:12.97] Track assistance: angle=-26.989286, cur=321.000000, diff=12.010712, control=0.257101
[SYS: 2024-11-12 16:51:17][GAME: 00:12.97] Steering LEFT with control 0.757101
[SYS: 2024-11-12 16:51:17][GAME: 00:12.99] Track assistance: angle=-26.730690, cur=322.000000, diff=11.269318, control=0.263198
[SYS: 2024-11-12 16:51:17][GAME: 00:12.99] Steering LEFT with control 0.763198
[SYS: 2024-11-12 16:51:17][GAME: 00:13.00] Track assistance: angle=-26.479292, cur=323.000000, diff=10.520721, control=0.244303
[SYS: 2024-11-12 16:51:17][GAME: 00:13.00] Steering LEFT with control 0.744303
[SYS: 2024-11-12 16:51:17][GAME: 00:13.02] Track assistance: angle=-26.235502, cur=324.000000, diff=9.764496, control=0.225207
[SYS: 2024-11-12 16:51:17][GAME: 00:13.02] Steering LEFT with control 0.725207
[SYS: 2024-11-12 16:51:45][GAME: 00:40.00] Track assistance: angle=-40.071747, cur=292.000000, diff=27.928253, control=1.152300
[SYS: 2024-11-12 16:51:45][GAME: 00:40.00] Steering LEFT with control 1.652300
