[SYS: 2024-11-12 16:49:36][GAME: 00:13.10] Track assistance: angle=-29.015514, cur=281.000000, diff=49.984497, control=1.500000
[SYS: 2024-11-12 16:49:36][GAME: 00:13.10] Steering LEFT with control 2.000000
[SYS: 2024-11-12 16:49:36][GAME: 00:13.12] Track assistance: angle=-28.520897, cur=279.000000, diff=52.479095, control=1.374342
[SYS: 2024-11-12 16:49:36][GAME: 00:13.12] Steering LEFT with control 1.874342
[SYS: 2024-11-12 16:49:36][GAME: 00:13.13] Track assistance: angle=-28.007021, cur=277.000000, diff=54.992981, control=1.437672
[SYS: 2024-11-12 16:49:36][GAME: 00:13.13] Steering LEFT with control 1.937672
[SYS: 2024-11-12 16:49:36][GAME: 00:13.15] Track assistance: angle=-27.473673, cur=276.000000, diff=56.526337, control=1.451492
[SYS: 2024-11-12 16:49:36][GAME: 00:13.15] Steering LEFT with control 1.951492
[SYS: 2024-11-12 16:49:36][GAME: 00:13.16] Track assistance: angle=-26.920719, cur=274.000000, diff=59.079285, control=1.500000
[SYS: 2024-11-12 16:49:36][GAME: 00:13.16] Steering LEFT with control 2.000000
[SYS: 2024-11-12 16:49:36][GAME: 00:13.18] Track assistance: angle=-26.348288, cur=272.000000, diff=61.651703, control=1.500000
[SYS: 2024-11-12 16:49:36][GAME: 00:13.18] Steering LEFT with control 2.000000
[SYS: 2024-11-12 16:49:36][GAME: 00:13.20] Track assistance: angle=-25.757713, cur=270.000000, diff=64.242279, control=1.500000
[SYS: 2024-11-12 16:49:36][GAME: 00:13.20] Steering LEFT with control 2.000000
[SYS: 2024-11-12 16:49:36][GAME: 00:13.21] Track assistance: angle=-25.148720, cur=269.000000, diff=65.851288, control=1.500000
[SYS: 2024-11-12 16:49:36][GAME: 00:13.21] Steering LEFT with control 2.000000
[SYS: 2024-11-12 16:49:38][GAME: 00:14.43] Track assistance: angle=48.309998, cur=6.000000, diff=42.309998, control=0.469218
[SYS: 2024-11-12 16:49:38][GAME: 00:14.43] Steering LEFT with control 0.969218
[SYS: 2024-11-12 16:49:38][GAME: 00:14.44] Track assistance: angle=9.936910, cur=6.000000, diff=3.936910, control=0.860904
[SYS: 2024-11-12 16:49:38][GAME: 00:14.44] Steering LEFT with control 1.360904
[SYS: 2024-11-12 16:49:38][GAME: 00:14.46] Track assistance: angle=10.003640, cur=6.000000, diff=4.003640, control=0.101759
[SYS: 2024-11-12 16:49:38][GAME: 00:14.46] Steering LEFT with control 0.601759
[SYS: 2024-11-12 16:49:38][GAME: 00:14.48] Track assistance: angle=10.068581, cur=6.000000, diff=4.068581, control=0.103338
[SYS: 2024-11-12 16:49:38][GAME: 00:14.48] Steering LEFT with control 0.603338
[SYS: 2024-11-12 16:49:38][GAME: 00:14.49] Track assistance: angle=10.132028, cur=6.000000, diff=4.132028, control=0.104887
[SYS: 2024-11-12 16:49:38][GAME: 00:14.49] Steering LEFT with control 0.604887
[SYS: 2024-11-12 16:49:38][GAME: 00:14.51] Track assistance: angle=10.194262, cur=6.000000, diff=4.194262, control=0.106412
[SYS: 2024-11-12 16:49:38][GAME: 00:14.51] Steering LEFT with control 0.606412
[SYS: 2024-11-12 16:49:38][GAME: 00:14.52] Track assistance: angle=10.255538, cur=6.000000, diff=4.255538, control=0.107920
[SYS: 2024-11-12 16:49:38][GAME: 00:14.52] Steering LEFT with control 0.607920
[SYS: 2024-11-12 16:49:38][GAME: 00:14.54] Track assistance: angle=10.316103, cur=6.000000, diff=4.316103, control=0.109417
[SYS: 2024-11-12 16:49:38][GAME: 00:14.54] Steering LEFT with control 0.609417
[SYS: 2024-11-12 16:49:38][GAME: 00:14.56] Track assistance: angle=10.376178, cur=6.000000, diff=4.376178, control=0.110906
[SYS: 2024-11-12 16:49:38][GAME: 00:14.56] Steering LEFT with control 0.610906
[SYS: 2024-11-12 16:49:38][GAME: 00:14.57] Track assistance: angle=10.435984, cur=6.000000, diff=4.435984, control=0.112395
[SYS: 2024-11-12 16:49:38][GAME: 00:14.57] Steering LEFT with control 0.612395
[SYS: 2024-11-12 16:49:38][GAME: 00:14.59] Track assistance: angle=10.495639, cur=5.000000, diff=5.495639, control=0.163882
[SYS: 2024-11-12 16:49:38][GAME: 00:14.59] Steering LEFT with control 0.663882
[SYS: 2024-11-12 16:49:38][GAME: 00:14.60] Track assistance: angle=10.555356, cur=5.000000, diff=5.555356, control=0.140377
[SYS: 2024-11-12 16:49:38][GAME: 00:14.60] Steering LEFT with control 0.640377
[SYS: 2024-11-12 16:49:38][GAME: 00:14.62] Track assistance: angle=10.615319, cur=5.000000, diff=5.615319, control=0.141882
[SYS: 2024-11-12 16:49:38][GAME: 00:14.62] Steering LEFT with control 0.641882
[SYS: 2024-11-12 16:49:38][GAME: 00:14.64] Track assistance: angle=10.675711, cur=5.000000, diff=5.675711, control=0.143403
[SYS: 2024-11-12 16:49:38][GAME: 00:14.64] Steering LEFT with control 0.643403
[SYS: 2024-11-12 16:49:38][GAME: 00:14.65] Track assistance: angle=10.736797, cur=5.000000, diff=5.736797, control=0.144947
[SYS: 2024-11-12 16:49:38][GAME: 00:14.65] Steering LEFT with control 0.644947
[SYS: 2024-11-12 16:49:38][GAME: 00:14.67] Track assistance: angle=10.798762, cur=5.000000, diff=5.798762, control=0.146518
[SYS: 2024-11-12 16:49:38][GAME: 00:14.67] Steering LEFT with control 0.646518
[SYS: 2024-11-12 16:49:38][GAME: 00:14.68] Track assistance: angle=10.861782, cur=5.000000, diff=5.861782, control=0.148120
[SYS: 2024-11-12 16:49:38][GAME: 00:14.68] Steering LEFT with control 0.648120
[SYS: 2024-11-12 16:49:38][GAME: 00:14.70] Track assistance: angle=10.926028, cur=5.000000, diff=5.926028, control=0.149757
[SYS: 2024-11-12 16:49:38][GAME: 00:14.70] Steering LEFT with control 0.649757
[SYS: 2024-11-12 16:49:38][GAME: 00:14.72] Track assistance: angle=10.991665, cur=5.000000, diff=5.991665, control=0.151433
[SYS: 2024-11-12 16:49:38][GAME: 00:14.72] Steering LEFT with control 0.651433
[SYS: 2024-11-12 16:49:38][GAME: 00:14.73] Track assistance: angle=11.058866, cur=5.000000, diff=6.058866, control=0.153152
[SYS: 2024-11-12 16:49:38][GAME: 00:14.73] Steering LEFT with control 0.653152
[SYS: 2024-11-12 16:49:38][GAME: 00:14.75] Track assistance: angle=11.127788, cur=4.000000, diff=7.127788, control=0.204918
[SYS: 2024-11-12 16:49:38][GAME: 00:14.75] Steering LEFT with control 0.704918
[SYS: 2024-11-12 16:49:38][GAME: 00:14.76] Track assistance: angle=11.198598, cur=4.000000, diff=7.198598, control=0.181735
[SYS: 2024-11-12 16:49:38][GAME: 00:14.76] Steering LEFT with control 0.681735
[SYS: 2024-11-12 16:49:38][GAME: 00:14.78] Track assistance: angle=11.271452, cur=4.000000, diff=7.271452, control=0.183608
[SYS: 2024-11-12 16:49:38][GAME: 00:14.78] Steering LEFT with control 0.683608
[SYS: 2024-11-12 16:49:38][GAME: 00:14.80] Track assistance: angle=11.346624, cur=4.000000, diff=7.346624, control=0.185545
[SYS: 2024-11-12 16:49:38][GAME: 00:14.80] Steering LEFT with control 0.685545
[SYS: 2024-11-12 16:49:38][GAME: 00:14.81] Track assistance: angle=11.424264, cur=4.000000, diff=7.424264, control=0.187548
[SYS: 2024-11-12 16:49:38][GAME: 00:14.81] Steering LEFT with control 0.687548
[SYS: 2024-11-12 16:49:38][GAME: 00:14.83] Track assistance: angle=11.504532, cur=4.000000, diff=7.504532, control=0.189620
[SYS: 2024-11-12 16:49:38][GAME: 00:14.83] Steering LEFT with control 0.689620
[SYS: 2024-11-12 16:49:38][GAME: 00:14.84] Track assistance: angle=11.587599, cur=4.000000, diff=7.587599, control=0.191767
[SYS: 2024-11-12 16:49:38][GAME: 00:14.84] Steering LEFT with control 0.691767
[SYS: 2024-11-12 16:49:38][GAME: 00:14.86] Track assistance: angle=11.673644, cur=4.000000, diff=7.673644, control=0.193992
[SYS: 2024-11-12 16:49:38][GAME: 00:14.86] Steering LEFT with control 0.693992
[SYS: 2024-11-12 16:49:38][GAME: 00:14.88] Track assistance: angle=11.762839, cur=4.000000, diff=7.762839, control=0.196301
[SYS: 2024-11-12 16:49:38][GAME: 00:14.88] Steering LEFT with control 0.696301
[SYS: 2024-11-12 16:49:38][GAME: 00:14.89] Track assistance: angle=11.855374, cur=3.000000, diff=8.855374, control=0.248698
[SYS: 2024-11-12 16:49:38][GAME: 00:14.89] Steering LEFT with control 0.748698
[SYS: 2024-11-12 16:49:38][GAME: 00:14.91] Track assistance: angle=11.951437, cur=3.000000, diff=8.951437, control=0.226187
[SYS: 2024-11-12 16:49:38][GAME: 00:14.91] Steering LEFT with control 0.726187
[SYS: 2024-11-12 16:49:38][GAME: 00:14.92] Track assistance: angle=12.051228, cur=3.000000, diff=9.051228, control=0.228775
[SYS: 2024-11-12 16:49:38][GAME: 00:14.92] Steering LEFT with control 0.728775
[SYS: 2024-11-12 16:49:38][GAME: 00:14.94] Track assistance: angle=12.154957, cur=3.000000, diff=9.154957, control=0.231467
[SYS: 2024-11-12 16:49:38][GAME: 00:14.94] Steering LEFT with control 0.731467
[SYS: 2024-11-12 16:49:38][GAME: 00:14.96] Track assistance: angle=12.262842, cur=3.000000, diff=9.262842, control=0.234268
[SYS: 2024-11-12 16:49:38][GAME: 00:14.96] Steering LEFT with control 0.734268
[SYS: 2024-11-12 16:49:38][GAME: 00:14.97] Track assistance: angle=12.375110, cur=3.000000, diff=9.375110, control=0.237184
[SYS: 2024-11-12 16:49:38][GAME: 00:14.97] Steering LEFT with control 0.737184
[SYS: 2024-11-12 16:49:38][GAME: 00:14.99] Track assistance: angle=12.492000, cur=3.000000, diff=9.492000, control=0.240222
[SYS: 2024-11-12 16:49:38][GAME: 00:14.99] Steering LEFT with control 0.740222
[SYS: 2024-11-12 16:49:38][GAME: 00:15.00] Track assistance: angle=12.613770, cur=3.000000, diff=9.613770, control=0.243389
[SYS: 2024-11-12 16:49:38][GAME: 00:15.00] Steering LEFT with control 0.743389
[SYS: 2024-11-12 16:49:38][GAME: 00:15.02] Track assistance: angle=12.740680, cur=3.000000, diff=9.740680, control=0.246690
[SYS: 2024-11-12 16:49:38][GAME: 00:15.02] Steering LEFT with control 0.746690
[SYS: 2024-11-12 16:49:38][GAME: 00:15.04] Track assistance: angle=12.873014, cur=3.000000, diff=9.873014, control=0.250134
[SYS: 2024-11-12 16:49:38][GAME: 00:15.04] Steering LEFT with control 0.750134
[SYS: 2024-11-12 16:49:38][GAME: 00:15.05] Track assistance: angle=13.011069, cur=2.000000, diff=11.011069, control=0.303728
[SYS: 2024-11-12 16:49:38][GAME: 00:15.05] Steering LEFT with control 0.803728
[SYS: 2024-11-12 16:49:38][GAME: 00:15.07] Track assistance: angle=13.155168, cur=2.000000, diff=11.155168, control=0.282482
[SYS: 2024-11-12 16:49:38][GAME: 00:15.07] Steering LEFT with control 0.782482
[SYS: 2024-11-12 16:49:38][GAME: 00:15.08] Track assistance: angle=13.305643, cur=2.000000, diff=11.305643, control=0.286403
[SYS: 2024-11-12 16:49:38][GAME: 00:15.08] Steering LEFT with control 0.786403
[SYS: 2024-11-12 16:49:38][GAME: 00:15.10] Track assistance: angle=13.462853, cur=2.000000, diff=11.462853, control=0.290502
[SYS: 2024-11-12 16:49:38][GAME: 00:15.10] Steering LEFT with control 0.790502
[SYS: 2024-11-12 16:49:38][GAME: 00:15.12] Track assistance: angle=13.627184, cur=2.000000, diff=11.627184, control=0.294788
[SYS: 2024-11-12 16:49:38][GAME: 00:15.12] Steering LEFT with control 0.794788
[SYS: 2024-11-12 16:49:38][GAME: 00:15.13] Track assistance: angle=13.799041, cur=2.000000, diff=11.799041, control=0.299272
[SYS: 2024-11-12 16:49:38][GAME: 00:15.13] Steering LEFT with control 0.799272
[SYS: 2024-11-12 16:49:38][GAME: 00:15.15] Track assistance: angle=13.978860, cur=2.000000, diff=11.978860, control=0.303967
[SYS: 2024-11-12 16:49:38][GAME: 00:15.15] Steering LEFT with control 0.803967
[SYS: 2024-11-12 16:49:38][GAME: 00:15.16] Track assistance: angle=14.166975, cur=2.000000, diff=12.166975, control=0.308877
[SYS: 2024-11-12 16:49:38][GAME: 00:15.16] Steering LEFT with control 0.808877
[SYS: 2024-11-12 16:49:38][GAME: 00:15.18] Track assistance: angle=14.363899, cur=2.000000, diff=12.363899, control=0.314021
[SYS: 2024-11-12 16:49:38][GAME: 00:15.18] Steering LEFT with control 0.814021
[SYS: 2024-11-12 16:49:38][GAME: 00:15.20] Track assistance: angle=14.570177, cur=2.000000, diff=12.570177, control=0.319411
[SYS: 2024-11-12 16:49:38][GAME: 00:15.20] Steering LEFT with control 0.819411
[SYS: 2024-11-12 16:49:38][GAME: 00:15.21] Track assistance: angle=14.786389, cur=2.000000, diff=12.786389, control=0.325065
[SYS: 2024-11-12 16:49:38][GAME: 00:15.21] Steering LEFT with control 0.825065
[SYS: 2024-11-12 16:49:38][GAME: 00:15.23] Track assistance: angle=15.013167, cur=1.000000, diff=14.013167, control=0.380999
[SYS: 2024-11-12 16:49:38][GAME: 00:15.23] Steering LEFT with control 0.880999
[SYS: 2024-11-12 16:49:38][GAME: 00:15.24] Track assistance: angle=15.251181, cur=1.000000, diff=14.251181, control=0.362230
[SYS: 2024-11-12 16:49:38][GAME: 00:15.24] Steering LEFT with control 0.862230
[SYS: 2024-11-12 16:49:43][GAME: 00:19.50] Track assistance: angle=88.851295, cur=60.000000, diff=28.851295, control=1.086285
[SYS: 2024-11-12 16:49:43][GAME: 00:19.50] Steering LEFT with control 1.586285
[SYS: 2024-11-12 16:49:43][GAME: 00:19.52] Track assistance: angle=91.879257, cur=62.000000, diff=29.879257, control=0.772680
[SYS: 2024-11-12 16:49:43][GAME: 00:19.52] Steering LEFT with control 1.272681
[SYS: 2024-11-12 16:49:43][GAME: 00:19.53] Track assistance: angle=94.980423, cur=64.000000, diff=30.980423, control=0.802040
[SYS: 2024-11-12 16:49:43][GAME: 00:19.53] Steering LEFT with control 1.302040
[SYS: 2024-11-12 16:49:43][GAME: 00:19.55] Track assistance: angle=98.145401, cur=66.000000, diff=32.145401, control=0.832759
[SYS: 2024-11-12 16:49:43][GAME: 00:19.55] Steering LEFT with control 1.332759
[SYS: 2024-11-12 16:49:43][GAME: 00:19.56] Track assistance: angle=101.362877, cur=68.000000, diff=33.362877, control=0.864509
[SYS: 2024-11-12 16:49:43][GAME: 00:19.56] Steering LEFT with control 1.364509
[SYS: 2024-11-12 16:49:43][GAME: 00:19.58] Track assistance: angle=104.620682, cur=70.000000, diff=34.620682, control=0.896962
[SYS: 2024-11-12 16:49:43][GAME: 00:19.58] Steering LEFT with control 1.396962
[SYS: 2024-11-12 16:49:43][GAME: 00:19.60] Track assistance: angle=107.904930, cur=72.000000, diff=35.904930, control=0.929729
[SYS: 2024-11-12 16:49:43][GAME: 00:19.60] Steering LEFT with control 1.429729
[SYS: 2024-11-12 16:49:43][GAME: 00:19.61] Track assistance: angle=111.201332, cur=74.000000, diff=37.201332, control=0.962443
[SYS: 2024-11-12 16:49:43][GAME: 00:19.61] Steering LEFT with control 1.462443
[SYS: 2024-11-12 16:49:43][GAME: 00:19.63] Track assistance: angle=114.495453, cur=76.000000, diff=38.495453, control=0.994739
[SYS: 2024-11-12 16:49:43][GAME: 00:19.63] Steering LEFT with control 1.494739
[SYS: 2024-11-12 16:49:43][GAME: 00:19.64] Track assistance: angle=117.772758, cur=78.000000, diff=39.772758, control=1.026252
[SYS: 2024-11-12 16:49:43][GAME: 00:19.64] Steering LEFT with control 1.526252
[SYS: 2024-11-12 16:49:43][GAME: 00:19.66] Track assistance: angle=121.019257, cur=80.000000, diff=41.019257, control=1.056644
[SYS: 2024-11-12 16:49:43][GAME: 00:19.66] Steering LEFT with control 1.556644
[SYS: 2024-11-12 16:49:43][GAME: 00:19.68] Track assistance: angle=124.222260, cur=81.000000, diff=43.222260, control=1.135632
[SYS: 2024-11-12 16:49:43][GAME: 00:19.68] Steering LEFT with control 1.635632
[SYS: 2024-11-12 16:49:43][GAME: 00:19.69] Track assistance: angle=127.369896, cur=83.000000, diff=44.369896, control=1.137938
[SYS: 2024-11-12 16:49:43][GAME: 00:19.69] Steering LEFT with control 1.637938
[SYS: 2024-11-12 16:49:43][GAME: 00:20.04] Track assistance: angle=131.726700, cur=106.000000, diff=25.726700, control=0.177088
[SYS: 2024-11-12 16:49:43][GAME: 00:20.04] Steering LEFT with control 0.677088
[SYS: 2024-11-12 16:49:43][GAME: 00:20.06] Track assistance: angle=132.547363, cur=107.000000, diff=25.547363, control=0.634201
[SYS: 2024-11-12 16:49:43][GAME: 00:20.06] Steering LEFT with control 1.134201
[SYS: 2024-11-12 16:49:43][GAME: 00:20.08] Track assistance: angle=133.363358, cur=107.000000, diff=26.363358, control=0.679484
[SYS: 2024-11-12 16:49:43][GAME: 00:20.08] Steering LEFT with control 1.179484
[SYS: 2024-11-12 16:49:44][GAME: 00:20.09] Track assistance: angle=134.177017, cur=108.000000, diff=26.177017, control=0.649767
[SYS: 2024-11-12 16:49:44][GAME: 00:20.09] Steering LEFT with control 1.149767
[SYS: 2024-11-12 16:49:44][GAME: 00:20.11] Track assistance: angle=134.991302, cur=108.000000, diff=26.991302, control=0.695140
[SYS: 2024-11-12 16:49:44][GAME: 00:20.11] Steering LEFT with control 1.195140
[SYS: 2024-11-12 16:49:44][GAME: 00:20.12] Track assistance: angle=135.809525, cur=108.000000, diff=27.809525, control=0.715694
[SYS: 2024-11-12 16:49:44][GAME: 00:20.12] Steering LEFT with control 1.215694
[SYS: 2024-11-12 16:49:44][GAME: 00:20.14] Track assistance: angle=136.635147, cur=108.000000, diff=28.635147, control=0.736519
[SYS: 2024-11-12 16:49:44][GAME: 00:20.14] Steering LEFT with control 1.236519
[SYS: 2024-11-12 16:49:44][GAME: 00:20.16] Track assistance: angle=137.471329, cur=108.000000, diff=29.471329, control=0.757688
[SYS: 2024-11-12 16:49:44][GAME: 00:20.16] Steering LEFT with control 1.257688
[SYS: 2024-11-12 16:49:44][GAME: 00:20.17] Track assistance: angle=138.321518, cur=108.000000, diff=30.321518, control=0.779293
[SYS: 2024-11-12 16:49:44][GAME: 00:20.17] Steering LEFT with control 1.279293
[SYS: 2024-11-12 16:49:44][GAME: 00:20.19] Track assistance: angle=139.189255, cur=108.000000, diff=31.189255, control=0.801425
[SYS: 2024-11-12 16:49:44][GAME: 00:20.19] Steering LEFT with control 1.301425
[SYS: 2024-11-12 16:49:44][GAME: 00:20.20] Track assistance: angle=140.077911, cur=108.000000, diff=32.077911, control=0.824164
[SYS: 2024-11-12 16:49:44][GAME: 00:20.20] Steering LEFT with control 1.324164
[SYS: 2024-11-12 16:49:44][GAME: 00:20.22] Track assistance: angle=140.990982, cur=108.000000, diff=32.990982, control=0.847601
[SYS: 2024-11-12 16:49:44][GAME: 00:20.22] Steering LEFT with control 1.347601
[SYS: 2024-11-12 16:49:44][GAME: 00:20.24] Track assistance: angle=141.932083, cur=107.000000, diff=34.932083, control=0.921830
[SYS: 2024-11-12 16:49:44][GAME: 00:20.24] Steering LEFT with control 1.421830
[SYS: 2024-11-12 16:49:52][GAME: 00:28.40] Track assistance: angle=-18.525017, cur=349.000000, diff=-7.525024, control=1.249553
[SYS: 2024-11-12 16:49:52][GAME: 00:28.40] Steering RIGHT with control 1.749553
[SYS: 2024-11-12 16:49:52][GAME: 00:28.41] Track assistance: angle=-18.535282, cur=349.000000, diff=-7.535278, control=0.188638
[SYS: 2024-11-12 16:49:52][GAME: 00:28.41] Steering RIGHT with control 0.688638
[SYS: 2024-11-12 16:49:52][GAME: 00:28.43] Track assistance: angle=-17.929855, cur=348.000000, diff=-5.929871, control=0.108112
[SYS: 2024-11-12 16:49:52][GAME: 00:28.43] Steering RIGHT with control 0.608112
[SYS: 2024-11-12 16:49:52][GAME: 00:28.44] Track assistance: angle=-17.475647, cur=347.000000, diff=-4.475647, control=0.075536
[SYS: 2024-11-12 16:49:52][GAME: 00:28.44] Steering RIGHT with control 0.575536
[SYS: 2024-11-12 16:49:52][GAME: 00:28.46] Track assistance: angle=-17.053087, cur=346.000000, diff=-3.053101, control=0.040764
[SYS: 2024-11-12 16:49:52][GAME: 00:28.46] Steering RIGHT with control 0.540764
[SYS: 2024-11-12 16:49:52][GAME: 00:28.48] Track assistance: angle=-16.658531, cur=345.000000, diff=-1.658539, control=0.006599
[SYS: 2024-11-12 16:49:58][GAME: 00:34.11] Track assistance: angle=110.904839, cur=61.000000, diff=49.904839, control=1.500000
[SYS: 2024-11-12 16:49:58][GAME: 00:34.11] Steering LEFT with control 2.000000
[SYS: 2024-11-12 16:49:58][GAME: 00:34.12] Track assistance: angle=115.290474, cur=63.000000, diff=52.290474, control=1.366903
[SYS: 2024-11-12 16:49:58][GAME: 00:34.12] Steering LEFT with control 1.866903
[SYS: 2024-11-12 16:49:58][GAME: 00:34.14] Track assistance: angle=119.619011, cur=65.000000, diff=54.619011, control=1.423689
[SYS: 2024-11-12 16:49:58][GAME: 00:34.14] Steering LEFT with control 1.923689
[SYS: 2024-11-12 16:49:58][GAME: 00:34.44] Track assistance: angle=134.305161, cur=96.000000, diff=38.305161, control=0.549783
[SYS: 2024-11-12 16:49:58][GAME: 00:34.44] Steering LEFT with control 1.049783
[SYS: 2024-11-12 16:49:58][GAME: 00:34.46] Track assistance: angle=135.646591, cur=97.000000, diff=38.646591, control=0.974701
[SYS: 2024-11-12 16:49:58][GAME: 00:34.46] Steering LEFT with control 1.474700
[SYS: 2024-11-12 16:49:58][GAME: 00:34.48] Track assistance: angle=136.963776, cur=98.000000, diff=38.963776, control=0.982024
[SYS: 2024-11-12 16:49:58][GAME: 00:34.48] Steering LEFT with control 1.482024
[SYS: 2024-11-12 16:49:59][GAME: 00:34.49] Track assistance: angle=138.257309, cur=99.000000, diff=39.257309, control=0.988771
[SYS: 2024-11-12 16:49:59][GAME: 00:34.49] Steering LEFT with control 1.488771
[SYS: 2024-11-12 16:49:59][GAME: 00:34.51] Track assistance: angle=139.527695, cur=100.000000, diff=39.527695, control=0.994952
[SYS: 2024-11-12 16:49:59][GAME: 00:34.51] Steering LEFT with control 1.494952
[SYS: 2024-11-12 16:49:59][GAME: 00:34.52] Track assistance: angle=140.775589, cur=101.000000, diff=39.775589, control=1.000587
[SYS: 2024-11-12 16:49:59][GAME: 00:34.52] Steering LEFT with control 1.500587
[SYS: 2024-11-12 16:49:59][GAME: 00:34.54] Track assistance: angle=142.001724, cur=102.000000, diff=40.001724, control=1.005697
[SYS: 2024-11-12 16:49:59][GAME: 00:34.54] Steering LEFT with control 1.505697
[SYS: 2024-11-12 16:49:59][GAME: 00:34.56] Track assistance: angle=143.206696, cur=103.000000, diff=40.206696, control=1.010292
[SYS: 2024-11-12 16:49:59][GAME: 00:34.56] Steering LEFT with control 1.510292
[SYS: 2024-11-12 16:49:59][GAME: 00:34.57] Track assistance: angle=144.391327, cur=104.000000, diff=40.391327, control=1.014399
[SYS: 2024-11-12 16:49:59][GAME: 00:34.57] Steering LEFT with control 1.514399
[SYS: 2024-11-12 16:49:59][GAME: 00:34.59] Track assistance: angle=145.556183, cur=105.000000, diff=40.556183, control=1.018026
[SYS: 2024-11-12 16:49:59][GAME: 00:34.59] Steering LEFT with control 1.518026
[SYS: 2024-11-12 16:49:59][GAME: 00:34.60] Track assistance: angle=146.701797, cur=107.000000, diff=39.701797, control=0.971185
[SYS: 2024-11-12 16:49:59][GAME: 00:34.60] Steering LEFT with control 1.471185
[SYS: 2024-11-12 16:49:59][GAME: 00:34.62] Track assistance: angle=147.828827, cur=108.000000, diff=39.828827, control=0.998896
[SYS: 2024-11-12 16:49:59][GAME: 00:34.62] Steering LEFT with control 1.498896
[SYS: 2024-11-12 16:49:59][GAME: 00:34.64] Track assistance: angle=148.937881, cur=109.000000, diff=39.937881, control=1.001173
[SYS: 2024-11-12 16:49:59][GAME: 00:34.64] Steering LEFT with control 1.501173
[SYS: 2024-11-12 16:49:59][GAME: 00:34.65] Track assistance: angle=150.029327, cur=110.000000, diff=40.029327, control=1.003019
[SYS: 2024-11-12 16:49:59][GAME: 00:34.65] Steering LEFT with control 1.503019
[SYS: 2024-11-12 16:49:59][GAME: 00:34.67] Track assistance: angle=151.103531, cur=111.000000, diff=40.103531, control=1.004443
[SYS: 2024-11-12 16:49:59][GAME: 00:34.67] Steering LEFT with control 1.504443
[SYS: 2024-11-12 16:49:59][GAME: 00:34.68] Track assistance: angle=152.161392, cur=112.000000, diff=40.161392, control=1.005481
[SYS: 2024-11-12 16:49:59][GAME: 00:34.68] Steering LEFT with control 1.505481
[SYS: 2024-11-12 16:49:59][GAME: 00:34.70] Track assistance: angle=153.215988, cur=113.000000, diff=40.215988, control=1.006765
[SYS: 2024-11-12 16:49:59][GAME: 00:34.70] Steering LEFT with control 1.506765
[SYS: 2024-11-12 16:49:59][GAME: 00:34.72] Track assistance: angle=154.268646, cur=114.000000, diff=40.268646, control=1.008033
[SYS: 2024-11-12 16:49:59][GAME: 00:34.72] Steering LEFT with control 1.508033
[SYS: 2024-11-12 16:49:59][GAME: 00:34.73] Track assistance: angle=155.321411, cur=115.000000, diff=40.321411, control=1.009354
[SYS: 2024-11-12 16:49:59][GAME: 00:34.73] Steering LEFT with control 1.509354
[SYS: 2024-11-12 16:49:59][GAME: 00:34.75] Track assistance: angle=156.376617, cur=116.000000, diff=40.376617, control=1.010796
[SYS: 2024-11-12 16:49:59][GAME: 00:34.75] Steering LEFT with control 1.510796
[SYS: 2024-11-12 16:49:59][GAME: 00:34.76] Track assistance: angle=157.436584, cur=116.000000, diff=41.436584, control=1.062414
[SYS: 2024-11-12 16:49:59][GAME: 00:34.76] Steering LEFT with control 1.562414
[SYS: 2024-11-12 16:49:59][GAME: 00:34.78] Track assistance: angle=158.503967, cur=116.000000, diff=42.503967, control=1.089284
[SYS: 2024-11-12 16:49:59][GAME: 00:34.78] Steering LEFT with control 1.589284
[SYS: 2024-11-12 16:49:59][GAME: 00:34.80] Track assistance: angle=159.581116, cur=117.000000, diff=42.581116, control=1.066457
[SYS: 2024-11-12 16:49:59][GAME: 00:34.80] Steering LEFT with control 1.566457
[SYS: 2024-11-12 16:49:59][GAME: 00:34.81] Track assistance: angle=160.670731, cur=117.000000, diff=43.670731, control=1.119009
[SYS: 2024-11-12 16:49:59][GAME: 00:34.81] Steering LEFT with control 1.619009
[SYS: 2024-11-12 16:49:59][GAME: 00:34.83] Track assistance: angle=161.775421, cur=117.000000, diff=44.775421, control=1.147003
[SYS: 2024-11-12 16:49:59][GAME: 00:34.83] Steering LEFT with control 1.647003
[SYS: 2024-11-12 16:49:59][GAME: 00:34.84] Track assistance: angle=162.897736, cur=117.000000, diff=45.897736, control=1.175501
[SYS: 2024-11-12 16:49:59][GAME: 00:34.84] Steering LEFT with control 1.675501
[SYS: 2024-11-12 16:49:59][GAME: 00:34.86] Track assistance: angle=164.040192, cur=117.000000, diff=47.040192, control=1.204566
[SYS: 2024-11-12 16:49:59][GAME: 00:34.86] Steering LEFT with control 1.704566
[SYS: 2024-11-12 16:49:59][GAME: 00:34.88] Track assistance: angle=165.205353, cur=117.000000, diff=48.205353, control=1.234263
[SYS: 2024-11-12 16:49:59][GAME: 00:34.88] Steering LEFT with control 1.734263
[SYS: 2024-11-12 16:49:59][GAME: 00:34.89] Track assistance: angle=166.395676, cur=117.000000, diff=49.395676, control=1.264650
[SYS: 2024-11-12 16:49:59][GAME: 00:34.89] Steering LEFT with control 1.764650
[SYS: 2024-11-12 16:49:59][GAME: 00:34.91] Track assistance: angle=167.613525, cur=117.000000, diff=50.613525, control=1.295784
[SYS: 2024-11-12 16:49:59][GAME: 00:34.91] Steering LEFT with control 1.795784
[SYS: 2024-11-12 16:49:59][GAME: 00:34.92] Track assistance: angle=168.861267, cur=117.000000, diff=51.861267, control=1.327725
[SYS: 2024-11-12 16:49:59][GAME: 00:34.92] Steering LEFT with control 1.827725
[SYS: 2024-11-12 16:49:59][GAME: 00:34.94] Track assistance: angle=170.141159, cur=117.000000, diff=53.141159, control=1.360526
[SYS: 2024-11-12 16:49:59][GAME: 00:34.94] Steering LEFT with control 1.860526
[SYS: 2024-11-12 16:49:59][GAME: 00:34.96] Track assistance: angle=171.455338, cur=117.000000, diff=54.455338, control=1.394238
[SYS: 2024-11-12 16:49:59][GAME: 00:34.96] Steering LEFT with control 1.894238
[SYS: 2024-11-12 16:49:59][GAME: 00:34.97] Track assistance: angle=172.805695, cur=117.000000, diff=55.805695, control=1.428901
[SYS: 2024-11-12 16:49:59][GAME: 00:34.97] Steering LEFT with control 1.928901
[SYS: 2024-11-12 16:49:59][GAME: 00:34.99] Track assistance: angle=174.194107, cur=116.000000, diff=58.194107, control=1.500000
[SYS: 2024-11-12 16:49:59][GAME: 00:34.99] Steering LEFT with control 2.000000
[SYS: 2024-11-12 16:49:59][GAME: 00:35.00] Track assistance: angle=175.622269, cur=116.000000, diff=59.622269, control=1.500000
[SYS: 2024-11-12 16:49:59][GAME: 00:35.00] Steering LEFT with control 2.000000
[SYS: 2024-11-12 16:49:59][GAME: 00:35.02] Track assistance: angle=177.091553, cur=116.000000, diff=61.091553, control=1.500000
[SYS: 2024-11-12 16:49:59][GAME: 00:35.02] Steering LEFT with control 2.000000
[SYS: 2024-11-12 16:49:59][GAME: 00:35.04] Track assistance: angle=178.603134, cur=116.000000, diff=62.603134, control=1.500000
[SYS: 2024-11-12 16:49:59][GAME: 00:35.04] Steering LEFT with control 2.000000
[SYS: 2024-11-12 16:49:59][GAME: 00:35.05] Track assistance: angle=-179.842010, cur=116.000000, diff=64.157990, control=1.500000
[SYS: 2024-11-12 16:49:59][GAME: 00:35.05] Steering LEFT with control 2.000000
[SYS: 2024-11-12 16:49:59][GAME: 00:35.07] Track assistance: angle=-178.243332, cur=116.000000, diff=65.756653, control=1.500000
[SYS: 2024-11-12 16:49:59][GAME: 00:35.07] Steering LEFT with control 2.000000
[SYS: 2024-11-12 16:49:59][GAME: 00:35.08] Track assistance: angle=-176.600601, cur=116.000000, diff=67.399414, control=1.500000
[SYS: 2024-11-12 16:49:59][GAME: 00:35.08] Steering LEFT with control 2.000000
[SYS: 2024-11-12 16:49:59][GAME: 00:35.10] Track assistance: angle=-174.913940, cur=115.000000, diff=70.086060, control=1.500000
[SYS: 2024-11-12 16:49:59][GAME: 00:35.10] Steering LEFT with control 2.000000
[SYS: 2024-11-12 16:49:59][GAME: 00:35.12] Track assistance: angle=-173.183792, cur=115.000000, diff=71.816223, control=1.500000
[SYS: 2024-11-12 16:49:59][GAME: 00:35.12] Steering LEFT with control 2.000000
[SYS: 2024-11-12 16:49:59][GAME: 00:35.13] Track assistance: angle=-171.411072, cur=115.000000, diff=73.588928, control=1.500000
[SYS: 2024-11-12 16:49:59][GAME: 00:35.13] Steering LEFT with control 2.000000
[SYS: 2024-11-12 16:49:59][GAME: 00:35.15] Track assistance: angle=-169.597305, cur=115.000000, diff=75.402710, control=1.500000
[SYS: 2024-11-12 16:49:59][GAME: 00:35.15] Steering LEFT with control 2.000000
[SYS: 2024-11-12 16:49:59][GAME: 00:35.16] Track assistance: angle=-167.744308, cur=115.000000, diff=77.255676, control=1.500000
[SYS: 2024-11-12 16:49:59][GAME: 00:35.16] Steering LEFT with control 2.000000
[SYS: 2024-11-12 16:49:59][GAME: 00:35.18] Track assistance: angle=-165.854431, cur=115.000000, diff=79.145569, control=1.500000
[SYS: 2024-11-12 16:49:59][GAME: 00:35.18] Steering LEFT with control 2.000000
[SYS: 2024-11-12 16:50:00][GAME: 00:35.64] Track assistance: angle=-172.897903, cur=138.000000, diff=49.102112, control=0.476466
[SYS: 2024-11-12 16:50:00][GAME: 00:35.64] Steering LEFT with control 0.976466
[SYS: 2024-11-12 16:50:00][GAME: 00:35.66] Track assistance: angle=-171.374100, cur=140.000000, diff=48.625916, control=1.203743
[SYS: 2024-11-12 16:50:00][GAME: 00:35.66] Steering LEFT with control 1.703743
[SYS: 2024-11-12 16:50:00][GAME: 00:35.68] Track assistance: angle=-169.809967, cur=141.000000, diff=49.190033, control=1.243854
[SYS: 2024-11-12 16:50:00][GAME: 00:35.68] Steering LEFT with control 1.743854
[SYS: 2024-11-12 16:50:00][GAME: 00:35.69] Track assistance: angle=-168.205841, cur=143.000000, diff=48.794159, control=1.209957
[SYS: 2024-11-12 16:50:00][GAME: 00:35.69] Steering LEFT with control 1.709957
[SYS: 2024-11-12 16:50:00][GAME: 00:35.71] Track assistance: angle=-166.561844, cur=144.000000, diff=49.438171, control=1.252055
[SYS: 2024-11-12 16:50:00][GAME: 00:35.71] Steering LEFT with control 1.752055
[SYS: 2024-11-12 16:50:00][GAME: 00:35.72] Track assistance: angle=-164.877838, cur=146.000000, diff=49.122162, control=1.220154
[SYS: 2024-11-12 16:50:00][GAME: 00:35.72] Steering LEFT with control 1.720154
[SYS: 2024-11-12 16:50:00][GAME: 00:35.74] Track assistance: angle=-163.153595, cur=147.000000, diff=49.846405, control=1.264266
[SYS: 2024-11-12 16:50:00][GAME: 00:35.74] Steering LEFT with control 1.764266
[SYS: 2024-11-12 16:50:00][GAME: 00:35.76] Track assistance: angle=-161.388489, cur=148.000000, diff=50.611511, control=1.284415
[SYS: 2024-11-12 16:50:00][GAME: 00:35.76] Steering LEFT with control 1.784415
[SYS: 2024-11-12 16:50:00][GAME: 00:35.77] Track assistance: angle=-159.581711, cur=149.000000, diff=51.418274, control=1.305626
[SYS: 2024-11-12 16:50:00][GAME: 00:35.77] Steering LEFT with control 1.805626
[SYS: 2024-11-12 16:50:00][GAME: 00:35.79] Track assistance: angle=-157.732498, cur=149.000000, diff=53.267517, control=1.377919
[SYS: 2024-11-12 16:50:00][GAME: 00:35.79] Steering LEFT with control 1.877919
[SYS: 2024-11-12 16:50:00][GAME: 00:35.80] Track assistance: angle=-155.839828, cur=150.000000, diff=54.160156, control=1.376320
[SYS: 2024-11-12 16:50:00][GAME: 00:35.80] Steering LEFT with control 1.876320
[SYS: 2024-11-12 16:50:00][GAME: 00:35.82] Track assistance: angle=-153.902847, cur=150.000000, diff=56.097168, control=1.450855
[SYS: 2024-11-12 16:50:00][GAME: 00:35.82] Steering LEFT with control 1.950855
[SYS: 2024-11-12 16:50:00][GAME: 00:35.84] Track assistance: angle=-151.920456, cur=151.000000, diff=57.079529, control=1.451547
[SYS: 2024-11-12 16:50:00][GAME: 00:35.84] Steering LEFT with control 1.951547
[SYS: 2024-11-12 16:50:00][GAME: 00:35.85] Track assistance: angle=-149.893570, cur=151.000000, diff=59.106445, control=1.500000
[SYS: 2024-11-12 16:50:00][GAME: 00:35.85] Steering LEFT with control 2.000000
[SYS: 2024-11-12 16:50:00][GAME: 00:35.87] Track assistance: angle=-147.823120, cur=152.000000, diff=60.176880, control=1.500000
[SYS: 2024-11-12 16:50:00][GAME: 00:35.87] Steering LEFT with control 2.000000
[SYS: 2024-11-12 16:50:00][GAME: 00:35.88] Track assistance: angle=-145.709946, cur=152.000000, diff=62.290039, control=1.500000
[SYS: 2024-11-12 16:50:00][GAME: 00:35.88] Steering LEFT with control 2.000000
[SYS: 2024-11-12 16:50:00][GAME: 00:35.90] Track assistance: angle=-143.555222, cur=153.000000, diff=63.444763, control=1.500000
[SYS: 2024-11-12 16:50:00][GAME: 00:35.90] Steering LEFT with control 2.000000
[SYS: 2024-11-12 16:50:00][GAME: 00:35.92] Track assistance: angle=-141.360382, cur=153.000000, diff=65.639618, control=1.500000
[SYS: 2024-11-12 16:50:00][GAME: 00:35.92] Steering LEFT with control 2.000000
[SYS: 2024-11-12 16:50:00][GAME: 00:35.93] Track assistance: angle=176.919037, cur=154.000000, diff=22.919037, control=0.495039
[SYS: 2024-11-12 16:50:00][GAME: 00:35.93] Steering LEFT with control 0.995039
[SYS: 2024-11-12 16:50:00][GAME: 00:35.95] Track assistance: angle=177.365738, cur=154.000000, diff=23.365738, control=0.595311
[SYS: 2024-11-12 16:50:00][GAME: 00:35.95] Steering LEFT with control 1.095311
[SYS: 2024-11-12 16:50:00][GAME: 00:35.96] Track assistance: angle=177.812759, cur=155.000000, diff=22.812759, control=0.556495
[SYS: 2024-11-12 16:50:00][GAME: 00:35.96] Steering LEFT with control 1.056494
[SYS: 2024-11-12 16:50:00][GAME: 00:35.98] Track assistance: angle=178.260101, cur=156.000000, diff=22.260101, control=0.542686
[SYS: 2024-11-12 16:50:00][GAME: 00:35.98] Steering LEFT with control 1.042686
[SYS: 2024-11-12 16:50:00][GAME: 00:36.00] Track assistance: angle=178.707718, cur=157.000000, diff=21.707718, control=0.528883
[SYS: 2024-11-12 16:50:00][GAME: 00:36.00] Steering LEFT with control 1.028883
[SYS: 2024-11-12 16:50:00][GAME: 00:36.01] Track assistance: angle=179.155533, cur=157.000000, diff=22.155533, control=0.565084
[SYS: 2024-11-12 16:50:00][GAME: 00:36.01] Steering LEFT with control 1.065084
[SYS: 2024-11-12 16:50:00][GAME: 00:36.03] Track assistance: angle=179.603333, cur=158.000000, diff=21.603333, control=0.526278
[SYS: 2024-11-12 16:50:00][GAME: 00:36.03] Steering LEFT with control 1.026278
[SYS: 2024-11-12 16:50:00][GAME: 00:36.04] Track assistance: angle=-179.949005, cur=160.000000, diff=20.050995, control=0.462466
[SYS: 2024-11-12 16:50:00][GAME: 00:36.04] Steering LEFT with control 0.962466
[SYS: 2024-11-12 16:50:00][GAME: 00:36.06] Track assistance: angle=-179.501785, cur=161.000000, diff=19.498230, control=0.473637
[SYS: 2024-11-12 16:50:00][GAME: 00:36.06] Steering LEFT with control 0.973637
[SYS: 2024-11-12 16:50:00][GAME: 00:36.08] Track assistance: angle=-179.055344, cur=162.000000, diff=18.944641, control=0.459776
[SYS: 2024-11-12 16:50:00][GAME: 00:36.08] Steering LEFT with control 0.959776
[SYS: 2024-11-12 16:50:00][GAME: 00:36.09] Track assistance: angle=-178.610077, cur=163.000000, diff=18.389923, control=0.445880
[SYS: 2024-11-12 16:50:00][GAME: 00:36.09] Steering LEFT with control 0.945880
[SYS: 2024-11-12 16:50:00][GAME: 00:36.11] Track assistance: angle=-178.166412, cur=164.000000, diff=17.833588, control=0.431931
[SYS: 2024-11-12 16:50:00][GAME: 00:36.11] Steering LEFT with control 0.931931
[SYS: 2024-11-12 16:50:14][GAME: 00:48.89] Track assistance: angle=87.312218, cur=359.000000, diff=88.312225, control=1.500000
[SYS: 2024-11-12 16:50:14][GAME: 00:48.89] Steering LEFT with control 2.000000
[SYS: 2024-11-12 16:50:14][GAME: 00:48.91] Track assistance: angle=89.423813, cur=359.000000, diff=90.423828, control=1.500000
[SYS: 2024-11-12 16:50:14][GAME: 00:48.91] Steering LEFT with control 2.000000
[SYS: 2024-11-12 16:50:14][GAME: 00:48.92] Track assistance: angle=91.528427, cur=359.000000, diff=92.528442, control=1.500000
[SYS: 2024-11-12 16:50:14][GAME: 00:48.92] Steering LEFT with control 2.000000
[SYS: 2024-11-12 16:50:14][GAME: 00:48.94] Track assistance: angle=93.620407, cur=359.000000, diff=94.620422, control=1.500000
[SYS: 2024-11-12 16:50:14][GAME: 00:48.94] Steering LEFT with control 2.000000
[SYS: 2024-11-12 16:50:14][GAME: 00:48.96] Track assistance: angle=95.694275, cur=359.000000, diff=96.694275, control=1.500000
[SYS: 2024-11-12 16:50:14][GAME: 00:48.96] Steering LEFT with control 2.000000
[SYS: 2024-11-12 16:50:14][GAME: 00:48.97] Track assistance: angle=97.745010, cur=359.000000, diff=98.744995, control=1.500000
[SYS: 2024-11-12 16:50:14][GAME: 00:48.97] Steering LEFT with control 2.000000
[SYS: 2024-11-12 16:50:14][GAME: 00:48.99] Track assistance: angle=99.767639, cur=359.000000, diff=100.767639, control=1.500000
[SYS: 2024-11-12 16:50:14][GAME: 00:48.99] Steering LEFT with control 2.000000
[SYS: 2024-11-12 16:50:14][GAME: 00:49.00] Track assistance: angle=101.757889, cur=359.000000, diff=102.757874, control=1.500000
[SYS: 2024-11-12 16:50:14][GAME: 00:49.00] Steering LEFT with control 2.000000
[SYS: 2024-11-12 16:50:14][GAME: 00:49.02] Track assistance: angle=103.711678, cur=359.000000, diff=104.711670, control=1.500000
[SYS: 2024-11-12 16:50:14][GAME: 00:49.02] Steering LEFT with control 2.000000
[SYS: 2024-11-12 16:50:14][GAME: 00:49.04] Track assistance: angle=105.625656, cur=359.000000, diff=106.625656, control=1.500000
[SYS: 2024-11-12 16:50:14][GAME: 00:49.04] Steering LEFT with control 2.000000
[SYS: 2024-11-12 16:50:14][GAME: 00:49.05] Track assistance: angle=107.496841, cur=359.000000, diff=108.496841, control=1.500000
[SYS: 2024-11-12 16:50:14][GAME: 00:49.05] Steering LEFT with control 2.000000
[SYS: 2024-11-12 16:50:14][GAME: 00:49.07] Track assistance: angle=109.322655, cur=359.000000, diff=110.322662, control=1.500000
[SYS: 2024-11-12 16:50:14][GAME: 00:49.07] Steering LEFT with control 2.000000
[SYS: 2024-11-12 16:50:14][GAME: 00:49.08] Track assistance: angle=111.101234, cur=359.000000, diff=112.101227, control=1.500000
[SYS: 2024-11-12 16:50:14][GAME: 00:49.08] Steering LEFT with control 2.000000
[SYS: 2024-11-12 16:50:14][GAME: 00:49.10] Track assistance: angle=112.831009, cur=359.000000, diff=113.831009, control=1.500000
[SYS: 2024-11-12 16:50:14][GAME: 00:49.10] Steering LEFT with control 2.000000
[SYS: 2024-11-12 16:50:14][GAME: 00:49.12] Track assistance: angle=114.510948, cur=359.000000, diff=115.510956, control=1.500000
[SYS: 2024-11-12 16:50:14][GAME: 00:49.12] Steering LEFT with control 2.000000
[SYS: 2024-11-12 16:50:14][GAME: 00:49.13] Track assistance: angle=116.140450, cur=359.000000, diff=117.140442, control=1.500000
[SYS: 2024-11-12 16:50:14][GAME: 00:49.13] Steering LEFT with control 2.000000
[SYS: 2024-11-12 16:50:14][GAME: 00:49.15] Track assistance: angle=117.719131, cur=359.000000, diff=118.719131, control=1.500000
[SYS: 2024-11-12 16:50:14][GAME: 00:49.15] Steering LEFT with control 2.000000
[SYS: 2024-11-12 16:50:14][GAME: 00:49.16] Track assistance: angle=119.246986, cur=359.000000, diff=120.246979, control=1.500000
[SYS: 2024-11-12 16:50:14][GAME: 00:49.16] Steering LEFT with control 2.000000
[SYS: 2024-11-12 16:50:14][GAME: 00:49.18] Track assistance: angle=120.724220, cur=359.000000, diff=121.724213, control=1.500000
[SYS: 2024-11-12 16:50:14][GAME: 00:49.18] Steering LEFT with control 2.000000
[SYS: 2024-11-12 16:50:14][GAME: 00:49.20] Track assistance: angle=122.151619, cur=359.000000, diff=123.151611, control=1.500000
[SYS: 2024-11-12 16:50:14][GAME: 00:49.20] Steering LEFT with control 2.000000
[SYS: 2024-11-12 16:50:14][GAME: 00:49.21] Track assistance: angle=123.529739, cur=359.000000, diff=124.529739, control=1.500000
[SYS: 2024-11-12 16:50:14][GAME: 00:49.21] Steering LEFT with control 2.000000
[SYS: 2024-11-12 16:50:14][GAME: 00:49.23] Track assistance: angle=124.415634, cur=359.000000, diff=125.415634, control=1.500000
[SYS: 2024-11-12 16:50:14][GAME: 00:49.23] Steering LEFT with control 2.000000
[SYS: 2024-11-12 16:50:14][GAME: 00:49.24] Track assistance: angle=125.354546, cur=359.000000, diff=126.354553, control=1.500000
[SYS: 2024-11-12 16:50:14][GAME: 00:49.24] Steering LEFT with control 2.000000
[SYS: 2024-11-12 16:50:14][GAME: 00:49.26] Track assistance: angle=126.287476, cur=359.000000, diff=127.287476, control=1.500000
[SYS: 2024-11-12 16:50:14][GAME: 00:49.26] Steering LEFT with control 2.000000
[SYS: 2024-11-12 16:50:14][GAME: 00:49.28] Track assistance: angle=127.194321, cur=359.000000, diff=128.194321, control=1.500000
[SYS: 2024-11-12 16:50:14][GAME: 00:49.28] Steering LEFT with control 2.000000
[SYS: 2024-11-12 16:50:14][GAME: 00:49.29] Track assistance: angle=128.075668, cur=359.000000, diff=129.075668, control=1.500000
[SYS: 2024-11-12 16:50:14][GAME: 00:49.29] Steering LEFT with control 2.000000
[SYS: 2024-11-12 16:50:14][GAME: 00:49.31] Track assistance: angle=128.932175, cur=359.000000, diff=129.932175, control=1.500000
[SYS: 2024-11-12 16:50:14][GAME: 00:49.31] Steering LEFT with control 2.000000
[SYS: 2024-11-12 16:50:14][GAME: 00:49.32] Track assistance: angle=129.764648, cur=359.000000, diff=130.764648, control=1.500000
[SYS: 2024-11-12 16:50:14][GAME: 00:49.32] Steering LEFT with control 2.000000
[SYS: 2024-11-12 16:50:14][GAME: 00:49.34] Track assistance: angle=130.573685, cur=359.000000, diff=131.573685, control=1.500000
[SYS: 2024-11-12 16:50:14][GAME: 00:49.34] Steering LEFT with control 2.000000
[SYS: 2024-11-12 16:50:14][GAME: 00:49.36] Track assistance: angle=131.359879, cur=359.000000, diff=132.359879, control=1.500000
[SYS: 2024-11-12 16:50:14][GAME: 00:49.36] Steering LEFT with control 2.000000
[SYS: 2024-11-12 16:50:14][GAME: 00:49.37] Track assistance: angle=132.123993, cur=359.000000, diff=133.123993, control=1.500000
[SYS: 2024-11-12 16:50:14][GAME: 00:49.37] Steering LEFT with control 2.000000
[SYS: 2024-11-12 16:50:14][GAME: 00:49.39] Track assistance: angle=132.866577, cur=359.000000, diff=133.866577, control=1.500000
[SYS: 2024-11-12 16:50:14][GAME: 00:49.39] Steering LEFT with control 2.000000
[SYS: 2024-11-12 16:50:14][GAME: 00:49.40] Track assistance: angle=133.588440, cur=359.000000, diff=134.588440, control=1.500000
[SYS: 2024-11-12 16:50:14][GAME: 00:49.40] Steering LEFT with control 2.000000
[SYS: 2024-11-12 16:50:14][GAME: 00:49.42] Track assistance: angle=134.290207, cur=359.000000, diff=135.290207, control=1.500000
[SYS: 2024-11-12 16:50:14][GAME: 00:49.42] Steering LEFT with control 2.000000
[SYS: 2024-11-12 16:50:14][GAME: 00:49.44] Track assistance: angle=134.972397, cur=359.000000, diff=135.972397, control=1.500000
[SYS: 2024-11-12 16:50:14][GAME: 00:49.44] Steering LEFT with control 2.000000
[SYS: 2024-11-12 16:50:14][GAME: 00:49.45] Track assistance: angle=135.635666, cur=359.000000, diff=136.635666, control=1.500000
[SYS: 2024-11-12 16:50:14][GAME: 00:49.45] Steering LEFT with control 2.000000
[SYS: 2024-11-12 16:50:14][GAME: 00:49.47] Track assistance: angle=136.280609, cur=359.000000, diff=137.280609, control=1.500000
[SYS: 2024-11-12 16:50:14][GAME: 00:49.47] Steering LEFT with control 2.000000
[SYS: 2024-11-12 16:50:14][GAME: 00:49.48] Track assistance: angle=136.907806, cur=359.000000, diff=137.907806, control=1.500000
[SYS: 2024-11-12 16:50:14][GAME: 00:49.48] Steering LEFT with control 2.000000
[SYS: 2024-11-12 16:50:14][GAME: 00:49.50] Track assistance: angle=137.517792, cur=359.000000, diff=138.517792, control=1.500000
[SYS: 2024-11-12 16:50:14][GAME: 00:49.50] Steering LEFT with control 2.000000
[SYS: 2024-11-12 16:50:14][GAME: 00:49.52] Track assistance: angle=138.111145, cur=359.000000, diff=139.111145, control=1.500000
[SYS: 2024-11-12 16:50:14][GAME: 00:49.52] Steering LEFT with control 2.000000
[SYS: 2024-11-12 16:50:14][GAME: 00:49.53] Track assistance: angle=138.688370, cur=359.000000, diff=139.688370, control=1.500000
[SYS: 2024-11-12 16:50:14][GAME: 00:49.53] Steering LEFT with control 2.000000
[SYS: 2024-11-12 16:50:14][GAME: 00:49.55] Track assistance: angle=139.249969, cur=359.000000, diff=140.249969, control=1.500000
[SYS: 2024-11-12 16:50:14][GAME: 00:49.55] Steering LEFT with control 2.000000
[SYS: 2024-11-12 16:50:14][GAME: 00:49.56] Track assistance: angle=139.796478, cur=359.000000, diff=140.796478, control=1.500000
[SYS: 2024-11-12 16:50:14][GAME: 00:49.56] Steering LEFT with control 2.000000
[SYS: 2024-11-12 16:50:14][GAME: 00:49.58] Track assistance: angle=140.328354, cur=359.000000, diff=141.328354, control=1.500000
[SYS: 2024-11-12 16:50:14][GAME: 00:49.58] Steering LEFT with control 2.000000
[SYS: 2024-11-12 16:50:14][GAME: 00:49.60] Track assistance: angle=140.846161, cur=359.000000, diff=141.846161, control=1.500000
[SYS: 2024-11-12 16:50:14][GAME: 00:49.60] Steering LEFT with control 2.000000
[SYS: 2024-11-12 16:50:14][GAME: 00:49.61] Track assistance: angle=141.350266, cur=359.000000, diff=142.350266, control=1.500000
[SYS: 2024-11-12 16:50:14][GAME: 00:49.61] Steering LEFT with control 2.000000
[SYS: 2024-11-12 16:50:14][GAME: 00:49.63] Track assistance: angle=141.841110, cur=359.000000, diff=142.841110, control=1.500000
[SYS: 2024-11-12 16:50:14][GAME: 00:49.63] Steering LEFT with control 2.000000
[SYS: 2024-11-12 16:50:14][GAME: 00:49.64] Track assistance: angle=142.319199, cur=359.000000, diff=143.319199, control=1.500000
[SYS: 2024-11-12 16:50:14][GAME: 00:49.64] Steering LEFT with control 2.000000
[SYS: 2024-11-12 16:50:14][GAME: 00:49.66] Track assistance: angle=142.784866, cur=359.000000, diff=143.784866, control=1.500000
[SYS: 2024-11-12 16:50:14][GAME: 00:49.66] Steering LEFT with control 2.000000
[SYS: 2024-11-12 16:50:14][GAME: 00:49.68] Track assistance: angle=143.238586, cur=359.000000, diff=144.238586, control=1.500000
[SYS: 2024-11-12 16:50:14][GAME: 00:49.68] Steering LEFT with control 2.000000
[SYS: 2024-11-12 16:50:14][GAME: 00:49.69] Track assistance: angle=143.680710, cur=359.000000, diff=144.680710, control=1.500000
[SYS: 2024-11-12 16:50:14][GAME: 00:49.69] Steering LEFT with control 2.000000
[SYS: 2024-11-12 16:50:14][GAME: 00:49.71] Track assistance: angle=144.111588, cur=359.000000, diff=145.111588, control=1.500000
[SYS: 2024-11-12 16:50:14][GAME: 00:49.71] Steering LEFT with control 2.000000
[SYS: 2024-11-12 16:50:14][GAME: 00:49.72] Track assistance: angle=144.531631, cur=359.000000, diff=145.531631, control=1.500000
[SYS: 2024-11-12 16:50:14][GAME: 00:49.72] Steering LEFT with control 2.000000
[SYS: 2024-11-12 16:50:14][GAME: 00:49.74] Track assistance: angle=144.941162, cur=359.000000, diff=145.941162, control=1.500000
[SYS: 2024-11-12 16:50:14][GAME: 00:49.74] Steering LEFT with control 2.000000
[SYS: 2024-11-12 16:50:14][GAME: 00:49.76] Track assistance: angle=145.340530, cur=359.000000, diff=146.340530, control=1.500000
[SYS: 2024-11-12 16:50:14][GAME: 00:49.76] Steering LEFT with control 2.000000
[SYS: 2024-11-12 16:50:14][GAME: 00:49.77] Track assistance: angle=145.730057, cur=359.000000, diff=146.730057, control=1.500000
[SYS: 2024-11-12 16:50:14][GAME: 00:49.77] Steering LEFT with control 2.000000
[SYS: 2024-11-12 16:50:14][GAME: 00:49.79] Track assistance: angle=146.110046, cur=359.000000, diff=147.110046, control=1.500000
[SYS: 2024-11-12 16:50:14][GAME: 00:49.79] Steering LEFT with control 2.000000
[SYS: 2024-11-12 16:50:14][GAME: 00:49.80] Track assistance: angle=146.471710, cur=359.000000, diff=147.471710, control=1.500000
[SYS: 2024-11-12 16:50:14][GAME: 00:49.80] Steering LEFT with control 2.000000
[SYS: 2024-11-12 16:50:15][GAME: 00:49.82] Track assistance: angle=146.825714, cur=359.000000, diff=147.825714, control=1.500000
[SYS: 2024-11-12 16:50:15][GAME: 00:49.82] Steering LEFT with control 2.000000
[SYS: 2024-11-12 16:50:15][GAME: 00:49.84] Track assistance: angle=147.171005, cur=359.000000, diff=148.171005, control=1.500000
[SYS: 2024-11-12 16:50:15][GAME: 00:49.84] Steering LEFT with control 2.000000
[SYS: 2024-11-12 16:50:15][GAME: 00:49.85] Track assistance: angle=147.507889, cur=359.000000, diff=148.507889, control=1.500000
[SYS: 2024-11-12 16:50:15][GAME: 00:49.85] Steering LEFT with control 2.000000
[SYS: 2024-11-12 16:50:15][GAME: 00:49.87] Track assistance: angle=147.836533, cur=359.000000, diff=148.836533, control=1.500000
[SYS: 2024-11-12 16:50:15][GAME: 00:49.87] Steering LEFT with control 2.000000
[SYS: 2024-11-12 16:50:15][GAME: 00:49.88] Track assistance: angle=148.157257, cur=359.000000, diff=149.157257, control=1.500000
[SYS: 2024-11-12 16:50:15][GAME: 00:49.88] Steering LEFT with control 2.000000
[SYS: 2024-11-12 16:50:15][GAME: 00:49.90] Track assistance: angle=148.470276, cur=359.000000, diff=149.470276, control=1.500000
[SYS: 2024-11-12 16:50:15][GAME: 00:49.90] Steering LEFT with control 2.000000
[SYS: 2024-11-12 16:50:15][GAME: 00:49.92] Track assistance: angle=148.775787, cur=359.000000, diff=149.775787, control=1.500000
[SYS: 2024-11-12 16:50:15][GAME: 00:49.92] Steering LEFT with control 2.000000
[SYS: 2024-11-12 16:50:15][GAME: 00:49.93] Track assistance: angle=149.074066, cur=359.000000, diff=150.074066, control=1.500000
[SYS: 2024-11-12 16:50:15][GAME: 00:49.93] Steering LEFT with control 2.000000
[SYS: 2024-11-12 16:50:15][GAME: 00:49.95] Track assistance: angle=149.365311, cur=359.000000, diff=150.365311, control=1.500000
[SYS: 2024-11-12 16:50:15][GAME: 00:49.95] Steering LEFT with control 2.000000
[SYS: 2024-11-12 16:50:15][GAME: 00:49.96] Track assistance: angle=149.649780, cur=359.000000, diff=150.649780, control=1.500000
[SYS: 2024-11-12 16:50:15][GAME: 00:49.96] Steering LEFT with control 2.000000
[SYS: 2024-11-12 16:50:15][GAME: 00:49.98] Track assistance: angle=149.927628, cur=359.000000, diff=150.927628, control=1.500000
[SYS: 2024-11-12 16:50:15][GAME: 00:49.98] Steering LEFT with control 2.000000
[SYS: 2024-11-12 16:50:15][GAME: 00:50.00] Track assistance: angle=150.199066, cur=359.000000, diff=151.199066, control=1.500000
[SYS: 2024-11-12 16:50:15][GAME: 00:50.00] Steering LEFT with control 2.000000
[SYS: 2024-11-12 16:50:15][GAME: 00:50.01] Track assistance: angle=150.464340, cur=359.000000, diff=151.464340, control=1.500000
[SYS: 2024-11-12 16:50:15][GAME: 00:50.01] Steering LEFT with control 2.000000
[SYS: 2024-11-12 16:50:15][GAME: 00:50.03] Track assistance: angle=150.723587, cur=359.000000, diff=151.723587, control=1.500000
[SYS: 2024-11-12 16:50:15][GAME: 00:50.03] Steering LEFT with control 2.000000
[SYS: 2024-11-12 16:50:15][GAME: 00:50.04] Track assistance: angle=150.976944, cur=359.000000, diff=151.976944, control=1.500000
[SYS: 2024-11-12 16:50:15][GAME: 00:50.04] Steering LEFT with control 2.000000
[SYS: 2024-11-12 16:50:15][GAME: 00:50.06] Track assistance: angle=151.224670, cur=359.000000, diff=152.224670, control=1.500000
[SYS: 2024-11-12 16:50:15][GAME: 00:50.06] Steering LEFT with control 2.000000
[SYS: 2024-11-12 16:50:15][GAME: 00:50.08] Track assistance: angle=151.466888, cur=359.000000, diff=152.466888, control=1.500000
[SYS: 2024-11-12 16:50:15][GAME: 00:50.08] Steering LEFT with control 2.000000
[SYS: 2024-11-12 16:50:15][GAME: 00:50.09] Track assistance: angle=151.703735, cur=359.000000, diff=152.703735, control=1.500000
[SYS: 2024-11-12 16:50:15][GAME: 00:50.09] Steering LEFT with control 2.000000
[SYS: 2024-11-12 16:50:15][GAME: 00:50.11] Track assistance: angle=151.935410, cur=359.000000, diff=152.935410, control=1.500000
[SYS: 2024-11-12 16:50:15][GAME: 00:50.11] Steering LEFT with control 2.000000
[SYS: 2024-11-12 16:50:15][GAME: 00:50.12] Track assistance: angle=152.161987, cur=359.000000, diff=153.161987, control=1.500000
[SYS: 2024-11-12 16:50:15][GAME: 00:50.12] Steering LEFT with control 2.000000
[SYS: 2024-11-12 16:50:15][GAME: 00:50.14] Track assistance: angle=152.383698, cur=359.000000, diff=153.383698, control=1.500000
[SYS: 2024-11-12 16:50:15][GAME: 00:50.14] Steering LEFT with control 2.000000
[SYS: 2024-11-12 16:50:15][GAME: 00:50.16] Track assistance: angle=152.600632, cur=359.000000, diff=153.600632, control=1.500000
[SYS: 2024-11-12 16:50:15][GAME: 00:50.16] Steering LEFT with control 2.000000
[SYS: 2024-11-12 16:50:15][GAME: 00:50.17] Track assistance: angle=152.812943, cur=359.000000, diff=153.812943, control=1.500000
[SYS: 2024-11-12 16:50:15][GAME: 00:50.17] Steering LEFT with control 2.000000
[SYS: 2024-11-12 16:50:15][GAME: 00:50.19] Track assistance: angle=153.020721, cur=359.000000, diff=154.020721, control=1.500000
[SYS: 2024-11-12 16:50:15][GAME: 00:50.19] Steering LEFT with control 2.000000
[SYS: 2024-11-12 16:50:15][GAME: 00:50.20] Track assistance: angle=153.224121, cur=359.000000, diff=154.224121, control=1.500000
[SYS: 2024-11-12 16:50:15][GAME: 00:50.20] Steering LEFT with control 2.000000
[SYS: 2024-11-12 16:50:15][GAME: 00:50.22] Track assistance: angle=153.423248, cur=359.000000, diff=154.423248, control=1.500000
[SYS: 2024-11-12 16:50:15][GAME: 00:50.22] Steering LEFT with control 2.000000
[SYS: 2024-11-12 16:50:15][GAME: 00:50.24] Track assistance: angle=153.618210, cur=359.000000, diff=154.618210, control=1.500000
[SYS: 2024-11-12 16:50:15][GAME: 00:50.24] Steering LEFT with control 2.000000
[SYS: 2024-11-12 16:50:15][GAME: 00:50.25] Track assistance: angle=153.809158, cur=359.000000, diff=154.809158, control=1.500000
[SYS: 2024-11-12 16:50:15][GAME: 00:50.25] Steering LEFT with control 2.000000
[SYS: 2024-11-12 16:50:15][GAME: 00:50.27] Track assistance: angle=153.996185, cur=359.000000, diff=154.996185, control=1.500000
[SYS: 2024-11-12 16:50:15][GAME: 00:50.27] Steering LEFT with control 2.000000
[SYS: 2024-11-12 16:50:15][GAME: 00:50.28] Track assistance: angle=154.179428, cur=359.000000, diff=155.179428, control=1.500000
[SYS: 2024-11-12 16:50:15][GAME: 00:50.28] Steering LEFT with control 2.000000
[SYS: 2024-11-12 16:50:15][GAME: 00:50.30] Track assistance: angle=154.358948, cur=359.000000, diff=155.358948, control=1.500000
[SYS: 2024-11-12 16:50:15][GAME: 00:50.30] Steering LEFT with control 2.000000
[SYS: 2024-11-12 16:50:15][GAME: 00:50.32] Track assistance: angle=154.534836, cur=359.000000, diff=155.534836, control=1.500000
[SYS: 2024-11-12 16:50:15][GAME: 00:50.32] Steering LEFT with control 2.000000
[SYS: 2024-11-12 16:50:15][GAME: 00:50.33] Track assistance: angle=154.707169, cur=359.000000, diff=155.707169, control=1.500000
[SYS: 2024-11-12 16:50:15][GAME: 00:50.33] Steering LEFT with control 2.000000
[SYS: 2024-11-12 16:50:15][GAME: 00:50.35] Track assistance: angle=154.876053, cur=359.000000, diff=155.876053, control=1.500000
[SYS: 2024-11-12 16:50:15][GAME: 00:50.35] Steering LEFT with control 2.000000
[SYS: 2024-11-12 16:50:15][GAME: 00:50.36] Track assistance: angle=155.041580, cur=359.000000, diff=156.041580, control=1.500000
[SYS: 2024-11-12 16:50:15][GAME: 00:50.36] Steering LEFT with control 2.000000
[SYS: 2024-11-12 16:50:15][GAME: 00:50.38] Track assistance: angle=155.203827, cur=359.000000, diff=156.203827, control=1.500000
[SYS: 2024-11-12 16:50:15][GAME: 00:50.38] Steering LEFT with control 2.000000
[SYS: 2024-11-12 16:50:15][GAME: 00:50.40] Track assistance: angle=155.362869, cur=359.000000, diff=156.362869, control=1.500000
[SYS: 2024-11-12 16:50:15][GAME: 00:50.40] Steering LEFT with control 2.000000
[SYS: 2024-11-12 16:50:15][GAME: 00:50.41] Track assistance: angle=155.518814, cur=359.000000, diff=156.518814, control=1.500000
[SYS: 2024-11-12 16:50:15][GAME: 00:50.41] Steering LEFT with control 2.000000
[SYS: 2024-11-12 16:50:15][GAME: 00:50.43] Track assistance: angle=155.671692, cur=359.000000, diff=156.671692, control=1.500000
[SYS: 2024-11-12 16:50:15][GAME: 00:50.43] Steering LEFT with control 2.000000
[SYS: 2024-11-12 16:50:15][GAME: 00:50.44] Track assistance: angle=155.821609, cur=359.000000, diff=156.821609, control=1.500000
[SYS: 2024-11-12 16:50:15][GAME: 00:50.44] Steering LEFT with control 2.000000
[SYS: 2024-11-12 16:50:15][GAME: 00:50.46] Track assistance: angle=155.968628, cur=359.000000, diff=156.968628, control=1.500000
[SYS: 2024-11-12 16:50:15][GAME: 00:50.46] Steering LEFT with control 2.000000
[SYS: 2024-11-12 16:50:15][GAME: 00:50.48] Track assistance: angle=156.112839, cur=359.000000, diff=157.112839, control=1.500000
[SYS: 2024-11-12 16:50:15][GAME: 00:50.48] Steering LEFT with control 2.000000
[SYS: 2024-11-12 16:50:15][GAME: 00:50.49] Track assistance: angle=156.254288, cur=359.000000, diff=157.254288, control=1.500000
[SYS: 2024-11-12 16:50:15][GAME: 00:50.49] Steering LEFT with control 2.000000
[SYS: 2024-11-12 16:50:15][GAME: 00:50.51] Track assistance: angle=156.393051, cur=359.000000, diff=157.393051, control=1.500000
[SYS: 2024-11-12 16:50:15][GAME: 00:50.51] Steering LEFT with control 2.000000
[SYS: 2024-11-12 16:50:15][GAME: 00:50.52] Track assistance: angle=156.529160, cur=359.000000, diff=157.529160, control=1.500000
[SYS: 2024-11-12 16:50:15][GAME: 00:50.52] Steering LEFT with control 2.000000
[SYS: 2024-11-12 16:50:15][GAME: 00:50.54] Track assistance: angle=156.662704, cur=359.000000, diff=157.662704, control=1.500000
[SYS: 2024-11-12 16:50:15][GAME: 00:50.54] Steering LEFT with control 2.000000
[SYS: 2024-11-12 16:50:15][GAME: 00:50.56] Track assistance: angle=156.793747, cur=359.000000, diff=157.793747, control=1.500000
[SYS: 2024-11-12 16:50:15][GAME: 00:50.56] Steering LEFT with control 2.000000
[SYS: 2024-11-12 16:50:15][GAME: 00:50.57] Track assistance: angle=156.922333, cur=359.000000, diff=157.922333, control=1.500000
[SYS: 2024-11-12 16:50:15][GAME: 00:50.57] Steering LEFT with control 2.000000
[SYS: 2024-11-12 16:50:15][GAME: 00:50.59] Track assistance: angle=157.048523, cur=359.000000, diff=158.048523, control=1.500000
[SYS: 2024-11-12 16:50:15][GAME: 00:50.59] Steering LEFT with control 2.000000
[SYS: 2024-11-12 16:50:15][GAME: 00:50.60] Track assistance: angle=157.172363, cur=359.000000, diff=158.172363, control=1.500000
[SYS: 2024-11-12 16:50:15][GAME: 00:50.60] Steering LEFT with control 2.000000
[SYS: 2024-11-12 16:50:15][GAME: 00:50.62] Track assistance: angle=157.293915, cur=359.000000, diff=158.293915, control=1.500000
[SYS: 2024-11-12 16:50:15][GAME: 00:50.62] Steering LEFT with control 2.000000
[SYS: 2024-11-12 16:50:15][GAME: 00:50.64] Track assistance: angle=157.413223, cur=359.000000, diff=158.413223, control=1.500000
[SYS: 2024-11-12 16:50:15][GAME: 00:50.64] Steering LEFT with control 2.000000
[SYS: 2024-11-12 16:50:15][GAME: 00:50.65] Track assistance: angle=157.530365, cur=359.000000, diff=158.530365, control=1.500000
[SYS: 2024-11-12 16:50:15][GAME: 00:50.65] Steering LEFT with control 2.000000
[SYS: 2024-11-12 16:50:15][GAME: 00:50.67] Track assistance: angle=157.645325, cur=359.000000, diff=158.645325, control=1.500000
[SYS: 2024-11-12 16:50:15][GAME: 00:50.67] Steering LEFT with control 2.000000
[SYS: 2024-11-12 16:50:15][GAME: 00:50.68] Track assistance: angle=157.758209, cur=359.000000, diff=158.758209, control=1.500000
[SYS: 2024-11-12 16:50:15][GAME: 00:50.68] Steering LEFT with control 2.000000
[SYS: 2024-11-12 16:50:15][GAME: 00:50.70] Track assistance: angle=157.869019, cur=359.000000, diff=158.869019, control=1.500000
[SYS: 2024-11-12 16:50:15][GAME: 00:50.70] Steering LEFT with control 2.000000
[SYS: 2024-11-12 16:50:15][GAME: 00:50.72] Track assistance: angle=157.977814, cur=359.000000, diff=158.977814, control=1.500000
[SYS: 2024-11-12 16:50:15][GAME: 00:50.72] Steering LEFT with control 2.000000
[SYS: 2024-11-12 16:50:15][GAME: 00:50.73] Track assistance: angle=158.084656, cur=359.000000, diff=159.084656, control=1.500000
[SYS: 2024-11-12 16:50:15][GAME: 00:50.73] Steering LEFT with control 2.000000
[SYS: 2024-11-12 16:50:15][GAME: 00:50.75] Track assistance: angle=158.189560, cur=359.000000, diff=159.189560, control=1.500000
[SYS: 2024-11-12 16:50:15][GAME: 00:50.75] Steering LEFT with control 2.000000
[SYS: 2024-11-12 16:50:15][GAME: 00:50.76] Track assistance: angle=158.292603, cur=359.000000, diff=159.292603, control=1.500000
[SYS: 2024-11-12 16:50:15][GAME: 00:50.76] Steering LEFT with control 2.000000
[SYS: 2024-11-12 16:50:16][GAME: 00:50.78] Track assistance: angle=158.393768, cur=359.000000, diff=159.393768, control=1.500000
[SYS: 2024-11-12 16:50:16][GAME: 00:50.78] Steering LEFT with control 2.000000
[SYS: 2024-11-12 16:50:16][GAME: 00:50.80] Track assistance: angle=158.493134, cur=359.000000, diff=159.493134, control=1.500000
[SYS: 2024-11-12 16:50:16][GAME: 00:50.80] Steering LEFT with control 2.000000
[SYS: 2024-11-12 16:50:16][GAME: 00:50.81] Track assistance: angle=158.590729, cur=359.000000, diff=159.590729, control=1.500000
[SYS: 2024-11-12 16:50:16][GAME: 00:50.81] Steering LEFT with control 2.000000
[SYS: 2024-11-12 16:50:16][GAME: 00:50.83] Track assistance: angle=158.686584, cur=359.000000, diff=159.686584, control=1.500000
[SYS: 2024-11-12 16:50:16][GAME: 00:50.83] Steering LEFT with control 2.000000
[SYS: 2024-11-12 16:50:16][GAME: 00:50.84] Track assistance: angle=158.780746, cur=359.000000, diff=159.780746, control=1.500000
[SYS: 2024-11-12 16:50:16][GAME: 00:50.84] Steering LEFT with control 2.000000
[SYS: 2024-11-12 16:50:16][GAME: 00:50.86] Track assistance: angle=158.873230, cur=359.000000, diff=159.873230, control=1.500000
[SYS: 2024-11-12 16:50:16][GAME: 00:50.86] Steering LEFT with control 2.000000
[SYS: 2024-11-12 16:50:16][GAME: 00:50.88] Track assistance: angle=158.964066, cur=359.000000, diff=159.964066, control=1.500000
[SYS: 2024-11-12 16:50:16][GAME: 00:50.88] Steering LEFT with control 2.000000
[SYS: 2024-11-12 16:50:16][GAME: 00:50.89] Track assistance: angle=159.053299, cur=359.000000, diff=160.053299, control=1.500000
[SYS: 2024-11-12 16:50:16][GAME: 00:50.89] Steering LEFT with control 2.000000
[SYS: 2024-11-12 16:50:16][GAME: 00:50.91] Track assistance: angle=159.140976, cur=359.000000, diff=160.140976, control=1.500000
[SYS: 2024-11-12 16:50:16][GAME: 00:50.91] Steering LEFT with control 2.000000
[SYS: 2024-11-12 16:50:16][GAME: 00:50.92] Track assistance: angle=159.227112, cur=359.000000, diff=160.227112, control=1.500000
[SYS: 2024-11-12 16:50:16][GAME: 00:50.92] Steering LEFT with control 2.000000
[SYS: 2024-11-12 16:50:16][GAME: 00:50.94] Track assistance: angle=159.311707, cur=359.000000, diff=160.311707, control=1.500000
[SYS: 2024-11-12 16:50:16][GAME: 00:50.94] Steering LEFT with control 2.000000
[SYS: 2024-11-12 16:50:16][GAME: 00:50.96] Track assistance: angle=159.394821, cur=359.000000, diff=160.394821, control=1.500000
[SYS: 2024-11-12 16:50:16][GAME: 00:50.96] Steering LEFT with control 2.000000
[SYS: 2024-11-12 16:50:16][GAME: 00:50.97] Track assistance: angle=159.476471, cur=359.000000, diff=160.476471, control=1.500000
[SYS: 2024-11-12 16:50:16][GAME: 00:50.97] Steering LEFT with control 2.000000
[SYS: 2024-11-12 16:50:16][GAME: 00:50.99] Track assistance: angle=159.556686, cur=359.000000, diff=160.556686, control=1.500000
[SYS: 2024-11-12 16:50:16][GAME: 00:50.99] Steering LEFT with control 2.000000
[SYS: 2024-11-12 16:50:16][GAME: 00:51.00] Track assistance: angle=159.635498, cur=359.000000, diff=160.635498, control=1.500000
[SYS: 2024-11-12 16:50:16][GAME: 00:51.00] Steering LEFT with control 2.000000
[SYS: 2024-11-12 16:50:16][GAME: 00:51.02] Track assistance: angle=159.712906, cur=359.000000, diff=160.712906, control=1.500000
[SYS: 2024-11-12 16:50:16][GAME: 00:51.02] Steering LEFT with control 2.000000
[SYS: 2024-11-12 16:50:16][GAME: 00:51.04] Track assistance: angle=159.788971, cur=359.000000, diff=160.788971, control=1.500000
[SYS: 2024-11-12 16:50:16][GAME: 00:51.04] Steering LEFT with control 2.000000
[SYS: 2024-11-12 16:50:16][GAME: 00:51.05] Track assistance: angle=159.863708, cur=359.000000, diff=160.863708, control=1.500000
[SYS: 2024-11-12 16:50:16][GAME: 00:51.05] Steering LEFT with control 2.000000
[SYS: 2024-11-12 16:50:16][GAME: 00:51.07] Track assistance: angle=159.937149, cur=359.000000, diff=160.937149, control=1.500000
[SYS: 2024-11-12 16:50:16][GAME: 00:51.07] Steering LEFT with control 2.000000
[SYS: 2024-11-12 16:50:16][GAME: 00:51.08] Track assistance: angle=160.009262, cur=359.000000, diff=161.009262, control=1.500000
[SYS: 2024-11-12 16:50:16][GAME: 00:51.08] Steering LEFT with control 2.000000
[SYS: 2024-11-12 16:50:16][GAME: 00:51.10] Track assistance: angle=160.080154, cur=359.000000, diff=161.080154, control=1.500000
[SYS: 2024-11-12 16:50:16][GAME: 00:51.10] Steering LEFT with control 2.000000
[SYS: 2024-11-12 16:50:16][GAME: 00:51.12] Track assistance: angle=160.149780, cur=359.000000, diff=161.149780, control=1.500000
[SYS: 2024-11-12 16:50:16][GAME: 00:51.12] Steering LEFT with control 2.000000
[SYS: 2024-11-12 16:50:16][GAME: 00:51.13] Track assistance: angle=160.218170, cur=359.000000, diff=161.218170, control=1.500000
[SYS: 2024-11-12 16:50:16][GAME: 00:51.13] Steering LEFT with control 2.000000
[SYS: 2024-11-12 16:50:16][GAME: 00:51.15] Track assistance: angle=160.285370, cur=359.000000, diff=161.285370, control=1.500000
[SYS: 2024-11-12 16:50:16][GAME: 00:51.15] Steering LEFT with control 2.000000
[SYS: 2024-11-12 16:50:16][GAME: 00:51.16] Track assistance: angle=160.351395, cur=359.000000, diff=161.351395, control=1.500000
[SYS: 2024-11-12 16:50:16][GAME: 00:51.16] Steering LEFT with control 2.000000
[SYS: 2024-11-12 16:50:16][GAME: 00:51.18] Track assistance: angle=160.416245, cur=359.000000, diff=161.416245, control=1.500000
[SYS: 2024-11-12 16:50:16][GAME: 00:51.18] Steering LEFT with control 2.000000
[SYS: 2024-11-12 16:50:16][GAME: 00:51.20] Track assistance: angle=160.479965, cur=359.000000, diff=161.479965, control=1.500000
[SYS: 2024-11-12 16:50:16][GAME: 00:51.20] Steering LEFT with control 2.000000
[SYS: 2024-11-12 16:50:16][GAME: 00:51.21] Track assistance: angle=160.542572, cur=359.000000, diff=161.542572, control=1.500000
[SYS: 2024-11-12 16:50:16][GAME: 00:51.21] Steering LEFT with control 2.000000
[SYS: 2024-11-12 16:50:16][GAME: 00:51.23] Track assistance: angle=160.604034, cur=359.000000, diff=161.604034, control=1.500000
[SYS: 2024-11-12 16:50:16][GAME: 00:51.23] Steering LEFT with control 2.000000
[SYS: 2024-11-12 16:50:16][GAME: 00:51.24] Track assistance: angle=160.664413, cur=359.000000, diff=161.664413, control=1.500000
[SYS: 2024-11-12 16:50:16][GAME: 00:51.24] Steering LEFT with control 2.000000
[SYS: 2024-11-12 16:50:16][GAME: 00:51.26] Track assistance: angle=160.723724, cur=359.000000, diff=161.723724, control=1.500000
[SYS: 2024-11-12 16:50:16][GAME: 00:51.26] Steering LEFT with control 2.000000
[SYS: 2024-11-12 16:50:16][GAME: 00:51.28] Track assistance: angle=160.781982, cur=359.000000, diff=161.781982, control=1.500000
[SYS: 2024-11-12 16:50:16][GAME: 00:51.28] Steering LEFT with control 2.000000
[SYS: 2024-11-12 16:50:16][GAME: 00:51.29] Track assistance: angle=160.839203, cur=359.000000, diff=161.839203, control=1.500000
[SYS: 2024-11-12 16:50:16][GAME: 00:51.29] Steering LEFT with control 2.000000
[SYS: 2024-11-12 16:50:16][GAME: 00:51.31] Track assistance: angle=160.895401, cur=359.000000, diff=161.895401, control=1.500000
[SYS: 2024-11-12 16:50:16][GAME: 00:51.31] Steering LEFT with control 2.000000
[SYS: 2024-11-12 16:50:16][GAME: 00:51.32] Track assistance: angle=160.950592, cur=359.000000, diff=161.950592, control=1.500000
[SYS: 2024-11-12 16:50:16][GAME: 00:51.32] Steering LEFT with control 2.000000
[SYS: 2024-11-12 16:50:16][GAME: 00:51.34] Track assistance: angle=161.004791, cur=359.000000, diff=162.004791, control=1.500000
[SYS: 2024-11-12 16:50:16][GAME: 00:51.34] Steering LEFT with control 2.000000
[SYS: 2024-11-12 16:50:16][GAME: 00:51.36] Track assistance: angle=161.057983, cur=359.000000, diff=162.057983, control=1.500000
[SYS: 2024-11-12 16:50:16][GAME: 00:51.36] Steering LEFT with control 2.000000
[SYS: 2024-11-12 16:50:16][GAME: 00:51.37] Track assistance: angle=161.110214, cur=359.000000, diff=162.110214, control=1.500000
[SYS: 2024-11-12 16:50:16][GAME: 00:51.37] Steering LEFT with control 2.000000
[SYS: 2024-11-12 16:50:16][GAME: 00:51.39] Track assistance: angle=161.161514, cur=359.000000, diff=162.161514, control=1.500000
[SYS: 2024-11-12 16:50:16][GAME: 00:51.39] Steering LEFT with control 2.000000
[SYS: 2024-11-12 16:50:16][GAME: 00:51.40] Track assistance: angle=161.211884, cur=359.000000, diff=162.211884, control=1.500000
[SYS: 2024-11-12 16:50:16][GAME: 00:51.40] Steering LEFT with control 2.000000
[SYS: 2024-11-12 16:50:16][GAME: 00:51.42] Track assistance: angle=161.261230, cur=359.000000, diff=162.261230, control=1.500000
[SYS: 2024-11-12 16:50:16][GAME: 00:51.42] Steering LEFT with control 2.000000
[SYS: 2024-11-12 16:50:16][GAME: 00:51.44] Track assistance: angle=161.309708, cur=359.000000, diff=162.309708, control=1.500000
[SYS: 2024-11-12 16:50:16][GAME: 00:51.44] Steering LEFT with control 2.000000
