[SYS: 2024-11-12 16:40:43][GAME: 00:14.03] Track assistance: angle=-16.986326, cur=326.000000, diff=17.013672, control=0.850684
[SYS: 2024-11-12 16:40:43][GAME: 00:14.03] Steering LEFT with control 1.350684
[SYS: 2024-11-12 16:40:43][GAME: 00:14.04] Track assistance: angle=-16.618013, cur=327.000000, diff=16.381989, control=0.393758
[SYS: 2024-11-12 16:40:43][GAME: 00:14.04] Steering LEFT with control 0.893758
[SYS: 2024-11-12 16:40:48][GAME: 00:19.68] Track assistance: angle=134.779877, cur=96.000000, diff=38.779877, control=1.500000
[SYS: 2024-11-12 16:40:48][GAME: 00:19.68] Steering LEFT with control 2.000000
[SYS: 2024-11-12 16:40:48][GAME: 00:19.69] Track assistance: angle=136.083984, cur=97.000000, diff=39.083984, control=0.984702
[SYS: 2024-11-12 16:40:48][GAME: 00:19.69] Steering LEFT with control 1.484702
[SYS: 2024-11-12 16:40:48][GAME: 00:19.71] Track assistance: angle=137.367523, cur=98.000000, diff=39.367523, control=0.991277
[SYS: 2024-11-12 16:40:48][GAME: 00:19.71] Steering LEFT with control 1.491277
[SYS: 2024-11-12 16:40:48][GAME: 00:19.72] Track assistance: angle=138.622696, cur=99.000000, diff=39.622696, control=0.996947
[SYS: 2024-11-12 16:40:48][GAME: 00:19.72] Steering LEFT with control 1.496947
[SYS: 2024-11-12 16:40:48][GAME: 00:19.74] Track assistance: angle=139.853683, cur=100.000000, diff=39.853683, control=1.002117
[SYS: 2024-11-12 16:40:48][GAME: 00:19.74] Steering LEFT with control 1.502117
[SYS: 2024-11-12 16:40:48][GAME: 00:19.76] Track assistance: angle=141.060638, cur=102.000000, diff=39.060638, control=0.956690
[SYS: 2024-11-12 16:40:48][GAME: 00:19.76] Steering LEFT with control 1.456690
[SYS: 2024-11-12 16:40:48][GAME: 00:19.77] Track assistance: angle=142.243652, cur=103.000000, diff=39.243652, control=0.985667
[SYS: 2024-11-12 16:40:48][GAME: 00:19.77] Steering LEFT with control 1.485667
[SYS: 2024-11-12 16:40:48][GAME: 00:19.79] Track assistance: angle=143.402893, cur=104.000000, diff=39.402893, control=0.989053
[SYS: 2024-11-12 16:40:48][GAME: 00:19.79] Steering LEFT with control 1.489053
[SYS: 2024-11-12 16:40:49][GAME: 00:19.80] Track assistance: angle=144.538818, cur=106.000000, diff=38.538818, control=0.941869
[SYS: 2024-11-12 16:40:49][GAME: 00:19.80] Steering LEFT with control 1.441869
[SYS: 2024-11-12 16:40:49][GAME: 00:19.82] Track assistance: angle=145.650772, cur=107.000000, diff=38.650772, control=0.969068
[SYS: 2024-11-12 16:40:49][GAME: 00:19.82] Steering LEFT with control 1.469068
[SYS: 2024-11-12 16:40:49][GAME: 00:19.84] Track assistance: angle=146.738419, cur=109.000000, diff=37.738419, control=0.920652
[SYS: 2024-11-12 16:40:49][GAME: 00:19.84] Steering LEFT with control 1.420652
[SYS: 2024-11-12 16:40:49][GAME: 00:19.85] Track assistance: angle=147.802063, cur=110.000000, diff=37.802063, control=0.946643
[SYS: 2024-11-12 16:40:49][GAME: 00:19.85] Steering LEFT with control 1.446643
[SYS: 2024-11-12 16:40:49][GAME: 00:19.87] Track assistance: angle=148.840576, cur=112.000000, diff=36.840576, control=0.896977
[SYS: 2024-11-12 16:40:49][GAME: 00:19.87] Steering LEFT with control 1.396977
[SYS: 2024-11-12 16:40:49][GAME: 00:19.88] Track assistance: angle=149.855057, cur=114.000000, diff=35.855057, control=0.871738
[SYS: 2024-11-12 16:40:49][GAME: 00:19.88] Steering LEFT with control 1.371738
[SYS: 2024-11-12 16:40:49][GAME: 00:19.90] Track assistance: angle=150.846085, cur=115.000000, diff=35.846085, control=0.895928
[SYS: 2024-11-12 16:40:49][GAME: 00:19.90] Steering LEFT with control 1.395928
[SYS: 2024-11-12 16:40:49][GAME: 00:19.92] Track assistance: angle=151.814972, cur=117.000000, diff=34.814972, control=0.844597
[SYS: 2024-11-12 16:40:49][GAME: 00:19.92] Steering LEFT with control 1.344597
[SYS: 2024-11-12 16:40:49][GAME: 00:19.93] Track assistance: angle=152.762543, cur=119.000000, diff=33.762543, control=0.817753
[SYS: 2024-11-12 16:40:49][GAME: 00:19.93] Steering LEFT with control 1.317753
[SYS: 2024-11-12 16:40:49][GAME: 00:19.95] Track assistance: angle=153.689911, cur=120.000000, diff=33.689911, control=0.840432
[SYS: 2024-11-12 16:40:49][GAME: 00:19.95] Steering LEFT with control 1.340432
[SYS: 2024-11-12 16:40:49][GAME: 00:19.96] Track assistance: angle=154.598114, cur=122.000000, diff=32.598114, control=0.787658
[SYS: 2024-11-12 16:40:49][GAME: 00:19.96] Steering LEFT with control 1.287658
[SYS: 2024-11-12 16:40:49][GAME: 00:19.98] Track assistance: angle=155.488754, cur=123.000000, diff=32.488754, control=0.809485
[SYS: 2024-11-12 16:40:49][GAME: 00:19.98] Steering LEFT with control 1.309485
[SYS: 2024-11-12 16:40:49][GAME: 00:20.00] Track assistance: angle=156.361847, cur=125.000000, diff=31.361847, control=0.755874
[SYS: 2024-11-12 16:40:49][GAME: 00:20.00] Steering LEFT with control 1.255873
[SYS: 2024-11-12 16:40:49][GAME: 00:20.01] Track assistance: angle=157.218964, cur=127.000000, diff=30.218964, control=0.726902
[SYS: 2024-11-12 16:40:49][GAME: 00:20.01] Steering LEFT with control 1.226902
[SYS: 2024-11-12 16:40:49][GAME: 00:20.03] Track assistance: angle=158.060516, cur=128.000000, diff=30.060516, control=0.747552
[SYS: 2024-11-12 16:40:49][GAME: 00:20.03] Steering LEFT with control 1.247552
[SYS: 2024-11-12 16:40:49][GAME: 00:20.04] Track assistance: angle=158.887787, cur=130.000000, diff=28.887787, control=0.692876
[SYS: 2024-11-12 16:40:49][GAME: 00:20.04] Steering LEFT with control 1.192876
[SYS: 2024-11-12 16:40:49][GAME: 00:20.06] Track assistance: angle=159.701202, cur=132.000000, diff=27.701202, control=0.662865
[SYS: 2024-11-12 16:40:49][GAME: 00:20.06] Steering LEFT with control 1.162865
[SYS: 2024-11-12 16:40:49][GAME: 00:20.08] Track assistance: angle=160.500900, cur=133.000000, diff=27.500900, control=0.682515
[SYS: 2024-11-12 16:40:49][GAME: 00:20.08] Steering LEFT with control 1.182515
[SYS: 2024-11-12 16:40:49][GAME: 00:20.09] Track assistance: angle=161.288162, cur=135.000000, diff=26.288162, control=0.626886
[SYS: 2024-11-12 16:40:49][GAME: 00:20.09] Steering LEFT with control 1.126886
[SYS: 2024-11-12 16:40:49][GAME: 00:20.11] Track assistance: angle=162.063354, cur=137.000000, diff=25.063354, control=0.595964
[SYS: 2024-11-12 16:40:49][GAME: 00:20.11] Steering LEFT with control 1.095964
[SYS: 2024-11-12 16:40:49][GAME: 00:20.12] Track assistance: angle=162.826492, cur=138.000000, diff=24.826492, control=0.614741
[SYS: 2024-11-12 16:40:49][GAME: 00:20.12] Steering LEFT with control 1.114741
[SYS: 2024-11-12 16:40:49][GAME: 00:20.14] Track assistance: angle=163.578598, cur=140.000000, diff=23.578598, control=0.558268
[SYS: 2024-11-12 16:40:49][GAME: 00:20.14] Steering LEFT with control 1.058268
[SYS: 2024-11-12 16:40:49][GAME: 00:20.16] Track assistance: angle=164.314606, cur=141.000000, diff=23.314606, control=0.576265
[SYS: 2024-11-12 16:40:49][GAME: 00:20.16] Steering LEFT with control 1.076265
[SYS: 2024-11-12 16:40:49][GAME: 00:20.17] Track assistance: angle=165.034836, cur=143.000000, diff=22.034836, control=0.518877
[SYS: 2024-11-12 16:40:49][GAME: 00:20.17] Steering LEFT with control 1.018877
[SYS: 2024-11-12 16:40:49][GAME: 00:20.19] Track assistance: angle=165.740356, cur=145.000000, diff=20.740356, control=0.486147
[SYS: 2024-11-12 16:40:49][GAME: 00:20.19] Steering LEFT with control 0.986147
[SYS: 2024-11-12 16:41:03][GAME: 00:33.74] Track assistance: angle=98.231682, cur=56.000000, diff=42.231682, control=1.500000
[SYS: 2024-11-12 16:41:03][GAME: 00:33.74] Steering LEFT with control 2.000000
[SYS: 2024-11-12 16:41:03][GAME: 00:33.76] Track assistance: angle=101.867271, cur=58.000000, diff=43.867271, control=1.137572
[SYS: 2024-11-12 16:41:03][GAME: 00:33.76] Steering LEFT with control 1.637572
[SYS: 2024-11-12 16:41:03][GAME: 00:33.77] Track assistance: angle=105.523705, cur=60.000000, diff=45.523705, control=1.179503
[SYS: 2024-11-12 16:41:03][GAME: 00:33.77] Steering LEFT with control 1.679503
[SYS: 2024-11-12 16:41:03][GAME: 00:33.79] Track assistance: angle=109.167290, cur=62.000000, diff=47.167290, control=1.220272
[SYS: 2024-11-12 16:41:03][GAME: 00:33.79] Steering LEFT with control 1.720272
[SYS: 2024-11-12 16:41:03][GAME: 00:33.80] Track assistance: angle=112.780121, cur=64.000000, diff=48.780121, control=1.259824
[SYS: 2024-11-12 16:41:03][GAME: 00:33.80] Steering LEFT with control 1.759824
[SYS: 2024-11-12 16:41:03][GAME: 00:33.82] Track assistance: angle=116.341248, cur=66.000000, diff=50.341248, control=1.297559
[SYS: 2024-11-12 16:41:03][GAME: 00:33.82] Steering LEFT with control 1.797559
[SYS: 2024-11-12 16:41:03][GAME: 00:33.84] Track assistance: angle=119.832108, cur=68.000000, diff=51.832108, control=1.333074
[SYS: 2024-11-12 16:41:03][GAME: 00:33.84] Steering LEFT with control 1.833074
[SYS: 2024-11-12 16:41:03][GAME: 00:33.85] Track assistance: angle=123.235695, cur=70.000000, diff=53.235695, control=1.365982
[SYS: 2024-11-12 16:41:03][GAME: 00:33.85] Steering LEFT with control 1.865982
[SYS: 2024-11-12 16:41:03][GAME: 00:33.87] Track assistance: angle=126.538406, cur=72.000000, diff=54.538406, control=1.396028
[SYS: 2024-11-12 16:41:03][GAME: 00:33.87] Steering LEFT with control 1.896028
[SYS: 2024-11-12 16:41:03][GAME: 00:33.88] Track assistance: angle=129.728638, cur=74.000000, diff=55.728638, control=1.422972
[SYS: 2024-11-12 16:41:03][GAME: 00:33.88] Steering LEFT with control 1.922972
[SYS: 2024-11-12 16:41:03][GAME: 00:33.90] Track assistance: angle=132.798584, cur=76.000000, diff=56.798584, control=1.446713
[SYS: 2024-11-12 16:41:03][GAME: 00:33.90] Steering LEFT with control 1.946713
[SYS: 2024-11-12 16:41:03][GAME: 00:34.11] Track assistance: angle=128.606812, cur=93.000000, diff=35.606812, control=0.360376
[SYS: 2024-11-12 16:41:03][GAME: 00:34.11] Steering LEFT with control 0.860376
[SYS: 2024-11-12 16:41:03][GAME: 00:34.12] Track assistance: angle=129.722824, cur=94.000000, diff=35.722824, control=0.895971
[SYS: 2024-11-12 16:41:03][GAME: 00:34.12] Steering LEFT with control 1.395971
[SYS: 2024-11-12 16:41:03][GAME: 00:34.14] Track assistance: angle=130.812576, cur=94.000000, diff=36.812576, control=0.947558
[SYS: 2024-11-12 16:41:03][GAME: 00:34.14] Steering LEFT with control 1.447558
[SYS: 2024-11-12 16:41:03][GAME: 00:34.16] Track assistance: angle=131.878815, cur=95.000000, diff=36.878815, control=0.923626
[SYS: 2024-11-12 16:41:03][GAME: 00:34.16] Steering LEFT with control 1.423626
[SYS: 2024-11-12 16:41:03][GAME: 00:34.17] Track assistance: angle=132.918457, cur=96.000000, diff=36.918457, control=0.923952
[SYS: 2024-11-12 16:41:03][GAME: 00:34.17] Steering LEFT with control 1.423952
[SYS: 2024-11-12 16:41:04][GAME: 00:34.19] Track assistance: angle=133.931885, cur=97.000000, diff=36.931885, control=0.923633
[SYS: 2024-11-12 16:41:04][GAME: 00:34.19] Steering LEFT with control 1.423633
[SYS: 2024-11-12 16:41:04][GAME: 00:34.20] Track assistance: angle=134.919846, cur=98.000000, diff=36.919846, control=0.922695
[SYS: 2024-11-12 16:41:04][GAME: 00:34.20] Steering LEFT with control 1.422695
[SYS: 2024-11-12 16:41:04][GAME: 00:34.22] Track assistance: angle=135.883041, cur=99.000000, diff=36.883041, control=0.921156
[SYS: 2024-11-12 16:41:04][GAME: 00:34.22] Steering LEFT with control 1.421156
[SYS: 2024-11-12 16:41:04][GAME: 00:34.24] Track assistance: angle=136.822205, cur=100.000000, diff=36.822205, control=0.919034
[SYS: 2024-11-12 16:41:04][GAME: 00:34.24] Steering LEFT with control 1.419034
[SYS: 2024-11-12 16:41:04][GAME: 00:34.25] Track assistance: angle=137.737686, cur=101.000000, diff=36.737686, control=0.916329
[SYS: 2024-11-12 16:41:04][GAME: 00:34.25] Steering LEFT with control 1.416329
[SYS: 2024-11-12 16:41:04][GAME: 00:34.27] Track assistance: angle=138.630051, cur=102.000000, diff=36.630051, control=0.913060
[SYS: 2024-11-12 16:41:04][GAME: 00:34.27] Steering LEFT with control 1.413060
[SYS: 2024-11-12 16:41:04][GAME: 00:34.28] Track assistance: angle=139.499680, cur=103.000000, diff=36.499680, control=0.909233
[SYS: 2024-11-12 16:41:04][GAME: 00:34.28] Steering LEFT with control 1.409233
[SYS: 2024-11-12 16:41:04][GAME: 00:34.30] Track assistance: angle=140.346802, cur=105.000000, diff=35.346802, control=0.854848
[SYS: 2024-11-12 16:41:04][GAME: 00:34.30] Steering LEFT with control 1.354848
[SYS: 2024-11-12 16:41:04][GAME: 00:34.32] Track assistance: angle=141.171509, cur=106.000000, diff=35.171509, control=0.874905
[SYS: 2024-11-12 16:41:04][GAME: 00:34.32] Steering LEFT with control 1.374905
[SYS: 2024-11-12 16:41:04][GAME: 00:34.33] Track assistance: angle=141.973633, cur=108.000000, diff=33.973633, control=0.819394
[SYS: 2024-11-12 16:41:04][GAME: 00:34.33] Steering LEFT with control 1.319394
[SYS: 2024-11-12 16:41:04][GAME: 00:34.35] Track assistance: angle=142.753784, cur=109.000000, diff=33.753784, control=0.838348
[SYS: 2024-11-12 16:41:04][GAME: 00:34.35] Steering LEFT with control 1.338348
[SYS: 2024-11-12 16:41:04][GAME: 00:34.36] Track assistance: angle=143.512482, cur=110.000000, diff=33.512482, control=0.831779
[SYS: 2024-11-12 16:41:04][GAME: 00:34.36] Steering LEFT with control 1.331779
[SYS: 2024-11-12 16:41:04][GAME: 00:34.38] Track assistance: angle=144.251175, cur=112.000000, diff=32.251175, control=0.774747
[SYS: 2024-11-12 16:41:04][GAME: 00:34.38] Steering LEFT with control 1.274747
[SYS: 2024-11-12 16:41:04][GAME: 00:34.40] Track assistance: angle=144.969757, cur=114.000000, diff=30.969757, control=0.742208
[SYS: 2024-11-12 16:41:04][GAME: 00:34.40] Steering LEFT with control 1.242208
[SYS: 2024-11-12 16:41:04][GAME: 00:34.41] Track assistance: angle=145.669662, cur=115.000000, diff=30.669662, control=0.759239
[SYS: 2024-11-12 16:41:04][GAME: 00:34.41] Steering LEFT with control 1.259239
[SYS: 2024-11-12 16:41:04][GAME: 00:34.43] Track assistance: angle=146.351761, cur=117.000000, diff=29.351761, control=0.700846
[SYS: 2024-11-12 16:41:04][GAME: 00:34.43] Steering LEFT with control 1.200846
[SYS: 2024-11-12 16:41:04][GAME: 00:34.44] Track assistance: angle=147.017654, cur=118.000000, diff=29.017654, control=0.717089
[SYS: 2024-11-12 16:41:04][GAME: 00:34.44] Steering LEFT with control 1.217089
[SYS: 2024-11-12 16:41:04][GAME: 00:34.46] Track assistance: angle=147.668091, cur=120.000000, diff=27.668091, control=0.657963
[SYS: 2024-11-12 16:41:04][GAME: 00:34.46] Steering LEFT with control 1.157963
[SYS: 2024-11-12 16:41:04][GAME: 00:34.48] Track assistance: angle=148.303528, cur=121.000000, diff=27.303528, control=0.673474
[SYS: 2024-11-12 16:41:04][GAME: 00:34.48] Steering LEFT with control 1.173474
[SYS: 2024-11-12 16:41:04][GAME: 00:34.49] Track assistance: angle=148.924484, cur=123.000000, diff=25.924484, control=0.613636
[SYS: 2024-11-12 16:41:04][GAME: 00:34.49] Steering LEFT with control 1.113636
[SYS: 2024-11-12 16:41:04][GAME: 00:34.51] Track assistance: angle=149.532074, cur=124.000000, diff=25.532074, control=0.628492
[SYS: 2024-11-12 16:41:04][GAME: 00:34.51] Steering LEFT with control 1.128492
[SYS: 2024-11-12 16:41:04][GAME: 00:34.52] Track assistance: angle=150.126541, cur=126.000000, diff=24.126541, control=0.568025
[SYS: 2024-11-12 16:41:04][GAME: 00:34.52] Steering LEFT with control 1.068025
[SYS: 2024-11-12 16:41:04][GAME: 00:34.54] Track assistance: angle=150.708862, cur=127.000000, diff=23.708862, control=0.582280
[SYS: 2024-11-12 16:41:04][GAME: 00:34.54] Steering LEFT with control 1.082280
[SYS: 2024-11-12 16:41:04][GAME: 00:34.56] Track assistance: angle=151.279068, cur=129.000000, diff=22.279068, control=0.521232
[SYS: 2024-11-12 16:41:04][GAME: 00:34.56] Steering LEFT with control 1.021232
[SYS: 2024-11-12 16:41:04][GAME: 00:34.57] Track assistance: angle=151.837296, cur=131.000000, diff=20.837296, control=0.484888
[SYS: 2024-11-12 16:41:04][GAME: 00:34.57] Steering LEFT with control 0.984888
[SYS: 2024-11-12 16:41:04][GAME: 00:34.59] Track assistance: angle=152.383224, cur=132.000000, diff=20.383224, control=0.498229
[SYS: 2024-11-12 16:41:04][GAME: 00:34.59] Steering LEFT with control 0.998229
[SYS: 2024-11-12 16:41:04][GAME: 00:34.60] Track assistance: angle=152.917587, cur=134.000000, diff=18.917587, control=0.436299
[SYS: 2024-11-12 16:41:04][GAME: 00:34.60] Steering LEFT with control 0.936299
[SYS: 2024-11-12 16:41:04][GAME: 00:34.62] Track assistance: angle=153.440735, cur=135.000000, diff=18.440735, control=0.449097
[SYS: 2024-11-12 16:41:04][GAME: 00:34.62] Steering LEFT with control 0.949097
[SYS: 2024-11-12 16:41:04][GAME: 00:34.64] Track assistance: angle=153.952072, cur=137.000000, diff=16.952072, control=0.386585
[SYS: 2024-11-12 16:41:04][GAME: 00:34.64] Steering LEFT with control 0.886585
[SYS: 2024-11-12 16:41:04][GAME: 00:34.65] Track assistance: angle=154.451294, cur=138.000000, diff=16.451294, control=0.398763
[SYS: 2024-11-12 16:41:04][GAME: 00:34.65] Steering LEFT with control 0.898763
[SYS: 2024-11-12 16:41:04][GAME: 00:34.67] Track assistance: angle=154.937668, cur=140.000000, diff=14.937668, control=0.335601
[SYS: 2024-11-12 16:41:04][GAME: 00:34.67] Steering LEFT with control 0.835601
[SYS: 2024-11-12 16:41:04][GAME: 00:34.68] Track assistance: angle=155.411423, cur=141.000000, diff=14.411423, control=0.347129
[SYS: 2024-11-12 16:41:04][GAME: 00:34.68] Steering LEFT with control 0.847129
[SYS: 2024-11-12 16:41:04][GAME: 00:34.70] Track assistance: angle=155.871796, cur=143.000000, diff=12.871796, control=0.283304
[SYS: 2024-11-12 16:41:04][GAME: 00:34.70] Steering LEFT with control 0.783304
[SYS: 2024-11-12 16:41:04][GAME: 00:34.72] Track assistance: angle=156.319153, cur=144.000000, diff=12.319153, control=0.294163
[SYS: 2024-11-12 16:41:04][GAME: 00:34.72] Steering LEFT with control 0.794163
[SYS: 2024-11-12 16:41:04][GAME: 00:34.73] Track assistance: angle=156.752914, cur=146.000000, diff=10.752914, control=0.229667
[SYS: 2024-11-12 16:41:04][GAME: 00:34.73] Steering LEFT with control 0.729667
[SYS: 2024-11-12 16:41:04][GAME: 00:34.75] Track assistance: angle=157.169601, cur=147.000000, diff=10.169601, control=0.239657
[SYS: 2024-11-12 16:41:04][GAME: 00:34.75] Steering LEFT with control 0.739657
[SYS: 2024-11-12 16:41:04][GAME: 00:34.76] Track assistance: angle=157.568863, cur=149.000000, diff=8.568863, control=0.174203
[SYS: 2024-11-12 16:41:04][GAME: 00:34.76] Steering LEFT with control 0.674203
[SYS: 2024-11-12 16:41:05][GAME: 00:35.76] Track assistance: angle=150.465622, cur=129.000000, diff=21.465622, control=0.859060
[SYS: 2024-11-12 16:41:05][GAME: 00:35.76] Steering LEFT with control 1.359060
[SYS: 2024-11-12 16:41:05][GAME: 00:35.77] Track assistance: angle=150.700882, cur=129.000000, diff=21.700882, control=0.548404
[SYS: 2024-11-12 16:41:05][GAME: 00:35.77] Steering LEFT with control 1.048404
[SYS: 2024-11-12 16:41:05][GAME: 00:35.79] Track assistance: angle=150.948166, cur=129.000000, diff=21.948166, control=0.554886
[SYS: 2024-11-12 16:41:05][GAME: 00:35.79] Steering LEFT with control 1.054886
[SYS: 2024-11-12 16:41:05][GAME: 00:35.80] Track assistance: angle=151.197708, cur=130.000000, diff=21.197708, control=0.511181
[SYS: 2024-11-12 16:41:05][GAME: 00:35.80] Steering LEFT with control 1.011181
[SYS: 2024-11-12 16:41:05][GAME: 00:35.82] Track assistance: angle=151.452011, cur=130.000000, diff=21.452011, control=0.542658
[SYS: 2024-11-12 16:41:05][GAME: 00:35.82] Steering LEFT with control 1.042658
[SYS: 2024-11-12 16:41:05][GAME: 00:35.84] Track assistance: angle=151.710922, cur=131.000000, diff=20.710922, control=0.499246
[SYS: 2024-11-12 16:41:05][GAME: 00:35.84] Steering LEFT with control 0.999246
[SYS: 2024-11-12 16:41:05][GAME: 00:35.85] Track assistance: angle=151.973969, cur=132.000000, diff=19.973969, control=0.480925
[SYS: 2024-11-12 16:41:05][GAME: 00:35.85] Steering LEFT with control 0.980925
[SYS: 2024-11-12 16:41:05][GAME: 00:35.87] Track assistance: angle=152.240555, cur=133.000000, diff=19.240555, control=0.462679
[SYS: 2024-11-12 16:41:05][GAME: 00:35.87] Steering LEFT with control 0.962679
[SYS: 2024-11-12 16:41:05][GAME: 00:35.88] Track assistance: angle=152.510315, cur=135.000000, diff=17.510315, control=0.394502
[SYS: 2024-11-12 16:41:05][GAME: 00:35.88] Steering LEFT with control 0.894502
[SYS: 2024-11-12 16:41:05][GAME: 00:35.90] Track assistance: angle=152.782288, cur=136.000000, diff=16.782288, control=0.401356
[SYS: 2024-11-12 16:41:05][GAME: 00:35.90] Steering LEFT with control 0.901356
[SYS: 2024-11-12 16:41:05][GAME: 00:35.92] Track assistance: angle=153.055252, cur=138.000000, diff=15.055252, control=0.333205
[SYS: 2024-11-12 16:41:05][GAME: 00:35.92] Steering LEFT with control 0.833205
[SYS: 2024-11-12 16:41:05][GAME: 00:35.93] Track assistance: angle=153.328522, cur=139.000000, diff=14.328522, control=0.340045
[SYS: 2024-11-12 16:41:05][GAME: 00:35.93] Steering LEFT with control 0.840045
[SYS: 2024-11-12 16:41:05][GAME: 00:35.95] Track assistance: angle=153.600922, cur=141.000000, diff=12.600922, control=0.271833
[SYS: 2024-11-12 16:41:05][GAME: 00:35.95] Steering LEFT with control 0.771833
[SYS: 2024-11-12 16:41:05][GAME: 00:35.96] Track assistance: angle=153.871475, cur=143.000000, diff=10.871475, control=0.228551
[SYS: 2024-11-12 16:41:05][GAME: 00:35.96] Steering LEFT with control 0.728551
[SYS: 2024-11-12 16:41:05][GAME: 00:35.98] Track assistance: angle=154.138733, cur=144.000000, diff=10.138733, control=0.235150
[SYS: 2024-11-12 16:41:05][GAME: 00:35.98] Steering LEFT with control 0.735150
[SYS: 2024-11-12 16:41:05][GAME: 00:36.00] Track assistance: angle=154.401718, cur=146.000000, diff=8.401718, control=0.166618
[SYS: 2024-11-12 16:41:05][GAME: 00:36.00] Steering LEFT with control 0.666618
[SYS: 2024-11-12 16:41:05][GAME: 00:36.01] Track assistance: angle=154.659576, cur=148.000000, diff=6.659576, control=0.122936
[SYS: 2024-11-12 16:41:05][GAME: 00:36.01] Steering LEFT with control 0.622936
[SYS: 2024-11-12 16:41:05][GAME: 00:36.03] Track assistance: angle=154.910141, cur=149.000000, diff=5.910141, control=0.129018
[SYS: 2024-11-12 16:41:05][GAME: 00:36.03] Steering LEFT with control 0.629018
[SYS: 2024-11-12 16:41:05][GAME: 00:36.04] Track assistance: angle=155.153259, cur=151.000000, diff=4.153259, control=0.059909
[SYS: 2024-11-12 16:41:05][GAME: 00:36.04] Steering LEFT with control 0.559909
[SYS: 2024-11-12 16:41:05][GAME: 00:36.06] Track assistance: angle=155.387283, cur=153.000000, diff=2.387283, control=0.015533
[SYS: 2024-11-12 16:41:05][GAME: 00:36.08] Track assistance: angle=155.610718, cur=154.000000, diff=1.610718, control=0.020854
[SYS: 2024-11-12 16:41:05][GAME: 00:36.09] Track assistance: angle=155.822662, cur=156.000000, diff=-0.177338, control=0.049135
[SYS: 2024-11-12 16:41:17][GAME: 00:47.42] Track assistance: angle=-16.531725, cur=27.000000, diff=-43.531723, control=1.500000
[SYS: 2024-11-12 16:41:17][GAME: 00:47.42] Steering RIGHT with control 2.000000
[SYS: 2024-11-12 16:41:17][GAME: 00:47.44] Track assistance: angle=-17.516497, cur=26.000000, diff=-43.516495, control=1.087532
[SYS: 2024-11-12 16:41:17][GAME: 00:47.44] Steering RIGHT with control 1.587532
[SYS: 2024-11-12 16:41:17][GAME: 00:47.45] Track assistance: angle=-18.540180, cur=26.000000, diff=-44.540180, control=1.139097
[SYS: 2024-11-12 16:41:17][GAME: 00:47.45] Steering RIGHT with control 1.639097
[SYS: 2024-11-12 16:41:17][GAME: 00:47.47] Track assistance: angle=-19.588800, cur=26.000000, diff=-45.588799, control=1.165935
[SYS: 2024-11-12 16:41:17][GAME: 00:47.47] Steering RIGHT with control 1.665935
[SYS: 2024-11-12 16:41:17][GAME: 00:47.48] Track assistance: angle=-20.666958, cur=25.000000, diff=-45.666958, control=1.143628
[SYS: 2024-11-12 16:41:17][GAME: 00:47.48] Steering RIGHT with control 1.643628
[SYS: 2024-11-12 16:41:17][GAME: 00:47.50] Track assistance: angle=-21.774647, cur=24.000000, diff=-45.774647, control=1.147058
[SYS: 2024-11-12 16:41:17][GAME: 00:47.50] Steering RIGHT with control 1.647058
[SYS: 2024-11-12 16:41:17][GAME: 00:47.52] Track assistance: angle=-22.912046, cur=22.000000, diff=-44.912048, control=1.101236
[SYS: 2024-11-12 16:41:17][GAME: 00:47.52] Steering RIGHT with control 1.601236
[SYS: 2024-11-12 16:41:17][GAME: 00:47.53] Track assistance: angle=-24.079086, cur=21.000000, diff=-45.079086, control=1.131153
[SYS: 2024-11-12 16:41:17][GAME: 00:47.53] Steering RIGHT with control 1.631153
[SYS: 2024-11-12 16:41:17][GAME: 00:47.55] Track assistance: angle=-25.275455, cur=19.000000, diff=-44.275455, control=1.086796
[SYS: 2024-11-12 16:41:17][GAME: 00:47.55] Steering RIGHT with control 1.586796
[SYS: 2024-11-12 16:41:17][GAME: 00:47.56] Track assistance: angle=-26.500561, cur=17.000000, diff=-43.500561, control=1.068142
[SYS: 2024-11-12 16:41:17][GAME: 00:47.56] Steering RIGHT with control 1.568142
[SYS: 2024-11-12 16:41:17][GAME: 00:47.58] Track assistance: angle=-27.753529, cur=15.000000, diff=-42.753529, control=1.050162
[SYS: 2024-11-12 16:41:17][GAME: 00:47.58] Steering RIGHT with control 1.550162
[SYS: 2024-11-12 16:41:17][GAME: 00:47.60] Track assistance: angle=-29.033840, cur=12.000000, diff=-41.033840, control=0.982854
[SYS: 2024-11-12 16:41:17][GAME: 00:47.60] Steering RIGHT with control 1.482854
[SYS: 2024-11-12 16:41:18][GAME: 00:47.61] Track assistance: angle=-30.105635, cur=10.000000, diff=-40.105637, control=0.979436
[SYS: 2024-11-12 16:41:18][GAME: 00:47.61] Steering RIGHT with control 1.479436
[SYS: 2024-11-12 16:41:18][GAME: 00:47.63] Track assistance: angle=-31.222649, cur=7.000000, diff=-38.222649, control=0.908492
[SYS: 2024-11-12 16:41:18][GAME: 00:47.63] Steering RIGHT with control 1.408492
[SYS: 2024-11-12 16:41:18][GAME: 00:47.64] Track assistance: angle=-32.360569, cur=4.000000, diff=-36.360569, control=0.862462
[SYS: 2024-11-12 16:41:18][GAME: 00:47.64] Steering RIGHT with control 1.362462
[SYS: 2024-11-12 16:41:18][GAME: 00:47.66] Track assistance: angle=-33.501564, cur=1.000000, diff=-34.501564, control=0.816064
[SYS: 2024-11-12 16:41:18][GAME: 00:47.66] Steering RIGHT with control 1.316064
[SYS: 2024-11-12 16:41:18][GAME: 00:47.68] Track assistance: angle=-34.643482, cur=358.000000, diff=-32.643494, control=0.769636
[SYS: 2024-11-12 16:41:18][GAME: 00:47.68] Steering RIGHT with control 1.269636
[SYS: 2024-11-12 16:41:18][GAME: 00:47.69] Track assistance: angle=-35.783970, cur=355.000000, diff=-30.783966, control=0.723111
[SYS: 2024-11-12 16:41:18][GAME: 00:47.69] Steering RIGHT with control 1.223111
[SYS: 2024-11-12 16:41:18][GAME: 00:47.71] Track assistance: angle=-36.920551, cur=352.000000, diff=-28.920563, control=0.676429
[SYS: 2024-11-12 16:41:18][GAME: 00:47.71] Steering RIGHT with control 1.176429
[SYS: 2024-11-12 16:41:18][GAME: 00:47.72] Track assistance: angle=-38.049873, cur=350.000000, diff=-28.049866, control=0.679479
[SYS: 2024-11-12 16:41:18][GAME: 00:47.72] Steering RIGHT with control 1.179479
[SYS: 2024-11-12 16:41:18][GAME: 00:47.74] Track assistance: angle=-39.169403, cur=347.000000, diff=-26.169403, control=0.607224
[SYS: 2024-11-12 16:41:18][GAME: 00:47.74] Steering RIGHT with control 1.107224
[SYS: 2024-11-12 16:41:18][GAME: 00:47.76] Track assistance: angle=-40.276375, cur=344.000000, diff=-24.276367, control=0.559583
[SYS: 2024-11-12 16:41:18][GAME: 00:47.76] Steering RIGHT with control 1.059583
[SYS: 2024-11-12 16:41:18][GAME: 00:47.77] Track assistance: angle=-41.367199, cur=341.000000, diff=-22.367188, control=0.511450
[SYS: 2024-11-12 16:41:18][GAME: 00:47.77] Steering RIGHT with control 1.011450
[SYS: 2024-11-12 16:41:18][GAME: 00:47.79] Track assistance: angle=-42.439007, cur=339.000000, diff=-21.438995, control=0.512770
[SYS: 2024-11-12 16:41:18][GAME: 00:47.79] Steering RIGHT with control 1.012770
[SYS: 2024-11-12 16:41:18][GAME: 00:47.80] Track assistance: angle=-43.489296, cur=336.000000, diff=-19.489288, control=0.438490
[SYS: 2024-11-12 16:41:18][GAME: 00:47.80] Steering RIGHT with control 0.938490
[SYS: 2024-11-12 16:41:18][GAME: 00:47.82] Track assistance: angle=-44.515133, cur=333.000000, diff=-17.515137, control=0.388525
[SYS: 2024-11-12 16:41:18][GAME: 00:47.82] Steering RIGHT with control 0.888525
[SYS: 2024-11-12 16:41:18][GAME: 00:47.84] Track assistance: angle=-45.513718, cur=331.000000, diff=-16.513733, control=0.387808
[SYS: 2024-11-12 16:41:18][GAME: 00:47.84] Steering RIGHT with control 0.887808
[SYS: 2024-11-12 16:41:18][GAME: 00:47.85] Track assistance: angle=-46.384777, cur=328.000000, diff=-14.384766, control=0.306395
[SYS: 2024-11-12 16:41:18][GAME: 00:47.85] Steering RIGHT with control 0.806395
[SYS: 2024-11-12 16:41:18][GAME: 00:47.87] Track assistance: angle=-47.236500, cur=326.000000, diff=-13.236511, control=0.302206
[SYS: 2024-11-12 16:41:18][GAME: 00:47.87] Steering RIGHT with control 0.802206
[SYS: 2024-11-12 16:41:18][GAME: 00:47.88] Track assistance: angle=-48.044624, cur=324.000000, diff=-12.044617, control=0.271318
[SYS: 2024-11-12 16:41:18][GAME: 00:47.88] Steering RIGHT with control 0.771318
[SYS: 2024-11-12 16:41:18][GAME: 00:47.90] Track assistance: angle=-48.804440, cur=322.000000, diff=-10.804443, control=0.239107
[SYS: 2024-11-12 16:41:18][GAME: 00:47.90] Steering RIGHT with control 0.739107
[SYS: 2024-11-12 16:41:18][GAME: 00:47.92] Track assistance: angle=-11.217265, cur=320.000000, diff=28.782745, control=1.500000
[SYS: 2024-11-12 16:41:18][GAME: 00:47.92] Steering LEFT with control 2.000000
[SYS: 2024-11-12 16:41:18][GAME: 00:47.93] Track assistance: angle=-11.202064, cur=319.000000, diff=29.797943, control=0.770329
[SYS: 2024-11-12 16:41:18][GAME: 00:47.93] Steering LEFT with control 1.270329
[SYS: 2024-11-12 16:41:18][GAME: 00:47.95] Track assistance: angle=-11.164242, cur=317.000000, diff=31.835754, control=0.846839
[SYS: 2024-11-12 16:41:18][GAME: 00:47.95] Steering LEFT with control 1.346839
[SYS: 2024-11-12 16:41:18][GAME: 00:47.96] Track assistance: angle=-11.117554, cur=316.000000, diff=32.882446, control=0.848228
[SYS: 2024-11-12 16:41:18][GAME: 00:47.96] Steering LEFT with control 1.348228
[SYS: 2024-11-12 16:41:18][GAME: 00:47.98] Track assistance: angle=-11.057786, cur=316.000000, diff=32.942200, control=0.825049
[SYS: 2024-11-12 16:41:18][GAME: 00:47.98] Steering LEFT with control 1.325049
[SYS: 2024-11-12 16:41:18][GAME: 00:48.00] Track assistance: angle=-10.986146, cur=316.000000, diff=33.013855, control=0.827138
[SYS: 2024-11-12 16:41:18][GAME: 00:48.00] Steering LEFT with control 1.327138
[SYS: 2024-11-12 16:41:18][GAME: 00:48.01] Track assistance: angle=-10.903685, cur=317.000000, diff=32.096313, control=0.779469
[SYS: 2024-11-12 16:41:18][GAME: 00:48.01] Steering LEFT with control 1.279469
[SYS: 2024-11-12 16:41:18][GAME: 00:48.03] Track assistance: angle=-10.811198, cur=317.000000, diff=32.188812, control=0.807033
[SYS: 2024-11-12 16:41:18][GAME: 00:48.03] Steering LEFT with control 1.307033
[SYS: 2024-11-12 16:41:18][GAME: 00:48.04] Track assistance: angle=-10.710127, cur=318.000000, diff=31.289886, control=0.759774
[SYS: 2024-11-12 16:41:18][GAME: 00:48.04] Steering LEFT with control 1.259774
[SYS: 2024-11-12 16:41:18][GAME: 00:48.06] Track assistance: angle=-10.601885, cur=319.000000, diff=30.398102, control=0.737658
[SYS: 2024-11-12 16:41:18][GAME: 00:48.06] Steering LEFT with control 1.237658
[SYS: 2024-11-12 16:41:18][GAME: 00:48.08] Track assistance: angle=-10.487955, cur=321.000000, diff=28.512054, control=0.665650
[SYS: 2024-11-12 16:41:18][GAME: 00:48.08] Steering LEFT with control 1.165650
[SYS: 2024-11-12 16:41:18][GAME: 00:48.09] Track assistance: angle=-10.369442, cur=322.000000, diff=27.630554, control=0.668726
[SYS: 2024-11-12 16:41:18][GAME: 00:48.09] Steering LEFT with control 1.168726
[SYS: 2024-11-12 16:41:18][GAME: 00:48.11] Track assistance: angle=-10.247968, cur=324.000000, diff=25.752045, control=0.596838
[SYS: 2024-11-12 16:41:18][GAME: 00:48.11] Steering LEFT with control 1.096838
[SYS: 2024-11-12 16:41:18][GAME: 00:48.12] Track assistance: angle=-10.124472, cur=325.000000, diff=24.875519, control=0.599975
[SYS: 2024-11-12 16:41:18][GAME: 00:48.12] Steering LEFT with control 1.099975
[SYS: 2024-11-12 16:41:18][GAME: 00:48.14] Track assistance: angle=-10.000482, cur=327.000000, diff=22.999512, control=0.528088
[SYS: 2024-11-12 16:41:18][GAME: 00:48.14] Steering LEFT with control 1.028088
[SYS: 2024-11-12 16:41:18][GAME: 00:48.16] Track assistance: angle=-9.876813, cur=328.000000, diff=22.123199, control=0.531172
[SYS: 2024-11-12 16:41:18][GAME: 00:48.16] Steering LEFT with control 1.031172
[SYS: 2024-11-12 16:41:18][GAME: 00:48.17] Track assistance: angle=-9.754765, cur=330.000000, diff=20.245239, control=0.459182
[SYS: 2024-11-12 16:41:18][GAME: 00:48.17] Steering LEFT with control 0.959182
[SYS: 2024-11-12 16:41:18][GAME: 00:48.19] Track assistance: angle=-9.635078, cur=331.000000, diff=19.364929, control=0.462115
[SYS: 2024-11-12 16:41:18][GAME: 00:48.19] Steering LEFT with control 0.962115
[SYS: 2024-11-12 16:41:18][GAME: 00:48.20] Track assistance: angle=-9.518872, cur=333.000000, diff=17.481140, control=0.389934
[SYS: 2024-11-12 16:41:18][GAME: 00:48.20] Steering LEFT with control 0.889934
[SYS: 2024-11-12 16:41:18][GAME: 00:48.22] Track assistance: angle=-9.406600, cur=334.000000, diff=16.593414, control=0.392642
[SYS: 2024-11-12 16:41:18][GAME: 00:48.22] Steering LEFT with control 0.892642
[SYS: 2024-11-12 16:41:18][GAME: 00:48.24] Track assistance: angle=-9.299159, cur=336.000000, diff=14.700836, control=0.320206
[SYS: 2024-11-12 16:41:18][GAME: 00:48.24] Steering LEFT with control 0.820206
[SYS: 2024-11-12 16:41:18][GAME: 00:48.25] Track assistance: angle=-9.196785, cur=337.000000, diff=13.803223, control=0.322640
[SYS: 2024-11-12 16:41:18][GAME: 00:48.25] Steering LEFT with control 0.822640
[SYS: 2024-11-12 16:41:18][GAME: 00:48.27] Track assistance: angle=-9.100296, cur=339.000000, diff=11.899719, control=0.249905
[SYS: 2024-11-12 16:41:18][GAME: 00:48.27] Steering LEFT with control 0.749905
[SYS: 2024-11-12 16:41:18][GAME: 00:48.28] Track assistance: angle=-9.009724, cur=340.000000, diff=10.990265, control=0.252020
[SYS: 2024-11-12 16:41:18][GAME: 00:48.28] Steering LEFT with control 0.752020
[SYS: 2024-11-12 16:41:18][GAME: 00:48.30] Track assistance: angle=-8.925610, cur=341.000000, diff=10.074402, control=0.228963
[SYS: 2024-11-12 16:41:18][GAME: 00:48.30] Steering LEFT with control 0.728963
[SYS: 2024-11-12 16:41:18][GAME: 00:48.32] Track assistance: angle=-8.847968, cur=342.000000, diff=9.152039, control=0.205742
[SYS: 2024-11-12 16:41:18][GAME: 00:48.32] Steering LEFT with control 0.705742
[SYS: 2024-11-12 16:41:18][GAME: 00:48.33] Track assistance: angle=-8.777184, cur=344.000000, diff=7.222809, control=0.132339
[SYS: 2024-11-12 16:41:18][GAME: 00:48.33] Steering LEFT with control 0.632339
[SYS: 2024-11-12 16:41:18][GAME: 00:48.35] Track assistance: angle=-8.713162, cur=345.000000, diff=6.286835, control=0.133772
[SYS: 2024-11-12 16:41:18][GAME: 00:48.35] Steering LEFT with control 0.633772
[SYS: 2024-11-12 16:41:18][GAME: 00:48.36] Track assistance: angle=-8.656153, cur=346.000000, diff=5.343842, control=0.110021
[SYS: 2024-11-12 16:41:18][GAME: 00:48.36] Steering LEFT with control 0.610021
[SYS: 2024-11-12 16:41:18][GAME: 00:48.38] Track assistance: angle=-8.605942, cur=347.000000, diff=4.394043, control=0.086106
[SYS: 2024-11-12 16:41:18][GAME: 00:48.38] Steering LEFT with control 0.586106
[SYS: 2024-11-12 16:41:18][GAME: 00:48.40] Track assistance: angle=-8.562697, cur=348.000000, diff=3.437317, control=0.062015
[SYS: 2024-11-12 16:41:18][GAME: 00:48.40] Steering LEFT with control 0.562015
[SYS: 2024-11-12 16:41:18][GAME: 00:48.41] Track assistance: angle=-8.526481, cur=349.000000, diff=2.473511, control=0.037743
[SYS: 2024-11-12 16:41:18][GAME: 00:48.43] Track assistance: angle=-8.496877, cur=350.000000, diff=1.503113, control=0.013318
[SYS: 2024-11-12 16:41:18][GAME: 00:48.44] Track assistance: angle=-8.474017, cur=350.000000, diff=1.525970, control=0.038721
[SYS: 2024-11-12 16:41:18][GAME: 00:48.46] Track assistance: angle=-8.457894, cur=351.000000, diff=0.542114, control=0.011044
[SYS: 2024-11-12 16:41:18][GAME: 00:48.48] Track assistance: angle=-8.448527, cur=352.000000, diff=-0.448517, control=0.035979
[SYS: 2024-11-12 16:41:18][GAME: 00:48.49] Track assistance: angle=-8.445951, cur=353.000000, diff=-1.445953, control=0.061085
[SYS: 2024-11-12 16:41:18][GAME: 00:48.51] Track assistance: angle=-8.450041, cur=353.000000, diff=-1.450043, control=0.036353
[SYS: 2024-11-12 16:41:18][GAME: 00:48.52] Track assistance: angle=-8.460726, cur=354.000000, diff=-2.460724, control=0.086785
[SYS: 2024-11-12 16:41:18][GAME: 00:48.54] Track assistance: angle=-8.477954, cur=355.000000, diff=-3.477966, control=0.112380
[SYS: 2024-11-12 16:41:18][GAME: 00:48.54] Steering RIGHT with control 0.612380
[SYS: 2024-11-12 16:41:18][GAME: 00:48.56] Track assistance: angle=-8.501669, cur=355.000000, diff=-3.501678, control=0.088135
[SYS: 2024-11-12 16:41:18][GAME: 00:48.56] Steering RIGHT with control 0.588135
[SYS: 2024-11-12 16:41:19][GAME: 00:48.57] Track assistance: angle=-8.531829, cur=356.000000, diff=-4.531830, control=0.139050
[SYS: 2024-11-12 16:41:19][GAME: 00:48.57] Steering RIGHT with control 0.639050
[SYS: 2024-11-12 16:41:19][GAME: 00:48.59] Track assistance: angle=-8.558476, cur=356.000000, diff=-4.558472, control=0.114628
[SYS: 2024-11-12 16:41:19][GAME: 00:48.59] Steering RIGHT with control 0.614628
[SYS: 2024-11-12 16:41:19][GAME: 00:48.60] Track assistance: angle=-8.583099, cur=357.000000, diff=-5.583099, control=0.165193
[SYS: 2024-11-12 16:41:19][GAME: 00:48.60] Steering RIGHT with control 0.665193
[SYS: 2024-11-12 16:41:19][GAME: 00:48.62] Track assistance: angle=-8.605710, cur=357.000000, diff=-5.605713, control=0.140708
[SYS: 2024-11-12 16:41:19][GAME: 00:48.62] Steering RIGHT with control 0.640708
[SYS: 2024-11-12 16:41:19][GAME: 00:48.64] Track assistance: angle=-8.626594, cur=356.000000, diff=-4.626587, control=0.091187
[SYS: 2024-11-12 16:41:19][GAME: 00:48.64] Steering RIGHT with control 0.591187
[SYS: 2024-11-12 16:41:19][GAME: 00:48.65] Track assistance: angle=-8.645728, cur=356.000000, diff=-4.645721, control=0.116621
[SYS: 2024-11-12 16:41:19][GAME: 00:48.65] Steering RIGHT with control 0.616621
[SYS: 2024-11-12 16:41:19][GAME: 00:48.67] Track assistance: angle=-8.662997, cur=356.000000, diff=-4.662994, control=0.117007
[SYS: 2024-11-12 16:41:19][GAME: 00:48.67] Steering RIGHT with control 0.617007
[SYS: 2024-11-12 16:41:19][GAME: 00:48.68] Track assistance: angle=-8.678911, cur=355.000000, diff=-3.678925, control=0.067371
[SYS: 2024-11-12 16:41:19][GAME: 00:48.68] Steering RIGHT with control 0.567371
[SYS: 2024-11-12 16:41:19][GAME: 00:48.70] Track assistance: angle=-8.692385, cur=355.000000, diff=-3.692383, control=0.092646
[SYS: 2024-11-12 16:41:19][GAME: 00:48.70] Steering RIGHT with control 0.592646
[SYS: 2024-11-12 16:41:19][GAME: 00:48.72] Track assistance: angle=-8.703355, cur=354.000000, diff=-2.703369, control=0.042859
[SYS: 2024-11-12 16:41:19][GAME: 00:48.73] Track assistance: angle=-8.712121, cur=354.000000, diff=-2.712128, control=0.068022
[SYS: 2024-11-12 16:41:19][GAME: 00:48.75] Track assistance: angle=-8.718213, cur=353.000000, diff=-1.718201, control=0.018107
[SYS: 2024-11-12 16:41:19][GAME: 00:48.76] Track assistance: angle=-8.721468, cur=353.000000, diff=-1.721466, control=0.043118
[SYS: 2024-11-12 16:41:19][GAME: 00:48.78] Track assistance: angle=-8.721520, cur=352.000000, diff=-0.721527, control=0.006960
[SYS: 2024-11-12 16:41:19][GAME: 00:48.80] Track assistance: angle=-8.718088, cur=352.000000, diff=-0.718079, control=0.017866
[SYS: 2024-11-12 16:41:19][GAME: 00:48.81] Track assistance: angle=-8.711153, cur=351.000000, diff=0.288849, control=0.032394
[SYS: 2024-11-12 16:41:19][GAME: 00:48.83] Track assistance: angle=-8.700427, cur=350.000000, diff=1.299561, control=0.057757
[SYS: 2024-11-12 16:41:19][GAME: 00:48.84] Track assistance: angle=-8.685724, cur=350.000000, diff=1.314270, control=0.033224
[SYS: 2024-11-12 16:41:19][GAME: 00:48.86] Track assistance: angle=-8.667114, cur=349.000000, diff=2.332886, control=0.083788
[SYS: 2024-11-12 16:41:19][GAME: 00:48.88] Track assistance: angle=-8.644348, cur=349.000000, diff=2.355652, control=0.059460
[SYS: 2024-11-12 16:41:19][GAME: 00:48.89] Track assistance: angle=-8.617517, cur=348.000000, diff=3.382477, control=0.110233
[SYS: 2024-11-12 16:41:19][GAME: 00:48.89] Steering LEFT with control 0.610233
[SYS: 2024-11-12 16:41:19][GAME: 00:48.91] Track assistance: angle=-8.586394, cur=348.000000, diff=3.413605, control=0.086118
[SYS: 2024-11-12 16:41:19][GAME: 00:48.91] Steering LEFT with control 0.586118
[SYS: 2024-11-12 16:41:19][GAME: 00:48.92] Track assistance: angle=-8.551094, cur=347.000000, diff=4.448914, control=0.137106
[SYS: 2024-11-12 16:41:19][GAME: 00:48.92] Steering LEFT with control 0.637106
[SYS: 2024-11-12 16:41:19][GAME: 00:48.94] Track assistance: angle=-8.522328, cur=347.000000, diff=4.477661, control=0.112660
[SYS: 2024-11-12 16:41:19][GAME: 00:48.94] Steering LEFT with control 0.612660
[SYS: 2024-11-12 16:41:19][GAME: 00:48.96] Track assistance: angle=-8.498136, cur=347.000000, diff=4.501862, control=0.113152
[SYS: 2024-11-12 16:41:19][GAME: 00:48.96] Steering LEFT with control 0.613152
[SYS: 2024-11-12 16:41:19][GAME: 00:48.97] Track assistance: angle=-8.478354, cur=347.000000, diff=4.521637, control=0.113535
[SYS: 2024-11-12 16:41:19][GAME: 00:48.97] Steering LEFT with control 0.613535
[SYS: 2024-11-12 16:41:19][GAME: 00:48.99] Track assistance: angle=-8.462274, cur=347.000000, diff=4.537720, control=0.113845
[SYS: 2024-11-12 16:41:19][GAME: 00:48.99] Steering LEFT with control 0.613845
[SYS: 2024-11-12 16:41:19][GAME: 00:49.00] Track assistance: angle=-8.449656, cur=347.000000, diff=4.550354, control=0.114075
[SYS: 2024-11-12 16:41:19][GAME: 00:49.00] Steering LEFT with control 0.614075
[SYS: 2024-11-12 16:41:19][GAME: 00:49.02] Track assistance: angle=-8.440354, cur=348.000000, diff=3.559631, control=0.064223
[SYS: 2024-11-12 16:41:19][GAME: 00:49.02] Steering LEFT with control 0.564223
[SYS: 2024-11-12 16:41:19][GAME: 00:49.04] Track assistance: angle=-8.434393, cur=348.000000, diff=3.565613, control=0.089290
[SYS: 2024-11-12 16:41:19][GAME: 00:49.04] Steering LEFT with control 0.589290
[SYS: 2024-11-12 16:41:19][GAME: 00:49.05] Track assistance: angle=-8.431736, cur=349.000000, diff=2.568268, control=0.039273
[SYS: 2024-11-12 16:41:19][GAME: 00:49.07] Track assistance: angle=-8.431635, cur=349.000000, diff=2.568359, control=0.064211
[SYS: 2024-11-12 16:41:19][GAME: 00:49.08] Track assistance: angle=-8.434404, cur=350.000000, diff=1.565582, control=0.014070
[SYS: 2024-11-12 16:41:19][GAME: 00:49.10] Track assistance: angle=-8.440252, cur=350.000000, diff=1.559753, control=0.038848
[SYS: 2024-11-12 16:41:19][GAME: 00:49.12] Track assistance: angle=-8.449120, cur=350.000000, diff=1.550873, control=0.038550
[SYS: 2024-11-12 16:41:19][GAME: 00:49.13] Track assistance: angle=-8.461243, cur=351.000000, diff=0.538757, control=0.011834
[SYS: 2024-11-12 16:41:19][GAME: 00:49.15] Track assistance: angle=-8.476749, cur=351.000000, diff=0.523254, control=0.012694
[SYS: 2024-11-12 16:41:19][GAME: 00:49.16] Track assistance: angle=-8.495744, cur=352.000000, diff=-0.495758, control=0.037869
[SYS: 2024-11-12 16:41:19][GAME: 00:49.18] Track assistance: angle=-8.518309, cur=352.000000, diff=-0.518311, control=0.013522
[SYS: 2024-11-12 16:41:19][GAME: 00:49.20] Track assistance: angle=-8.544501, cur=353.000000, diff=-1.544495, control=0.064267
[SYS: 2024-11-12 16:41:19][GAME: 00:49.21] Track assistance: angle=-8.574365, cur=353.000000, diff=-1.574371, control=0.040106
[SYS: 2024-11-12 16:41:19][GAME: 00:49.23] Track assistance: angle=-8.607715, cur=354.000000, diff=-2.607727, control=0.091027
[SYS: 2024-11-12 16:41:19][GAME: 00:49.24] Track assistance: angle=-8.644696, cur=354.000000, diff=-2.644684, control=0.067041
[SYS: 2024-11-12 16:41:19][GAME: 00:49.26] Track assistance: angle=-8.685340, cur=355.000000, diff=-3.685333, control=0.118150
[SYS: 2024-11-12 16:41:19][GAME: 00:49.26] Steering RIGHT with control 0.618150
[SYS: 2024-11-12 16:41:19][GAME: 00:49.28] Track assistance: angle=-8.729431, cur=355.000000, diff=-3.729431, control=0.094338
[SYS: 2024-11-12 16:41:19][GAME: 00:49.28] Steering RIGHT with control 0.594338
[SYS: 2024-11-12 16:41:19][GAME: 00:49.29] Track assistance: angle=-8.777075, cur=356.000000, diff=-4.777069, control=0.145618
[SYS: 2024-11-12 16:41:19][GAME: 00:49.29] Steering RIGHT with control 0.645618
[SYS: 2024-11-12 16:41:19][GAME: 00:49.31] Track assistance: angle=-8.814332, cur=356.000000, diff=-4.814331, control=0.121290
[SYS: 2024-11-12 16:41:19][GAME: 00:49.31] Steering RIGHT with control 0.621290
[SYS: 2024-11-12 16:41:19][GAME: 00:49.32] Track assistance: angle=-8.844668, cur=356.000000, diff=-4.844666, control=0.121875
[SYS: 2024-11-12 16:41:19][GAME: 00:49.32] Steering RIGHT with control 0.621875
[SYS: 2024-11-12 16:41:19][GAME: 00:49.34] Track assistance: angle=-8.868978, cur=356.000000, diff=-4.868988, control=0.122333
[SYS: 2024-11-12 16:41:19][GAME: 00:49.34] Steering RIGHT with control 0.622333
[SYS: 2024-11-12 16:41:19][GAME: 00:49.36] Track assistance: angle=-8.888515, cur=355.000000, diff=-3.888519, control=0.072701
[SYS: 2024-11-12 16:41:19][GAME: 00:49.36] Steering RIGHT with control 0.572701
[SYS: 2024-11-12 16:41:19][GAME: 00:49.37] Track assistance: angle=-8.903820, cur=355.000000, diff=-3.903809, control=0.097977
[SYS: 2024-11-12 16:41:19][GAME: 00:49.37] Steering RIGHT with control 0.597977
[SYS: 2024-11-12 16:41:19][GAME: 00:49.39] Track assistance: angle=-8.915457, cur=355.000000, diff=-3.915466, control=0.098178
[SYS: 2024-11-12 16:41:19][GAME: 00:49.39] Steering RIGHT with control 0.598178
[SYS: 2024-11-12 16:41:19][GAME: 00:49.40] Track assistance: angle=-8.924327, cur=354.000000, diff=-2.924316, control=0.048329
[SYS: 2024-11-12 16:41:19][GAME: 00:49.42] Track assistance: angle=-8.930750, cur=354.000000, diff=-2.930756, control=0.073430
[SYS: 2024-11-12 16:41:19][GAME: 00:49.44] Track assistance: angle=-8.934535, cur=354.000000, diff=-2.934540, control=0.073458
[SYS: 2024-11-12 16:41:19][GAME: 00:49.45] Track assistance: angle=-8.935651, cur=353.000000, diff=-1.935638, control=0.023418
[SYS: 2024-11-12 16:41:19][GAME: 00:49.47] Track assistance: angle=-8.934110, cur=353.000000, diff=-1.934113, control=0.048315
[SYS: 2024-11-12 16:41:19][GAME: 00:49.48] Track assistance: angle=-8.929905, cur=353.000000, diff=-1.929901, control=0.048142
[SYS: 2024-11-12 16:41:19][GAME: 00:49.50] Track assistance: angle=-8.923347, cur=352.000000, diff=-0.923340, control=0.002081
[SYS: 2024-11-12 16:41:19][GAME: 00:49.52] Track assistance: angle=-8.914439, cur=352.000000, diff=-0.914429, control=0.022638
[SYS: 2024-11-12 16:41:20][GAME: 00:49.53] Track assistance: angle=-8.903116, cur=351.000000, diff=0.096893, control=0.027705
[SYS: 2024-11-12 16:41:20][GAME: 00:49.55] Track assistance: angle=-8.889299, cur=351.000000, diff=0.110687, control=0.003112
[SYS: 2024-11-12 16:41:20][GAME: 00:49.56] Track assistance: angle=-8.873348, cur=351.000000, diff=0.126648, control=0.003565
[SYS: 2024-11-12 16:41:20][GAME: 00:49.58] Track assistance: angle=-8.854942, cur=350.000000, diff=1.145050, control=0.054086
[SYS: 2024-11-12 16:41:20][GAME: 00:49.60] Track assistance: angle=-8.834450, cur=350.000000, diff=1.165558, control=0.029652
[SYS: 2024-11-12 16:41:20][GAME: 00:49.61] Track assistance: angle=-8.811942, cur=350.000000, diff=1.188049, control=0.030264
[SYS: 2024-11-12 16:41:20][GAME: 00:49.63] Track assistance: angle=-8.787085, cur=349.000000, diff=2.212921, control=0.080945
[SYS: 2024-11-12 16:41:20][GAME: 00:49.64] Track assistance: angle=-8.760239, cur=349.000000, diff=2.239746, control=0.056664
[SYS: 2024-11-12 16:41:20][GAME: 00:49.66] Track assistance: angle=-8.731451, cur=349.000000, diff=2.268555, control=0.057434
[SYS: 2024-11-12 16:41:20][GAME: 00:49.68] Track assistance: angle=-8.700802, cur=348.000000, diff=3.299194, control=0.108246
[SYS: 2024-11-12 16:41:20][GAME: 00:49.68] Steering LEFT with control 0.608246
[SYS: 2024-11-12 16:41:20][GAME: 00:49.69] Track assistance: angle=-8.667924, cur=348.000000, diff=3.332062, control=0.084123
[SYS: 2024-11-12 16:41:20][GAME: 00:49.69] Steering LEFT with control 0.584123
[SYS: 2024-11-12 16:41:20][GAME: 00:49.71] Track assistance: angle=-8.633176, cur=348.000000, diff=3.366821, control=0.085040
[SYS: 2024-11-12 16:41:20][GAME: 00:49.71] Steering LEFT with control 0.585039
[SYS: 2024-11-12 16:41:20][GAME: 00:49.72] Track assistance: angle=-8.613696, cur=348.000000, diff=3.386292, control=0.085144
[SYS: 2024-11-12 16:41:20][GAME: 00:49.72] Steering LEFT with control 0.585144
[SYS: 2024-11-12 16:41:20][GAME: 00:49.74] Track assistance: angle=-8.603186, cur=348.000000, diff=3.396820, control=0.085184
[SYS: 2024-11-12 16:41:20][GAME: 00:49.74] Steering LEFT with control 0.585184
[SYS: 2024-11-12 16:41:20][GAME: 00:49.76] Track assistance: angle=-8.598977, cur=348.000000, diff=3.401031, control=0.085131
[SYS: 2024-11-12 16:41:20][GAME: 00:49.76] Steering LEFT with control 0.585131
[SYS: 2024-11-12 16:41:20][GAME: 00:49.77] Track assistance: angle=-8.599677, cur=348.000000, diff=3.400330, control=0.084991
[SYS: 2024-11-12 16:41:20][GAME: 00:49.77] Steering LEFT with control 0.584991
[SYS: 2024-11-12 16:41:20][GAME: 00:49.79] Track assistance: angle=-8.603647, cur=349.000000, diff=2.396362, control=0.034810
[SYS: 2024-11-12 16:41:20][GAME: 00:49.80] Track assistance: angle=-8.610399, cur=349.000000, diff=2.389587, control=0.059570
[SYS: 2024-11-12 16:41:20][GAME: 00:49.82] Track assistance: angle=-8.619467, cur=349.000000, diff=2.380524, control=0.059286
[SYS: 2024-11-12 16:41:20][GAME: 00:49.84] Track assistance: angle=-8.630559, cur=350.000000, diff=1.369446, control=0.008959
[SYS: 2024-11-12 16:41:20][GAME: 00:49.85] Track assistance: angle=-8.643817, cur=350.000000, diff=1.356171, control=0.033572
[SYS: 2024-11-12 16:41:20][GAME: 00:49.87] Track assistance: angle=-8.658860, cur=350.000000, diff=1.341125, control=0.033152
[SYS: 2024-11-12 16:41:20][GAME: 00:49.88] Track assistance: angle=-8.675137, cur=351.000000, diff=0.324860, control=0.017285
[SYS: 2024-11-12 16:41:20][GAME: 00:49.90] Track assistance: angle=-8.693288, cur=351.000000, diff=0.306702, control=0.007214
[SYS: 2024-11-12 16:41:20][GAME: 00:49.92] Track assistance: angle=-8.712543, cur=351.000000, diff=0.287445, control=0.006705
[SYS: 2024-11-12 16:41:20][GAME: 00:49.93] Track assistance: angle=-8.733729, cur=351.000000, diff=0.266266, control=0.006127
[SYS: 2024-11-12 16:41:20][GAME: 00:49.95] Track assistance: angle=-8.755876, cur=352.000000, diff=-0.755890, control=0.044451
[SYS: 2024-11-12 16:41:20][GAME: 00:49.96] Track assistance: angle=-8.779469, cur=352.000000, diff=-0.779480, control=0.020077
[SYS: 2024-11-12 16:41:20][GAME: 00:49.98] Track assistance: angle=-8.804452, cur=352.000000, diff=-0.804443, control=0.020735
[SYS: 2024-11-12 16:41:20][GAME: 00:50.00] Track assistance: angle=-8.830779, cur=353.000000, diff=-1.830780, control=0.071428
[SYS: 2024-11-12 16:41:20][GAME: 00:50.01] Track assistance: angle=-8.858345, cur=353.000000, diff=-1.858337, control=0.047147
[SYS: 2024-11-12 16:41:20][GAME: 00:50.03] Track assistance: angle=-8.886495, cur=353.000000, diff=-1.886505, control=0.047867
[SYS: 2024-11-12 16:41:20][GAME: 00:50.04] Track assistance: angle=-8.915809, cur=353.000000, diff=-1.915802, control=0.048627
[SYS: 2024-11-12 16:41:20][GAME: 00:50.06] Track assistance: angle=-8.945659, cur=354.000000, diff=-2.945648, control=0.099387
[SYS: 2024-11-12 16:41:20][GAME: 00:50.08] Track assistance: angle=-8.976645, cur=354.000000, diff=-2.976654, control=0.075191
[SYS: 2024-11-12 16:41:20][GAME: 00:50.09] Track assistance: angle=-9.008673, cur=354.000000, diff=-3.008667, control=0.076017
[SYS: 2024-11-12 16:41:20][GAME: 00:50.09] Steering RIGHT with control 0.576017
[SYS: 2024-11-12 16:41:20][GAME: 00:50.11] Track assistance: angle=-9.041113, cur=354.000000, diff=-3.041107, control=0.076839
[SYS: 2024-11-12 16:41:20][GAME: 00:50.11] Steering RIGHT with control 0.576839
[SYS: 2024-11-12 16:41:20][GAME: 00:50.12] Track assistance: angle=-9.073974, cur=355.000000, diff=-4.073975, control=0.127671
[SYS: 2024-11-12 16:41:20][GAME: 00:50.12] Steering RIGHT with control 0.627671
[SYS: 2024-11-12 16:41:20][GAME: 00:50.14] Track assistance: angle=-9.092036, cur=355.000000, diff=-4.092041, control=0.102753
[SYS: 2024-11-12 16:41:20][GAME: 00:50.14] Steering RIGHT with control 0.602753
[SYS: 2024-11-12 16:41:20][GAME: 00:50.16] Track assistance: angle=-9.102003, cur=354.000000, diff=-3.101990, control=0.052798
[SYS: 2024-11-12 16:41:20][GAME: 00:50.16] Steering RIGHT with control 0.552798
[SYS: 2024-11-12 16:41:20][GAME: 00:50.17] Track assistance: angle=-9.106071, cur=354.000000, diff=-3.106079, control=0.077754
[SYS: 2024-11-12 16:41:20][GAME: 00:50.17] Steering RIGHT with control 0.577754
[SYS: 2024-11-12 16:41:20][GAME: 00:50.19] Track assistance: angle=-9.107428, cur=354.000000, diff=-3.107422, control=0.077719
[SYS: 2024-11-12 16:41:20][GAME: 00:50.19] Steering RIGHT with control 0.577719
[SYS: 2024-11-12 16:41:20][GAME: 00:50.20] Track assistance: angle=-9.107702, cur=354.000000, diff=-3.107697, control=0.077699
[SYS: 2024-11-12 16:41:20][GAME: 00:50.20] Steering RIGHT with control 0.577699
[SYS: 2024-11-12 16:41:20][GAME: 00:50.22] Track assistance: angle=-9.107540, cur=354.000000, diff=-3.107544, control=0.077685
[SYS: 2024-11-12 16:41:20][GAME: 00:50.22] Steering RIGHT with control 0.577685
[SYS: 2024-11-12 16:41:20][GAME: 00:50.24] Track assistance: angle=-9.105972, cur=354.000000, diff=-3.105957, control=0.077609
[SYS: 2024-11-12 16:41:20][GAME: 00:50.24] Steering RIGHT with control 0.577609
[SYS: 2024-11-12 16:41:20][GAME: 00:50.25] Track assistance: angle=-9.104177, cur=353.000000, diff=-2.104187, control=0.027560
[SYS: 2024-11-12 16:41:20][GAME: 00:50.27] Track assistance: angle=-9.101608, cur=353.000000, diff=-2.101624, control=0.052477
[SYS: 2024-11-12 16:41:20][GAME: 00:50.28] Track assistance: angle=-9.098303, cur=353.000000, diff=-2.098297, control=0.052374
[SYS: 2024-11-12 16:41:20][GAME: 00:50.30] Track assistance: angle=-9.094809, cur=353.000000, diff=-2.094818, control=0.052283
[SYS: 2024-11-12 16:41:20][GAME: 00:50.32] Track assistance: angle=-9.090542, cur=353.000000, diff=-2.090546, control=0.052157
[SYS: 2024-11-12 16:41:20][GAME: 00:50.33] Track assistance: angle=-9.086105, cur=353.000000, diff=-2.086121, control=0.052042
[SYS: 2024-11-12 16:41:20][GAME: 00:50.35] Track assistance: angle=-9.080930, cur=352.000000, diff=-1.080933, control=0.001894
[SYS: 2024-11-12 16:41:20][GAME: 00:50.36] Track assistance: angle=-9.075603, cur=352.000000, diff=-1.075592, control=0.026756
[SYS: 2024-11-12 16:41:20][GAME: 00:50.38] Track assistance: angle=-9.069565, cur=352.000000, diff=-1.069580, control=0.026589
[SYS: 2024-11-12 16:41:20][GAME: 00:50.40] Track assistance: angle=-9.062866, cur=352.000000, diff=-1.062866, control=0.026404
[SYS: 2024-11-12 16:41:20][GAME: 00:50.41] Track assistance: angle=-9.056085, cur=352.000000, diff=-1.056091, control=0.026233
[SYS: 2024-11-12 16:41:20][GAME: 00:50.43] Track assistance: angle=-9.049146, cur=352.000000, diff=-1.049133, control=0.026054
[SYS: 2024-11-12 16:41:20][GAME: 00:50.44] Track assistance: angle=-9.041516, cur=352.000000, diff=-1.041504, control=0.025847
[SYS: 2024-11-12 16:41:20][GAME: 00:50.46] Track assistance: angle=-9.033809, cur=351.000000, diff=-0.033813, control=0.024347
[SYS: 2024-11-12 16:41:20][GAME: 00:50.48] Track assistance: angle=-9.025936, cur=351.000000, diff=-0.025940, control=0.000452
[SYS: 2024-11-12 16:41:21][GAME: 00:50.49] Track assistance: angle=-9.017423, cur=351.000000, diff=-0.017426, control=0.000223
[SYS: 2024-11-12 16:41:21][GAME: 00:50.51] Track assistance: angle=-9.008826, cur=351.000000, diff=-0.008820, control=0.000005
[SYS: 2024-11-12 16:41:21][GAME: 00:50.52] Track assistance: angle=-9.000109, cur=351.000000, diff=-0.000122, control=0.000214
[SYS: 2024-11-12 16:41:21][GAME: 00:50.54] Track assistance: angle=-8.990750, cur=351.000000, diff=0.009247, control=0.000465
[SYS: 2024-11-12 16:41:21][GAME: 00:50.56] Track assistance: angle=-8.981373, cur=351.000000, diff=0.018616, control=0.000700
[SYS: 2024-11-12 16:41:21][GAME: 00:50.57] Track assistance: angle=-8.971890, cur=351.000000, diff=0.028107, control=0.000940
[SYS: 2024-11-12 16:41:21][GAME: 00:50.59] Track assistance: angle=-8.962316, cur=350.000000, diff=1.037689, control=0.051182
[SYS: 2024-11-12 16:41:21][GAME: 00:50.60] Track assistance: angle=-8.952610, cur=350.000000, diff=1.047394, control=0.026427
[SYS: 2024-11-12 16:41:21][GAME: 00:50.62] Track assistance: angle=-8.942786, cur=350.000000, diff=1.057220, control=0.026676
[SYS: 2024-11-12 16:41:21][GAME: 00:50.64] Track assistance: angle=-8.932345, cur=350.000000, diff=1.067657, control=0.026952
[SYS: 2024-11-12 16:41:21][GAME: 00:50.65] Track assistance: angle=-8.921898, cur=350.000000, diff=1.078094, control=0.027213
[SYS: 2024-11-12 16:41:21][GAME: 00:50.67] Track assistance: angle=-8.911894, cur=350.000000, diff=1.088104, control=0.027453
[SYS: 2024-11-12 16:41:21][GAME: 00:50.68] Track assistance: angle=-8.901214, cur=350.000000, diff=1.098785, control=0.027737
[SYS: 2024-11-12 16:41:21][GAME: 00:50.70] Track assistance: angle=-8.890517, cur=350.000000, diff=1.109497, control=0.028005
[SYS: 2024-11-12 16:41:21][GAME: 00:50.72] Track assistance: angle=-8.880253, cur=350.000000, diff=1.119751, control=0.028250
[SYS: 2024-11-12 16:41:21][GAME: 00:50.73] Track assistance: angle=-8.869306, cur=349.000000, diff=2.130707, control=0.078542
[SYS: 2024-11-12 16:41:21][GAME: 00:50.75] Track assistance: angle=-8.858361, cur=349.000000, diff=2.141632, control=0.053814
[SYS: 2024-11-12 16:41:21][GAME: 00:50.76] Track assistance: angle=-8.847368, cur=349.000000, diff=2.152618, control=0.054090
[SYS: 2024-11-12 16:41:21][GAME: 00:50.78] Track assistance: angle=-8.836821, cur=349.000000, diff=2.163177, control=0.054343
[SYS: 2024-11-12 16:41:21][GAME: 00:50.80] Track assistance: angle=-8.825606, cur=349.000000, diff=2.174408, control=0.054641
[SYS: 2024-11-12 16:41:21][GAME: 00:50.81] Track assistance: angle=-8.814886, cur=349.000000, diff=2.185120, control=0.054896
[SYS: 2024-11-12 16:41:21][GAME: 00:50.83] Track assistance: angle=-8.804005, cur=349.000000, diff=2.195984, control=0.055171
[SYS: 2024-11-12 16:41:21][GAME: 00:50.84] Track assistance: angle=-8.793028, cur=349.000000, diff=2.206970, control=0.055449
[SYS: 2024-11-12 16:41:21][GAME: 00:50.86] Track assistance: angle=-8.781997, cur=349.000000, diff=2.218018, control=0.055727
[SYS: 2024-11-12 16:41:21][GAME: 00:50.88] Track assistance: angle=-8.770895, cur=349.000000, diff=2.229095, control=0.056004
[SYS: 2024-11-12 16:41:21][GAME: 00:50.89] Track assistance: angle=-8.759732, cur=349.000000, diff=2.240265, control=0.056286
[SYS: 2024-11-12 16:41:21][GAME: 00:50.91] Track assistance: angle=-8.749035, cur=348.000000, diff=3.250977, control=0.106542
[SYS: 2024-11-12 16:41:21][GAME: 00:50.91] Steering LEFT with control 0.606542
[SYS: 2024-11-12 16:41:21][GAME: 00:50.92] Track assistance: angle=-8.737678, cur=348.000000, diff=3.262329, control=0.081842
[SYS: 2024-11-12 16:41:21][GAME: 00:50.92] Steering LEFT with control 0.581842
[SYS: 2024-11-12 16:41:21][GAME: 00:50.94] Track assistance: angle=-8.726853, cur=348.000000, diff=3.273132, control=0.082098
[SYS: 2024-11-12 16:41:21][GAME: 00:50.94] Steering LEFT with control 0.582098
[SYS: 2024-11-12 16:41:21][GAME: 00:50.96] Track assistance: angle=-8.722972, cur=348.000000, diff=3.277039, control=0.082024
[SYS: 2024-11-12 16:41:21][GAME: 00:50.96] Steering LEFT with control 0.582024
[SYS: 2024-11-12 16:41:21][GAME: 00:50.97] Track assistance: angle=-8.722938, cur=348.000000, diff=3.277069, control=0.081927
[SYS: 2024-11-12 16:41:21][GAME: 00:50.97] Steering LEFT with control 0.581927
[SYS: 2024-11-12 16:41:21][GAME: 00:50.99] Track assistance: angle=-8.724330, cur=348.000000, diff=3.275665, control=0.081857
[SYS: 2024-11-12 16:41:21][GAME: 00:50.99] Steering LEFT with control 0.581857
[SYS: 2024-11-12 16:41:21][GAME: 00:51.00] Track assistance: angle=-8.726358, cur=349.000000, diff=2.273651, control=0.031791
[SYS: 2024-11-12 16:41:21][GAME: 00:51.02] Track assistance: angle=-8.729185, cur=349.000000, diff=2.270813, control=0.056699
[SYS: 2024-11-12 16:41:21][GAME: 00:51.04] Track assistance: angle=-8.732465, cur=349.000000, diff=2.267548, control=0.056607
[SYS: 2024-11-12 16:41:21][GAME: 00:51.05] Track assistance: angle=-8.736017, cur=349.000000, diff=2.263977, control=0.056510
[SYS: 2024-11-12 16:41:21][GAME: 00:51.07] Track assistance: angle=-8.739750, cur=349.000000, diff=2.260254, control=0.056413
[SYS: 2024-11-12 16:41:21][GAME: 00:51.08] Track assistance: angle=-8.743141, cur=349.000000, diff=2.256866, control=0.056337
[SYS: 2024-11-12 16:41:21][GAME: 00:51.10] Track assistance: angle=-8.746819, cur=349.000000, diff=2.253174, control=0.056237
[SYS: 2024-11-12 16:41:21][GAME: 00:51.12] Track assistance: angle=-8.750690, cur=349.000000, diff=2.249298, control=0.056136
[SYS: 2024-11-12 16:41:21][GAME: 00:51.13] Track assistance: angle=-8.754189, cur=349.000000, diff=2.245819, control=0.056059
[SYS: 2024-11-12 16:41:21][GAME: 00:51.15] Track assistance: angle=-8.757999, cur=349.000000, diff=2.242004, control=0.055955
[SYS: 2024-11-12 16:41:21][GAME: 00:51.16] Track assistance: angle=-8.761996, cur=349.000000, diff=2.238007, control=0.055850
[SYS: 2024-11-12 16:41:21][GAME: 00:51.18] Track assistance: angle=-8.766135, cur=349.000000, diff=2.233856, control=0.055743
[SYS: 2024-11-12 16:41:21][GAME: 00:51.20] Track assistance: angle=-8.769884, cur=349.000000, diff=2.230103, control=0.055659
[SYS: 2024-11-12 16:41:21][GAME: 00:51.21] Track assistance: angle=-8.773894, cur=349.000000, diff=2.226105, control=0.055553
[SYS: 2024-11-12 16:41:21][GAME: 00:51.23] Track assistance: angle=-8.777597, cur=350.000000, diff=1.222412, control=0.005468
[SYS: 2024-11-12 16:41:21][GAME: 00:51.24] Track assistance: angle=-8.781599, cur=350.000000, diff=1.218414, control=0.030360
[SYS: 2024-11-12 16:41:21][GAME: 00:51.26] Track assistance: angle=-8.785792, cur=350.000000, diff=1.214203, control=0.030250
[SYS: 2024-11-12 16:41:21][GAME: 00:51.28] Track assistance: angle=-8.789616, cur=350.000000, diff=1.210388, control=0.030164
[SYS: 2024-11-12 16:41:21][GAME: 00:51.29] Track assistance: angle=-8.793728, cur=350.000000, diff=1.206268, control=0.030054
[SYS: 2024-11-12 16:41:21][GAME: 00:51.31] Track assistance: angle=-8.798003, cur=350.000000, diff=1.201996, control=0.029943
[SYS: 2024-11-12 16:41:21][GAME: 00:51.32] Track assistance: angle=-8.801907, cur=350.000000, diff=1.198090, control=0.029855
[SYS: 2024-11-12 16:41:21][GAME: 00:51.34] Track assistance: angle=-8.805581, cur=350.000000, diff=1.194427, control=0.029769
[SYS: 2024-11-12 16:41:21][GAME: 00:51.36] Track assistance: angle=-8.809605, cur=350.000000, diff=1.190399, control=0.029659
[SYS: 2024-11-12 16:41:21][GAME: 00:51.37] Track assistance: angle=-8.813844, cur=350.000000, diff=1.186157, control=0.029548
