[SYS: 2024-11-12 16:52:20][GAME: 00:05.13] Track assistance: angle=83.115280, cur=57.000000, diff=26.115280, control=1.305764
[SYS: 2024-11-12 16:52:20][GAME: 00:05.13] Steering LEFT with control 1.805764
[SYS: 2024-11-12 16:52:20][GAME: 00:05.15] Track assistance: angle=84.911133, cur=59.000000, diff=25.911133, control=0.642675
[SYS: 2024-11-12 16:52:20][GAME: 00:05.15] Steering LEFT with control 1.142675
[SYS: 2024-11-12 16:52:20][GAME: 00:05.16] Track assistance: angle=86.733543, cur=61.000000, diff=25.733543, control=0.638899
[SYS: 2024-11-12 16:52:20][GAME: 00:05.16] Steering LEFT with control 1.138899
[SYS: 2024-11-12 16:52:20][GAME: 00:05.18] Track assistance: angle=88.581238, cur=63.000000, diff=25.581238, control=0.635723
[SYS: 2024-11-12 16:52:20][GAME: 00:05.18] Steering LEFT with control 1.135723
[SYS: 2024-11-12 16:52:20][GAME: 00:05.20] Track assistance: angle=90.452850, cur=65.000000, diff=25.452850, control=0.633112
[SYS: 2024-11-12 16:52:20][GAME: 00:05.20] Steering LEFT with control 1.133111
[SYS: 2024-11-12 16:52:20][GAME: 00:05.21] Track assistance: angle=92.346535, cur=67.000000, diff=25.346535, control=0.631005
[SYS: 2024-11-12 16:52:20][GAME: 00:05.21] Steering LEFT with control 1.131006
[SYS: 2024-11-12 16:52:20][GAME: 00:05.23] Track assistance: angle=94.260536, cur=69.000000, diff=25.260536, control=0.629363
[SYS: 2024-11-12 16:52:20][GAME: 00:05.23] Steering LEFT with control 1.129364
[SYS: 2024-11-12 16:52:20][GAME: 00:05.24] Track assistance: angle=96.192871, cur=71.000000, diff=25.192871, control=0.628130
[SYS: 2024-11-12 16:52:20][GAME: 00:05.24] Steering LEFT with control 1.128130
[SYS: 2024-11-12 16:52:20][GAME: 00:05.26] Track assistance: angle=98.141418, cur=73.000000, diff=25.141418, control=0.627249
[SYS: 2024-11-12 16:52:20][GAME: 00:05.26] Steering LEFT with control 1.127249
[SYS: 2024-11-12 16:52:20][GAME: 00:05.28] Track assistance: angle=100.104095, cur=75.000000, diff=25.104095, control=0.626669
[SYS: 2024-11-12 16:52:20][GAME: 00:05.28] Steering LEFT with control 1.126669
[SYS: 2024-11-12 16:52:20][GAME: 00:05.29] Track assistance: angle=102.078705, cur=77.000000, diff=25.078705, control=0.626333
[SYS: 2024-11-12 16:52:20][GAME: 00:05.29] Steering LEFT with control 1.126333
[SYS: 2024-11-12 16:52:20][GAME: 00:05.31] Track assistance: angle=104.063148, cur=79.000000, diff=25.063148, control=0.626190
[SYS: 2024-11-12 16:52:20][GAME: 00:05.31] Steering LEFT with control 1.126190
[SYS: 2024-11-12 16:52:20][GAME: 00:05.32] Track assistance: angle=106.055519, cur=81.000000, diff=25.055519, control=0.626197
[SYS: 2024-11-12 16:52:20][GAME: 00:05.32] Steering LEFT with control 1.126197
[SYS: 2024-11-12 16:52:20][GAME: 00:05.34] Track assistance: angle=108.054390, cur=83.000000, diff=25.054390, control=0.626332
[SYS: 2024-11-12 16:52:20][GAME: 00:05.34] Steering LEFT with control 1.126332
[SYS: 2024-11-12 16:52:20][GAME: 00:05.36] Track assistance: angle=110.058678, cur=84.000000, diff=26.058678, control=0.676574
[SYS: 2024-11-12 16:52:20][GAME: 00:05.36] Steering LEFT with control 1.176574
[SYS: 2024-11-12 16:52:20][GAME: 00:05.37] Track assistance: angle=112.067390, cur=86.000000, diff=26.067390, control=0.651903
[SYS: 2024-11-12 16:52:20][GAME: 00:05.37] Steering LEFT with control 1.151903
[SYS: 2024-11-12 16:52:20][GAME: 00:05.39] Track assistance: angle=114.080200, cur=88.000000, diff=26.080200, control=0.652325
[SYS: 2024-11-12 16:52:20][GAME: 00:05.39] Steering LEFT with control 1.152325
[SYS: 2024-11-12 16:52:20][GAME: 00:05.40] Track assistance: angle=116.096542, cur=89.000000, diff=27.096542, control=0.702822
[SYS: 2024-11-12 16:52:20][GAME: 00:05.40] Steering LEFT with control 1.202822
[SYS: 2024-11-12 16:52:20][GAME: 00:05.42] Track assistance: angle=118.116188, cur=91.000000, diff=27.116188, control=0.678396
[SYS: 2024-11-12 16:52:20][GAME: 00:05.42] Steering LEFT with control 1.178396
[SYS: 2024-11-12 16:52:36][GAME: 00:20.75] Track assistance: angle=155.027451, cur=142.000000, diff=13.027451, control=0.026532
[SYS: 2024-11-12 16:52:36][GAME: 00:20.75] Steering LEFT with control 0.526532
[SYS: 2024-11-12 16:52:36][GAME: 00:20.76] Track assistance: angle=155.272415, cur=143.000000, diff=12.272415, control=0.287934
[SYS: 2024-11-12 16:52:36][GAME: 00:20.76] Steering LEFT with control 0.787934
[SYS: 2024-11-12 16:52:36][GAME: 00:20.78] Track assistance: angle=155.518936, cur=144.000000, diff=11.518936, control=0.269136
[SYS: 2024-11-12 16:52:36][GAME: 00:20.78] Steering LEFT with control 0.769136
[SYS: 2024-11-12 16:52:36][GAME: 00:20.80] Track assistance: angle=155.766190, cur=145.000000, diff=10.766190, control=0.250336
[SYS: 2024-11-12 16:52:36][GAME: 00:20.80] Steering LEFT with control 0.750336
[SYS: 2024-11-12 16:52:37][GAME: 00:21.76] Track assistance: angle=171.272720, cur=185.000000, diff=-13.727280, control=0.955519
[SYS: 2024-11-12 16:52:37][GAME: 00:21.76] Steering RIGHT with control 1.455519
[SYS: 2024-11-12 16:52:37][GAME: 00:21.77] Track assistance: angle=171.113937, cur=183.000000, diff=-11.886063, control=0.251121
[SYS: 2024-11-12 16:52:37][GAME: 00:21.77] Steering RIGHT with control 0.751121
[SYS: 2024-11-12 16:52:37][GAME: 00:21.79] Track assistance: angle=170.959412, cur=181.000000, diff=-10.040588, control=0.204878
[SYS: 2024-11-12 16:52:37][GAME: 00:21.79] Steering RIGHT with control 0.704878
[SYS: 2024-11-12 16:52:37][GAME: 00:21.80] Track assistance: angle=170.809952, cur=179.000000, diff=-8.190048, control=0.158488
[SYS: 2024-11-12 16:52:37][GAME: 00:21.80] Steering RIGHT with control 0.658488
[SYS: 2024-11-12 16:52:37][GAME: 00:21.82] Track assistance: angle=170.662399, cur=178.000000, diff=-7.337601, control=0.162129
[SYS: 2024-11-12 16:52:37][GAME: 00:21.82] Steering RIGHT with control 0.662129
[SYS: 2024-11-12 16:52:37][GAME: 00:21.84] Track assistance: angle=170.517517, cur=176.000000, diff=-5.482483, control=0.090684
[SYS: 2024-11-12 16:52:37][GAME: 00:21.84] Steering RIGHT with control 0.590684
[SYS: 2024-11-12 16:52:37][GAME: 00:21.85] Track assistance: angle=170.375946, cur=175.000000, diff=-4.624054, control=0.094141
[SYS: 2024-11-12 16:52:37][GAME: 00:21.85] Steering RIGHT with control 0.594141
[SYS: 2024-11-12 16:52:37][GAME: 00:21.87] Track assistance: angle=170.238098, cur=174.000000, diff=-3.761902, control=0.072494
[SYS: 2024-11-12 16:52:37][GAME: 00:21.87] Steering RIGHT with control 0.572494
[SYS: 2024-11-12 16:52:37][GAME: 00:21.88] Track assistance: angle=170.104492, cur=173.000000, diff=-2.895508, control=0.050728
[SYS: 2024-11-12 16:52:37][GAME: 00:21.90] Track assistance: angle=169.975342, cur=172.000000, diff=-2.024658, control=0.028845
[SYS: 2024-11-12 16:52:38][GAME: 00:21.92] Track assistance: angle=169.850937, cur=172.000000, diff=-2.149063, control=0.056837
[SYS: 2024-11-12 16:52:38][GAME: 00:21.93] Track assistance: angle=169.731400, cur=171.000000, diff=-1.268600, control=0.009703
[SYS: 2024-11-12 16:52:38][GAME: 00:21.95] Track assistance: angle=169.616776, cur=170.000000, diff=-0.383224, control=0.012554
[SYS: 2024-11-12 16:52:38][GAME: 00:21.96] Track assistance: angle=169.507095, cur=170.000000, diff=-0.492905, control=0.015065
[SYS: 2024-11-12 16:52:38][GAME: 00:21.98] Track assistance: angle=169.402267, cur=170.000000, diff=-0.597733, control=0.017564
[SYS: 2024-11-12 16:52:38][GAME: 00:22.00] Track assistance: angle=169.302139, cur=169.000000, diff=0.302139, control=0.030050
[SYS: 2024-11-12 16:52:38][GAME: 00:22.01] Track assistance: angle=169.206573, cur=169.000000, diff=0.206573, control=0.002775
[SYS: 2024-11-12 16:52:38][GAME: 00:22.03] Track assistance: angle=169.115295, cur=169.000000, diff=0.115295, control=0.000600
[SYS: 2024-11-12 16:52:38][GAME: 00:22.04] Track assistance: angle=169.028000, cur=169.000000, diff=0.028000, control=0.001482
[SYS: 2024-11-12 16:52:38][GAME: 00:22.06] Track assistance: angle=168.944443, cur=169.000000, diff=-0.055557, control=0.003478
[SYS: 2024-11-12 16:52:38][GAME: 00:22.08] Track assistance: angle=168.864258, cur=169.000000, diff=-0.135742, control=0.005398
[SYS: 2024-11-12 16:52:38][GAME: 00:22.09] Track assistance: angle=168.787186, cur=169.000000, diff=-0.212814, control=0.007247
[SYS: 2024-11-12 16:52:38][GAME: 00:22.11] Track assistance: angle=168.712860, cur=169.000000, diff=-0.287140, control=0.009037
[SYS: 2024-11-12 16:52:38][GAME: 00:22.12] Track assistance: angle=168.640167, cur=169.000000, diff=-0.359833, control=0.010813
[SYS: 2024-11-12 16:52:38][GAME: 00:22.14] Track assistance: angle=168.568115, cur=170.000000, diff=-1.431885, control=0.062598
[SYS: 2024-11-12 16:52:38][GAME: 00:22.16] Track assistance: angle=168.495865, cur=170.000000, diff=-1.504135, control=0.039410
[SYS: 2024-11-12 16:52:38][GAME: 00:22.17] Track assistance: angle=168.422394, cur=170.000000, diff=-1.577606, control=0.041277
[SYS: 2024-11-12 16:52:38][GAME: 00:22.19] Track assistance: angle=168.346802, cur=171.000000, diff=-2.653198, control=0.093220
[SYS: 2024-11-12 16:52:38][GAME: 00:22.20] Track assistance: angle=168.268097, cur=172.000000, diff=-3.731903, control=0.120265
[SYS: 2024-11-12 16:52:38][GAME: 00:22.20] Steering RIGHT with control 0.620265
[SYS: 2024-11-12 16:52:38][GAME: 00:22.22] Track assistance: angle=168.185349, cur=173.000000, diff=-4.814651, control=0.147435
[SYS: 2024-11-12 16:52:38][GAME: 00:22.22] Steering RIGHT with control 0.647435
[SYS: 2024-11-12 16:52:38][GAME: 00:22.24] Track assistance: angle=168.097412, cur=174.000000, diff=-5.902588, control=0.174763
[SYS: 2024-11-12 16:52:38][GAME: 00:22.24] Steering RIGHT with control 0.674763
[SYS: 2024-11-12 16:52:38][GAME: 00:22.25] Track assistance: angle=168.003235, cur=175.000000, diff=-6.996765, control=0.202274
[SYS: 2024-11-12 16:52:38][GAME: 00:22.25] Steering RIGHT with control 0.702274
[SYS: 2024-11-12 16:52:38][GAME: 00:22.27] Track assistance: angle=167.901581, cur=176.000000, diff=-8.098419, control=0.230002
[SYS: 2024-11-12 16:52:38][GAME: 00:22.27] Steering RIGHT with control 0.730002
[SYS: 2024-11-12 16:52:38][GAME: 00:22.28] Track assistance: angle=167.795746, cur=177.000000, diff=-9.204254, control=0.257752
[SYS: 2024-11-12 16:52:38][GAME: 00:22.28] Steering RIGHT with control 0.757752
[SYS: 2024-11-12 16:52:38][GAME: 00:22.30] Track assistance: angle=167.684555, cur=178.000000, diff=-10.315445, control=0.285666
[SYS: 2024-11-12 16:52:38][GAME: 00:22.30] Steering RIGHT with control 0.785666
[SYS: 2024-11-12 16:52:38][GAME: 00:22.32] Track assistance: angle=167.566910, cur=179.000000, diff=-11.433090, control=0.313768
[SYS: 2024-11-12 16:52:38][GAME: 00:22.32] Steering RIGHT with control 0.813768
[SYS: 2024-11-12 16:52:38][GAME: 00:22.33] Track assistance: angle=167.441772, cur=180.000000, diff=-12.558228, control=0.342084
[SYS: 2024-11-12 16:52:38][GAME: 00:22.33] Steering RIGHT with control 0.842084
[SYS: 2024-11-12 16:52:38][GAME: 00:22.35] Track assistance: angle=167.308197, cur=181.000000, diff=-13.691803, control=0.370634
[SYS: 2024-11-12 16:52:38][GAME: 00:22.35] Steering RIGHT with control 0.870634
[SYS: 2024-11-12 16:52:38][GAME: 00:22.36] Track assistance: angle=167.165314, cur=182.000000, diff=-14.834686, control=0.399439
[SYS: 2024-11-12 16:52:38][GAME: 00:22.36] Steering RIGHT with control 0.899439
[SYS: 2024-11-12 16:52:38][GAME: 00:22.38] Track assistance: angle=167.012268, cur=182.000000, diff=-14.987732, control=0.378519
[SYS: 2024-11-12 16:52:38][GAME: 00:22.38] Steering RIGHT with control 0.878519
[SYS: 2024-11-12 16:52:38][GAME: 00:22.40] Track assistance: angle=166.848190, cur=183.000000, diff=-16.151810, control=0.432897
[SYS: 2024-11-12 16:52:38][GAME: 00:22.40] Steering RIGHT with control 0.932897
[SYS: 2024-11-12 16:52:38][GAME: 00:22.41] Track assistance: angle=166.672363, cur=184.000000, diff=-17.327637, control=0.462587
[SYS: 2024-11-12 16:52:38][GAME: 00:22.41] Steering RIGHT with control 0.962587
[SYS: 2024-11-12 16:52:38][GAME: 00:22.43] Track assistance: angle=166.484085, cur=184.000000, diff=-17.515915, control=0.442605
[SYS: 2024-11-12 16:52:38][GAME: 00:22.43] Steering RIGHT with control 0.942605
[SYS: 2024-11-12 16:52:38][GAME: 00:22.44] Track assistance: angle=166.282578, cur=185.000000, diff=-18.717422, control=0.497973
[SYS: 2024-11-12 16:52:38][GAME: 00:22.44] Steering RIGHT with control 0.997973
[SYS: 2024-11-12 16:52:38][GAME: 00:22.46] Track assistance: angle=166.067139, cur=185.000000, diff=-18.932861, control=0.478707
[SYS: 2024-11-12 16:52:38][GAME: 00:22.46] Steering RIGHT with control 0.978707
[SYS: 2024-11-12 16:52:38][GAME: 00:22.48] Track assistance: angle=165.837128, cur=185.000000, diff=-19.162872, control=0.484822
[SYS: 2024-11-12 16:52:38][GAME: 00:22.48] Steering RIGHT with control 0.984822
[SYS: 2024-11-12 16:52:38][GAME: 00:22.49] Track assistance: angle=165.591782, cur=186.000000, diff=-20.408218, control=0.541339
[SYS: 2024-11-12 16:52:38][GAME: 00:22.49] Steering RIGHT with control 1.041339
[SYS: 2024-11-12 16:52:38][GAME: 00:22.51] Track assistance: angle=165.330429, cur=186.000000, diff=-20.669571, control=0.523273
[SYS: 2024-11-12 16:52:38][GAME: 00:22.51] Steering RIGHT with control 1.023273
[SYS: 2024-11-12 16:52:38][GAME: 00:22.52] Track assistance: angle=165.052338, cur=186.000000, diff=-20.947662, control=0.530644
[SYS: 2024-11-12 16:52:38][GAME: 00:22.52] Steering RIGHT with control 1.030644
[SYS: 2024-11-12 16:52:38][GAME: 00:22.54] Track assistance: angle=164.756897, cur=186.000000, diff=-21.243103, control=0.538464
[SYS: 2024-11-12 16:52:38][GAME: 00:22.54] Steering RIGHT with control 1.038464
[SYS: 2024-11-12 16:52:38][GAME: 00:22.56] Track assistance: angle=164.443329, cur=187.000000, diff=-22.556671, control=0.596756
[SYS: 2024-11-12 16:52:38][GAME: 00:22.56] Steering RIGHT with control 1.096756
[SYS: 2024-11-12 16:52:38][GAME: 00:22.57] Track assistance: angle=164.110870, cur=187.000000, diff=-22.889130, control=0.580540
[SYS: 2024-11-12 16:52:38][GAME: 00:22.57] Steering RIGHT with control 1.080540
[SYS: 2024-11-12 16:52:38][GAME: 00:22.59] Track assistance: angle=163.758636, cur=187.000000, diff=-23.241364, control=0.589840
[SYS: 2024-11-12 16:52:38][GAME: 00:22.59] Steering RIGHT with control 1.089840
[SYS: 2024-11-12 16:52:38][GAME: 00:22.60] Track assistance: angle=163.385834, cur=187.000000, diff=-23.614166, control=0.599674
[SYS: 2024-11-12 16:52:38][GAME: 00:22.60] Steering RIGHT with control 1.099674
[SYS: 2024-11-12 16:52:38][GAME: 00:22.62] Track assistance: angle=162.990356, cur=187.000000, diff=-24.009644, control=0.610128
[SYS: 2024-11-12 16:52:38][GAME: 00:22.62] Steering RIGHT with control 1.110128
[SYS: 2024-11-12 16:52:38][GAME: 00:22.64] Track assistance: angle=162.570358, cur=187.000000, diff=-24.429642, control=0.621241
[SYS: 2024-11-12 16:52:38][GAME: 00:22.64] Steering RIGHT with control 1.121241
[SYS: 2024-11-12 16:52:38][GAME: 00:22.65] Track assistance: angle=162.123993, cur=188.000000, diff=-25.876007, control=0.683059
[SYS: 2024-11-12 16:52:38][GAME: 00:22.65] Steering RIGHT with control 1.183059
[SYS: 2024-11-12 16:52:38][GAME: 00:22.67] Track assistance: angle=161.649292, cur=188.000000, diff=-26.350708, control=0.670635
[SYS: 2024-11-12 16:52:38][GAME: 00:22.67] Steering RIGHT with control 1.170635
[SYS: 2024-11-12 16:52:38][GAME: 00:22.68] Track assistance: angle=161.146118, cur=188.000000, diff=-26.853882, control=0.683926
[SYS: 2024-11-12 16:52:38][GAME: 00:22.68] Steering RIGHT with control 1.183926
[SYS: 2024-11-12 16:52:38][GAME: 00:22.70] Track assistance: angle=160.614075, cur=189.000000, diff=-28.385925, control=0.747949
[SYS: 2024-11-12 16:52:38][GAME: 00:22.70] Steering RIGHT with control 1.247949
[SYS: 2024-11-12 16:52:38][GAME: 00:22.72] Track assistance: angle=160.052429, cur=189.000000, diff=-28.947571, control=0.737730
[SYS: 2024-11-12 16:52:38][GAME: 00:22.72] Steering RIGHT with control 1.237730
[SYS: 2024-11-12 16:52:38][GAME: 00:22.73] Track assistance: angle=159.460373, cur=189.000000, diff=-29.539627, control=0.753292
[SYS: 2024-11-12 16:52:38][GAME: 00:22.73] Steering RIGHT with control 1.253292
[SYS: 2024-11-12 16:52:38][GAME: 00:22.75] Track assistance: angle=158.836823, cur=190.000000, diff=-31.163177, control=0.819668
[SYS: 2024-11-12 16:52:38][GAME: 00:22.75] Steering RIGHT with control 1.319668
[SYS: 2024-11-12 16:52:38][GAME: 00:22.76] Track assistance: angle=158.180603, cur=189.000000, diff=-30.819397, control=0.761890
[SYS: 2024-11-12 16:52:38][GAME: 00:22.76] Steering RIGHT with control 1.261890
[SYS: 2024-11-12 16:52:38][GAME: 00:22.78] Track assistance: angle=157.490585, cur=189.000000, diff=-31.509415, control=0.804986
[SYS: 2024-11-12 16:52:38][GAME: 00:22.78] Steering RIGHT with control 1.304986
[SYS: 2024-11-12 16:52:38][GAME: 00:22.80] Track assistance: angle=156.765350, cur=189.000000, diff=-32.234650, control=0.823997
[SYS: 2024-11-12 16:52:38][GAME: 00:22.80] Steering RIGHT with control 1.323997
[SYS: 2024-11-12 16:52:38][GAME: 00:22.81] Track assistance: angle=156.003540, cur=189.000000, diff=-32.996460, control=0.843957
[SYS: 2024-11-12 16:52:38][GAME: 00:22.81] Steering RIGHT with control 1.343957
[SYS: 2024-11-12 16:52:38][GAME: 00:22.83] Track assistance: angle=155.203751, cur=188.000000, diff=-32.796249, control=0.814901
[SYS: 2024-11-12 16:52:38][GAME: 00:22.83] Steering RIGHT with control 1.314901
[SYS: 2024-11-12 16:52:38][GAME: 00:22.84] Track assistance: angle=154.364563, cur=187.000000, diff=-32.635437, control=0.811866
[SYS: 2024-11-12 16:52:38][GAME: 00:22.84] Steering RIGHT with control 1.311866
[SYS: 2024-11-12 16:52:38][GAME: 00:22.86] Track assistance: angle=153.484543, cur=186.000000, diff=-32.515457, control=0.809887
[SYS: 2024-11-12 16:52:38][GAME: 00:22.86] Steering RIGHT with control 1.309887
[SYS: 2024-11-12 16:52:39][GAME: 00:22.88] Track assistance: angle=152.562241, cur=185.000000, diff=-32.437759, control=0.809002
[SYS: 2024-11-12 16:52:39][GAME: 00:22.88] Steering RIGHT with control 1.309002
[SYS: 2024-11-12 16:52:39][GAME: 00:22.89] Track assistance: angle=151.595551, cur=184.000000, diff=-32.404449, control=0.809278
[SYS: 2024-11-12 16:52:39][GAME: 00:22.89] Steering RIGHT with control 1.309278
[SYS: 2024-11-12 16:52:39][GAME: 00:22.91] Track assistance: angle=150.582794, cur=183.000000, diff=-32.417206, control=0.810749
[SYS: 2024-11-12 16:52:39][GAME: 00:22.91] Steering RIGHT with control 1.310749
[SYS: 2024-11-12 16:52:39][GAME: 00:22.92] Track assistance: angle=149.522156, cur=181.000000, diff=-31.477844, control=0.763462
[SYS: 2024-11-12 16:52:39][GAME: 00:22.92] Steering RIGHT with control 1.263462
[SYS: 2024-11-12 16:52:39][GAME: 00:22.94] Track assistance: angle=148.411957, cur=180.000000, diff=-31.588043, control=0.792456
[SYS: 2024-11-12 16:52:39][GAME: 00:22.94] Steering RIGHT with control 1.292456
[SYS: 2024-11-12 16:52:39][GAME: 00:22.96] Track assistance: angle=147.250275, cur=178.000000, diff=-30.749725, control=0.747785
[SYS: 2024-11-12 16:52:39][GAME: 00:22.96] Steering RIGHT with control 1.247785
[SYS: 2024-11-12 16:52:39][GAME: 00:22.97] Track assistance: angle=146.035065, cur=176.000000, diff=-29.964935, control=0.729504
[SYS: 2024-11-12 16:52:39][GAME: 00:22.97] Steering RIGHT with control 1.229504
[SYS: 2024-11-12 16:52:39][GAME: 00:22.99] Track assistance: angle=144.764465, cur=175.000000, diff=-30.235535, control=0.762653
[SYS: 2024-11-12 16:52:39][GAME: 00:22.99] Steering RIGHT with control 1.262653
[SYS: 2024-11-12 16:52:39][GAME: 00:23.00] Track assistance: angle=143.436249, cur=173.000000, diff=-29.563751, control=0.722299
[SYS: 2024-11-12 16:52:39][GAME: 00:23.00] Steering RIGHT with control 1.222299
[SYS: 2024-11-12 16:52:39][GAME: 00:23.02] Track assistance: angle=142.047958, cur=171.000000, diff=-28.952042, control=0.708508
[SYS: 2024-11-12 16:52:39][GAME: 00:23.02] Steering RIGHT with control 1.208508
[SYS: 2024-11-12 16:52:39][GAME: 00:23.04] Track assistance: angle=140.596954, cur=169.000000, diff=-28.403046, control=0.696351
[SYS: 2024-11-12 16:52:39][GAME: 00:23.04] Steering RIGHT with control 1.196351
[SYS: 2024-11-12 16:52:39][GAME: 00:23.05] Track assistance: angle=139.080490, cur=167.000000, diff=-27.919510, control=0.685899
[SYS: 2024-11-12 16:52:39][GAME: 00:23.05] Steering RIGHT with control 1.185899
[SYS: 2024-11-12 16:52:39][GAME: 00:23.07] Track assistance: angle=137.495514, cur=164.000000, diff=-26.504486, control=0.627237
[SYS: 2024-11-12 16:52:39][GAME: 00:23.07] Steering RIGHT with control 1.127237
[SYS: 2024-11-12 16:52:39][GAME: 00:23.08] Track assistance: angle=135.824310, cur=163.000000, diff=-27.175690, control=0.696172
[SYS: 2024-11-12 16:52:39][GAME: 00:23.08] Steering RIGHT with control 1.196172
[SYS: 2024-11-12 16:52:39][GAME: 00:23.10] Track assistance: angle=134.061829, cur=161.000000, diff=-26.938171, control=0.667516
[SYS: 2024-11-12 16:52:39][GAME: 00:23.10] Steering RIGHT with control 1.167516
[SYS: 2024-11-12 16:52:39][GAME: 00:23.12] Track assistance: angle=175.837646, cur=159.000000, diff=16.837646, control=1.500000
[SYS: 2024-11-12 16:52:39][GAME: 00:23.12] Steering LEFT with control 2.000000
[SYS: 2024-11-12 16:52:39][GAME: 00:23.13] Track assistance: angle=175.842178, cur=158.000000, diff=17.842178, control=0.471168
[SYS: 2024-11-12 16:52:39][GAME: 00:23.13] Steering LEFT with control 0.971168
[SYS: 2024-11-12 16:52:39][GAME: 00:23.15] Track assistance: angle=175.851501, cur=157.000000, diff=18.851501, control=0.496521
[SYS: 2024-11-12 16:52:39][GAME: 00:23.15] Steering LEFT with control 0.996521
[SYS: 2024-11-12 16:52:39][GAME: 00:23.16] Track assistance: angle=175.865677, cur=156.000000, diff=19.865677, control=0.521996
[SYS: 2024-11-12 16:52:39][GAME: 00:23.16] Steering LEFT with control 1.021996
[SYS: 2024-11-12 16:52:39][GAME: 00:23.18] Track assistance: angle=175.884766, cur=155.000000, diff=20.884766, control=0.547596
[SYS: 2024-11-12 16:52:39][GAME: 00:23.18] Steering LEFT with control 1.047596
[SYS: 2024-11-12 16:52:39][GAME: 00:23.20] Track assistance: angle=175.908798, cur=154.000000, diff=21.908798, control=0.573321
[SYS: 2024-11-12 16:52:39][GAME: 00:23.20] Steering LEFT with control 1.073321
[SYS: 2024-11-12 16:52:39][GAME: 00:23.21] Track assistance: angle=175.937744, cur=154.000000, diff=21.937744, control=0.549167
[SYS: 2024-11-12 16:52:39][GAME: 00:23.21] Steering LEFT with control 1.049167
[SYS: 2024-11-12 16:52:39][GAME: 00:23.23] Track assistance: angle=175.971573, cur=153.000000, diff=22.971573, control=0.600135
[SYS: 2024-11-12 16:52:39][GAME: 00:23.23] Steering LEFT with control 1.100135
[SYS: 2024-11-12 16:52:39][GAME: 00:23.24] Track assistance: angle=176.010208, cur=153.000000, diff=23.010208, control=0.576221
[SYS: 2024-11-12 16:52:39][GAME: 00:23.24] Steering LEFT with control 1.076221
[SYS: 2024-11-12 16:52:39][GAME: 00:23.26] Track assistance: angle=176.053650, cur=152.000000, diff=24.053650, control=0.627427
[SYS: 2024-11-12 16:52:39][GAME: 00:23.26] Steering LEFT with control 1.127427
[SYS: 2024-11-12 16:52:39][GAME: 00:23.28] Track assistance: angle=176.101715, cur=152.000000, diff=24.101715, control=0.603745
[SYS: 2024-11-12 16:52:39][GAME: 00:23.28] Steering LEFT with control 1.103745
[SYS: 2024-11-12 16:52:40][GAME: 00:24.70] Track assistance: angle=172.084152, cur=184.000000, diff=-11.915848, control=1.198335
[SYS: 2024-11-12 16:52:40][GAME: 00:24.70] Steering RIGHT with control 1.698335
[SYS: 2024-11-12 16:52:40][GAME: 00:24.72] Track assistance: angle=171.903366, cur=183.000000, diff=-11.096634, control=0.256936
[SYS: 2024-11-12 16:52:40][GAME: 00:24.72] Steering RIGHT with control 0.756935
[SYS: 2024-11-12 16:52:40][GAME: 00:24.73] Track assistance: angle=171.719452, cur=183.000000, diff=-11.280548, control=0.286612
[SYS: 2024-11-12 16:52:40][GAME: 00:24.73] Steering RIGHT with control 0.786612
[SYS: 2024-11-12 16:52:40][GAME: 00:24.75] Track assistance: angle=171.532516, cur=183.000000, diff=-11.467484, control=0.291360
[SYS: 2024-11-12 16:52:40][GAME: 00:24.75] Steering RIGHT with control 0.791360
[SYS: 2024-11-12 16:52:40][GAME: 00:24.76] Track assistance: angle=171.342545, cur=182.000000, diff=-10.657455, control=0.246186
[SYS: 2024-11-12 16:52:40][GAME: 00:24.76] Steering RIGHT with control 0.746186
[SYS: 2024-11-12 16:52:40][GAME: 00:24.78] Track assistance: angle=171.149628, cur=182.000000, diff=-10.850372, control=0.276082
[SYS: 2024-11-12 16:52:40][GAME: 00:24.78] Steering RIGHT with control 0.776082
[SYS: 2024-11-12 16:52:41][GAME: 00:24.80] Track assistance: angle=170.953735, cur=182.000000, diff=-11.046265, control=0.281054
[SYS: 2024-11-12 16:52:41][GAME: 00:24.80] Steering RIGHT with control 0.781054
[SYS: 2024-11-12 16:52:41][GAME: 00:24.81] Track assistance: angle=170.754761, cur=181.000000, diff=-10.245239, control=0.236105
[SYS: 2024-11-12 16:52:41][GAME: 00:24.81] Steering RIGHT with control 0.736105
[SYS: 2024-11-12 16:52:41][GAME: 00:24.83] Track assistance: angle=170.552628, cur=181.000000, diff=-10.447372, control=0.266238
[SYS: 2024-11-12 16:52:41][GAME: 00:24.83] Steering RIGHT with control 0.766238
[SYS: 2024-11-12 16:52:41][GAME: 00:24.84] Track assistance: angle=170.347092, cur=181.000000, diff=-10.652908, control=0.271461
[SYS: 2024-11-12 16:52:41][GAME: 00:24.84] Steering RIGHT with control 0.771461
[SYS: 2024-11-12 16:52:41][GAME: 00:24.86] Track assistance: angle=170.137985, cur=181.000000, diff=-10.862015, control=0.276778
[SYS: 2024-11-12 16:52:41][GAME: 00:24.86] Steering RIGHT with control 0.776778
[SYS: 2024-11-12 16:52:41][GAME: 00:24.88] Track assistance: angle=169.925140, cur=181.000000, diff=-11.074860, control=0.282193
[SYS: 2024-11-12 16:52:41][GAME: 00:24.88] Steering RIGHT with control 0.782193
[SYS: 2024-11-12 16:52:41][GAME: 00:24.89] Track assistance: angle=169.819595, cur=180.000000, diff=-10.180405, control=0.232149
[SYS: 2024-11-12 16:52:41][GAME: 00:24.89] Steering RIGHT with control 0.732149
[SYS: 2024-11-12 16:52:41][GAME: 00:24.91] Track assistance: angle=169.674469, cur=179.000000, diff=-9.325531, control=0.211766
[SYS: 2024-11-12 16:52:41][GAME: 00:24.91] Steering RIGHT with control 0.711766
[SYS: 2024-11-12 16:52:41][GAME: 00:24.92] Track assistance: angle=169.524704, cur=179.000000, diff=-9.475296, control=0.240627
[SYS: 2024-11-12 16:52:41][GAME: 00:24.92] Steering RIGHT with control 0.740627
[SYS: 2024-11-12 16:52:41][GAME: 00:24.94] Track assistance: angle=169.370361, cur=178.000000, diff=-8.629639, control=0.194600
[SYS: 2024-11-12 16:52:41][GAME: 00:24.94] Steering RIGHT with control 0.694600
[SYS: 2024-11-12 16:52:41][GAME: 00:24.96] Track assistance: angle=169.211670, cur=178.000000, diff=-8.788330, control=0.223676
[SYS: 2024-11-12 16:52:41][GAME: 00:24.96] Steering RIGHT with control 0.723676
[SYS: 2024-11-12 16:52:41][GAME: 00:24.97] Track assistance: angle=169.050888, cur=177.000000, diff=-7.949112, control=0.177747
[SYS: 2024-11-12 16:52:41][GAME: 00:24.97] Steering RIGHT with control 0.677747
[SYS: 2024-11-12 16:52:41][GAME: 00:24.99] Track assistance: angle=168.889359, cur=177.000000, diff=-8.110641, control=0.206804
[SYS: 2024-11-12 16:52:41][GAME: 00:24.99] Steering RIGHT with control 0.706804
[SYS: 2024-11-12 16:52:41][GAME: 00:25.00] Track assistance: angle=168.721771, cur=176.000000, diff=-7.278229, control=0.161145
[SYS: 2024-11-12 16:52:41][GAME: 00:25.00] Steering RIGHT with control 0.661145
[SYS: 2024-11-12 16:52:41][GAME: 00:25.02] Track assistance: angle=168.546616, cur=176.000000, diff=-7.453384, control=0.190713
[SYS: 2024-11-12 16:52:41][GAME: 00:25.02] Steering RIGHT with control 0.690714
[SYS: 2024-11-12 16:52:41][GAME: 00:25.04] Track assistance: angle=168.367233, cur=176.000000, diff=-7.632767, control=0.195304
[SYS: 2024-11-12 16:52:41][GAME: 00:25.04] Steering RIGHT with control 0.695304
[SYS: 2024-11-12 16:52:41][GAME: 00:25.05] Track assistance: angle=168.183701, cur=175.000000, diff=-6.816299, control=0.149996
[SYS: 2024-11-12 16:52:41][GAME: 00:25.05] Steering RIGHT with control 0.649996
[SYS: 2024-11-12 16:52:41][GAME: 00:25.07] Track assistance: angle=167.995834, cur=175.000000, diff=-7.004166, control=0.179801
[SYS: 2024-11-12 16:52:41][GAME: 00:25.07] Steering RIGHT with control 0.679801
[SYS: 2024-11-12 16:52:41][GAME: 00:25.08] Track assistance: angle=167.803543, cur=175.000000, diff=-7.196457, control=0.184719
[SYS: 2024-11-12 16:52:41][GAME: 00:25.08] Steering RIGHT with control 0.684719
[SYS: 2024-11-12 16:52:41][GAME: 00:25.10] Track assistance: angle=167.606613, cur=174.000000, diff=-6.393387, control=0.139758
[SYS: 2024-11-12 16:52:41][GAME: 00:25.10] Steering RIGHT with control 0.639758
[SYS: 2024-11-12 16:52:41][GAME: 00:25.12] Track assistance: angle=167.404861, cur=174.000000, diff=-6.595139, control=0.169922
[SYS: 2024-11-12 16:52:41][GAME: 00:25.12] Steering RIGHT with control 0.669922
[SYS: 2024-11-12 16:52:41][GAME: 00:25.13] Track assistance: angle=167.198059, cur=174.000000, diff=-6.801941, control=0.175219
[SYS: 2024-11-12 16:52:41][GAME: 00:25.13] Steering RIGHT with control 0.675219
[SYS: 2024-11-12 16:52:41][GAME: 00:25.15] Track assistance: angle=166.985855, cur=174.000000, diff=-7.014145, control=0.180659
[SYS: 2024-11-12 16:52:41][GAME: 00:25.15] Steering RIGHT with control 0.680659
[SYS: 2024-11-12 16:52:41][GAME: 00:25.16] Track assistance: angle=166.768036, cur=174.000000, diff=-7.231964, control=0.186245
[SYS: 2024-11-12 16:52:41][GAME: 00:25.16] Steering RIGHT with control 0.686245
[SYS: 2024-11-12 16:52:41][GAME: 00:25.18] Track assistance: angle=166.544144, cur=174.000000, diff=-7.455856, control=0.191994
[SYS: 2024-11-12 16:52:41][GAME: 00:25.18] Steering RIGHT with control 0.691994
[SYS: 2024-11-12 16:52:41][GAME: 00:25.20] Track assistance: angle=166.313751, cur=174.000000, diff=-7.686249, control=0.197916
[SYS: 2024-11-12 16:52:41][GAME: 00:25.20] Steering RIGHT with control 0.697916
[SYS: 2024-11-12 16:52:41][GAME: 00:25.21] Track assistance: angle=166.076294, cur=174.000000, diff=-7.923706, control=0.204029
[SYS: 2024-11-12 16:52:41][GAME: 00:25.21] Steering RIGHT with control 0.704029
[SYS: 2024-11-12 16:52:41][GAME: 00:25.23] Track assistance: angle=165.831146, cur=174.000000, diff=-8.168854, control=0.210350
[SYS: 2024-11-12 16:52:41][GAME: 00:25.23] Steering RIGHT with control 0.710350
[SYS: 2024-11-12 16:52:41][GAME: 00:25.24] Track assistance: angle=165.577652, cur=174.000000, diff=-8.422348, control=0.216896
[SYS: 2024-11-12 16:52:41][GAME: 00:25.24] Steering RIGHT with control 0.716896
[SYS: 2024-11-12 16:52:41][GAME: 00:25.26] Track assistance: angle=165.314987, cur=174.000000, diff=-8.685013, control=0.223692
[SYS: 2024-11-12 16:52:41][GAME: 00:25.26] Steering RIGHT with control 0.723692
[SYS: 2024-11-12 16:52:41][GAME: 00:25.28] Track assistance: angle=165.042389, cur=174.000000, diff=-8.957611, control=0.230755
[SYS: 2024-11-12 16:52:41][GAME: 00:25.28] Steering RIGHT with control 0.730755
[SYS: 2024-11-12 16:52:41][GAME: 00:25.29] Track assistance: angle=164.758835, cur=174.000000, diff=-9.241165, control=0.238118
[SYS: 2024-11-12 16:52:41][GAME: 00:25.29] Steering RIGHT with control 0.738118
[SYS: 2024-11-12 16:52:41][GAME: 00:25.31] Track assistance: angle=164.463333, cur=174.000000, diff=-9.536667, control=0.245804
[SYS: 2024-11-12 16:52:41][GAME: 00:25.31] Steering RIGHT with control 0.745804
[SYS: 2024-11-12 16:52:41][GAME: 00:25.32] Track assistance: angle=164.154694, cur=174.000000, diff=-9.845306, control=0.253849
[SYS: 2024-11-12 16:52:41][GAME: 00:25.32] Steering RIGHT with control 0.753849
[SYS: 2024-11-12 16:52:41][GAME: 00:25.34] Track assistance: angle=163.831650, cur=174.000000, diff=-10.168350, control=0.262285
[SYS: 2024-11-12 16:52:41][GAME: 00:25.34] Steering RIGHT with control 0.762285
[SYS: 2024-11-12 16:52:41][GAME: 00:25.36] Track assistance: angle=163.492584, cur=174.000000, diff=-10.507416, control=0.271162
[SYS: 2024-11-12 16:52:41][GAME: 00:25.36] Steering RIGHT with control 0.771162
[SYS: 2024-11-12 16:52:41][GAME: 00:25.37] Track assistance: angle=163.136002, cur=174.000000, diff=-10.863998, control=0.280515
[SYS: 2024-11-12 16:52:41][GAME: 00:25.37] Steering RIGHT with control 0.780515
[SYS: 2024-11-12 16:52:41][GAME: 00:25.39] Track assistance: angle=162.760117, cur=175.000000, diff=-12.239883, control=0.340394
[SYS: 2024-11-12 16:52:41][GAME: 00:25.39] Steering RIGHT with control 0.840394
[SYS: 2024-11-12 16:52:41][GAME: 00:25.40] Track assistance: angle=162.362839, cur=175.000000, diff=-12.637161, control=0.325861
[SYS: 2024-11-12 16:52:41][GAME: 00:25.40] Steering RIGHT with control 0.825861
[SYS: 2024-11-12 16:52:41][GAME: 00:25.42] Track assistance: angle=161.942017, cur=175.000000, diff=-13.057983, control=0.336970
[SYS: 2024-11-12 16:52:41][GAME: 00:25.42] Steering RIGHT with control 0.836970
[SYS: 2024-11-12 16:52:41][GAME: 00:25.44] Track assistance: angle=161.495087, cur=175.000000, diff=-13.504913, control=0.348796
[SYS: 2024-11-12 16:52:41][GAME: 00:25.44] Steering RIGHT with control 0.848796
[SYS: 2024-11-12 16:52:41][GAME: 00:25.45] Track assistance: angle=161.019348, cur=175.000000, diff=-13.980652, control=0.361410
[SYS: 2024-11-12 16:52:41][GAME: 00:25.45] Steering RIGHT with control 0.861410
[SYS: 2024-11-12 16:52:41][GAME: 00:25.47] Track assistance: angle=160.511566, cur=175.000000, diff=-14.488434, control=0.374905
[SYS: 2024-11-12 16:52:41][GAME: 00:25.47] Steering RIGHT with control 0.874905
[SYS: 2024-11-12 16:52:41][GAME: 00:25.48] Track assistance: angle=159.968109, cur=175.000000, diff=-15.031891, control=0.389384
[SYS: 2024-11-12 16:52:41][GAME: 00:25.48] Steering RIGHT with control 0.889384
[SYS: 2024-11-12 16:52:41][GAME: 00:25.50] Track assistance: angle=159.385010, cur=176.000000, diff=-16.614990, control=0.454952
[SYS: 2024-11-12 16:52:41][GAME: 00:25.50] Steering RIGHT with control 0.954952
[SYS: 2024-11-12 16:52:41][GAME: 00:25.52] Track assistance: angle=158.757629, cur=176.000000, diff=-17.242371, control=0.446744
[SYS: 2024-11-12 16:52:41][GAME: 00:25.52] Steering RIGHT with control 0.946744
[SYS: 2024-11-12 16:52:41][GAME: 00:25.53] Track assistance: angle=158.080612, cur=176.000000, diff=-17.919388, control=0.464910
[SYS: 2024-11-12 16:52:41][GAME: 00:25.53] Steering RIGHT with control 0.964910
[SYS: 2024-11-12 16:52:41][GAME: 00:25.55] Track assistance: angle=157.348022, cur=176.000000, diff=-18.651978, control=0.484614
[SYS: 2024-11-12 16:52:41][GAME: 00:25.55] Steering RIGHT with control 0.984614
[SYS: 2024-11-12 16:52:41][GAME: 00:25.56] Track assistance: angle=156.552841, cur=176.000000, diff=-19.447159, control=0.506059
[SYS: 2024-11-12 16:52:41][GAME: 00:25.56] Steering RIGHT with control 1.006058
[SYS: 2024-11-12 16:52:45][GAME: 00:29.58] Track assistance: angle=-13.260844, cur=1.000000, diff=-14.260844, control=0.226863
[SYS: 2024-11-12 16:52:45][GAME: 00:29.58] Steering RIGHT with control 0.726863
[SYS: 2024-11-12 16:52:46][GAME: 00:29.60] Track assistance: angle=-13.650716, cur=1.000000, diff=-14.650716, control=0.376015
[SYS: 2024-11-12 16:52:46][GAME: 00:29.60] Steering RIGHT with control 0.876015
[SYS: 2024-11-12 16:52:46][GAME: 00:29.61] Track assistance: angle=-14.053096, cur=1.000000, diff=-15.053096, control=0.386387
[SYS: 2024-11-12 16:52:46][GAME: 00:29.61] Steering RIGHT with control 0.886387
[SYS: 2024-11-12 16:52:46][GAME: 00:29.63] Track assistance: angle=-14.469178, cur=1.000000, diff=-15.469178, control=0.397132
[SYS: 2024-11-12 16:52:46][GAME: 00:29.63] Steering RIGHT with control 0.897132
[SYS: 2024-11-12 16:52:46][GAME: 00:29.64] Track assistance: angle=-14.900408, cur=1.000000, diff=-15.900408, control=0.408291
[SYS: 2024-11-12 16:52:46][GAME: 00:29.64] Steering RIGHT with control 0.908291
[SYS: 2024-11-12 16:52:46][GAME: 00:29.66] Track assistance: angle=-15.348302, cur=1.000000, diff=-16.348301, control=0.419905
[SYS: 2024-11-12 16:52:46][GAME: 00:29.66] Steering RIGHT with control 0.919905
[SYS: 2024-11-12 16:52:46][GAME: 00:29.68] Track assistance: angle=-15.814356, cur=1.000000, diff=-16.814356, control=0.432010
[SYS: 2024-11-12 16:52:46][GAME: 00:29.68] Steering RIGHT with control 0.932010
[SYS: 2024-11-12 16:52:46][GAME: 00:29.69] Track assistance: angle=-16.300323, cur=1.000000, diff=-17.300323, control=0.444657
[SYS: 2024-11-12 16:52:46][GAME: 00:29.69] Steering RIGHT with control 0.944657
[SYS: 2024-11-12 16:52:46][GAME: 00:29.71] Track assistance: angle=-16.808132, cur=1.000000, diff=-17.808132, control=0.457899
[SYS: 2024-11-12 16:52:46][GAME: 00:29.71] Steering RIGHT with control 0.957898
[SYS: 2024-11-12 16:52:46][GAME: 00:29.72] Track assistance: angle=-17.340002, cur=1.000000, diff=-18.340002, control=0.471797
[SYS: 2024-11-12 16:52:46][GAME: 00:29.72] Steering RIGHT with control 0.971797
[SYS: 2024-11-12 16:52:46][GAME: 00:29.74] Track assistance: angle=-17.898180, cur=2.000000, diff=-19.898180, control=0.536409
[SYS: 2024-11-12 16:52:46][GAME: 00:29.74] Steering RIGHT with control 1.036409
[SYS: 2024-11-12 16:52:46][GAME: 00:29.76] Track assistance: angle=-18.485115, cur=2.000000, diff=-20.485115, control=0.526801
[SYS: 2024-11-12 16:52:46][GAME: 00:29.76] Steering RIGHT with control 1.026801
[SYS: 2024-11-12 16:52:46][GAME: 00:29.77] Track assistance: angle=-19.103674, cur=2.000000, diff=-21.103674, control=0.543056
[SYS: 2024-11-12 16:52:46][GAME: 00:29.77] Steering RIGHT with control 1.043056
[SYS: 2024-11-12 16:52:46][GAME: 00:29.79] Track assistance: angle=-19.756798, cur=2.000000, diff=-21.756798, control=0.560248
[SYS: 2024-11-12 16:52:46][GAME: 00:29.79] Steering RIGHT with control 1.060248
[SYS: 2024-11-12 16:52:46][GAME: 00:29.80] Track assistance: angle=-20.447910, cur=2.000000, diff=-22.447910, control=0.578476
[SYS: 2024-11-12 16:52:46][GAME: 00:29.80] Steering RIGHT with control 1.078476
[SYS: 2024-11-12 16:52:46][GAME: 00:29.82] Track assistance: angle=-21.180578, cur=2.000000, diff=-23.180578, control=0.597831
[SYS: 2024-11-12 16:52:46][GAME: 00:29.82] Steering RIGHT with control 1.097831
[SYS: 2024-11-12 16:52:46][GAME: 00:29.84] Track assistance: angle=-21.958963, cur=2.000000, diff=-23.958963, control=0.618434
[SYS: 2024-11-12 16:52:46][GAME: 00:29.84] Steering RIGHT with control 1.118434
[SYS: 2024-11-12 16:52:46][GAME: 00:29.85] Track assistance: angle=-22.787424, cur=3.000000, diff=-25.787424, control=0.690397
[SYS: 2024-11-12 16:52:46][GAME: 00:29.85] Steering RIGHT with control 1.190397
[SYS: 2024-11-12 16:52:46][GAME: 00:29.87] Track assistance: angle=-23.671028, cur=3.000000, diff=-26.671028, control=0.688866
[SYS: 2024-11-12 16:52:46][GAME: 00:29.87] Steering RIGHT with control 1.188866
[SYS: 2024-11-12 16:52:46][GAME: 00:29.88] Track assistance: angle=-24.615181, cur=3.000000, diff=-27.615181, control=0.713983
[SYS: 2024-11-12 16:52:46][GAME: 00:29.88] Steering RIGHT with control 1.213983
[SYS: 2024-11-12 16:52:46][GAME: 00:29.90] Track assistance: angle=-25.625628, cur=3.000000, diff=-28.625628, control=0.740902
[SYS: 2024-11-12 16:52:46][GAME: 00:29.90] Steering RIGHT with control 1.240902
[SYS: 2024-11-12 16:52:46][GAME: 00:29.92] Track assistance: angle=-26.707315, cur=3.000000, diff=-29.707315, control=0.769725
[SYS: 2024-11-12 16:52:46][GAME: 00:29.92] Steering RIGHT with control 1.269725
[SYS: 2024-11-12 16:52:46][GAME: 00:29.93] Track assistance: angle=-27.866100, cur=3.000000, diff=-30.866100, control=0.800622
[SYS: 2024-11-12 16:52:46][GAME: 00:29.93] Steering RIGHT with control 1.300622
[SYS: 2024-11-12 16:52:46][GAME: 00:29.95] Track assistance: angle=-29.108719, cur=3.000000, diff=-32.108719, control=0.833783
[SYS: 2024-11-12 16:52:46][GAME: 00:29.95] Steering RIGHT with control 1.333783
[SYS: 2024-11-12 16:52:46][GAME: 00:29.96] Track assistance: angle=-30.442558, cur=3.000000, diff=-33.442558, control=0.869410
[SYS: 2024-11-12 16:52:46][GAME: 00:29.96] Steering RIGHT with control 1.369410
[SYS: 2024-11-12 16:52:46][GAME: 00:29.98] Track assistance: angle=-31.876024, cur=3.000000, diff=-34.876022, control=0.907737
[SYS: 2024-11-12 16:52:46][GAME: 00:29.98] Steering RIGHT with control 1.407737
[SYS: 2024-11-12 16:52:46][GAME: 00:30.00] Track assistance: angle=-33.418407, cur=2.000000, diff=-35.418407, control=0.899020
[SYS: 2024-11-12 16:52:46][GAME: 00:30.00] Steering RIGHT with control 1.399020
[SYS: 2024-11-12 16:52:46][GAME: 00:30.01] Track assistance: angle=-35.080009, cur=2.000000, diff=-37.080009, control=0.968540
[SYS: 2024-11-12 16:52:46][GAME: 00:30.01] Steering RIGHT with control 1.468540
[SYS: 2024-11-12 16:52:46][GAME: 00:30.03] Track assistance: angle=-36.872055, cur=1.000000, diff=-37.872055, control=0.966603
[SYS: 2024-11-12 16:52:46][GAME: 00:30.03] Steering RIGHT with control 1.466603
[SYS: 2024-11-12 16:52:46][GAME: 00:30.04] Track assistance: angle=-38.818993, cur=0.000000, diff=-38.818993, control=0.994148
[SYS: 2024-11-12 16:52:46][GAME: 00:30.04] Steering RIGHT with control 1.494148
[SYS: 2024-11-12 16:52:46][GAME: 00:30.06] Track assistance: angle=-8.247129, cur=0.000000, diff=-8.247129, control=0.558118
[SYS: 2024-11-12 16:52:46][GAME: 00:30.06] Steering RIGHT with control 1.058118
[SYS: 2024-11-12 16:52:46][GAME: 00:30.08] Track assistance: angle=-8.368698, cur=359.000000, diff=-7.368713, control=0.162257
[SYS: 2024-11-12 16:52:46][GAME: 00:30.08] Steering RIGHT with control 0.662257
[SYS: 2024-11-12 16:52:46][GAME: 00:30.09] Track assistance: angle=-8.492056, cur=359.000000, diff=-7.492065, control=0.190385
[SYS: 2024-11-12 16:52:46][GAME: 00:30.09] Steering RIGHT with control 0.690385
[SYS: 2024-11-12 16:52:46][GAME: 00:30.11] Track assistance: angle=-8.617027, cur=358.000000, diff=-6.617035, control=0.143550
[SYS: 2024-11-12 16:52:46][GAME: 00:30.11] Steering RIGHT with control 0.643550
[SYS: 2024-11-12 16:52:46][GAME: 00:30.12] Track assistance: angle=-8.743450, cur=358.000000, diff=-6.743439, control=0.171746
[SYS: 2024-11-12 16:52:46][GAME: 00:30.12] Steering RIGHT with control 0.671746
[SYS: 2024-11-12 16:52:46][GAME: 00:30.14] Track assistance: angle=-8.871226, cur=357.000000, diff=-5.871216, control=0.124975
[SYS: 2024-11-12 16:52:46][GAME: 00:30.14] Steering RIGHT with control 0.624975
[SYS: 2024-11-12 16:52:46][GAME: 00:30.16] Track assistance: angle=-9.000258, cur=357.000000, diff=-6.000244, control=0.153232
[SYS: 2024-11-12 16:52:46][GAME: 00:30.16] Steering RIGHT with control 0.653232
[SYS: 2024-11-12 16:52:46][GAME: 00:30.17] Track assistance: angle=-9.130526, cur=357.000000, diff=-6.130524, control=0.156520
[SYS: 2024-11-12 16:52:46][GAME: 00:30.17] Steering RIGHT with control 0.656520
[SYS: 2024-11-12 16:52:46][GAME: 00:30.19] Track assistance: angle=-9.262007, cur=356.000000, diff=-5.261993, control=0.109837
[SYS: 2024-11-12 16:52:46][GAME: 00:30.19] Steering RIGHT with control 0.609837
[SYS: 2024-11-12 16:52:46][GAME: 00:30.20] Track assistance: angle=-9.394680, cur=356.000000, diff=-5.394684, control=0.138184
[SYS: 2024-11-12 16:52:46][GAME: 00:30.20] Steering RIGHT with control 0.638184
[SYS: 2024-11-12 16:52:46][GAME: 00:30.22] Track assistance: angle=-9.528530, cur=356.000000, diff=-5.528534, control=0.141560
[SYS: 2024-11-12 16:52:46][GAME: 00:30.22] Steering RIGHT with control 0.641560
[SYS: 2024-11-12 16:52:46][GAME: 00:30.24] Track assistance: angle=-9.663616, cur=356.000000, diff=-5.663605, control=0.144967
[SYS: 2024-11-12 16:52:46][GAME: 00:30.24] Steering RIGHT with control 0.644967
[SYS: 2024-11-12 16:52:46][GAME: 00:30.25] Track assistance: angle=-9.800006, cur=356.000000, diff=-5.800018, control=0.148411
[SYS: 2024-11-12 16:52:46][GAME: 00:30.25] Steering RIGHT with control 0.648411
[SYS: 2024-11-12 16:52:46][GAME: 00:30.27] Track assistance: angle=-9.937763, cur=355.000000, diff=-4.937775, control=0.101888
[SYS: 2024-11-12 16:52:46][GAME: 00:30.27] Steering RIGHT with control 0.601888
[SYS: 2024-11-12 16:52:46][GAME: 00:30.28] Track assistance: angle=-10.077046, cur=355.000000, diff=-5.077057, control=0.130408
[SYS: 2024-11-12 16:52:46][GAME: 00:30.28] Steering RIGHT with control 0.630408
[SYS: 2024-11-12 16:52:46][GAME: 00:30.30] Track assistance: angle=-10.218018, cur=355.000000, diff=-5.218018, control=0.133974
[SYS: 2024-11-12 16:52:46][GAME: 00:30.30] Steering RIGHT with control 0.633974
[SYS: 2024-11-12 16:52:46][GAME: 00:30.32] Track assistance: angle=-10.360836, cur=355.000000, diff=-5.360840, control=0.137592
[SYS: 2024-11-12 16:52:46][GAME: 00:30.32] Steering RIGHT with control 0.637592
[SYS: 2024-11-12 16:52:46][GAME: 00:30.33] Track assistance: angle=-10.505678, cur=355.000000, diff=-5.505676, control=0.141263
[SYS: 2024-11-12 16:52:46][GAME: 00:30.33] Steering RIGHT with control 0.641263
[SYS: 2024-11-12 16:52:46][GAME: 00:30.35] Track assistance: angle=-10.652724, cur=355.000000, diff=-5.652710, control=0.144994
[SYS: 2024-11-12 16:52:46][GAME: 00:30.35] Steering RIGHT with control 0.644994
[SYS: 2024-11-12 16:52:46][GAME: 00:30.36] Track assistance: angle=-10.802245, cur=355.000000, diff=-5.802246, control=0.148795
[SYS: 2024-11-12 16:52:46][GAME: 00:30.36] Steering RIGHT with control 0.648795
[SYS: 2024-11-12 16:52:46][GAME: 00:30.38] Track assistance: angle=-10.954518, cur=355.000000, diff=-5.954529, control=0.152670
[SYS: 2024-11-12 16:52:46][GAME: 00:30.38] Steering RIGHT with control 0.652670
[SYS: 2024-11-12 16:52:46][GAME: 00:30.40] Track assistance: angle=-11.109742, cur=355.000000, diff=-6.109741, control=0.156624
[SYS: 2024-11-12 16:52:46][GAME: 00:30.40] Steering RIGHT with control 0.656624
[SYS: 2024-11-12 16:52:46][GAME: 00:30.41] Track assistance: angle=-11.268229, cur=355.000000, diff=-6.268219, control=0.160667
[SYS: 2024-11-12 16:52:46][GAME: 00:30.41] Steering RIGHT with control 0.660667
[SYS: 2024-11-12 16:52:46][GAME: 00:30.43] Track assistance: angle=-11.430288, cur=355.000000, diff=-6.430298, control=0.164809
[SYS: 2024-11-12 16:52:46][GAME: 00:30.43] Steering RIGHT with control 0.664809
[SYS: 2024-11-12 16:52:46][GAME: 00:30.44] Track assistance: angle=-11.596356, cur=355.000000, diff=-6.596344, control=0.169060
[SYS: 2024-11-12 16:52:46][GAME: 00:30.44] Steering RIGHT with control 0.669060
[SYS: 2024-11-12 16:52:46][GAME: 00:30.46] Track assistance: angle=-11.766775, cur=355.000000, diff=-6.766785, control=0.173431
[SYS: 2024-11-12 16:52:46][GAME: 00:30.46] Steering RIGHT with control 0.673431
[SYS: 2024-11-12 16:52:46][GAME: 00:30.48] Track assistance: angle=-11.941918, cur=355.000000, diff=-6.941925, control=0.177927
[SYS: 2024-11-12 16:52:46][GAME: 00:30.48] Steering RIGHT with control 0.677927
[SYS: 2024-11-12 16:52:46][GAME: 00:30.49] Track assistance: angle=-12.122175, cur=355.000000, diff=-7.122162, control=0.182560
[SYS: 2024-11-12 16:52:46][GAME: 00:30.49] Steering RIGHT with control 0.682560
[SYS: 2024-11-12 16:52:46][GAME: 00:30.51] Track assistance: angle=-12.308075, cur=355.000000, diff=-7.308075, control=0.187350
[SYS: 2024-11-12 16:52:46][GAME: 00:30.51] Steering RIGHT with control 0.687350
[SYS: 2024-11-12 16:52:46][GAME: 00:30.52] Track assistance: angle=-12.500061, cur=355.000000, diff=-7.500061, control=0.192301
[SYS: 2024-11-12 16:52:46][GAME: 00:30.52] Steering RIGHT with control 0.692301
[SYS: 2024-11-12 16:52:46][GAME: 00:30.54] Track assistance: angle=-12.698617, cur=355.000000, diff=-7.698608, control=0.197429
[SYS: 2024-11-12 16:52:46][GAME: 00:30.54] Steering RIGHT with control 0.697429
[SYS: 2024-11-12 16:52:47][GAME: 00:30.56] Track assistance: angle=-12.904374, cur=355.000000, diff=-7.904388, control=0.202754
[SYS: 2024-11-12 16:52:47][GAME: 00:30.56] Steering RIGHT with control 0.702754
[SYS: 2024-11-12 16:52:47][GAME: 00:30.57] Track assistance: angle=-13.117889, cur=355.000000, diff=-8.117889, control=0.208285
[SYS: 2024-11-12 16:52:47][GAME: 00:30.57] Steering RIGHT with control 0.708285
[SYS: 2024-11-12 16:52:47][GAME: 00:30.59] Track assistance: angle=-13.340003, cur=355.000000, diff=-8.339996, control=0.214053
[SYS: 2024-11-12 16:52:47][GAME: 00:30.59] Steering RIGHT with control 0.714053
[SYS: 2024-11-12 16:52:47][GAME: 00:30.60] Track assistance: angle=-13.571503, cur=355.000000, diff=-8.571503, control=0.220075
[SYS: 2024-11-12 16:52:47][GAME: 00:30.60] Steering RIGHT with control 0.720075
[SYS: 2024-11-12 16:52:47][GAME: 00:30.62] Track assistance: angle=-13.813119, cur=356.000000, diff=-9.813110, control=0.276368
[SYS: 2024-11-12 16:52:47][GAME: 00:30.62] Steering RIGHT with control 0.776368
[SYS: 2024-11-12 16:52:47][GAME: 00:30.64] Track assistance: angle=-14.065791, cur=356.000000, diff=-10.065796, control=0.257962
[SYS: 2024-11-12 16:52:47][GAME: 00:30.64] Steering RIGHT with control 0.757962
[SYS: 2024-11-12 16:52:47][GAME: 00:30.65] Track assistance: angle=-14.330515, cur=356.000000, diff=-10.330505, control=0.264880
[SYS: 2024-11-12 16:52:47][GAME: 00:30.65] Steering RIGHT with control 0.764880
[SYS: 2024-11-12 16:52:47][GAME: 00:30.67] Track assistance: angle=-14.608393, cur=356.000000, diff=-10.608398, control=0.272157
[SYS: 2024-11-12 16:52:47][GAME: 00:30.67] Steering RIGHT with control 0.772157
[SYS: 2024-11-12 16:52:47][GAME: 00:30.68] Track assistance: angle=-14.900619, cur=356.000000, diff=-10.900604, control=0.279820
[SYS: 2024-11-12 16:52:47][GAME: 00:30.68] Steering RIGHT with control 0.779820
[SYS: 2024-11-12 16:52:47][GAME: 00:30.70] Track assistance: angle=-15.208524, cur=356.000000, diff=-11.208527, control=0.287911
[SYS: 2024-11-12 16:52:47][GAME: 00:30.70] Steering RIGHT with control 0.787911
[SYS: 2024-11-12 16:52:47][GAME: 00:30.72] Track assistance: angle=-15.533700, cur=356.000000, diff=-11.533691, control=0.296471
[SYS: 2024-11-12 16:52:47][GAME: 00:30.72] Steering RIGHT with control 0.796471
[SYS: 2024-11-12 16:52:47][GAME: 00:30.73] Track assistance: angle=-15.877744, cur=356.000000, diff=-11.877747, control=0.305545
[SYS: 2024-11-12 16:52:47][GAME: 00:30.73] Steering RIGHT with control 0.805545
[SYS: 2024-11-12 16:52:47][GAME: 00:30.75] Track assistance: angle=-16.242453, cur=356.000000, diff=-12.242462, control=0.315179
[SYS: 2024-11-12 16:52:47][GAME: 00:30.75] Steering RIGHT with control 0.815179
[SYS: 2024-11-12 16:52:47][GAME: 00:30.76] Track assistance: angle=-16.629801, cur=357.000000, diff=-13.629791, control=0.375428
[SYS: 2024-11-12 16:52:47][GAME: 00:30.76] Steering RIGHT with control 0.875428
[SYS: 2024-11-12 16:52:47][GAME: 00:30.78] Track assistance: angle=-17.042183, cur=357.000000, diff=-14.042175, control=0.361364
[SYS: 2024-11-12 16:52:47][GAME: 00:30.78] Steering RIGHT with control 0.861364
[SYS: 2024-11-12 16:52:47][GAME: 00:30.80] Track assistance: angle=-17.482059, cur=357.000000, diff=-14.482056, control=0.373048
[SYS: 2024-11-12 16:52:47][GAME: 00:30.80] Steering RIGHT with control 0.873048
[SYS: 2024-11-12 16:52:47][GAME: 00:30.81] Track assistance: angle=-17.952246, cur=357.000000, diff=-14.952240, control=0.385561
[SYS: 2024-11-12 16:52:47][GAME: 00:30.81] Steering RIGHT with control 0.885561
[SYS: 2024-11-12 16:52:47][GAME: 00:30.83] Track assistance: angle=-18.455893, cur=357.000000, diff=-15.455902, control=0.398989
[SYS: 2024-11-12 16:52:47][GAME: 00:30.83] Steering RIGHT with control 0.898989
[SYS: 2024-11-12 16:52:47][GAME: 00:30.84] Track assistance: angle=-18.996769, cur=357.000000, diff=-15.996765, control=0.413441
[SYS: 2024-11-12 16:52:47][GAME: 00:30.84] Steering RIGHT with control 0.913441
[SYS: 2024-11-12 16:52:47][GAME: 00:30.86] Track assistance: angle=-19.578936, cur=357.000000, diff=-16.578949, control=0.429028
[SYS: 2024-11-12 16:52:47][GAME: 00:30.86] Steering RIGHT with control 0.929028
[SYS: 2024-11-12 16:52:47][GAME: 00:30.88] Track assistance: angle=-20.207045, cur=358.000000, diff=-18.207031, control=0.495878
[SYS: 2024-11-12 16:52:47][GAME: 00:30.88] Steering RIGHT with control 0.995878
[SYS: 2024-11-12 16:52:47][GAME: 00:30.89] Track assistance: angle=-20.886627, cur=358.000000, diff=-18.886627, control=0.489156
[SYS: 2024-11-12 16:52:47][GAME: 00:30.89] Steering RIGHT with control 0.989156
[SYS: 2024-11-12 16:52:47][GAME: 00:30.91] Track assistance: angle=-21.623783, cur=358.000000, diff=-19.623779, control=0.509023
[SYS: 2024-11-12 16:52:47][GAME: 00:30.91] Steering RIGHT with control 1.009023
[SYS: 2024-11-12 16:52:47][GAME: 00:30.92] Track assistance: angle=-22.425634, cur=358.000000, diff=-20.425629, control=0.530687
[SYS: 2024-11-12 16:52:47][GAME: 00:30.92] Steering RIGHT with control 1.030687
[SYS: 2024-11-12 16:52:47][GAME: 00:30.94] Track assistance: angle=-23.300592, cur=358.000000, diff=-21.300598, control=0.554389
[SYS: 2024-11-12 16:52:47][GAME: 00:30.94] Steering RIGHT with control 1.054389
[SYS: 2024-11-12 16:52:47][GAME: 00:30.96] Track assistance: angle=-24.258228, cur=358.000000, diff=-22.258240, control=0.580397
[SYS: 2024-11-12 16:52:47][GAME: 00:30.96] Steering RIGHT with control 1.080397
[SYS: 2024-11-12 16:52:47][GAME: 00:30.97] Track assistance: angle=-25.309704, cur=358.000000, diff=-23.309692, control=0.609029
[SYS: 2024-11-12 16:52:47][GAME: 00:30.97] Steering RIGHT with control 1.109029
[SYS: 2024-11-12 16:52:47][GAME: 00:30.99] Track assistance: angle=-26.468412, cur=358.000000, diff=-24.468414, control=0.640678
[SYS: 2024-11-12 16:52:47][GAME: 00:30.99] Steering RIGHT with control 1.140678
[SYS: 2024-11-12 16:52:47][GAME: 00:31.00] Track assistance: angle=-27.749836, cur=359.000000, diff=-26.749847, control=0.725782
[SYS: 2024-11-12 16:52:47][GAME: 00:31.00] Steering RIGHT with control 1.225782
[SYS: 2024-11-12 16:52:47][GAME: 00:31.02] Track assistance: angle=-29.172243, cur=359.000000, diff=-28.172241, control=0.739866
[SYS: 2024-11-12 16:52:47][GAME: 00:31.02] Steering RIGHT with control 1.239866
[SYS: 2024-11-12 16:52:47][GAME: 00:31.04] Track assistance: angle=-30.757267, cur=359.000000, diff=-29.757263, control=0.783557
[SYS: 2024-11-12 16:52:47][GAME: 00:31.04] Steering RIGHT with control 1.283557
[SYS: 2024-11-12 16:52:47][GAME: 00:31.05] Track assistance: angle=-32.530590, cur=359.000000, diff=-31.530579, control=0.832597
[SYS: 2024-11-12 16:52:47][GAME: 00:31.05] Steering RIGHT with control 1.332597
[SYS: 2024-11-12 16:52:47][GAME: 00:31.07] Track assistance: angle=-34.522652, cur=359.000000, diff=-33.522644, control=0.887868
[SYS: 2024-11-12 16:52:47][GAME: 00:31.07] Steering RIGHT with control 1.387868
[SYS: 2024-11-12 16:52:47][GAME: 00:31.08] Track assistance: angle=-13.310114, cur=359.000000, diff=-12.310120, control=0.222560
[SYS: 2024-11-12 16:52:47][GAME: 00:31.08] Steering RIGHT with control 0.722560
[SYS: 2024-11-12 16:52:47][GAME: 00:31.10] Track assistance: angle=-13.639029, cur=359.000000, diff=-12.639038, control=0.324199
[SYS: 2024-11-12 16:52:47][GAME: 00:31.10] Steering RIGHT with control 0.824199
[SYS: 2024-11-12 16:52:47][GAME: 00:31.12] Track assistance: angle=-13.990519, cur=359.000000, diff=-12.990509, control=0.333549
[SYS: 2024-11-12 16:52:47][GAME: 00:31.12] Steering RIGHT with control 0.833549
[SYS: 2024-11-12 16:52:47][GAME: 00:31.13] Track assistance: angle=-14.366670, cur=359.000000, diff=-13.366669, control=0.343571
[SYS: 2024-11-12 16:52:47][GAME: 00:31.13] Steering RIGHT with control 0.843571
[SYS: 2024-11-12 16:52:47][GAME: 00:31.15] Track assistance: angle=-14.769843, cur=0.000000, diff=-14.769843, control=0.404325
[SYS: 2024-11-12 16:52:47][GAME: 00:31.15] Steering RIGHT with control 0.904325
[SYS: 2024-11-12 16:52:47][GAME: 00:31.16] Track assistance: angle=-15.202681, cur=0.000000, diff=-15.202681, control=0.390888
[SYS: 2024-11-12 16:52:47][GAME: 00:31.16] Steering RIGHT with control 0.890888
[SYS: 2024-11-12 16:52:47][GAME: 00:31.18] Track assistance: angle=-15.668181, cur=0.000000, diff=-15.668181, control=0.403342
[SYS: 2024-11-12 16:52:47][GAME: 00:31.18] Steering RIGHT with control 0.903342
[SYS: 2024-11-12 16:52:49][GAME: 00:33.28] Track assistance: angle=-7.802764, cur=9.000000, diff=-16.802765, control=0.448434
[SYS: 2024-11-12 16:52:49][GAME: 00:33.28] Steering RIGHT with control 0.948434
[SYS: 2024-11-12 16:52:49][GAME: 00:33.29] Track assistance: angle=-9.002658, cur=10.000000, diff=-19.002659, control=0.530064
[SYS: 2024-11-12 16:52:49][GAME: 00:33.29] Steering RIGHT with control 1.030064
[SYS: 2024-11-12 16:52:58][GAME: 00:42.01] Track assistance: angle=-24.810616, cur=331.000000, diff=4.189392, control=0.684536
[SYS: 2024-11-12 16:52:58][GAME: 00:42.01] Steering LEFT with control 1.184536
[SYS: 2024-11-12 16:52:58][GAME: 00:42.03] Track assistance: angle=-24.759241, cur=331.000000, diff=4.240753, control=0.107303
[SYS: 2024-11-12 16:52:58][GAME: 00:42.03] Steering LEFT with control 0.607303
[SYS: 2024-11-12 16:52:58][GAME: 00:42.04] Track assistance: angle=-24.706491, cur=331.000000, diff=4.293518, control=0.108657
[SYS: 2024-11-12 16:52:58][GAME: 00:42.04] Steering LEFT with control 0.608657
[SYS: 2024-11-12 16:52:58][GAME: 00:42.06] Track assistance: angle=-24.652243, cur=332.000000, diff=3.347748, control=0.060049
[SYS: 2024-11-12 16:52:58][GAME: 00:42.06] Steering LEFT with control 0.560049
[SYS: 2024-11-12 16:52:59][GAME: 00:42.08] Track assistance: angle=-24.596205, cur=332.000000, diff=3.403809, control=0.086497
[SYS: 2024-11-12 16:52:59][GAME: 00:42.08] Steering LEFT with control 0.586497
[SYS: 2024-11-12 16:52:59][GAME: 00:42.09] Track assistance: angle=-24.538244, cur=332.000000, diff=3.461761, control=0.087993
[SYS: 2024-11-12 16:52:59][GAME: 00:42.09] Steering LEFT with control 0.587993
[SYS: 2024-11-12 16:52:59][GAME: 00:42.11] Track assistance: angle=-24.478371, cur=332.000000, diff=3.521637, control=0.089538
[SYS: 2024-11-12 16:52:59][GAME: 00:42.11] Steering LEFT with control 0.589538
[SYS: 2024-11-12 16:52:59][GAME: 00:42.12] Track assistance: angle=-24.062244, cur=331.000000, diff=4.937744, control=0.158846
[SYS: 2024-11-12 16:52:59][GAME: 00:42.12] Steering LEFT with control 0.658846
[SYS: 2024-11-12 16:52:59][GAME: 00:42.14] Track assistance: angle=-23.737186, cur=330.000000, diff=6.262817, control=0.189697
[SYS: 2024-11-12 16:52:59][GAME: 00:42.14] Steering LEFT with control 0.689697
[SYS: 2024-11-12 16:52:59][GAME: 00:42.16] Track assistance: angle=-23.417973, cur=329.000000, diff=7.582031, control=0.222531
[SYS: 2024-11-12 16:52:59][GAME: 00:42.16] Steering LEFT with control 0.722531
[SYS: 2024-11-12 16:52:59][GAME: 00:42.17] Track assistance: angle=-23.102602, cur=328.000000, diff=8.897400, control=0.255319
[SYS: 2024-11-12 16:52:59][GAME: 00:42.17] Steering LEFT with control 0.755319
[SYS: 2024-11-12 16:52:59][GAME: 00:42.19] Track assistance: angle=-22.788998, cur=328.000000, diff=9.210999, control=0.238115
[SYS: 2024-11-12 16:52:59][GAME: 00:42.19] Steering LEFT with control 0.738115
[SYS: 2024-11-12 16:52:59][GAME: 00:42.20] Track assistance: angle=-22.475248, cur=327.000000, diff=10.524750, control=0.295963
[SYS: 2024-11-12 16:52:59][GAME: 00:42.20] Steering LEFT with control 0.795963
[SYS: 2024-11-12 16:52:59][GAME: 00:42.22] Track assistance: angle=-22.159464, cur=326.000000, diff=11.840546, control=0.328909
[SYS: 2024-11-12 16:52:59][GAME: 00:42.22] Steering LEFT with control 0.828909
[SYS: 2024-11-12 16:52:59][GAME: 00:42.24] Track assistance: angle=-21.728336, cur=325.000000, diff=13.271667, control=0.367570
[SYS: 2024-11-12 16:52:59][GAME: 00:42.24] Steering LEFT with control 0.867570
[SYS: 2024-11-12 16:52:59][GAME: 00:42.25] Track assistance: angle=-21.322388, cur=325.000000, diff=13.677612, control=0.352089
[SYS: 2024-11-12 16:52:59][GAME: 00:42.25] Steering LEFT with control 0.852089
[SYS: 2024-11-12 16:52:59][GAME: 00:42.27] Track assistance: angle=-20.911671, cur=324.000000, diff=15.088318, control=0.412476
[SYS: 2024-11-12 16:52:59][GAME: 00:42.27] Steering LEFT with control 0.912476
[SYS: 2024-11-12 16:52:59][GAME: 00:42.28] Track assistance: angle=-20.493864, cur=323.000000, diff=16.506134, control=0.448099
[SYS: 2024-11-12 16:52:59][GAME: 00:42.28] Steering LEFT with control 0.948099
[SYS: 2024-11-12 16:52:59][GAME: 00:42.30] Track assistance: angle=-20.066736, cur=322.000000, diff=17.933258, control=0.484010
[SYS: 2024-11-12 16:52:59][GAME: 00:42.30] Steering LEFT with control 0.984010
[SYS: 2024-11-12 16:52:59][GAME: 00:42.32] Track assistance: angle=-19.627832, cur=322.000000, diff=18.372162, control=0.470277
[SYS: 2024-11-12 16:52:59][GAME: 00:42.32] Steering LEFT with control 0.970277
[SYS: 2024-11-12 16:52:59][GAME: 00:42.33] Track assistance: angle=-19.175001, cur=321.000000, diff=19.825012, control=0.531947
[SYS: 2024-11-12 16:52:59][GAME: 00:42.33] Steering LEFT with control 1.031947
[SYS: 2024-11-12 16:52:59][GAME: 00:42.35] Track assistance: angle=-18.706896, cur=320.000000, diff=21.293091, control=0.569029
[SYS: 2024-11-12 16:52:59][GAME: 00:42.35] Steering LEFT with control 1.069029
[SYS: 2024-11-12 16:52:59][GAME: 00:42.36] Track assistance: angle=-18.221060, cur=320.000000, diff=21.778931, control=0.556619
[SYS: 2024-11-12 16:52:59][GAME: 00:42.36] Steering LEFT with control 1.056619
