[SYS: 2024-11-16 14:09:16][GAME: 00:06.25] Track assistance: angle=150.385132, cur=141.000000, diff=9.385132, control=0.469257
[SYS: 2024-11-16 14:09:16][GAME: 00:06.25] Steering LEFT with control 0.969257
[SYS: 2024-11-16 14:09:16][GAME: 00:06.27] Track assistance: angle=150.728531, cur=143.000000, diff=7.728531, control=0.151798
[SYS: 2024-11-16 14:09:16][GAME: 00:06.27] Steering LEFT with control 0.651798
[SYS: 2024-11-16 14:09:16][GAME: 00:06.28] Track assistance: angle=151.056686, cur=145.000000, diff=6.056686, control=0.109621
[SYS: 2024-11-16 14:09:16][GAME: 00:06.28] Steering LEFT with control 0.609621
[SYS: 2024-11-16 14:09:16][GAME: 00:06.30] Track assistance: angle=151.368668, cur=147.000000, diff=4.368668, control=0.067016
[SYS: 2024-11-16 14:09:16][GAME: 00:06.30] Steering LEFT with control 0.567016
[SYS: 2024-11-16 14:09:16][GAME: 00:06.32] Track assistance: angle=151.665268, cur=149.000000, diff=2.665268, control=0.024047
[SYS: 2024-11-16 14:09:17][GAME: 00:06.33] Track assistance: angle=151.945374, cur=151.000000, diff=0.945374, control=0.019363
[SYS: 2024-11-16 14:09:17][GAME: 00:06.35] Track assistance: angle=152.208389, cur=153.000000, diff=-0.791611, control=0.063215
[SYS: 2024-11-16 14:09:17][GAME: 00:06.36] Track assistance: angle=152.453339, cur=155.000000, diff=-2.546661, control=0.107543
[SYS: 2024-11-16 14:09:17][GAME: 00:06.38] Track assistance: angle=152.679199, cur=156.000000, diff=-3.320801, control=0.102374
[SYS: 2024-11-16 14:09:17][GAME: 00:06.38] Steering RIGHT with control 0.602373
[SYS: 2024-11-16 14:09:17][GAME: 00:06.40] Track assistance: angle=152.885147, cur=158.000000, diff=-5.114853, control=0.172723
[SYS: 2024-11-16 14:09:17][GAME: 00:06.40] Steering RIGHT with control 0.672723
[SYS: 2024-11-16 14:09:17][GAME: 00:06.41] Track assistance: angle=153.070511, cur=159.000000, diff=-5.929489, control=0.168603
[SYS: 2024-11-16 14:09:17][GAME: 00:06.41] Steering RIGHT with control 0.668603
[SYS: 2024-11-16 14:09:17][GAME: 00:06.43] Track assistance: angle=153.243317, cur=160.000000, diff=-6.756683, control=0.189597
[SYS: 2024-11-16 14:09:17][GAME: 00:06.43] Steering RIGHT with control 0.689597
[SYS: 2024-11-16 14:09:17][GAME: 00:06.44] Track assistance: angle=153.403656, cur=161.000000, diff=-7.596344, control=0.210900
[SYS: 2024-11-16 14:09:17][GAME: 00:06.44] Steering RIGHT with control 0.710900
[SYS: 2024-11-16 14:09:17][GAME: 00:06.46] Track assistance: angle=153.551315, cur=161.000000, diff=-7.448685, control=0.182526
[SYS: 2024-11-16 14:09:17][GAME: 00:06.46] Steering RIGHT with control 0.682526
[SYS: 2024-11-16 14:09:17][GAME: 00:06.48] Track assistance: angle=153.686600, cur=162.000000, diff=-8.313400, control=0.229453
[SYS: 2024-11-16 14:09:17][GAME: 00:06.48] Steering RIGHT with control 0.729453
[SYS: 2024-11-16 14:09:17][GAME: 00:06.49] Track assistance: angle=153.809875, cur=162.000000, diff=-8.190125, control=0.201671
[SYS: 2024-11-16 14:09:17][GAME: 00:06.49] Steering RIGHT with control 0.701671
[SYS: 2024-11-16 14:09:17][GAME: 00:06.51] Track assistance: angle=153.921814, cur=161.000000, diff=-7.078186, control=0.149156
[SYS: 2024-11-16 14:09:17][GAME: 00:06.51] Steering RIGHT with control 0.649156
[SYS: 2024-11-16 14:09:17][GAME: 00:06.52] Track assistance: angle=154.023468, cur=161.000000, diff=-6.976532, control=0.171872
[SYS: 2024-11-16 14:09:17][GAME: 00:06.52] Steering RIGHT with control 0.671872
[SYS: 2024-11-16 14:09:17][GAME: 00:06.54] Track assistance: angle=154.116028, cur=161.000000, diff=-6.883972, control=0.169785
[SYS: 2024-11-16 14:09:17][GAME: 00:06.54] Steering RIGHT with control 0.669785
[SYS: 2024-11-16 14:09:17][GAME: 00:06.56] Track assistance: angle=154.200089, cur=160.000000, diff=-5.799911, control=0.117896
[SYS: 2024-11-16 14:09:17][GAME: 00:06.56] Steering RIGHT with control 0.617896
[SYS: 2024-11-16 14:09:17][GAME: 00:06.57] Track assistance: angle=154.277802, cur=159.000000, diff=-4.722198, control=0.091112
[SYS: 2024-11-16 14:09:17][GAME: 00:06.57] Steering RIGHT with control 0.591112
[SYS: 2024-11-16 14:09:17][GAME: 00:06.59] Track assistance: angle=154.350861, cur=158.000000, diff=-3.649139, control=0.064402
[SYS: 2024-11-16 14:09:17][GAME: 00:06.59] Steering RIGHT with control 0.564402
[SYS: 2024-11-16 14:09:17][GAME: 00:06.60] Track assistance: angle=154.420532, cur=157.000000, diff=-2.579468, control=0.037745
[SYS: 2024-11-16 14:09:17][GAME: 00:06.62] Track assistance: angle=154.818039, cur=155.000000, diff=-0.181961, control=0.055389
[SYS: 2024-11-16 14:09:17][GAME: 00:06.64] Track assistance: angle=155.196808, cur=153.000000, diff=2.196808, control=0.114389
[SYS: 2024-11-16 14:09:36][GAME: 00:25.44] Track assistance: angle=-91.136436, cur=254.000000, diff=14.863556, control=0.688258
[SYS: 2024-11-16 14:09:36][GAME: 00:25.44] Steering LEFT with control 1.188258
[SYS: 2024-11-16 14:09:36][GAME: 00:25.45] Track assistance: angle=-89.202438, cur=256.000000, diff=14.797546, control=0.368288
[SYS: 2024-11-16 14:09:36][GAME: 00:25.45] Steering LEFT with control 0.868288
[SYS: 2024-11-16 14:09:36][GAME: 00:25.47] Track assistance: angle=-87.250557, cur=257.000000, diff=15.749451, control=0.417534
[SYS: 2024-11-16 14:09:36][GAME: 00:25.47] Steering LEFT with control 0.917534
[SYS: 2024-11-16 14:09:36][GAME: 00:25.48] Track assistance: angle=-85.284508, cur=259.000000, diff=15.715485, control=0.392038
[SYS: 2024-11-16 14:09:36][GAME: 00:25.48] Steering LEFT with control 0.892038
[SYS: 2024-11-16 14:09:36][GAME: 00:25.50] Track assistance: angle=-83.305519, cur=261.000000, diff=15.694489, control=0.391837
[SYS: 2024-11-16 14:09:36][GAME: 00:25.50] Steering LEFT with control 0.891837
[SYS: 2024-11-16 14:09:36][GAME: 00:25.52] Track assistance: angle=-81.316597, cur=262.000000, diff=16.683411, control=0.441808
[SYS: 2024-11-16 14:09:36][GAME: 00:25.52] Steering LEFT with control 0.941808
[SYS: 2024-11-16 14:09:37][GAME: 00:25.53] Track assistance: angle=-79.320847, cur=264.000000, diff=16.679138, control=0.416872
[SYS: 2024-11-16 14:09:37][GAME: 00:25.53] Steering LEFT with control 0.916872
[SYS: 2024-11-16 14:09:37][GAME: 00:25.55] Track assistance: angle=-77.321381, cur=265.000000, diff=17.678619, control=0.466953
[SYS: 2024-11-16 14:09:37][GAME: 00:25.55] Steering LEFT with control 0.966953
[SYS: 2024-11-16 14:09:37][GAME: 00:25.56] Track assistance: angle=-75.322044, cur=267.000000, diff=17.677948, control=0.441932
[SYS: 2024-11-16 14:09:37][GAME: 00:25.56] Steering LEFT with control 0.941932
[SYS: 2024-11-16 14:09:37][GAME: 00:25.58] Track assistance: angle=-73.325394, cur=268.000000, diff=18.674622, control=0.491782
[SYS: 2024-11-16 14:09:37][GAME: 00:25.58] Steering LEFT with control 0.991782
[SYS: 2024-11-16 14:09:37][GAME: 00:25.60] Track assistance: angle=-71.334564, cur=270.000000, diff=18.665436, control=0.466406
[SYS: 2024-11-16 14:09:37][GAME: 00:25.60] Steering LEFT with control 0.966406
[SYS: 2024-11-16 14:09:37][GAME: 00:25.61] Track assistance: angle=-69.351753, cur=271.000000, diff=19.648254, control=0.515777
[SYS: 2024-11-16 14:09:37][GAME: 00:25.61] Steering LEFT with control 1.015777
[SYS: 2024-11-16 14:09:37][GAME: 00:25.63] Track assistance: angle=-67.378464, cur=272.000000, diff=20.621521, control=0.539870
[SYS: 2024-11-16 14:09:37][GAME: 00:25.63] Steering LEFT with control 1.039870
[SYS: 2024-11-16 14:09:37][GAME: 00:25.64] Track assistance: angle=-65.415985, cur=273.000000, diff=21.584015, control=0.563663
[SYS: 2024-11-16 14:09:37][GAME: 00:25.64] Steering LEFT with control 1.063663
[SYS: 2024-11-16 14:09:37][GAME: 00:25.66] Track assistance: angle=-63.465916, cur=274.000000, diff=22.534088, control=0.587104
[SYS: 2024-11-16 14:09:37][GAME: 00:25.66] Steering LEFT with control 1.087104
[SYS: 2024-11-16 14:09:44][GAME: 00:32.48] Track assistance: angle=85.245247, cur=77.000000, diff=8.245247, control=0.151090
[SYS: 2024-11-16 14:09:44][GAME: 00:32.48] Steering LEFT with control 0.651090
[SYS: 2024-11-16 14:09:44][GAME: 00:32.49] Track assistance: angle=87.313370, cur=79.000000, diff=8.313370, control=0.209537
[SYS: 2024-11-16 14:09:44][GAME: 00:32.49] Steering LEFT with control 0.709537
[SYS: 2024-11-16 14:09:44][GAME: 00:32.51] Track assistance: angle=89.424141, cur=81.000000, diff=8.424141, control=0.213373
[SYS: 2024-11-16 14:09:44][GAME: 00:32.51] Steering LEFT with control 0.713373
[SYS: 2024-11-16 14:09:44][GAME: 00:32.52] Track assistance: angle=91.579613, cur=82.000000, diff=9.579613, control=0.268377
[SYS: 2024-11-16 14:09:44][GAME: 00:32.52] Steering LEFT with control 0.768377
[SYS: 2024-11-16 14:09:44][GAME: 00:32.54] Track assistance: angle=93.778008, cur=84.000000, diff=9.778008, control=0.249410
[SYS: 2024-11-16 14:09:44][GAME: 00:32.54] Steering LEFT with control 0.749410
[SYS: 2024-11-16 14:09:44][GAME: 00:32.56] Track assistance: angle=96.018127, cur=85.000000, diff=11.018127, control=0.306456
[SYS: 2024-11-16 14:09:44][GAME: 00:32.56] Steering LEFT with control 0.806456
[SYS: 2024-11-16 14:09:44][GAME: 00:32.57] Track assistance: angle=98.297913, cur=87.000000, diff=11.297913, control=0.289442
[SYS: 2024-11-16 14:09:44][GAME: 00:32.57] Steering LEFT with control 0.789442
[SYS: 2024-11-16 14:09:44][GAME: 00:32.59] Track assistance: angle=100.616425, cur=88.000000, diff=12.616425, control=0.348373
[SYS: 2024-11-16 14:09:44][GAME: 00:32.59] Steering LEFT with control 0.848373
[SYS: 2024-11-16 14:09:44][GAME: 00:32.60] Track assistance: angle=102.972267, cur=89.000000, diff=13.972267, control=0.383203
[SYS: 2024-11-16 14:09:44][GAME: 00:32.60] Steering LEFT with control 0.883203
[SYS: 2024-11-16 14:09:44][GAME: 00:32.62] Track assistance: angle=105.365959, cur=91.000000, diff=14.365959, control=0.368991
[SYS: 2024-11-16 14:09:44][GAME: 00:32.62] Steering LEFT with control 0.868991
[SYS: 2024-11-16 14:09:44][GAME: 00:32.64] Track assistance: angle=107.797028, cur=92.000000, diff=15.797028, control=0.430702
[SYS: 2024-11-16 14:09:44][GAME: 00:32.64] Steering LEFT with control 0.930702
[SYS: 2024-11-16 14:09:53][GAME: 00:41.00] Track assistance: angle=-16.949625, cur=352.000000, diff=-8.949615, control=0.842407
[SYS: 2024-11-16 14:09:53][GAME: 00:41.00] Steering RIGHT with control 1.342407
[SYS: 2024-11-16 14:09:53][GAME: 00:41.02] Track assistance: angle=-16.822166, cur=354.000000, diff=-10.822174, control=0.317368
[SYS: 2024-11-16 14:09:53][GAME: 00:41.02] Steering RIGHT with control 0.817368
[SYS: 2024-11-16 14:09:53][GAME: 00:41.04] Track assistance: angle=-16.724171, cur=356.000000, diff=-12.724182, control=0.365655
[SYS: 2024-11-16 14:09:53][GAME: 00:41.04] Steering RIGHT with control 0.865655
[SYS: 2024-11-16 14:09:53][GAME: 00:41.05] Track assistance: angle=-16.636486, cur=357.000000, diff=-13.636475, control=0.363719
[SYS: 2024-11-16 14:09:53][GAME: 00:41.05] Steering RIGHT with control 0.863719
[SYS: 2024-11-16 14:09:53][GAME: 00:41.07] Track assistance: angle=-16.566734, cur=358.000000, diff=-14.566742, control=0.387425
[SYS: 2024-11-16 14:09:53][GAME: 00:41.07] Steering RIGHT with control 0.887425
[SYS: 2024-11-16 14:09:53][GAME: 00:41.08] Track assistance: angle=-16.516237, cur=359.000000, diff=-15.516235, control=0.411643
[SYS: 2024-11-16 14:09:53][GAME: 00:41.08] Steering RIGHT with control 0.911643
