[SYS: 2024-11-16 14:10:32][GAME: 00:05.16] Track assistance: angle=30.499311, cur=60.000000, diff=-29.500689, control=1.475034
[SYS: 2024-11-16 14:10:32][GAME: 00:05.16] Steering RIGHT with control 1.975034
[SYS: 2024-11-16 14:10:32][GAME: 00:05.18] Track assistance: angle=60.109661, cur=59.000000, diff=1.109661, control=0.793000
[SYS: 2024-11-16 14:10:32][GAME: 00:05.20] Track assistance: angle=60.185604, cur=58.000000, diff=2.185604, control=0.081539
[SYS: 2024-11-16 14:10:32][GAME: 00:05.21] Track assistance: angle=60.279606, cur=56.000000, diff=4.279606, control=0.159340
[SYS: 2024-11-16 14:10:32][GAME: 00:05.21] Steering LEFT with control 0.659340
[SYS: 2024-11-16 14:10:32][GAME: 00:05.23] Track assistance: angle=60.394222, cur=54.000000, diff=6.394222, control=0.212721
[SYS: 2024-11-16 14:10:32][GAME: 00:05.23] Steering LEFT with control 0.712721
[SYS: 2024-11-16 14:10:32][GAME: 00:05.24] Track assistance: angle=60.532898, cur=52.000000, diff=8.532898, control=0.266789
[SYS: 2024-11-16 14:10:32][GAME: 00:05.24] Steering LEFT with control 0.766789
[SYS: 2024-11-16 14:10:32][GAME: 00:05.26] Track assistance: angle=60.678200, cur=51.000000, diff=9.678200, control=0.270588
[SYS: 2024-11-16 14:10:32][GAME: 00:05.26] Steering LEFT with control 0.770588
[SYS: 2024-11-16 14:10:32][GAME: 00:05.28] Track assistance: angle=60.832954, cur=49.000000, diff=11.832954, control=0.349693
[SYS: 2024-11-16 14:10:32][GAME: 00:05.28] Steering LEFT with control 0.849693
[SYS: 2024-11-16 14:10:32][GAME: 00:05.29] Track assistance: angle=60.999664, cur=48.000000, diff=12.999664, control=0.354159
[SYS: 2024-11-16 14:10:32][GAME: 00:05.29] Steering LEFT with control 0.854159
[SYS: 2024-11-16 14:10:32][GAME: 00:05.31] Track assistance: angle=61.181309, cur=47.000000, diff=14.181309, control=0.384074
[SYS: 2024-11-16 14:10:32][GAME: 00:05.31] Steering LEFT with control 0.884074
[SYS: 2024-11-16 14:10:32][GAME: 00:05.32] Track assistance: angle=61.380024, cur=47.000000, diff=14.380024, control=0.364468
[SYS: 2024-11-16 14:10:32][GAME: 00:05.32] Steering LEFT with control 0.864468
[SYS: 2024-11-16 14:10:32][GAME: 00:05.34] Track assistance: angle=61.598488, cur=46.000000, diff=15.598488, control=0.420424
[SYS: 2024-11-16 14:10:32][GAME: 00:05.34] Steering LEFT with control 0.920424
[SYS: 2024-11-16 14:10:32][GAME: 00:05.36] Track assistance: angle=61.838383, cur=46.000000, diff=15.838383, control=0.401957
[SYS: 2024-11-16 14:10:32][GAME: 00:05.36] Steering LEFT with control 0.901957
[SYS: 2024-11-16 14:10:32][GAME: 00:05.37] Track assistance: angle=62.102936, cur=46.000000, diff=16.102936, control=0.409187
[SYS: 2024-11-16 14:10:32][GAME: 00:05.37] Steering LEFT with control 0.909187
[SYS: 2024-11-16 14:10:32][GAME: 00:05.39] Track assistance: angle=62.393597, cur=47.000000, diff=15.393597, control=0.367106
[SYS: 2024-11-16 14:10:32][GAME: 00:05.39] Steering LEFT with control 0.867106
[SYS: 2024-11-16 14:10:32][GAME: 00:05.40] Track assistance: angle=62.712654, cur=47.000000, diff=15.712654, control=0.400793
[SYS: 2024-11-16 14:10:32][GAME: 00:05.40] Steering LEFT with control 0.900793
[SYS: 2024-11-16 14:10:32][GAME: 00:05.42] Track assistance: angle=63.062168, cur=48.000000, diff=15.062168, control=0.360292
[SYS: 2024-11-16 14:10:32][GAME: 00:05.42] Steering LEFT with control 0.860292
[SYS: 2024-11-16 14:10:32][GAME: 00:05.44] Track assistance: angle=63.444645, cur=49.000000, diff=14.444645, control=0.345678
[SYS: 2024-11-16 14:10:32][GAME: 00:05.44] Steering LEFT with control 0.845678
[SYS: 2024-11-16 14:10:32][GAME: 00:05.45] Track assistance: angle=63.861488, cur=50.000000, diff=13.861488, control=0.331958
[SYS: 2024-11-16 14:10:32][GAME: 00:05.45] Steering LEFT with control 0.831958
[SYS: 2024-11-16 14:10:32][GAME: 00:05.47] Track assistance: angle=64.315903, cur=51.000000, diff=13.315903, control=0.319258
[SYS: 2024-11-16 14:10:32][GAME: 00:05.47] Steering LEFT with control 0.819258
[SYS: 2024-11-16 14:10:47][GAME: 00:19.55] Track assistance: angle=149.627258, cur=111.000000, diff=38.627258, control=1.500000
[SYS: 2024-11-16 14:10:47][GAME: 00:19.55] Steering LEFT with control 2.000000
[SYS: 2024-11-16 14:10:54][GAME: 00:26.30] Track assistance: angle=-26.771826, cur=301.000000, diff=32.228180, control=0.645728
[SYS: 2024-11-16 14:10:54][GAME: 00:26.30] Steering LEFT with control 1.145728
[SYS: 2024-11-16 14:10:54][GAME: 00:26.32] Track assistance: angle=-26.239580, cur=301.000000, diff=32.760406, control=0.832316
[SYS: 2024-11-16 14:10:54][GAME: 00:26.32] Steering LEFT with control 1.332316
[SYS: 2024-11-16 14:10:54][GAME: 00:26.33] Track assistance: angle=-25.695652, cur=301.000000, diff=33.304352, control=0.846207
[SYS: 2024-11-16 14:10:54][GAME: 00:26.33] Steering LEFT with control 1.346207
[SYS: 2024-11-16 14:10:54][GAME: 00:26.35] Track assistance: angle=-25.146324, cur=301.000000, diff=33.853668, control=0.860075
[SYS: 2024-11-16 14:10:54][GAME: 00:26.35] Steering LEFT with control 1.360075
[SYS: 2024-11-16 14:10:54][GAME: 00:26.36] Track assistance: angle=-24.591990, cur=302.000000, diff=33.408020, control=0.824059
[SYS: 2024-11-16 14:10:54][GAME: 00:26.36] Steering LEFT with control 1.324059
[SYS: 2024-11-16 14:10:54][GAME: 00:26.38] Track assistance: angle=-24.032869, cur=303.000000, diff=32.967133, control=0.813156
[SYS: 2024-11-16 14:10:54][GAME: 00:26.38] Steering LEFT with control 1.313156
[SYS: 2024-11-16 14:10:54][GAME: 00:26.40] Track assistance: angle=-23.468929, cur=304.000000, diff=32.531067, control=0.802375
[SYS: 2024-11-16 14:10:54][GAME: 00:26.40] Steering LEFT with control 1.302375
[SYS: 2024-11-16 14:10:54][GAME: 00:26.41] Track assistance: angle=-22.899817, cur=305.000000, diff=32.100189, control=0.791733
[SYS: 2024-11-16 14:10:54][GAME: 00:26.41] Steering LEFT with control 1.291733
[SYS: 2024-11-16 14:10:54][GAME: 00:26.43] Track assistance: angle=-22.325926, cur=307.000000, diff=30.674072, control=0.731199
[SYS: 2024-11-16 14:10:54][GAME: 00:26.43] Steering LEFT with control 1.231199
[SYS: 2024-11-16 14:10:54][GAME: 00:26.44] Track assistance: angle=-21.747860, cur=309.000000, diff=29.252136, control=0.695755
[SYS: 2024-11-16 14:10:54][GAME: 00:26.44] Steering LEFT with control 1.195755
[SYS: 2024-11-16 14:11:10][GAME: 00:41.84] Track assistance: angle=-8.361646, cur=0.000000, diff=-8.361646, control=1.149386
[SYS: 2024-11-16 14:11:10][GAME: 00:41.84] Steering RIGHT with control 1.649386
[SYS: 2024-11-16 14:11:10][GAME: 00:41.85] Track assistance: angle=-8.508613, cur=0.000000, diff=-8.508613, control=0.216389
[SYS: 2024-11-16 14:11:10][GAME: 00:41.85] Steering RIGHT with control 0.716389
[SYS: 2024-11-16 14:11:10][GAME: 00:41.87] Track assistance: angle=-8.661171, cur=0.000000, diff=-8.661171, control=0.220343
[SYS: 2024-11-16 14:11:10][GAME: 00:41.87] Steering RIGHT with control 0.720343
[SYS: 2024-11-16 14:11:10][GAME: 00:41.88] Track assistance: angle=-8.810733, cur=0.000000, diff=-8.810733, control=0.224007
[SYS: 2024-11-16 14:11:10][GAME: 00:41.88] Steering RIGHT with control 0.724007
[SYS: 2024-11-16 14:11:10][GAME: 00:41.90] Track assistance: angle=-8.962378, cur=359.000000, diff=-7.962372, control=0.177850
[SYS: 2024-11-16 14:11:10][GAME: 00:41.90] Steering RIGHT with control 0.677850
[SYS: 2024-11-16 14:11:10][GAME: 00:41.92] Track assistance: angle=-9.115932, cur=359.000000, diff=-8.115936, control=0.206738
[SYS: 2024-11-16 14:11:10][GAME: 00:41.92] Steering RIGHT with control 0.706738
[SYS: 2024-11-16 14:11:10][GAME: 00:41.93] Track assistance: angle=-9.271134, cur=358.000000, diff=-7.271149, control=0.160659
[SYS: 2024-11-16 14:11:10][GAME: 00:41.93] Steering RIGHT with control 0.660659
[SYS: 2024-11-16 14:11:10][GAME: 00:41.95] Track assistance: angle=-9.427519, cur=357.000000, diff=-6.427521, control=0.139597
[SYS: 2024-11-16 14:11:10][GAME: 00:41.95] Steering RIGHT with control 0.639597
