[SYS: 2024-11-12 16:42:31][GAME: 00:37.84] Track assistance: angle=166.762131, cur=184.000000, diff=-17.237869, control=0.861893
[SYS: 2024-11-12 16:42:31][GAME: 00:37.84] Steering RIGHT with control 1.361893
[SYS: 2024-11-12 16:42:31][GAME: 00:37.85] Track assistance: angle=166.305786, cur=184.000000, diff=-17.694214, control=0.453764
[SYS: 2024-11-12 16:42:31][GAME: 00:37.85] Steering RIGHT with control 0.953764
[SYS: 2024-11-12 16:42:31][GAME: 00:37.87] Track assistance: angle=165.824677, cur=184.000000, diff=-18.175323, control=0.466411
[SYS: 2024-11-12 16:42:31][GAME: 00:37.87] Steering RIGHT with control 0.966411
[SYS: 2024-11-12 16:42:31][GAME: 00:37.88] Track assistance: angle=165.326141, cur=183.000000, diff=-17.673859, control=0.429310
[SYS: 2024-11-12 16:42:31][GAME: 00:37.88] Steering RIGHT with control 0.929310
[SYS: 2024-11-12 16:42:31][GAME: 00:37.90] Track assistance: angle=164.805908, cur=183.000000, diff=-18.194092, control=0.467858
[SYS: 2024-11-12 16:42:31][GAME: 00:37.90] Steering RIGHT with control 0.967858
[SYS: 2024-11-12 16:42:31][GAME: 00:37.92] Track assistance: angle=164.262436, cur=182.000000, diff=-17.737564, control=0.432026
[SYS: 2024-11-12 16:42:31][GAME: 00:37.92] Steering RIGHT with control 0.932026
[SYS: 2024-11-12 16:42:31][GAME: 00:37.93] Track assistance: angle=163.693756, cur=181.000000, diff=-17.306244, control=0.421873
[SYS: 2024-11-12 16:42:31][GAME: 00:37.93] Steering RIGHT with control 0.921873
[SYS: 2024-11-12 16:42:31][GAME: 00:37.95] Track assistance: angle=163.099075, cur=180.000000, diff=-16.900925, control=0.412390
[SYS: 2024-11-12 16:42:31][GAME: 00:37.95] Steering RIGHT with control 0.912390
[SYS: 2024-11-12 16:42:31][GAME: 00:37.96] Track assistance: angle=162.476578, cur=179.000000, diff=-16.523422, control=0.403648
[SYS: 2024-11-12 16:42:31][GAME: 00:37.96] Steering RIGHT with control 0.903648
[SYS: 2024-11-12 16:42:31][GAME: 00:37.98] Track assistance: angle=161.824890, cur=178.000000, diff=-16.175110, control=0.395670
[SYS: 2024-11-12 16:42:31][GAME: 00:37.98] Steering RIGHT with control 0.895670
[SYS: 2024-11-12 16:42:31][GAME: 00:38.00] Track assistance: angle=161.142761, cur=176.000000, diff=-14.857239, control=0.338484
[SYS: 2024-11-12 16:42:31][GAME: 00:38.00] Steering RIGHT with control 0.838484
[SYS: 2024-11-12 16:42:31][GAME: 00:38.01] Track assistance: angle=160.428848, cur=175.000000, diff=-14.571152, control=0.357127
[SYS: 2024-11-12 16:42:31][GAME: 00:38.01] Steering RIGHT with control 0.857127
[SYS: 2024-11-12 16:42:31][GAME: 00:38.03] Track assistance: angle=159.681732, cur=173.000000, diff=-13.318268, control=0.301635
[SYS: 2024-11-12 16:42:31][GAME: 00:38.03] Steering RIGHT with control 0.801635
[SYS: 2024-11-12 16:42:31][GAME: 00:38.04] Track assistance: angle=158.899323, cur=171.000000, diff=-12.100677, control=0.272077
[SYS: 2024-11-12 16:42:31][GAME: 00:38.04] Steering RIGHT with control 0.772077
[SYS: 2024-11-12 16:42:31][GAME: 00:38.06] Track assistance: angle=158.079849, cur=169.000000, diff=-10.920151, control=0.243491
[SYS: 2024-11-12 16:42:31][GAME: 00:38.06] Steering RIGHT with control 0.743491
[SYS: 2024-11-12 16:42:31][GAME: 00:38.08] Track assistance: angle=157.221451, cur=167.000000, diff=-9.778549, control=0.215924
[SYS: 2024-11-12 16:42:31][GAME: 00:38.08] Steering RIGHT with control 0.715924
[SYS: 2024-11-12 16:42:31][GAME: 00:38.09] Track assistance: angle=156.321320, cur=165.000000, diff=-8.678680, control=0.189470
[SYS: 2024-11-12 16:42:31][GAME: 00:38.09] Steering RIGHT with control 0.689470
[SYS: 2024-11-12 16:42:31][GAME: 00:38.11] Track assistance: angle=155.376968, cur=163.000000, diff=-7.623032, control=0.164185
[SYS: 2024-11-12 16:42:31][GAME: 00:38.11] Steering RIGHT with control 0.664185
[SYS: 2024-11-12 16:42:31][GAME: 00:38.12] Track assistance: angle=154.384598, cur=161.000000, diff=-6.615402, control=0.140194
[SYS: 2024-11-12 16:42:31][GAME: 00:38.12] Steering RIGHT with control 0.640194
[SYS: 2024-11-12 16:42:31][GAME: 00:38.14] Track assistance: angle=153.340561, cur=159.000000, diff=-5.659439, control=0.117587
[SYS: 2024-11-12 16:42:31][GAME: 00:38.14] Steering RIGHT with control 0.617587
[SYS: 2024-11-12 16:42:31][GAME: 00:38.16] Track assistance: angle=152.239502, cur=157.000000, diff=-4.760498, control=0.096539
[SYS: 2024-11-12 16:42:31][GAME: 00:38.16] Steering RIGHT with control 0.596539
[SYS: 2024-11-12 16:42:31][GAME: 00:38.17] Track assistance: angle=151.075912, cur=155.000000, diff=-3.924088, control=0.077192
[SYS: 2024-11-12 16:42:31][GAME: 00:38.17] Steering RIGHT with control 0.577192
[SYS: 2024-11-12 16:42:31][GAME: 00:38.19] Track assistance: angle=149.843033, cur=153.000000, diff=-3.156967, control=0.059746
[SYS: 2024-11-12 16:42:31][GAME: 00:38.19] Steering RIGHT with control 0.559746
[SYS: 2024-11-12 16:42:31][GAME: 00:38.20] Track assistance: angle=148.531876, cur=152.000000, diff=-3.468124, control=0.094482
[SYS: 2024-11-12 16:42:31][GAME: 00:38.20] Steering RIGHT with control 0.594482
[SYS: 2024-11-12 16:42:33][GAME: 00:39.50] Track assistance: angle=-75.678902, cur=257.000000, diff=27.321106, control=1.452758
[SYS: 2024-11-12 16:42:33][GAME: 00:39.50] Steering LEFT with control 1.952758
[SYS: 2024-11-12 16:42:33][GAME: 00:39.52] Track assistance: angle=-74.477745, cur=258.000000, diff=27.522247, control=0.693085
[SYS: 2024-11-12 16:42:33][GAME: 00:39.52] Steering LEFT with control 1.193085
[SYS: 2024-11-12 16:42:33][GAME: 00:39.53] Track assistance: angle=-73.277725, cur=260.000000, diff=26.722290, control=0.648058
[SYS: 2024-11-12 16:42:33][GAME: 00:39.53] Steering LEFT with control 1.148058
[SYS: 2024-11-12 16:42:33][GAME: 00:39.55] Track assistance: angle=-72.089996, cur=261.000000, diff=26.910004, control=0.677443
[SYS: 2024-11-12 16:42:33][GAME: 00:39.55] Steering LEFT with control 1.177443
[SYS: 2024-11-12 16:42:33][GAME: 00:39.56] Track assistance: angle=-97.594124, cur=262.000000, diff=0.405884, control=0.652456
[SYS: 2024-11-12 16:42:33][GAME: 00:39.58] Track assistance: angle=-97.331978, cur=264.000000, diff=-1.331970, control=0.076746
[SYS: 2024-11-12 16:42:33][GAME: 00:39.60] Track assistance: angle=-97.095352, cur=265.000000, diff=-2.095337, control=0.071468
[SYS: 2024-11-12 16:42:33][GAME: 00:39.61] Track assistance: angle=-96.885109, cur=267.000000, diff=-3.885101, control=0.141872
[SYS: 2024-11-12 16:42:33][GAME: 00:39.61] Steering RIGHT with control 0.641872
[SYS: 2024-11-12 16:42:33][GAME: 00:39.63] Track assistance: angle=-96.702194, cur=269.000000, diff=-5.702209, control=0.187983
[SYS: 2024-11-12 16:42:33][GAME: 00:39.63] Steering RIGHT with control 0.687983
[SYS: 2024-11-12 16:42:33][GAME: 00:39.64] Track assistance: angle=-96.547829, cur=270.000000, diff=-6.547821, control=0.184836
[SYS: 2024-11-12 16:42:33][GAME: 00:39.64] Steering RIGHT with control 0.684836
[SYS: 2024-11-12 16:42:33][GAME: 00:39.66] Track assistance: angle=-96.407425, cur=271.000000, diff=-7.407410, control=0.206675
[SYS: 2024-11-12 16:42:33][GAME: 00:39.66] Steering RIGHT with control 0.706675
[SYS: 2024-11-12 16:42:33][GAME: 00:39.68] Track assistance: angle=-96.281326, cur=272.000000, diff=-8.281311, control=0.228880
[SYS: 2024-11-12 16:42:33][GAME: 00:39.68] Steering RIGHT with control 0.728880
[SYS: 2024-11-12 16:42:33][GAME: 00:39.69] Track assistance: angle=-96.170181, cur=273.000000, diff=-9.170166, control=0.251476
[SYS: 2024-11-12 16:42:33][GAME: 00:39.69] Steering RIGHT with control 0.751476
[SYS: 2024-11-12 16:42:33][GAME: 00:39.71] Track assistance: angle=-96.074387, cur=273.000000, diff=-9.074402, control=0.224466
[SYS: 2024-11-12 16:42:33][GAME: 00:39.71] Steering RIGHT with control 0.724466
[SYS: 2024-11-12 16:42:33][GAME: 00:39.72] Track assistance: angle=-95.993721, cur=273.000000, diff=-8.993713, control=0.222826
[SYS: 2024-11-12 16:42:33][GAME: 00:39.72] Steering RIGHT with control 0.722826
[SYS: 2024-11-12 16:42:33][GAME: 00:39.74] Track assistance: angle=-95.926857, cur=273.000000, diff=-8.926849, control=0.221500
[SYS: 2024-11-12 16:42:33][GAME: 00:39.74] Steering RIGHT with control 0.721500
[SYS: 2024-11-12 16:42:33][GAME: 00:39.76] Track assistance: angle=-95.875038, cur=273.000000, diff=-8.875031, control=0.220580
[SYS: 2024-11-12 16:42:33][GAME: 00:39.76] Steering RIGHT with control 0.720580
[SYS: 2024-11-12 16:42:33][GAME: 00:39.77] Track assistance: angle=-95.836792, cur=272.000000, diff=-7.836792, control=0.169964
[SYS: 2024-11-12 16:42:33][GAME: 00:39.77] Steering RIGHT with control 0.669964
[SYS: 2024-11-12 16:42:33][GAME: 00:39.79] Track assistance: angle=-95.810356, cur=272.000000, diff=-7.810364, control=0.194598
[SYS: 2024-11-12 16:42:33][GAME: 00:39.79] Steering RIGHT with control 0.694598
[SYS: 2024-11-12 16:42:41][GAME: 00:47.80] Track assistance: angle=139.460678, cur=22.000000, diff=117.460678, control=1.500000
[SYS: 2024-11-12 16:42:41][GAME: 00:47.80] Steering LEFT with control 2.000000
[SYS: 2024-11-12 16:42:41][GAME: 00:47.82] Track assistance: angle=140.686600, cur=22.000000, diff=118.686600, control=1.500000
[SYS: 2024-11-12 16:42:41][GAME: 00:47.82] Steering LEFT with control 2.000000
[SYS: 2024-11-12 16:42:41][GAME: 00:47.84] Track assistance: angle=141.880981, cur=22.000000, diff=119.880981, control=1.500000
[SYS: 2024-11-12 16:42:41][GAME: 00:47.84] Steering LEFT with control 2.000000
[SYS: 2024-11-12 16:42:41][GAME: 00:47.85] Track assistance: angle=143.044098, cur=22.000000, diff=121.044098, control=1.500000
[SYS: 2024-11-12 16:42:41][GAME: 00:47.85] Steering LEFT with control 2.000000
[SYS: 2024-11-12 16:42:41][GAME: 00:47.87] Track assistance: angle=144.177338, cur=23.000000, diff=121.177338, control=1.500000
[SYS: 2024-11-12 16:42:41][GAME: 00:47.87] Steering LEFT with control 2.000000
[SYS: 2024-11-12 16:42:41][GAME: 00:47.88] Track assistance: angle=145.282104, cur=24.000000, diff=121.282104, control=1.500000
[SYS: 2024-11-12 16:42:41][GAME: 00:47.88] Steering LEFT with control 2.000000
[SYS: 2024-11-12 16:42:41][GAME: 00:47.90] Track assistance: angle=146.359665, cur=26.000000, diff=120.359665, control=1.500000
[SYS: 2024-11-12 16:42:41][GAME: 00:47.90] Steering LEFT with control 2.000000
[SYS: 2024-11-12 16:42:41][GAME: 00:47.92] Track assistance: angle=147.411423, cur=27.000000, diff=120.411423, control=1.500000
[SYS: 2024-11-12 16:42:41][GAME: 00:47.92] Steering LEFT with control 2.000000
[SYS: 2024-11-12 16:42:41][GAME: 00:47.93] Track assistance: angle=148.438522, cur=29.000000, diff=119.438522, control=1.500000
[SYS: 2024-11-12 16:42:41][GAME: 00:47.93] Steering LEFT with control 2.000000
[SYS: 2024-11-12 16:42:41][GAME: 00:47.95] Track assistance: angle=149.442154, cur=31.000000, diff=118.442154, control=1.500000
[SYS: 2024-11-12 16:42:41][GAME: 00:47.95] Steering LEFT with control 2.000000
[SYS: 2024-11-12 16:42:41][GAME: 00:47.96] Track assistance: angle=150.423477, cur=33.000000, diff=117.423477, control=1.500000
[SYS: 2024-11-12 16:42:41][GAME: 00:47.96] Steering LEFT with control 2.000000
[SYS: 2024-11-12 16:42:41][GAME: 00:47.98] Track assistance: angle=151.383423, cur=35.000000, diff=116.383423, control=1.500000
[SYS: 2024-11-12 16:42:41][GAME: 00:47.98] Steering LEFT with control 2.000000
[SYS: 2024-11-12 16:42:41][GAME: 00:48.00] Track assistance: angle=152.322906, cur=38.000000, diff=114.322906, control=1.500000
[SYS: 2024-11-12 16:42:41][GAME: 00:48.00] Steering LEFT with control 2.000000
[SYS: 2024-11-12 16:42:41][GAME: 00:48.01] Track assistance: angle=153.242691, cur=41.000000, diff=112.242691, control=1.500000
[SYS: 2024-11-12 16:42:41][GAME: 00:48.01] Steering LEFT with control 2.000000
[SYS: 2024-11-12 16:42:41][GAME: 00:48.03] Track assistance: angle=154.143265, cur=43.000000, diff=111.143265, control=1.500000
[SYS: 2024-11-12 16:42:41][GAME: 00:48.03] Steering LEFT with control 2.000000
[SYS: 2024-11-12 16:42:42][GAME: 00:48.04] Track assistance: angle=155.025055, cur=46.000000, diff=109.025055, control=1.500000
[SYS: 2024-11-12 16:42:42][GAME: 00:48.04] Steering LEFT with control 2.000000
[SYS: 2024-11-12 16:42:42][GAME: 00:48.06] Track assistance: angle=155.888382, cur=49.000000, diff=106.888382, control=1.500000
[SYS: 2024-11-12 16:42:42][GAME: 00:48.06] Steering LEFT with control 2.000000
[SYS: 2024-11-12 16:42:42][GAME: 00:48.08] Track assistance: angle=156.733292, cur=52.000000, diff=104.733292, control=1.500000
[SYS: 2024-11-12 16:42:42][GAME: 00:48.08] Steering LEFT with control 2.000000
[SYS: 2024-11-12 16:42:42][GAME: 00:48.09] Track assistance: angle=157.559830, cur=55.000000, diff=102.559830, control=1.500000
[SYS: 2024-11-12 16:42:42][GAME: 00:48.09] Steering LEFT with control 2.000000
[SYS: 2024-11-12 16:42:42][GAME: 00:48.11] Track assistance: angle=158.367920, cur=58.000000, diff=100.367920, control=1.500000
[SYS: 2024-11-12 16:42:42][GAME: 00:48.11] Steering LEFT with control 2.000000
[SYS: 2024-11-12 16:42:42][GAME: 00:48.12] Track assistance: angle=159.157379, cur=61.000000, diff=98.157379, control=1.500000
[SYS: 2024-11-12 16:42:42][GAME: 00:48.12] Steering LEFT with control 2.000000
[SYS: 2024-11-12 16:42:42][GAME: 00:48.14] Track assistance: angle=159.927948, cur=64.000000, diff=95.927948, control=1.500000
[SYS: 2024-11-12 16:42:42][GAME: 00:48.14] Steering LEFT with control 2.000000
[SYS: 2024-11-12 16:42:42][GAME: 00:48.16] Track assistance: angle=160.679291, cur=67.000000, diff=93.679291, control=1.500000
[SYS: 2024-11-12 16:42:42][GAME: 00:48.16] Steering LEFT with control 2.000000
[SYS: 2024-11-12 16:42:42][GAME: 00:48.17] Track assistance: angle=161.411072, cur=70.000000, diff=91.411072, control=1.500000
[SYS: 2024-11-12 16:42:42][GAME: 00:48.17] Steering LEFT with control 2.000000
[SYS: 2024-11-12 16:42:42][GAME: 00:48.19] Track assistance: angle=162.122818, cur=73.000000, diff=89.122818, control=1.500000
[SYS: 2024-11-12 16:42:42][GAME: 00:48.19] Steering LEFT with control 2.000000
[SYS: 2024-11-12 16:42:42][GAME: 00:48.20] Track assistance: angle=162.814087, cur=76.000000, diff=86.814087, control=1.500000
[SYS: 2024-11-12 16:42:42][GAME: 00:48.20] Steering LEFT with control 2.000000
[SYS: 2024-11-12 16:42:42][GAME: 00:48.22] Track assistance: angle=163.484360, cur=78.000000, diff=85.484360, control=1.500000
[SYS: 2024-11-12 16:42:42][GAME: 00:48.22] Steering LEFT with control 2.000000
[SYS: 2024-11-12 16:42:42][GAME: 00:48.24] Track assistance: angle=164.133224, cur=81.000000, diff=83.133224, control=1.500000
[SYS: 2024-11-12 16:42:42][GAME: 00:48.24] Steering LEFT with control 2.000000
[SYS: 2024-11-12 16:42:42][GAME: 00:48.25] Track assistance: angle=164.760315, cur=84.000000, diff=80.760315, control=1.500000
[SYS: 2024-11-12 16:42:42][GAME: 00:48.25] Steering LEFT with control 2.000000
[SYS: 2024-11-12 16:42:42][GAME: 00:48.27] Track assistance: angle=165.365112, cur=86.000000, diff=79.365112, control=1.500000
[SYS: 2024-11-12 16:42:42][GAME: 00:48.27] Steering LEFT with control 2.000000
[SYS: 2024-11-12 16:42:42][GAME: 00:48.28] Track assistance: angle=165.947220, cur=89.000000, diff=76.947220, control=1.500000
[SYS: 2024-11-12 16:42:42][GAME: 00:48.28] Steering LEFT with control 2.000000
[SYS: 2024-11-12 16:42:42][GAME: 00:48.30] Track assistance: angle=166.506256, cur=91.000000, diff=75.506256, control=1.500000
[SYS: 2024-11-12 16:42:42][GAME: 00:48.30] Steering LEFT with control 2.000000
[SYS: 2024-11-12 16:42:42][GAME: 00:48.32] Track assistance: angle=167.041779, cur=94.000000, diff=73.041779, control=1.500000
[SYS: 2024-11-12 16:42:42][GAME: 00:48.32] Steering LEFT with control 2.000000
[SYS: 2024-11-12 16:42:42][GAME: 00:48.33] Track assistance: angle=167.553391, cur=96.000000, diff=71.553391, control=1.500000
[SYS: 2024-11-12 16:42:42][GAME: 00:48.33] Steering LEFT with control 2.000000
[SYS: 2024-11-12 16:42:42][GAME: 00:48.35] Track assistance: angle=168.040604, cur=98.000000, diff=70.040604, control=1.500000
[SYS: 2024-11-12 16:42:42][GAME: 00:48.35] Steering LEFT with control 2.000000
[SYS: 2024-11-12 16:42:42][GAME: 00:48.36] Track assistance: angle=168.503433, cur=101.000000, diff=67.503433, control=1.500000
[SYS: 2024-11-12 16:42:42][GAME: 00:48.36] Steering LEFT with control 2.000000
[SYS: 2024-11-12 16:42:42][GAME: 00:48.38] Track assistance: angle=168.942566, cur=103.000000, diff=65.942566, control=1.500000
[SYS: 2024-11-12 16:42:42][GAME: 00:48.38] Steering LEFT with control 2.000000
[SYS: 2024-11-12 16:42:42][GAME: 00:48.40] Track assistance: angle=169.358597, cur=105.000000, diff=64.358597, control=1.500000
[SYS: 2024-11-12 16:42:42][GAME: 00:48.40] Steering LEFT with control 2.000000
[SYS: 2024-11-12 16:42:42][GAME: 00:48.41] Track assistance: angle=169.752121, cur=107.000000, diff=62.752121, control=1.500000
[SYS: 2024-11-12 16:42:42][GAME: 00:48.41] Steering LEFT with control 2.000000
[SYS: 2024-11-12 16:42:42][GAME: 00:48.43] Track assistance: angle=170.123962, cur=109.000000, diff=61.123962, control=1.487395
[SYS: 2024-11-12 16:42:42][GAME: 00:48.43] Steering LEFT with control 1.987395
[SYS: 2024-11-12 16:42:42][GAME: 00:48.44] Track assistance: angle=170.474930, cur=111.000000, diff=59.474930, control=1.445647
[SYS: 2024-11-12 16:42:42][GAME: 00:48.44] Steering LEFT with control 1.945647
[SYS: 2024-11-12 16:42:42][GAME: 00:48.46] Track assistance: angle=170.806030, cur=113.000000, diff=57.806030, control=1.403428
[SYS: 2024-11-12 16:42:42][GAME: 00:48.46] Steering LEFT with control 1.903428
[SYS: 2024-11-12 16:42:42][GAME: 00:48.48] Track assistance: angle=171.119049, cur=114.000000, diff=57.119049, control=1.410802
[SYS: 2024-11-12 16:42:42][GAME: 00:48.48] Steering LEFT with control 1.910802
[SYS: 2024-11-12 16:42:42][GAME: 00:48.49] Track assistance: angle=171.415176, cur=116.000000, diff=55.415176, control=1.342783
[SYS: 2024-11-12 16:42:42][GAME: 00:48.49] Steering LEFT with control 1.842783
[SYS: 2024-11-12 16:42:42][GAME: 00:48.51] Track assistance: angle=171.695923, cur=118.000000, diff=53.695923, control=1.299417
[SYS: 2024-11-12 16:42:42][GAME: 00:48.51] Steering LEFT with control 1.799417
[SYS: 2024-11-12 16:42:42][GAME: 00:48.52] Track assistance: angle=171.962173, cur=119.000000, diff=52.962173, control=1.305711
[SYS: 2024-11-12 16:42:42][GAME: 00:48.52] Steering LEFT with control 1.805711
[SYS: 2024-11-12 16:42:42][GAME: 00:48.54] Track assistance: angle=172.215302, cur=121.000000, diff=51.215302, control=1.236711
[SYS: 2024-11-12 16:42:42][GAME: 00:48.54] Steering LEFT with control 1.736711
[SYS: 2024-11-12 16:42:42][GAME: 00:48.56] Track assistance: angle=172.456512, cur=122.000000, diff=50.456512, control=1.242443
[SYS: 2024-11-12 16:42:42][GAME: 00:48.56] Steering LEFT with control 1.742443
[SYS: 2024-11-12 16:42:42][GAME: 00:48.57] Track assistance: angle=172.685867, cur=124.000000, diff=48.685867, control=1.172881
[SYS: 2024-11-12 16:42:42][GAME: 00:48.57] Steering LEFT with control 1.672881
[SYS: 2024-11-12 16:42:42][GAME: 00:48.59] Track assistance: angle=172.904587, cur=125.000000, diff=47.904587, control=1.178083
[SYS: 2024-11-12 16:42:42][GAME: 00:48.59] Steering LEFT with control 1.678083
[SYS: 2024-11-12 16:42:42][GAME: 00:48.60] Track assistance: angle=173.113129, cur=127.000000, diff=46.113129, control=1.108042
[SYS: 2024-11-12 16:42:42][GAME: 00:48.60] Steering LEFT with control 1.608042
[SYS: 2024-11-12 16:42:42][GAME: 00:48.62] Track assistance: angle=173.312592, cur=128.000000, diff=45.312592, control=1.112801
[SYS: 2024-11-12 16:42:42][GAME: 00:48.62] Steering LEFT with control 1.612801
[SYS: 2024-11-12 16:42:42][GAME: 00:48.64] Track assistance: angle=173.503311, cur=130.000000, diff=43.503311, control=1.042351
[SYS: 2024-11-12 16:42:42][GAME: 00:48.64] Steering LEFT with control 1.542351
[SYS: 2024-11-12 16:42:42][GAME: 00:48.65] Track assistance: angle=173.686050, cur=131.000000, diff=42.686050, control=1.046720
[SYS: 2024-11-12 16:42:42][GAME: 00:48.65] Steering LEFT with control 1.546720
[SYS: 2024-11-12 16:42:42][GAME: 00:48.67] Track assistance: angle=173.861053, cur=132.000000, diff=41.861053, control=1.025901
[SYS: 2024-11-12 16:42:42][GAME: 00:48.67] Steering LEFT with control 1.525901
[SYS: 2024-11-12 16:42:42][GAME: 00:48.68] Track assistance: angle=174.029083, cur=133.000000, diff=41.029083, control=1.004928
[SYS: 2024-11-12 16:42:42][GAME: 00:48.68] Steering LEFT with control 1.504928
[SYS: 2024-11-12 16:42:42][GAME: 00:48.70] Track assistance: angle=174.190262, cur=135.000000, diff=39.190262, control=0.933786
[SYS: 2024-11-12 16:42:42][GAME: 00:48.70] Steering LEFT with control 1.433786
[SYS: 2024-11-12 16:42:42][GAME: 00:48.72] Track assistance: angle=174.345245, cur=136.000000, diff=38.345245, control=0.937506
[SYS: 2024-11-12 16:42:42][GAME: 00:48.72] Steering LEFT with control 1.437506
[SYS: 2024-11-12 16:42:42][GAME: 00:48.73] Track assistance: angle=174.494095, cur=137.000000, diff=37.494095, control=0.916074
[SYS: 2024-11-12 16:42:42][GAME: 00:48.73] Steering LEFT with control 1.416074
[SYS: 2024-11-12 16:42:42][GAME: 00:48.75] Track assistance: angle=174.637375, cur=138.000000, diff=36.637375, control=0.894516
[SYS: 2024-11-12 16:42:42][GAME: 00:48.75] Steering LEFT with control 1.394516
[SYS: 2024-11-12 16:42:42][GAME: 00:48.76] Track assistance: angle=174.775070, cur=139.000000, diff=35.775070, control=0.872819
[SYS: 2024-11-12 16:42:42][GAME: 00:48.76] Steering LEFT with control 1.372819
[SYS: 2024-11-12 16:42:42][GAME: 00:48.78] Track assistance: angle=174.907196, cur=140.000000, diff=34.907196, control=0.850983
[SYS: 2024-11-12 16:42:42][GAME: 00:48.78] Steering LEFT with control 1.350983
[SYS: 2024-11-12 16:42:42][GAME: 00:48.80] Track assistance: angle=175.034515, cur=141.000000, diff=34.034515, control=0.829046
[SYS: 2024-11-12 16:42:42][GAME: 00:48.80] Steering LEFT with control 1.329046
[SYS: 2024-11-12 16:42:42][GAME: 00:48.81] Track assistance: angle=175.156784, cur=142.000000, diff=33.156784, control=0.806976
[SYS: 2024-11-12 16:42:42][GAME: 00:48.81] Steering LEFT with control 1.306976
[SYS: 2024-11-12 16:42:42][GAME: 00:48.83] Track assistance: angle=175.274216, cur=143.000000, diff=32.274216, control=0.784791
[SYS: 2024-11-12 16:42:42][GAME: 00:48.83] Steering LEFT with control 1.284791
[SYS: 2024-11-12 16:42:42][GAME: 00:48.84] Track assistance: angle=175.387283, cur=144.000000, diff=31.387283, control=0.762509
[SYS: 2024-11-12 16:42:42][GAME: 00:48.84] Steering LEFT with control 1.262509
[SYS: 2024-11-12 16:42:42][GAME: 00:48.86] Track assistance: angle=175.495865, cur=145.000000, diff=30.495865, control=0.740111
[SYS: 2024-11-12 16:42:42][GAME: 00:48.86] Steering LEFT with control 1.240111
[SYS: 2024-11-12 16:42:42][GAME: 00:48.88] Track assistance: angle=175.600006, cur=146.000000, diff=29.600006, control=0.717604
[SYS: 2024-11-12 16:42:42][GAME: 00:48.88] Steering LEFT with control 1.217604
[SYS: 2024-11-12 16:42:42][GAME: 00:48.89] Track assistance: angle=175.700439, cur=147.000000, diff=28.700439, control=0.695022
[SYS: 2024-11-12 16:42:42][GAME: 00:48.89] Steering LEFT with control 1.195022
[SYS: 2024-11-12 16:42:42][GAME: 00:48.91] Track assistance: angle=175.796921, cur=148.000000, diff=27.796921, control=0.672335
[SYS: 2024-11-12 16:42:42][GAME: 00:48.91] Steering LEFT with control 1.172335
[SYS: 2024-11-12 16:42:42][GAME: 00:48.92] Track assistance: angle=175.889313, cur=148.000000, diff=27.889313, control=0.699543
[SYS: 2024-11-12 16:42:42][GAME: 00:48.92] Steering LEFT with control 1.199543
[SYS: 2024-11-12 16:42:42][GAME: 00:48.94] Track assistance: angle=175.978287, cur=149.000000, diff=26.978287, control=0.651682
[SYS: 2024-11-12 16:42:42][GAME: 00:48.94] Steering LEFT with control 1.151682
[SYS: 2024-11-12 16:42:42][GAME: 00:48.96] Track assistance: angle=176.063736, cur=150.000000, diff=26.063736, control=0.628730
[SYS: 2024-11-12 16:42:42][GAME: 00:48.96] Steering LEFT with control 1.128730
[SYS: 2024-11-12 16:42:42][GAME: 00:48.97] Track assistance: angle=176.145706, cur=151.000000, diff=25.145706, control=0.605692
[SYS: 2024-11-12 16:42:42][GAME: 00:48.97] Steering LEFT with control 1.105692
[SYS: 2024-11-12 16:42:42][GAME: 00:48.99] Track assistance: angle=176.223999, cur=151.000000, diff=25.223999, control=0.632557
[SYS: 2024-11-12 16:42:42][GAME: 00:48.99] Steering LEFT with control 1.132557
[SYS: 2024-11-12 16:42:43][GAME: 00:49.00] Track assistance: angle=176.299377, cur=152.000000, diff=24.299377, control=0.584369
[SYS: 2024-11-12 16:42:43][GAME: 00:49.00] Steering LEFT with control 1.084369
[SYS: 2024-11-12 16:42:43][GAME: 00:49.02] Track assistance: angle=176.371704, cur=153.000000, diff=23.371704, control=0.561101
[SYS: 2024-11-12 16:42:43][GAME: 00:49.02] Steering LEFT with control 1.061101
[SYS: 2024-11-12 16:42:43][GAME: 00:49.04] Track assistance: angle=176.440872, cur=154.000000, diff=22.440872, control=0.537751
[SYS: 2024-11-12 16:42:43][GAME: 00:49.04] Steering LEFT with control 1.037751
[SYS: 2024-11-12 16:42:43][GAME: 00:49.05] Track assistance: angle=176.506836, cur=154.000000, diff=22.506836, control=0.564320
[SYS: 2024-11-12 16:42:43][GAME: 00:49.05] Steering LEFT with control 1.064320
[SYS: 2024-11-12 16:42:43][GAME: 00:49.07] Track assistance: angle=176.570145, cur=155.000000, diff=21.570145, control=0.515836
[SYS: 2024-11-12 16:42:43][GAME: 00:49.07] Steering LEFT with control 1.015836
[SYS: 2024-11-12 16:42:43][GAME: 00:49.08] Track assistance: angle=176.630859, cur=155.000000, diff=21.630859, control=0.542289
[SYS: 2024-11-12 16:42:43][GAME: 00:49.08] Steering LEFT with control 1.042289
[SYS: 2024-11-12 16:42:43][GAME: 00:49.10] Track assistance: angle=176.688828, cur=156.000000, diff=20.688828, control=0.493670
[SYS: 2024-11-12 16:42:43][GAME: 00:49.10] Steering LEFT with control 0.993670
[SYS: 2024-11-12 16:42:43][GAME: 00:49.12] Track assistance: angle=176.744049, cur=157.000000, diff=19.744049, control=0.469982
[SYS: 2024-11-12 16:42:43][GAME: 00:49.12] Steering LEFT with control 0.969982
[SYS: 2024-11-12 16:42:43][GAME: 00:49.13] Track assistance: angle=176.796478, cur=157.000000, diff=19.796478, control=0.496223
[SYS: 2024-11-12 16:42:43][GAME: 00:49.13] Steering LEFT with control 0.996223
[SYS: 2024-11-12 16:42:43][GAME: 00:49.15] Track assistance: angle=176.846802, cur=158.000000, diff=18.846802, control=0.447428
[SYS: 2024-11-12 16:42:43][GAME: 00:49.15] Steering LEFT with control 0.947428
[SYS: 2024-11-12 16:42:43][GAME: 00:49.16] Track assistance: angle=176.894958, cur=158.000000, diff=18.894958, control=0.473578
[SYS: 2024-11-12 16:42:43][GAME: 00:49.16] Steering LEFT with control 0.973578
[SYS: 2024-11-12 16:42:43][GAME: 00:49.18] Track assistance: angle=176.940933, cur=159.000000, diff=17.940933, control=0.424673
[SYS: 2024-11-12 16:42:43][GAME: 00:49.18] Steering LEFT with control 0.924673
[SYS: 2024-11-12 16:42:43][GAME: 00:49.20] Track assistance: angle=176.984451, cur=159.000000, diff=17.984451, control=0.450699
[SYS: 2024-11-12 16:42:43][GAME: 00:49.20] Steering LEFT with control 0.950699
[SYS: 2024-11-12 16:42:43][GAME: 00:49.21] Track assistance: angle=177.025635, cur=160.000000, diff=17.025635, control=0.401670
[SYS: 2024-11-12 16:42:43][GAME: 00:49.21] Steering LEFT with control 0.901670
[SYS: 2024-11-12 16:42:43][GAME: 00:49.23] Track assistance: angle=177.065231, cur=160.000000, diff=17.065231, control=0.427621
[SYS: 2024-11-12 16:42:43][GAME: 00:49.23] Steering LEFT with control 0.927621
[SYS: 2024-11-12 16:42:43][GAME: 00:49.24] Track assistance: angle=177.102478, cur=161.000000, diff=16.102478, control=0.378493
[SYS: 2024-11-12 16:42:43][GAME: 00:49.24] Steering LEFT with control 0.878493
[SYS: 2024-11-12 16:42:43][GAME: 00:49.26] Track assistance: angle=177.138046, cur=161.000000, diff=16.138046, control=0.404340
[SYS: 2024-11-12 16:42:43][GAME: 00:49.26] Steering LEFT with control 0.904340
[SYS: 2024-11-12 16:42:43][GAME: 00:49.28] Track assistance: angle=177.171753, cur=162.000000, diff=15.171753, control=0.355136
[SYS: 2024-11-12 16:42:43][GAME: 00:49.28] Steering LEFT with control 0.855137
[SYS: 2024-11-12 16:42:43][GAME: 00:49.29] Track assistance: angle=177.203720, cur=162.000000, diff=15.203720, control=0.380892
[SYS: 2024-11-12 16:42:43][GAME: 00:49.29] Steering LEFT with control 0.880892
[SYS: 2024-11-12 16:42:43][GAME: 00:49.31] Track assistance: angle=177.233627, cur=162.000000, diff=15.233627, control=0.381588
[SYS: 2024-11-12 16:42:43][GAME: 00:49.31] Steering LEFT with control 0.881588
[SYS: 2024-11-12 16:42:43][GAME: 00:49.32] Track assistance: angle=177.262695, cur=163.000000, diff=14.262695, control=0.332294
[SYS: 2024-11-12 16:42:43][GAME: 00:49.32] Steering LEFT with control 0.832294
[SYS: 2024-11-12 16:42:43][GAME: 00:49.34] Track assistance: angle=177.289413, cur=163.000000, diff=14.289413, control=0.357903
[SYS: 2024-11-12 16:42:43][GAME: 00:49.34] Steering LEFT with control 0.857903
[SYS: 2024-11-12 16:42:43][GAME: 00:49.36] Track assistance: angle=177.314148, cur=164.000000, diff=13.314148, control=0.308472
[SYS: 2024-11-12 16:42:43][GAME: 00:49.36] Steering LEFT with control 0.808472
[SYS: 2024-11-12 16:42:43][GAME: 00:49.37] Track assistance: angle=177.337753, cur=164.000000, diff=13.337753, control=0.334034
[SYS: 2024-11-12 16:42:43][GAME: 00:49.37] Steering LEFT with control 0.834034
[SYS: 2024-11-12 16:42:43][GAME: 00:49.39] Track assistance: angle=177.360245, cur=164.000000, diff=13.360245, control=0.334568
[SYS: 2024-11-12 16:42:43][GAME: 00:49.39] Steering LEFT with control 0.834568
[SYS: 2024-11-12 16:42:43][GAME: 00:49.40] Track assistance: angle=177.381226, cur=165.000000, diff=12.381226, control=0.285055
[SYS: 2024-11-12 16:42:43][GAME: 00:49.40] Steering LEFT with control 0.785055
[SYS: 2024-11-12 16:42:43][GAME: 00:49.42] Track assistance: angle=177.400757, cur=165.000000, diff=12.400757, control=0.310507
[SYS: 2024-11-12 16:42:43][GAME: 00:49.42] Steering LEFT with control 0.810507
[SYS: 2024-11-12 16:42:43][GAME: 00:49.44] Track assistance: angle=177.419159, cur=166.000000, diff=11.419159, control=0.260939
[SYS: 2024-11-12 16:42:43][GAME: 00:49.44] Steering LEFT with control 0.760939
[SYS: 2024-11-12 16:42:43][GAME: 00:49.45] Track assistance: angle=177.436691, cur=166.000000, diff=11.436691, control=0.286356
[SYS: 2024-11-12 16:42:43][GAME: 00:49.45] Steering LEFT with control 0.786356
[SYS: 2024-11-12 16:42:43][GAME: 00:49.47] Track assistance: angle=177.452866, cur=166.000000, diff=11.452866, control=0.286726
[SYS: 2024-11-12 16:42:43][GAME: 00:49.47] Steering LEFT with control 0.786726
[SYS: 2024-11-12 16:42:43][GAME: 00:49.48] Track assistance: angle=177.468430, cur=167.000000, diff=10.468430, control=0.237100
[SYS: 2024-11-12 16:42:43][GAME: 00:49.48] Steering LEFT with control 0.737100
[SYS: 2024-11-12 16:42:43][GAME: 00:49.50] Track assistance: angle=177.482819, cur=167.000000, diff=10.482819, control=0.262430
[SYS: 2024-11-12 16:42:43][GAME: 00:49.50] Steering LEFT with control 0.762430
[SYS: 2024-11-12 16:42:43][GAME: 00:49.52] Track assistance: angle=177.496658, cur=167.000000, diff=10.496658, control=0.262762
[SYS: 2024-11-12 16:42:43][GAME: 00:49.52] Steering LEFT with control 0.762762
[SYS: 2024-11-12 16:42:43][GAME: 00:49.53] Track assistance: angle=177.509506, cur=167.000000, diff=10.509506, control=0.263059
[SYS: 2024-11-12 16:42:43][GAME: 00:49.53] Steering LEFT with control 0.763059
[SYS: 2024-11-12 16:42:43][GAME: 00:49.55] Track assistance: angle=177.521378, cur=168.000000, diff=9.521378, control=0.213331
[SYS: 2024-11-12 16:42:43][GAME: 00:49.55] Steering LEFT with control 0.713331
[SYS: 2024-11-12 16:42:43][GAME: 00:49.56] Track assistance: angle=177.532303, cur=168.000000, diff=9.532303, control=0.238581
[SYS: 2024-11-12 16:42:43][GAME: 00:49.56] Steering LEFT with control 0.738581
[SYS: 2024-11-12 16:42:43][GAME: 00:49.58] Track assistance: angle=177.542313, cur=168.000000, diff=9.542313, control=0.238808
[SYS: 2024-11-12 16:42:43][GAME: 00:49.58] Steering LEFT with control 0.738808
[SYS: 2024-11-12 16:42:43][GAME: 00:49.60] Track assistance: angle=177.552231, cur=168.000000, diff=9.552231, control=0.239054
[SYS: 2024-11-12 16:42:43][GAME: 00:49.60] Steering LEFT with control 0.739054
[SYS: 2024-11-12 16:42:43][GAME: 00:49.61] Track assistance: angle=177.560974, cur=169.000000, diff=8.560974, control=0.189243
[SYS: 2024-11-12 16:42:43][GAME: 00:49.61] Steering LEFT with control 0.689243
[SYS: 2024-11-12 16:42:43][GAME: 00:49.63] Track assistance: angle=177.568649, cur=169.000000, diff=8.568649, control=0.214408
[SYS: 2024-11-12 16:42:43][GAME: 00:49.63] Steering LEFT with control 0.714408
[SYS: 2024-11-12 16:42:43][GAME: 00:49.64] Track assistance: angle=177.575729, cur=169.000000, diff=8.575729, control=0.214570
[SYS: 2024-11-12 16:42:43][GAME: 00:49.64] Steering LEFT with control 0.714570
[SYS: 2024-11-12 16:42:43][GAME: 00:49.66] Track assistance: angle=177.582703, cur=169.000000, diff=8.582703, control=0.214742
[SYS: 2024-11-12 16:42:43][GAME: 00:49.66] Steering LEFT with control 0.714742
[SYS: 2024-11-12 16:42:43][GAME: 00:49.68] Track assistance: angle=177.589050, cur=170.000000, diff=7.589050, control=0.164885
[SYS: 2024-11-12 16:42:43][GAME: 00:49.68] Steering LEFT with control 0.664885
[SYS: 2024-11-12 16:42:43][GAME: 00:49.69] Track assistance: angle=177.595001, cur=170.000000, diff=7.595001, control=0.190024
[SYS: 2024-11-12 16:42:43][GAME: 00:49.69] Steering LEFT with control 0.690024
[SYS: 2024-11-12 16:42:43][GAME: 00:49.71] Track assistance: angle=177.600494, cur=170.000000, diff=7.600494, control=0.190150
[SYS: 2024-11-12 16:42:43][GAME: 00:49.71] Steering LEFT with control 0.690150
[SYS: 2024-11-12 16:42:43][GAME: 00:49.72] Track assistance: angle=177.605988, cur=170.000000, diff=7.605988, control=0.190287
[SYS: 2024-11-12 16:42:43][GAME: 00:49.72] Steering LEFT with control 0.690287
[SYS: 2024-11-12 16:42:43][GAME: 00:49.74] Track assistance: angle=177.610748, cur=170.000000, diff=7.610748, control=0.190388
[SYS: 2024-11-12 16:42:43][GAME: 00:49.74] Steering LEFT with control 0.690388
[SYS: 2024-11-12 16:42:43][GAME: 00:49.76] Track assistance: angle=177.614883, cur=171.000000, diff=6.614883, control=0.140475
[SYS: 2024-11-12 16:42:43][GAME: 00:49.76] Steering LEFT with control 0.640475
[SYS: 2024-11-12 16:42:43][GAME: 00:49.77] Track assistance: angle=177.618469, cur=171.000000, diff=6.618469, control=0.165551
[SYS: 2024-11-12 16:42:43][GAME: 00:49.77] Steering LEFT with control 0.665551
[SYS: 2024-11-12 16:42:43][GAME: 00:49.79] Track assistance: angle=177.621521, cur=171.000000, diff=6.621521, control=0.165614
[SYS: 2024-11-12 16:42:43][GAME: 00:49.79] Steering LEFT with control 0.665614
[SYS: 2024-11-12 16:42:43][GAME: 00:49.80] Track assistance: angle=177.624527, cur=171.000000, diff=6.624527, control=0.165688
[SYS: 2024-11-12 16:42:43][GAME: 00:49.80] Steering LEFT with control 0.665688
[SYS: 2024-11-12 16:42:43][GAME: 00:49.82] Track assistance: angle=177.627594, cur=171.000000, diff=6.627594, control=0.165767
[SYS: 2024-11-12 16:42:43][GAME: 00:49.82] Steering LEFT with control 0.665767
[SYS: 2024-11-12 16:42:43][GAME: 00:49.84] Track assistance: angle=177.629974, cur=172.000000, diff=5.629974, control=0.115809
[SYS: 2024-11-12 16:42:43][GAME: 00:49.84] Steering LEFT with control 0.615809
[SYS: 2024-11-12 16:42:43][GAME: 00:49.85] Track assistance: angle=177.632294, cur=172.000000, diff=5.632294, control=0.140865
[SYS: 2024-11-12 16:42:43][GAME: 00:49.85] Steering LEFT with control 0.640865
[SYS: 2024-11-12 16:42:43][GAME: 00:49.87] Track assistance: angle=177.634491, cur=172.000000, diff=5.634491, control=0.140917
[SYS: 2024-11-12 16:42:43][GAME: 00:49.87] Steering LEFT with control 0.640917
