[SYS: 2024-11-16 14:08:07][GAME: 00:05.40] Track assistance: angle=69.151039, cur=68.000000, diff=1.151039, control=0.057552
[SYS: 2024-11-16 14:08:07][GAME: 00:05.42] Track assistance: angle=69.318794, cur=68.000000, diff=1.318794, control=0.037164
[SYS: 2024-11-16 14:08:08][GAME: 00:06.28] Track assistance: angle=170.065918, cur=142.000000, diff=28.065918, control=1.370326
[SYS: 2024-11-16 14:08:08][GAME: 00:06.28] Steering LEFT with control 1.870326
[SYS: 2024-11-16 14:08:08][GAME: 00:06.30] Track assistance: angle=170.694290, cur=144.000000, diff=26.694290, control=0.633067
[SYS: 2024-11-16 14:08:08][GAME: 00:06.30] Steering LEFT with control 1.133067
[SYS: 2024-11-16 14:08:08][GAME: 00:06.32] Track assistance: angle=171.311020, cur=146.000000, diff=25.311020, control=0.598194
[SYS: 2024-11-16 14:08:08][GAME: 00:06.32] Steering LEFT with control 1.098194
[SYS: 2024-11-16 14:08:08][GAME: 00:06.33] Track assistance: angle=171.911545, cur=147.000000, diff=24.911545, control=0.612802
[SYS: 2024-11-16 14:08:08][GAME: 00:06.33] Steering LEFT with control 1.112802
[SYS: 2024-11-16 14:08:08][GAME: 00:06.35] Track assistance: angle=172.498657, cur=149.000000, diff=23.498657, control=0.552144
[SYS: 2024-11-16 14:08:08][GAME: 00:06.35] Steering LEFT with control 1.052144
[SYS: 2024-11-16 14:08:08][GAME: 00:06.36] Track assistance: angle=173.071793, cur=151.000000, diff=22.071793, control=0.516123
[SYS: 2024-11-16 14:08:08][GAME: 00:06.36] Steering LEFT with control 1.016123
[SYS: 2024-11-16 14:08:08][GAME: 00:06.38] Track assistance: angle=173.630157, cur=153.000000, diff=20.630157, control=0.479713
[SYS: 2024-11-16 14:08:08][GAME: 00:06.38] Steering LEFT with control 0.979713
[SYS: 2024-11-16 14:08:08][GAME: 00:06.40] Track assistance: angle=174.173431, cur=155.000000, diff=19.173431, control=0.442918
[SYS: 2024-11-16 14:08:08][GAME: 00:06.40] Steering LEFT with control 0.942918
[SYS: 2024-11-16 14:08:08][GAME: 00:06.41] Track assistance: angle=174.700851, cur=157.000000, diff=17.700851, control=0.405707
[SYS: 2024-11-16 14:08:08][GAME: 00:06.41] Steering LEFT with control 0.905707
[SYS: 2024-11-16 14:08:08][GAME: 00:06.43] Track assistance: angle=175.212143, cur=158.000000, diff=17.212143, control=0.418086
[SYS: 2024-11-16 14:08:08][GAME: 00:06.43] Steering LEFT with control 0.918086
[SYS: 2024-11-16 14:08:08][GAME: 00:06.44] Track assistance: angle=175.706802, cur=160.000000, diff=15.706802, control=0.355037
[SYS: 2024-11-16 14:08:08][GAME: 00:06.44] Steering LEFT with control 0.855037
[SYS: 2024-11-16 14:08:08][GAME: 00:06.46] Track assistance: angle=176.184830, cur=162.000000, diff=14.184830, control=0.316571
[SYS: 2024-11-16 14:08:08][GAME: 00:06.46] Steering LEFT with control 0.816571
[SYS: 2024-11-16 14:08:08][GAME: 00:06.48] Track assistance: angle=176.645798, cur=164.000000, diff=12.645798, control=0.277669
[SYS: 2024-11-16 14:08:08][GAME: 00:06.48] Steering LEFT with control 0.777669
[SYS: 2024-11-16 14:08:08][GAME: 00:06.49] Track assistance: angle=177.089783, cur=165.000000, diff=12.089783, control=0.288344
[SYS: 2024-11-16 14:08:08][GAME: 00:06.49] Steering LEFT with control 0.788344
[SYS: 2024-11-16 14:08:08][GAME: 00:06.51] Track assistance: angle=177.516708, cur=167.000000, diff=10.516708, control=0.223591
[SYS: 2024-11-16 14:08:08][GAME: 00:06.51] Steering LEFT with control 0.723591
[SYS: 2024-11-16 14:08:08][GAME: 00:06.52] Track assistance: angle=177.926865, cur=168.000000, diff=9.926865, control=0.233426
[SYS: 2024-11-16 14:08:08][GAME: 00:06.52] Steering LEFT with control 0.733425
[SYS: 2024-11-16 14:08:08][GAME: 00:06.54] Track assistance: angle=178.320175, cur=170.000000, diff=8.320175, control=0.167837
[SYS: 2024-11-16 14:08:08][GAME: 00:06.54] Steering LEFT with control 0.667837
[SYS: 2024-11-16 14:08:14][GAME: 00:12.32] Track assistance: angle=-92.481659, cur=258.000000, diff=9.518341, control=0.267913
[SYS: 2024-11-16 14:08:14][GAME: 00:12.32] Steering LEFT with control 0.767913
[SYS: 2024-11-16 14:08:14][GAME: 00:12.33] Track assistance: angle=-90.790817, cur=260.000000, diff=9.209167, control=0.222500
[SYS: 2024-11-16 14:08:14][GAME: 00:12.33] Steering LEFT with control 0.722500
[SYS: 2024-11-16 14:08:14][GAME: 00:12.35] Track assistance: angle=-89.086479, cur=262.000000, diff=8.913513, control=0.215446
[SYS: 2024-11-16 14:08:14][GAME: 00:12.35] Steering LEFT with control 0.715446
[SYS: 2024-11-16 14:08:14][GAME: 00:12.36] Track assistance: angle=-87.368698, cur=264.000000, diff=8.631287, control=0.208726
[SYS: 2024-11-16 14:08:14][GAME: 00:12.36] Steering LEFT with control 0.708727
[SYS: 2024-11-16 14:08:14][GAME: 00:12.38] Track assistance: angle=-85.638618, cur=265.000000, diff=9.361389, control=0.252287
[SYS: 2024-11-16 14:08:14][GAME: 00:12.38] Steering LEFT with control 0.752287
[SYS: 2024-11-16 14:08:14][GAME: 00:12.40] Track assistance: angle=-83.897820, cur=267.000000, diff=9.102173, control=0.221074
[SYS: 2024-11-16 14:08:14][GAME: 00:12.40] Steering LEFT with control 0.721074
[SYS: 2024-11-16 14:08:14][GAME: 00:12.41] Track assistance: angle=-82.147385, cur=268.000000, diff=9.852600, control=0.265076
[SYS: 2024-11-16 14:08:14][GAME: 00:12.41] Steering LEFT with control 0.765076
[SYS: 2024-11-16 14:08:14][GAME: 00:12.43] Track assistance: angle=-80.388748, cur=270.000000, diff=9.611267, control=0.234248
[SYS: 2024-11-16 14:08:14][GAME: 00:12.43] Steering LEFT with control 0.734248
[SYS: 2024-11-16 14:08:14][GAME: 00:12.44] Track assistance: angle=-78.621391, cur=271.000000, diff=10.378601, control=0.278648
[SYS: 2024-11-16 14:08:14][GAME: 00:12.44] Steering LEFT with control 0.778648
[SYS: 2024-11-16 14:08:14][GAME: 00:12.46] Track assistance: angle=-76.846031, cur=272.000000, diff=11.153961, control=0.298233
[SYS: 2024-11-16 14:08:14][GAME: 00:12.46] Steering LEFT with control 0.798233
[SYS: 2024-11-16 14:08:14][GAME: 00:12.48] Track assistance: angle=-75.062576, cur=273.000000, diff=11.937439, control=0.318023
[SYS: 2024-11-16 14:08:14][GAME: 00:12.48] Steering LEFT with control 0.818023
[SYS: 2024-11-16 14:08:14][GAME: 00:12.49] Track assistance: angle=-73.270676, cur=274.000000, diff=12.729309, control=0.338030
[SYS: 2024-11-16 14:08:14][GAME: 00:12.49] Steering LEFT with control 0.838030
[SYS: 2024-11-16 14:08:21][GAME: 00:19.53] Track assistance: angle=69.175278, cur=84.000000, diff=-14.824722, control=1.059469
[SYS: 2024-11-16 14:08:21][GAME: 00:19.53] Steering RIGHT with control 1.559469
[SYS: 2024-11-16 14:08:21][GAME: 00:19.55] Track assistance: angle=68.916389, cur=83.000000, diff=-14.083611, control=0.333562
[SYS: 2024-11-16 14:08:21][GAME: 00:19.55] Steering RIGHT with control 0.833562
[SYS: 2024-11-16 14:08:21][GAME: 00:19.56] Track assistance: angle=68.616516, cur=83.000000, diff=-14.383484, control=0.367084
[SYS: 2024-11-16 14:08:21][GAME: 00:19.56] Steering RIGHT with control 0.867084
[SYS: 2024-11-16 14:08:21][GAME: 00:19.58] Track assistance: angle=68.299042, cur=82.000000, diff=-13.700958, control=0.325461
[SYS: 2024-11-16 14:08:21][GAME: 00:19.58] Steering RIGHT with control 0.825461
[SYS: 2024-11-16 14:08:36][GAME: 00:33.93] Track assistance: angle=148.959656, cur=107.000000, diff=41.959656, control=1.500000
[SYS: 2024-11-16 14:08:36][GAME: 00:33.93] Steering LEFT with control 2.000000
[SYS: 2024-11-16 14:08:36][GAME: 00:33.95] Track assistance: angle=149.537064, cur=108.000000, diff=41.537064, control=1.027862
[SYS: 2024-11-16 14:08:36][GAME: 00:33.95] Steering LEFT with control 1.527862
[SYS: 2024-11-16 14:08:51][GAME: 00:47.53] Track assistance: angle=66.768486, cur=59.000000, diff=7.768486, control=0.650002
[SYS: 2024-11-16 14:08:51][GAME: 00:47.53] Steering LEFT with control 1.150002
[SYS: 2024-11-16 14:08:51][GAME: 00:47.55] Track assistance: angle=66.843742, cur=59.000000, diff=7.843742, control=0.197975
[SYS: 2024-11-16 14:08:51][GAME: 00:47.55] Steering LEFT with control 0.697975
[SYS: 2024-11-16 14:08:51][GAME: 00:47.56] Track assistance: angle=66.923477, cur=59.000000, diff=7.923477, control=0.200080
[SYS: 2024-11-16 14:08:51][GAME: 00:47.56] Steering LEFT with control 0.700080
[SYS: 2024-11-16 14:08:51][GAME: 00:47.58] Track assistance: angle=66.994217, cur=60.000000, diff=6.994217, control=0.151624
[SYS: 2024-11-16 14:08:51][GAME: 00:47.58] Steering LEFT with control 0.651624
[SYS: 2024-11-16 14:08:51][GAME: 00:47.60] Track assistance: angle=67.061623, cur=60.000000, diff=7.061623, control=0.178226
[SYS: 2024-11-16 14:08:51][GAME: 00:47.60] Steering LEFT with control 0.678226
[SYS: 2024-11-16 14:08:51][GAME: 00:47.61] Track assistance: angle=67.125381, cur=60.000000, diff=7.125381, control=0.179729
[SYS: 2024-11-16 14:08:51][GAME: 00:47.61] Steering LEFT with control 0.679729
[SYS: 2024-11-16 14:08:51][GAME: 00:47.63] Track assistance: angle=67.185959, cur=61.000000, diff=6.185959, control=0.131163
[SYS: 2024-11-16 14:08:51][GAME: 00:47.63] Steering LEFT with control 0.631163
[SYS: 2024-11-16 14:08:51][GAME: 00:47.64] Track assistance: angle=67.241653, cur=62.000000, diff=5.241653, control=0.107434
[SYS: 2024-11-16 14:08:51][GAME: 00:47.64] Steering LEFT with control 0.607434
[SYS: 2024-11-16 14:08:51][GAME: 00:47.66] Track assistance: angle=67.291679, cur=63.000000, diff=4.291679, control=0.083543
[SYS: 2024-11-16 14:08:51][GAME: 00:47.66] Steering LEFT with control 0.583543
[SYS: 2024-11-16 14:08:51][GAME: 00:47.68] Track assistance: angle=67.337326, cur=63.000000, diff=4.337326, control=0.109574
[SYS: 2024-11-16 14:08:51][GAME: 00:47.68] Steering LEFT with control 0.609574
[SYS: 2024-11-16 14:08:51][GAME: 00:47.69] Track assistance: angle=67.376129, cur=64.000000, diff=3.376129, control=0.060373
[SYS: 2024-11-16 14:08:51][GAME: 00:47.69] Steering LEFT with control 0.560373
[SYS: 2024-11-16 14:08:51][GAME: 00:47.71] Track assistance: angle=67.408218, cur=65.000000, diff=2.408218, control=0.036008
[SYS: 2024-11-16 14:08:51][GAME: 00:47.72] Track assistance: angle=67.431786, cur=66.000000, diff=1.431786, control=0.011384
[SYS: 2024-11-16 14:08:51][GAME: 00:47.74] Track assistance: angle=67.446625, cur=67.000000, diff=0.446625, control=0.013463
[SYS: 2024-11-16 14:08:51][GAME: 00:47.76] Track assistance: angle=67.451965, cur=68.000000, diff=-0.548035, control=0.038567
[SYS: 2024-11-16 14:08:51][GAME: 00:47.77] Track assistance: angle=67.446686, cur=68.000000, diff=-0.553314, control=0.013965
[SYS: 2024-11-16 14:08:51][GAME: 00:47.79] Track assistance: angle=67.430046, cur=69.000000, diff=-1.569954, control=0.064665
[SYS: 2024-11-16 14:08:51][GAME: 00:47.80] Track assistance: angle=67.400963, cur=70.000000, diff=-2.599037, control=0.090703
[SYS: 2024-11-16 14:08:51][GAME: 00:47.82] Track assistance: angle=67.358727, cur=71.000000, diff=-3.641273, control=0.117088
[SYS: 2024-11-16 14:08:51][GAME: 00:47.82] Steering RIGHT with control 0.617088
[SYS: 2024-11-16 14:08:51][GAME: 00:47.84] Track assistance: angle=67.302307, cur=72.000000, diff=-4.697693, control=0.143853
[SYS: 2024-11-16 14:08:51][GAME: 00:47.84] Steering RIGHT with control 0.643853
[SYS: 2024-11-16 14:08:51][GAME: 00:47.85] Track assistance: angle=67.230934, cur=73.000000, diff=-5.769066, control=0.171011
[SYS: 2024-11-16 14:08:51][GAME: 00:47.85] Steering RIGHT with control 0.671011
[SYS: 2024-11-16 14:08:51][GAME: 00:47.87] Track assistance: angle=67.162376, cur=73.000000, diff=-5.837624, control=0.147655
[SYS: 2024-11-16 14:08:51][GAME: 00:47.87] Steering RIGHT with control 0.647655
[SYS: 2024-11-16 14:08:51][GAME: 00:47.88] Track assistance: angle=67.095078, cur=73.000000, diff=-5.904922, control=0.149306
[SYS: 2024-11-16 14:08:51][GAME: 00:47.88] Steering RIGHT with control 0.649306
[SYS: 2024-11-16 14:08:51][GAME: 00:47.90] Track assistance: angle=67.029297, cur=74.000000, diff=-6.970703, control=0.200912
[SYS: 2024-11-16 14:08:51][GAME: 00:47.90] Steering RIGHT with control 0.700912
